10:25:00.064 [main] INFO  c.o.p.controller.UserControllerTest:55- Starting UserControllerTest using Java 1.8.0_161 on DESKTOP-MEMJ3FE with PID 15368 (started by Administrator in D:\JAVA\Revision\olee_project)
10:25:00.070 [main] INFO  c.o.p.controller.UserControllerTest:659- No active profile set, falling back to default profiles: default
10:25:01.662 [main] WARN  o.s.w.c.s.GenericWebApplicationContext:591- Exception encountered during context initialization - cancelling refresh attempt: org.springframework.beans.factory.UnsatisfiedDependencyException: Error creating bean with name 'userController' defined in file [D:\JAVA\Revision\olee_project\target\classes\com\olee\project\controller\UserController.class]: Unsatisfied dependency expressed through constructor parameter 0; nested exception is org.springframework.beans.factory.BeanCreationException: Error creating bean with name 'registerLoginServiceImpl' defined in file [D:\JAVA\Revision\olee_project\target\classes\com\olee\project\service\RegisterLoginServiceImpl.class]: Unexpected exception during bean creation; nested exception is java.lang.IllegalArgumentException: Could not resolve placeholder 'redis.expireOnKeyIntegerSeconds' in value "${redis.expireOnKeyIntegerSeconds}"
10:25:01.699 [main] ERROR o.s.boot.SpringApplication:843- Application run failed
org.springframework.beans.factory.UnsatisfiedDependencyException: Error creating bean with name 'userController' defined in file [D:\JAVA\Revision\olee_project\target\classes\com\olee\project\controller\UserController.class]: Unsatisfied dependency expressed through constructor parameter 0; nested exception is org.springframework.beans.factory.BeanCreationException: Error creating bean with name 'registerLoginServiceImpl' defined in file [D:\JAVA\Revision\olee_project\target\classes\com\olee\project\service\RegisterLoginServiceImpl.class]: Unexpected exception during bean creation; nested exception is java.lang.IllegalArgumentException: Could not resolve placeholder 'redis.expireOnKeyIntegerSeconds' in value "${redis.expireOnKeyIntegerSeconds}"
	at org.springframework.beans.factory.support.ConstructorResolver.createArgumentArray(ConstructorResolver.java:800)
	at org.springframework.beans.factory.support.ConstructorResolver.autowireConstructor(ConstructorResolver.java:229)
	at org.springframework.beans.factory.support.AbstractAutowireCapableBeanFactory.autowireConstructor(AbstractAutowireCapableBeanFactory.java:1354)
	at org.springframework.beans.factory.support.AbstractAutowireCapableBeanFactory.createBeanInstance(AbstractAutowireCapableBeanFactory.java:1204)
	at org.springframework.beans.factory.support.AbstractAutowireCapableBeanFactory.doCreateBean(AbstractAutowireCapableBeanFactory.java:564)
	at org.springframework.beans.factory.support.AbstractAutowireCapableBeanFactory.createBean(AbstractAutowireCapableBeanFactory.java:524)
	at org.springframework.beans.factory.support.AbstractBeanFactory.lambda$doGetBean$0(AbstractBeanFactory.java:335)
	at org.springframework.beans.factory.support.DefaultSingletonBeanRegistry.getSingleton(DefaultSingletonBeanRegistry.java:234)
	at org.springframework.beans.factory.support.AbstractBeanFactory.doGetBean(AbstractBeanFactory.java:333)
	at org.springframework.beans.factory.support.AbstractBeanFactory.getBean(AbstractBeanFactory.java:208)
	at org.springframework.beans.factory.support.DefaultListableBeanFactory.preInstantiateSingletons(DefaultListableBeanFactory.java:944)
	at org.springframework.context.support.AbstractApplicationContext.finishBeanFactoryInitialization(AbstractApplicationContext.java:918)
	at org.springframework.context.support.AbstractApplicationContext.refresh(AbstractApplicationContext.java:583)
	at org.springframework.boot.SpringApplication.refresh(SpringApplication.java:754)
	at org.springframework.boot.SpringApplication.refreshContext(SpringApplication.java:434)
	at org.springframework.boot.SpringApplication.run(SpringApplication.java:338)
	at org.springframework.boot.test.context.SpringBootContextLoader.loadContext(SpringBootContextLoader.java:123)
	at org.springframework.test.context.cache.DefaultCacheAwareContextLoaderDelegate.loadContextInternal(DefaultCacheAwareContextLoaderDelegate.java:99)
	at org.springframework.test.context.cache.DefaultCacheAwareContextLoaderDelegate.loadContext(DefaultCacheAwareContextLoaderDelegate.java:124)
	at org.springframework.test.context.support.DefaultTestContext.getApplicationContext(DefaultTestContext.java:124)
	at org.springframework.test.context.web.ServletTestExecutionListener.setUpRequestContextIfNecessary(ServletTestExecutionListener.java:190)
	at org.springframework.test.context.web.ServletTestExecutionListener.prepareTestInstance(ServletTestExecutionListener.java:132)
	at org.springframework.test.context.TestContextManager.prepareTestInstance(TestContextManager.java:244)
	at org.springframework.test.context.junit4.SpringJUnit4ClassRunner.createTest(SpringJUnit4ClassRunner.java:227)
	at org.springframework.test.context.junit4.SpringJUnit4ClassRunner$1.runReflectiveCall(SpringJUnit4ClassRunner.java:289)
	at org.junit.internal.runners.model.ReflectiveCallable.run(ReflectiveCallable.java:12)
	at org.springframework.test.context.junit4.SpringJUnit4ClassRunner.methodBlock(SpringJUnit4ClassRunner.java:291)
	at org.springframework.test.context.junit4.SpringJUnit4ClassRunner.runChild(SpringJUnit4ClassRunner.java:246)
	at org.springframework.test.context.junit4.SpringJUnit4ClassRunner.runChild(SpringJUnit4ClassRunner.java:97)
	at org.junit.runners.ParentRunner$3.run(ParentRunner.java:290)
	at org.junit.runners.ParentRunner$1.schedule(ParentRunner.java:71)
	at org.junit.runners.ParentRunner.runChildren(ParentRunner.java:288)
	at org.junit.runners.ParentRunner.access$000(ParentRunner.java:58)
	at org.junit.runners.ParentRunner$2.evaluate(ParentRunner.java:268)
	at org.springframework.test.context.junit4.statements.RunBeforeTestClassCallbacks.evaluate(RunBeforeTestClassCallbacks.java:61)
	at org.springframework.test.context.junit4.statements.RunAfterTestClassCallbacks.evaluate(RunAfterTestClassCallbacks.java:70)
	at org.junit.runners.ParentRunner.run(ParentRunner.java:363)
	at org.springframework.test.context.junit4.SpringJUnit4ClassRunner.run(SpringJUnit4ClassRunner.java:190)
	at org.junit.runner.JUnitCore.run(JUnitCore.java:137)
	at com.intellij.junit4.JUnit4IdeaTestRunner.startRunnerWithArgs(JUnit4IdeaTestRunner.java:69)
	at com.intellij.rt.junit.IdeaTestRunner$Repeater.startRunnerWithArgs(IdeaTestRunner.java:33)
	at com.intellij.rt.junit.JUnitStarter.prepareStreamsAndStart(JUnitStarter.java:221)
	at com.intellij.rt.junit.JUnitStarter.main(JUnitStarter.java:54)
Caused by: org.springframework.beans.factory.BeanCreationException: Error creating bean with name 'registerLoginServiceImpl' defined in file [D:\JAVA\Revision\olee_project\target\classes\com\olee\project\service\RegisterLoginServiceImpl.class]: Unexpected exception during bean creation; nested exception is java.lang.IllegalArgumentException: Could not resolve placeholder 'redis.expireOnKeyIntegerSeconds' in value "${redis.expireOnKeyIntegerSeconds}"
	at org.springframework.beans.factory.support.AbstractAutowireCapableBeanFactory.createBean(AbstractAutowireCapableBeanFactory.java:537)
	at org.springframework.beans.factory.support.AbstractBeanFactory.lambda$doGetBean$0(AbstractBeanFactory.java:335)
	at org.springframework.beans.factory.support.DefaultSingletonBeanRegistry.getSingleton(DefaultSingletonBeanRegistry.java:234)
	at org.springframework.beans.factory.support.AbstractBeanFactory.doGetBean(AbstractBeanFactory.java:333)
	at org.springframework.beans.factory.support.AbstractBeanFactory.getBean(AbstractBeanFactory.java:208)
	at org.springframework.beans.factory.config.DependencyDescriptor.resolveCandidate(DependencyDescriptor.java:276)
	at org.springframework.beans.factory.support.DefaultListableBeanFactory.doResolveDependency(DefaultListableBeanFactory.java:1380)
	at org.springframework.beans.factory.support.DefaultListableBeanFactory.resolveDependency(DefaultListableBeanFactory.java:1300)
	at org.springframework.beans.factory.support.ConstructorResolver.resolveAutowiredArgument(ConstructorResolver.java:887)
	at org.springframework.beans.factory.support.ConstructorResolver.createArgumentArray(ConstructorResolver.java:791)
	... 42 common frames omitted
Caused by: java.lang.IllegalArgumentException: Could not resolve placeholder 'redis.expireOnKeyIntegerSeconds' in value "${redis.expireOnKeyIntegerSeconds}"
	at org.springframework.util.PropertyPlaceholderHelper.parseStringValue(PropertyPlaceholderHelper.java:180)
	at org.springframework.util.PropertyPlaceholderHelper.replacePlaceholders(PropertyPlaceholderHelper.java:126)
	at org.springframework.core.env.AbstractPropertyResolver.doResolvePlaceholders(AbstractPropertyResolver.java:239)
	at org.springframework.core.env.AbstractPropertyResolver.resolveRequiredPlaceholders(AbstractPropertyResolver.java:210)
	at org.springframework.context.support.PropertySourcesPlaceholderConfigurer.lambda$processProperties$0(PropertySourcesPlaceholderConfigurer.java:175)
	at org.springframework.beans.factory.support.AbstractBeanFactory.resolveEmbeddedValue(AbstractBeanFactory.java:936)
	at org.springframework.beans.factory.support.DefaultListableBeanFactory.doResolveDependency(DefaultListableBeanFactory.java:1321)
	at org.springframework.beans.factory.support.DefaultListableBeanFactory.resolveDependency(DefaultListableBeanFactory.java:1300)
	at org.springframework.beans.factory.support.ConstructorResolver.resolveAutowiredArgument(ConstructorResolver.java:887)
	at org.springframework.beans.factory.support.ConstructorResolver.createArgumentArray(ConstructorResolver.java:791)
	at org.springframework.beans.factory.support.ConstructorResolver.autowireConstructor(ConstructorResolver.java:229)
	at org.springframework.beans.factory.support.AbstractAutowireCapableBeanFactory.autowireConstructor(AbstractAutowireCapableBeanFactory.java:1354)
	at org.springframework.beans.factory.support.AbstractAutowireCapableBeanFactory.createBeanInstance(AbstractAutowireCapableBeanFactory.java:1204)
	at org.springframework.beans.factory.support.AbstractAutowireCapableBeanFactory.doCreateBean(AbstractAutowireCapableBeanFactory.java:564)
	at org.springframework.beans.factory.support.AbstractAutowireCapableBeanFactory.createBean(AbstractAutowireCapableBeanFactory.java:524)
	... 51 common frames omitted
10:25:01.701 [main] ERROR o.s.test.context.TestContextManager:248- Caught exception while allowing TestExecutionListener [org.springframework.test.context.web.ServletTestExecutionListener@40005471] to prepare test instance [com.olee.project.controller.UserControllerTest@1f67761b]
java.lang.IllegalStateException: Failed to load ApplicationContext
	at org.springframework.test.context.cache.DefaultCacheAwareContextLoaderDelegate.loadContext(DefaultCacheAwareContextLoaderDelegate.java:132)
	at org.springframework.test.context.support.DefaultTestContext.getApplicationContext(DefaultTestContext.java:124)
	at org.springframework.test.context.web.ServletTestExecutionListener.setUpRequestContextIfNecessary(ServletTestExecutionListener.java:190)
	at org.springframework.test.context.web.ServletTestExecutionListener.prepareTestInstance(ServletTestExecutionListener.java:132)
	at org.springframework.test.context.TestContextManager.prepareTestInstance(TestContextManager.java:244)
	at org.springframework.test.context.junit4.SpringJUnit4ClassRunner.createTest(SpringJUnit4ClassRunner.java:227)
	at org.springframework.test.context.junit4.SpringJUnit4ClassRunner$1.runReflectiveCall(SpringJUnit4ClassRunner.java:289)
	at org.junit.internal.runners.model.ReflectiveCallable.run(ReflectiveCallable.java:12)
	at org.springframework.test.context.junit4.SpringJUnit4ClassRunner.methodBlock(SpringJUnit4ClassRunner.java:291)
	at org.springframework.test.context.junit4.SpringJUnit4ClassRunner.runChild(SpringJUnit4ClassRunner.java:246)
	at org.springframework.test.context.junit4.SpringJUnit4ClassRunner.runChild(SpringJUnit4ClassRunner.java:97)
	at org.junit.runners.ParentRunner$3.run(ParentRunner.java:290)
	at org.junit.runners.ParentRunner$1.schedule(ParentRunner.java:71)
	at org.junit.runners.ParentRunner.runChildren(ParentRunner.java:288)
	at org.junit.runners.ParentRunner.access$000(ParentRunner.java:58)
	at org.junit.runners.ParentRunner$2.evaluate(ParentRunner.java:268)
	at org.springframework.test.context.junit4.statements.RunBeforeTestClassCallbacks.evaluate(RunBeforeTestClassCallbacks.java:61)
	at org.springframework.test.context.junit4.statements.RunAfterTestClassCallbacks.evaluate(RunAfterTestClassCallbacks.java:70)
	at org.junit.runners.ParentRunner.run(ParentRunner.java:363)
	at org.springframework.test.context.junit4.SpringJUnit4ClassRunner.run(SpringJUnit4ClassRunner.java:190)
	at org.junit.runner.JUnitCore.run(JUnitCore.java:137)
	at com.intellij.junit4.JUnit4IdeaTestRunner.startRunnerWithArgs(JUnit4IdeaTestRunner.java:69)
	at com.intellij.rt.junit.IdeaTestRunner$Repeater.startRunnerWithArgs(IdeaTestRunner.java:33)
	at com.intellij.rt.junit.JUnitStarter.prepareStreamsAndStart(JUnitStarter.java:221)
	at com.intellij.rt.junit.JUnitStarter.main(JUnitStarter.java:54)
Caused by: org.springframework.beans.factory.UnsatisfiedDependencyException: Error creating bean with name 'userController' defined in file [D:\JAVA\Revision\olee_project\target\classes\com\olee\project\controller\UserController.class]: Unsatisfied dependency expressed through constructor parameter 0; nested exception is org.springframework.beans.factory.BeanCreationException: Error creating bean with name 'registerLoginServiceImpl' defined in file [D:\JAVA\Revision\olee_project\target\classes\com\olee\project\service\RegisterLoginServiceImpl.class]: Unexpected exception during bean creation; nested exception is java.lang.IllegalArgumentException: Could not resolve placeholder 'redis.expireOnKeyIntegerSeconds' in value "${redis.expireOnKeyIntegerSeconds}"
	at org.springframework.beans.factory.support.ConstructorResolver.createArgumentArray(ConstructorResolver.java:800)
	at org.springframework.beans.factory.support.ConstructorResolver.autowireConstructor(ConstructorResolver.java:229)
	at org.springframework.beans.factory.support.AbstractAutowireCapableBeanFactory.autowireConstructor(AbstractAutowireCapableBeanFactory.java:1354)
	at org.springframework.beans.factory.support.AbstractAutowireCapableBeanFactory.createBeanInstance(AbstractAutowireCapableBeanFactory.java:1204)
	at org.springframework.beans.factory.support.AbstractAutowireCapableBeanFactory.doCreateBean(AbstractAutowireCapableBeanFactory.java:564)
	at org.springframework.beans.factory.support.AbstractAutowireCapableBeanFactory.createBean(AbstractAutowireCapableBeanFactory.java:524)
	at org.springframework.beans.factory.support.AbstractBeanFactory.lambda$doGetBean$0(AbstractBeanFactory.java:335)
	at org.springframework.beans.factory.support.DefaultSingletonBeanRegistry.getSingleton(DefaultSingletonBeanRegistry.java:234)
	at org.springframework.beans.factory.support.AbstractBeanFactory.doGetBean(AbstractBeanFactory.java:333)
	at org.springframework.beans.factory.support.AbstractBeanFactory.getBean(AbstractBeanFactory.java:208)
	at org.springframework.beans.factory.support.DefaultListableBeanFactory.preInstantiateSingletons(DefaultListableBeanFactory.java:944)
	at org.springframework.context.support.AbstractApplicationContext.finishBeanFactoryInitialization(AbstractApplicationContext.java:918)
	at org.springframework.context.support.AbstractApplicationContext.refresh(AbstractApplicationContext.java:583)
	at org.springframework.boot.SpringApplication.refresh(SpringApplication.java:754)
	at org.springframework.boot.SpringApplication.refreshContext(SpringApplication.java:434)
	at org.springframework.boot.SpringApplication.run(SpringApplication.java:338)
	at org.springframework.boot.test.context.SpringBootContextLoader.loadContext(SpringBootContextLoader.java:123)
	at org.springframework.test.context.cache.DefaultCacheAwareContextLoaderDelegate.loadContextInternal(DefaultCacheAwareContextLoaderDelegate.java:99)
	at org.springframework.test.context.cache.DefaultCacheAwareContextLoaderDelegate.loadContext(DefaultCacheAwareContextLoaderDelegate.java:124)
	... 24 common frames omitted
Caused by: org.springframework.beans.factory.BeanCreationException: Error creating bean with name 'registerLoginServiceImpl' defined in file [D:\JAVA\Revision\olee_project\target\classes\com\olee\project\service\RegisterLoginServiceImpl.class]: Unexpected exception during bean creation; nested exception is java.lang.IllegalArgumentException: Could not resolve placeholder 'redis.expireOnKeyIntegerSeconds' in value "${redis.expireOnKeyIntegerSeconds}"
	at org.springframework.beans.factory.support.AbstractAutowireCapableBeanFactory.createBean(AbstractAutowireCapableBeanFactory.java:537)
	at org.springframework.beans.factory.support.AbstractBeanFactory.lambda$doGetBean$0(AbstractBeanFactory.java:335)
	at org.springframework.beans.factory.support.DefaultSingletonBeanRegistry.getSingleton(DefaultSingletonBeanRegistry.java:234)
	at org.springframework.beans.factory.support.AbstractBeanFactory.doGetBean(AbstractBeanFactory.java:333)
	at org.springframework.beans.factory.support.AbstractBeanFactory.getBean(AbstractBeanFactory.java:208)
	at org.springframework.beans.factory.config.DependencyDescriptor.resolveCandidate(DependencyDescriptor.java:276)
	at org.springframework.beans.factory.support.DefaultListableBeanFactory.doResolveDependency(DefaultListableBeanFactory.java:1380)
	at org.springframework.beans.factory.support.DefaultListableBeanFactory.resolveDependency(DefaultListableBeanFactory.java:1300)
	at org.springframework.beans.factory.support.ConstructorResolver.resolveAutowiredArgument(ConstructorResolver.java:887)
	at org.springframework.beans.factory.support.ConstructorResolver.createArgumentArray(ConstructorResolver.java:791)
	... 42 common frames omitted
Caused by: java.lang.IllegalArgumentException: Could not resolve placeholder 'redis.expireOnKeyIntegerSeconds' in value "${redis.expireOnKeyIntegerSeconds}"
	at org.springframework.util.PropertyPlaceholderHelper.parseStringValue(PropertyPlaceholderHelper.java:180)
	at org.springframework.util.PropertyPlaceholderHelper.replacePlaceholders(PropertyPlaceholderHelper.java:126)
	at org.springframework.core.env.AbstractPropertyResolver.doResolvePlaceholders(AbstractPropertyResolver.java:239)
	at org.springframework.core.env.AbstractPropertyResolver.resolveRequiredPlaceholders(AbstractPropertyResolver.java:210)
	at org.springframework.context.support.PropertySourcesPlaceholderConfigurer.lambda$processProperties$0(PropertySourcesPlaceholderConfigurer.java:175)
	at org.springframework.beans.factory.support.AbstractBeanFactory.resolveEmbeddedValue(AbstractBeanFactory.java:936)
	at org.springframework.beans.factory.support.DefaultListableBeanFactory.doResolveDependency(DefaultListableBeanFactory.java:1321)
	at org.springframework.beans.factory.support.DefaultListableBeanFactory.resolveDependency(DefaultListableBeanFactory.java:1300)
	at org.springframework.beans.factory.support.ConstructorResolver.resolveAutowiredArgument(ConstructorResolver.java:887)
	at org.springframework.beans.factory.support.ConstructorResolver.createArgumentArray(ConstructorResolver.java:791)
	at org.springframework.beans.factory.support.ConstructorResolver.autowireConstructor(ConstructorResolver.java:229)
	at org.springframework.beans.factory.support.AbstractAutowireCapableBeanFactory.autowireConstructor(AbstractAutowireCapableBeanFactory.java:1354)
	at org.springframework.beans.factory.support.AbstractAutowireCapableBeanFactory.createBeanInstance(AbstractAutowireCapableBeanFactory.java:1204)
	at org.springframework.beans.factory.support.AbstractAutowireCapableBeanFactory.doCreateBean(AbstractAutowireCapableBeanFactory.java:564)
	at org.springframework.beans.factory.support.AbstractAutowireCapableBeanFactory.createBean(AbstractAutowireCapableBeanFactory.java:524)
	... 51 common frames omitted
10:26:40.231 [main] INFO  c.o.p.controller.UserControllerTest:55- Starting UserControllerTest using Java 1.8.0_161 on DESKTOP-MEMJ3FE with PID 10100 (started by Administrator in D:\JAVA\Revision\olee_project)
10:26:40.234 [main] INFO  c.o.p.controller.UserControllerTest:659- No active profile set, falling back to default profiles: default
10:26:42.638 [main] WARN  o.s.b.a.f.FreeMarkerAutoConfiguration:65- Cannot find template location(s): [classpath:/templates/] (please add some templates, check your FreeMarker configuration, or set spring.freemarker.checkTemplateLocation=false)
10:26:42.740 [main] INFO  c.o.p.controller.UserControllerTest:61- Started UserControllerTest in 2.826 seconds (JVM running for 3.653)
10:26:43.762 [main] INFO  com.olee.project.utils.ZsetUtil:82- key:userId:userToken:be0fd31de80f4ea187dfb66fb3fb481d,通过setExpireOnKey方法设置过期时间是否成功:true
10:26:43.878 [main] ERROR c.o.p.a.ExceptionControllerAdvice:16- 全局异常信息：
org.springframework.jdbc.BadSqlGrammarException: 
### Error updating database.  Cause: com.mysql.jdbc.exceptions.jdbc4.MySQLSyntaxErrorException: You have an error in your SQL syntax; check the manual that corresponds to your MySQL server version for the right syntax to use near ':26:43.763Z, 'user', null)' at line 1
### The error may exist in com/olee/project/mapper/UserMapper.java (best guess)
### The error may involve com.olee.project.mapper.UserMapper.insert-Inline
### The error occurred while setting parameters
### SQL: INSERT INTO olee_user(userId, email, password, createAt, updateAt, nickname, address) VALUES(?, ?, ?, ?, 2021-08-12T02:26:43.763Z, ?, ?)
### Cause: com.mysql.jdbc.exceptions.jdbc4.MySQLSyntaxErrorException: You have an error in your SQL syntax; check the manual that corresponds to your MySQL server version for the right syntax to use near ':26:43.763Z, 'user', null)' at line 1
; bad SQL grammar []; nested exception is com.mysql.jdbc.exceptions.jdbc4.MySQLSyntaxErrorException: You have an error in your SQL syntax; check the manual that corresponds to your MySQL server version for the right syntax to use near ':26:43.763Z, 'user', null)' at line 1
	at org.springframework.jdbc.support.SQLErrorCodeSQLExceptionTranslator.doTranslate(SQLErrorCodeSQLExceptionTranslator.java:239)
	at org.springframework.jdbc.support.AbstractFallbackSQLExceptionTranslator.translate(AbstractFallbackSQLExceptionTranslator.java:70)
	at org.mybatis.spring.MyBatisExceptionTranslator.translateExceptionIfPossible(MyBatisExceptionTranslator.java:88)
	at org.mybatis.spring.SqlSessionTemplate$SqlSessionInterceptor.invoke(SqlSessionTemplate.java:440)
	at com.sun.proxy.$Proxy75.insert(Unknown Source)
	at org.mybatis.spring.SqlSessionTemplate.insert(SqlSessionTemplate.java:271)
	at org.apache.ibatis.binding.MapperMethod.execute(MapperMethod.java:62)
	at org.apache.ibatis.binding.MapperProxy.invoke(MapperProxy.java:93)
	at com.sun.proxy.$Proxy80.insert(Unknown Source)
	at com.olee.project.service.RegisterLoginServiceImpl.registerUser(RegisterLoginServiceImpl.java:70)
	at com.olee.project.controller.UserController.register(UserController.java:39)
	at sun.reflect.NativeMethodAccessorImpl.invoke0(Native Method)
	at sun.reflect.NativeMethodAccessorImpl.invoke(NativeMethodAccessorImpl.java:62)
	at sun.reflect.DelegatingMethodAccessorImpl.invoke(DelegatingMethodAccessorImpl.java:43)
	at java.lang.reflect.Method.invoke(Method.java:498)
	at org.springframework.web.method.support.InvocableHandlerMethod.doInvoke(InvocableHandlerMethod.java:197)
	at org.springframework.web.method.support.InvocableHandlerMethod.invokeForRequest(InvocableHandlerMethod.java:141)
	at org.springframework.web.servlet.mvc.method.annotation.ServletInvocableHandlerMethod.invokeAndHandle(ServletInvocableHandlerMethod.java:106)
	at org.springframework.web.servlet.mvc.method.annotation.RequestMappingHandlerAdapter.invokeHandlerMethod(RequestMappingHandlerAdapter.java:894)
	at org.springframework.web.servlet.mvc.method.annotation.RequestMappingHandlerAdapter.handleInternal(RequestMappingHandlerAdapter.java:808)
	at org.springframework.web.servlet.mvc.method.AbstractHandlerMethodAdapter.handle(AbstractHandlerMethodAdapter.java:87)
	at org.springframework.web.servlet.DispatcherServlet.doDispatch(DispatcherServlet.java:1063)
	at org.springframework.web.servlet.DispatcherServlet.doService(DispatcherServlet.java:963)
	at org.springframework.web.servlet.FrameworkServlet.processRequest(FrameworkServlet.java:1006)
	at org.springframework.web.servlet.FrameworkServlet.doPost(FrameworkServlet.java:909)
	at javax.servlet.http.HttpServlet.service(HttpServlet.java:681)
	at org.springframework.web.servlet.FrameworkServlet.service(FrameworkServlet.java:883)
	at org.springframework.test.web.servlet.TestDispatcherServlet.service(TestDispatcherServlet.java:72)
	at javax.servlet.http.HttpServlet.service(HttpServlet.java:764)
	at org.springframework.mock.web.MockFilterChain$ServletFilterProxy.doFilter(MockFilterChain.java:167)
	at org.springframework.mock.web.MockFilterChain.doFilter(MockFilterChain.java:134)
	at org.springframework.test.web.servlet.MockMvc.perform(MockMvc.java:183)
	at com.olee.project.controller.UserControllerTest.registerTest(UserControllerTest.java:47)
	at sun.reflect.NativeMethodAccessorImpl.invoke0(Native Method)
	at sun.reflect.NativeMethodAccessorImpl.invoke(NativeMethodAccessorImpl.java:62)
	at sun.reflect.DelegatingMethodAccessorImpl.invoke(DelegatingMethodAccessorImpl.java:43)
	at java.lang.reflect.Method.invoke(Method.java:498)
	at org.junit.runners.model.FrameworkMethod$1.runReflectiveCall(FrameworkMethod.java:50)
	at org.junit.internal.runners.model.ReflectiveCallable.run(ReflectiveCallable.java:12)
	at org.junit.runners.model.FrameworkMethod.invokeExplosively(FrameworkMethod.java:47)
	at org.junit.internal.runners.statements.InvokeMethod.evaluate(InvokeMethod.java:17)
	at org.springframework.test.context.junit4.statements.RunBeforeTestExecutionCallbacks.evaluate(RunBeforeTestExecutionCallbacks.java:74)
	at org.springframework.test.context.junit4.statements.RunAfterTestExecutionCallbacks.evaluate(RunAfterTestExecutionCallbacks.java:84)
	at org.junit.internal.runners.statements.RunBefores.evaluate(RunBefores.java:26)
	at org.springframework.test.context.junit4.statements.RunBeforeTestMethodCallbacks.evaluate(RunBeforeTestMethodCallbacks.java:75)
	at org.springframework.test.context.junit4.statements.RunAfterTestMethodCallbacks.evaluate(RunAfterTestMethodCallbacks.java:86)
	at org.springframework.test.context.junit4.statements.SpringRepeat.evaluate(SpringRepeat.java:84)
	at org.junit.runners.ParentRunner.runLeaf(ParentRunner.java:325)
	at org.springframework.test.context.junit4.SpringJUnit4ClassRunner.runChild(SpringJUnit4ClassRunner.java:251)
	at org.springframework.test.context.junit4.SpringJUnit4ClassRunner.runChild(SpringJUnit4ClassRunner.java:97)
	at org.junit.runners.ParentRunner$3.run(ParentRunner.java:290)
	at org.junit.runners.ParentRunner$1.schedule(ParentRunner.java:71)
	at org.junit.runners.ParentRunner.runChildren(ParentRunner.java:288)
	at org.junit.runners.ParentRunner.access$000(ParentRunner.java:58)
	at org.junit.runners.ParentRunner$2.evaluate(ParentRunner.java:268)
	at org.springframework.test.context.junit4.statements.RunBeforeTestClassCallbacks.evaluate(RunBeforeTestClassCallbacks.java:61)
	at org.springframework.test.context.junit4.statements.RunAfterTestClassCallbacks.evaluate(RunAfterTestClassCallbacks.java:70)
	at org.junit.runners.ParentRunner.run(ParentRunner.java:363)
	at org.springframework.test.context.junit4.SpringJUnit4ClassRunner.run(SpringJUnit4ClassRunner.java:190)
	at org.junit.runners.Suite.runChild(Suite.java:128)
	at org.junit.runners.Suite.runChild(Suite.java:27)
	at org.junit.runners.ParentRunner$3.run(ParentRunner.java:290)
	at org.junit.runners.ParentRunner$1.schedule(ParentRunner.java:71)
	at org.junit.runners.ParentRunner.runChildren(ParentRunner.java:288)
	at org.junit.runners.ParentRunner.access$000(ParentRunner.java:58)
	at org.junit.runners.ParentRunner$2.evaluate(ParentRunner.java:268)
	at org.junit.runners.ParentRunner.run(ParentRunner.java:363)
	at org.junit.runner.JUnitCore.run(JUnitCore.java:137)
	at com.intellij.junit4.JUnit4IdeaTestRunner.startRunnerWithArgs(JUnit4IdeaTestRunner.java:69)
	at com.intellij.rt.junit.IdeaTestRunner$Repeater.startRunnerWithArgs(IdeaTestRunner.java:33)
	at com.intellij.rt.junit.JUnitStarter.prepareStreamsAndStart(JUnitStarter.java:221)
	at com.intellij.rt.junit.JUnitStarter.main(JUnitStarter.java:54)
Caused by: com.mysql.jdbc.exceptions.jdbc4.MySQLSyntaxErrorException: You have an error in your SQL syntax; check the manual that corresponds to your MySQL server version for the right syntax to use near ':26:43.763Z, 'user', null)' at line 1
	at sun.reflect.NativeConstructorAccessorImpl.newInstance0(Native Method)
	at sun.reflect.NativeConstructorAccessorImpl.newInstance(NativeConstructorAccessorImpl.java:62)
	at sun.reflect.DelegatingConstructorAccessorImpl.newInstance(DelegatingConstructorAccessorImpl.java:45)
	at java.lang.reflect.Constructor.newInstance(Constructor.java:423)
	at com.mysql.jdbc.Util.handleNewInstance(Util.java:404)
	at com.mysql.jdbc.Util.getInstance(Util.java:387)
	at com.mysql.jdbc.SQLError.createSQLException(SQLError.java:941)
	at com.mysql.jdbc.MysqlIO.checkErrorPacket(MysqlIO.java:3870)
	at com.mysql.jdbc.MysqlIO.checkErrorPacket(MysqlIO.java:3806)
	at com.mysql.jdbc.MysqlIO.sendCommand(MysqlIO.java:2470)
	at com.mysql.jdbc.MysqlIO.sqlQueryDirect(MysqlIO.java:2617)
	at com.mysql.jdbc.ConnectionImpl.execSQL(ConnectionImpl.java:2550)
	at com.mysql.jdbc.PreparedStatement.executeInternal(PreparedStatement.java:1861)
	at com.mysql.jdbc.PreparedStatement.execute(PreparedStatement.java:1192)
	at com.zaxxer.hikari.pool.ProxyPreparedStatement.execute(ProxyPreparedStatement.java:44)
	at com.zaxxer.hikari.pool.HikariProxyPreparedStatement.execute(HikariProxyPreparedStatement.java)
	at org.apache.ibatis.executor.statement.PreparedStatementHandler.update(PreparedStatementHandler.java:47)
	at org.apache.ibatis.executor.statement.RoutingStatementHandler.update(RoutingStatementHandler.java:74)
	at org.apache.ibatis.executor.SimpleExecutor.doUpdate(SimpleExecutor.java:50)
	at org.apache.ibatis.executor.BaseExecutor.update(BaseExecutor.java:117)
	at org.apache.ibatis.executor.CachingExecutor.update(CachingExecutor.java:76)
	at org.apache.ibatis.session.defaults.DefaultSqlSession.update(DefaultSqlSession.java:197)
	at org.apache.ibatis.session.defaults.DefaultSqlSession.insert(DefaultSqlSession.java:184)
	at sun.reflect.NativeMethodAccessorImpl.invoke0(Native Method)
	at sun.reflect.NativeMethodAccessorImpl.invoke(NativeMethodAccessorImpl.java:62)
	at sun.reflect.DelegatingMethodAccessorImpl.invoke(DelegatingMethodAccessorImpl.java:43)
	at java.lang.reflect.Method.invoke(Method.java:498)
	at org.mybatis.spring.SqlSessionTemplate$SqlSessionInterceptor.invoke(SqlSessionTemplate.java:426)
	... 68 common frames omitted
10:26:43.889 [main] INFO  c.o.p.controller.UserControllerTest:50- response:{"code":-10001,"message":"Server internal error","result":{}}
10:33:01.984 [main] INFO  c.o.p.controller.UserControllerTest:55- Starting UserControllerTest using Java 1.8.0_161 on DESKTOP-MEMJ3FE with PID 12716 (started by Administrator in D:\JAVA\Revision\olee_project)
10:33:01.987 [main] INFO  c.o.p.controller.UserControllerTest:659- No active profile set, falling back to default profiles: default
10:33:04.357 [main] WARN  o.s.b.a.f.FreeMarkerAutoConfiguration:65- Cannot find template location(s): [classpath:/templates/] (please add some templates, check your FreeMarker configuration, or set spring.freemarker.checkTemplateLocation=false)
10:33:04.458 [main] INFO  c.o.p.controller.UserControllerTest:61- Started UserControllerTest in 2.815 seconds (JVM running for 3.664)
10:33:05.447 [main] INFO  com.olee.project.utils.ZsetUtil:82- key:userId:userToken:1b1c770dc37e48328018d635749c8c8e,通过setExpireOnKey方法设置过期时间是否成功:true
10:33:05.533 [main] ERROR c.o.p.a.ExceptionControllerAdvice:16- 全局异常信息：
org.springframework.jdbc.BadSqlGrammarException: 
### Error updating database.  Cause: com.mysql.jdbc.exceptions.jdbc4.MySQLSyntaxErrorException: You have an error in your SQL syntax; check the manual that corresponds to your MySQL server version for the right syntax to use near ':33:05.448Z, 'user', null)' at line 1
### The error may exist in com/olee/project/mapper/UserMapper.java (best guess)
### The error may involve com.olee.project.mapper.UserMapper.insert-Inline
### The error occurred while setting parameters
### SQL: INSERT INTO olee_user(userId, email, password, createAt, updateAt, nickname, address) VALUES(?, ?, ?, ?, 2021-08-12T02:33:05.448Z, ?, ?)
### Cause: com.mysql.jdbc.exceptions.jdbc4.MySQLSyntaxErrorException: You have an error in your SQL syntax; check the manual that corresponds to your MySQL server version for the right syntax to use near ':33:05.448Z, 'user', null)' at line 1
; bad SQL grammar []; nested exception is com.mysql.jdbc.exceptions.jdbc4.MySQLSyntaxErrorException: You have an error in your SQL syntax; check the manual that corresponds to your MySQL server version for the right syntax to use near ':33:05.448Z, 'user', null)' at line 1
	at org.springframework.jdbc.support.SQLErrorCodeSQLExceptionTranslator.doTranslate(SQLErrorCodeSQLExceptionTranslator.java:239)
	at org.springframework.jdbc.support.AbstractFallbackSQLExceptionTranslator.translate(AbstractFallbackSQLExceptionTranslator.java:70)
	at org.mybatis.spring.MyBatisExceptionTranslator.translateExceptionIfPossible(MyBatisExceptionTranslator.java:88)
	at org.mybatis.spring.SqlSessionTemplate$SqlSessionInterceptor.invoke(SqlSessionTemplate.java:440)
	at com.sun.proxy.$Proxy75.insert(Unknown Source)
	at org.mybatis.spring.SqlSessionTemplate.insert(SqlSessionTemplate.java:271)
	at org.apache.ibatis.binding.MapperMethod.execute(MapperMethod.java:62)
	at org.apache.ibatis.binding.MapperProxy.invoke(MapperProxy.java:93)
	at com.sun.proxy.$Proxy80.insert(Unknown Source)
	at com.olee.project.service.RegisterLoginServiceImpl.registerUser(RegisterLoginServiceImpl.java:67)
	at com.olee.project.controller.UserController.register(UserController.java:39)
	at sun.reflect.NativeMethodAccessorImpl.invoke0(Native Method)
	at sun.reflect.NativeMethodAccessorImpl.invoke(NativeMethodAccessorImpl.java:62)
	at sun.reflect.DelegatingMethodAccessorImpl.invoke(DelegatingMethodAccessorImpl.java:43)
	at java.lang.reflect.Method.invoke(Method.java:498)
	at org.springframework.web.method.support.InvocableHandlerMethod.doInvoke(InvocableHandlerMethod.java:197)
	at org.springframework.web.method.support.InvocableHandlerMethod.invokeForRequest(InvocableHandlerMethod.java:141)
	at org.springframework.web.servlet.mvc.method.annotation.ServletInvocableHandlerMethod.invokeAndHandle(ServletInvocableHandlerMethod.java:106)
	at org.springframework.web.servlet.mvc.method.annotation.RequestMappingHandlerAdapter.invokeHandlerMethod(RequestMappingHandlerAdapter.java:894)
	at org.springframework.web.servlet.mvc.method.annotation.RequestMappingHandlerAdapter.handleInternal(RequestMappingHandlerAdapter.java:808)
	at org.springframework.web.servlet.mvc.method.AbstractHandlerMethodAdapter.handle(AbstractHandlerMethodAdapter.java:87)
	at org.springframework.web.servlet.DispatcherServlet.doDispatch(DispatcherServlet.java:1063)
	at org.springframework.web.servlet.DispatcherServlet.doService(DispatcherServlet.java:963)
	at org.springframework.web.servlet.FrameworkServlet.processRequest(FrameworkServlet.java:1006)
	at org.springframework.web.servlet.FrameworkServlet.doPost(FrameworkServlet.java:909)
	at javax.servlet.http.HttpServlet.service(HttpServlet.java:681)
	at org.springframework.web.servlet.FrameworkServlet.service(FrameworkServlet.java:883)
	at org.springframework.test.web.servlet.TestDispatcherServlet.service(TestDispatcherServlet.java:72)
	at javax.servlet.http.HttpServlet.service(HttpServlet.java:764)
	at org.springframework.mock.web.MockFilterChain$ServletFilterProxy.doFilter(MockFilterChain.java:167)
	at org.springframework.mock.web.MockFilterChain.doFilter(MockFilterChain.java:134)
	at org.springframework.test.web.servlet.MockMvc.perform(MockMvc.java:183)
	at com.olee.project.controller.UserControllerTest.registerTest(UserControllerTest.java:47)
	at sun.reflect.NativeMethodAccessorImpl.invoke0(Native Method)
	at sun.reflect.NativeMethodAccessorImpl.invoke(NativeMethodAccessorImpl.java:62)
	at sun.reflect.DelegatingMethodAccessorImpl.invoke(DelegatingMethodAccessorImpl.java:43)
	at java.lang.reflect.Method.invoke(Method.java:498)
	at org.junit.runners.model.FrameworkMethod$1.runReflectiveCall(FrameworkMethod.java:50)
	at org.junit.internal.runners.model.ReflectiveCallable.run(ReflectiveCallable.java:12)
	at org.junit.runners.model.FrameworkMethod.invokeExplosively(FrameworkMethod.java:47)
	at org.junit.internal.runners.statements.InvokeMethod.evaluate(InvokeMethod.java:17)
	at org.springframework.test.context.junit4.statements.RunBeforeTestExecutionCallbacks.evaluate(RunBeforeTestExecutionCallbacks.java:74)
	at org.springframework.test.context.junit4.statements.RunAfterTestExecutionCallbacks.evaluate(RunAfterTestExecutionCallbacks.java:84)
	at org.junit.internal.runners.statements.RunBefores.evaluate(RunBefores.java:26)
	at org.springframework.test.context.junit4.statements.RunBeforeTestMethodCallbacks.evaluate(RunBeforeTestMethodCallbacks.java:75)
	at org.springframework.test.context.junit4.statements.RunAfterTestMethodCallbacks.evaluate(RunAfterTestMethodCallbacks.java:86)
	at org.springframework.test.context.junit4.statements.SpringRepeat.evaluate(SpringRepeat.java:84)
	at org.junit.runners.ParentRunner.runLeaf(ParentRunner.java:325)
	at org.springframework.test.context.junit4.SpringJUnit4ClassRunner.runChild(SpringJUnit4ClassRunner.java:251)
	at org.springframework.test.context.junit4.SpringJUnit4ClassRunner.runChild(SpringJUnit4ClassRunner.java:97)
	at org.junit.runners.ParentRunner$3.run(ParentRunner.java:290)
	at org.junit.runners.ParentRunner$1.schedule(ParentRunner.java:71)
	at org.junit.runners.ParentRunner.runChildren(ParentRunner.java:288)
	at org.junit.runners.ParentRunner.access$000(ParentRunner.java:58)
	at org.junit.runners.ParentRunner$2.evaluate(ParentRunner.java:268)
	at org.springframework.test.context.junit4.statements.RunBeforeTestClassCallbacks.evaluate(RunBeforeTestClassCallbacks.java:61)
	at org.springframework.test.context.junit4.statements.RunAfterTestClassCallbacks.evaluate(RunAfterTestClassCallbacks.java:70)
	at org.junit.runners.ParentRunner.run(ParentRunner.java:363)
	at org.springframework.test.context.junit4.SpringJUnit4ClassRunner.run(SpringJUnit4ClassRunner.java:190)
	at org.junit.runner.JUnitCore.run(JUnitCore.java:137)
	at com.intellij.junit4.JUnit4IdeaTestRunner.startRunnerWithArgs(JUnit4IdeaTestRunner.java:69)
	at com.intellij.rt.junit.IdeaTestRunner$Repeater.startRunnerWithArgs(IdeaTestRunner.java:33)
	at com.intellij.rt.junit.JUnitStarter.prepareStreamsAndStart(JUnitStarter.java:221)
	at com.intellij.rt.junit.JUnitStarter.main(JUnitStarter.java:54)
Caused by: com.mysql.jdbc.exceptions.jdbc4.MySQLSyntaxErrorException: You have an error in your SQL syntax; check the manual that corresponds to your MySQL server version for the right syntax to use near ':33:05.448Z, 'user', null)' at line 1
	at sun.reflect.NativeConstructorAccessorImpl.newInstance0(Native Method)
	at sun.reflect.NativeConstructorAccessorImpl.newInstance(NativeConstructorAccessorImpl.java:62)
	at sun.reflect.DelegatingConstructorAccessorImpl.newInstance(DelegatingConstructorAccessorImpl.java:45)
	at java.lang.reflect.Constructor.newInstance(Constructor.java:423)
	at com.mysql.jdbc.Util.handleNewInstance(Util.java:404)
	at com.mysql.jdbc.Util.getInstance(Util.java:387)
	at com.mysql.jdbc.SQLError.createSQLException(SQLError.java:941)
	at com.mysql.jdbc.MysqlIO.checkErrorPacket(MysqlIO.java:3870)
	at com.mysql.jdbc.MysqlIO.checkErrorPacket(MysqlIO.java:3806)
	at com.mysql.jdbc.MysqlIO.sendCommand(MysqlIO.java:2470)
	at com.mysql.jdbc.MysqlIO.sqlQueryDirect(MysqlIO.java:2617)
	at com.mysql.jdbc.ConnectionImpl.execSQL(ConnectionImpl.java:2550)
	at com.mysql.jdbc.PreparedStatement.executeInternal(PreparedStatement.java:1861)
	at com.mysql.jdbc.PreparedStatement.execute(PreparedStatement.java:1192)
	at com.zaxxer.hikari.pool.ProxyPreparedStatement.execute(ProxyPreparedStatement.java:44)
	at com.zaxxer.hikari.pool.HikariProxyPreparedStatement.execute(HikariProxyPreparedStatement.java)
	at org.apache.ibatis.executor.statement.PreparedStatementHandler.update(PreparedStatementHandler.java:47)
	at org.apache.ibatis.executor.statement.RoutingStatementHandler.update(RoutingStatementHandler.java:74)
	at org.apache.ibatis.executor.SimpleExecutor.doUpdate(SimpleExecutor.java:50)
	at org.apache.ibatis.executor.BaseExecutor.update(BaseExecutor.java:117)
	at org.apache.ibatis.executor.CachingExecutor.update(CachingExecutor.java:76)
	at org.apache.ibatis.session.defaults.DefaultSqlSession.update(DefaultSqlSession.java:197)
	at org.apache.ibatis.session.defaults.DefaultSqlSession.insert(DefaultSqlSession.java:184)
	at sun.reflect.NativeMethodAccessorImpl.invoke0(Native Method)
	at sun.reflect.NativeMethodAccessorImpl.invoke(NativeMethodAccessorImpl.java:62)
	at sun.reflect.DelegatingMethodAccessorImpl.invoke(DelegatingMethodAccessorImpl.java:43)
	at java.lang.reflect.Method.invoke(Method.java:498)
	at org.mybatis.spring.SqlSessionTemplate$SqlSessionInterceptor.invoke(SqlSessionTemplate.java:426)
	... 60 common frames omitted
10:33:05.543 [main] INFO  c.o.p.controller.UserControllerTest:50- response:{"code":-10001,"message":"Server internal error","result":{}}
10:37:41.162 [main] INFO  c.o.p.controller.UserControllerTest:55- Starting UserControllerTest using Java 1.8.0_161 on DESKTOP-MEMJ3FE with PID 10396 (started by Administrator in D:\JAVA\Revision\olee_project)
10:37:41.165 [main] INFO  c.o.p.controller.UserControllerTest:659- No active profile set, falling back to default profiles: default
10:37:43.508 [main] WARN  o.s.b.a.f.FreeMarkerAutoConfiguration:65- Cannot find template location(s): [classpath:/templates/] (please add some templates, check your FreeMarker configuration, or set spring.freemarker.checkTemplateLocation=false)
10:37:43.618 [main] INFO  c.o.p.controller.UserControllerTest:61- Started UserControllerTest in 2.779 seconds (JVM running for 3.666)
10:37:44.622 [main] INFO  com.olee.project.utils.ZsetUtil:82- key:userId:userToken:b8b3f48f1fc4447d8e7d8964ca8b23ed,通过setExpireOnKey方法设置过期时间是否成功:true
10:37:44.716 [main] ERROR c.o.p.a.ExceptionControllerAdvice:16- 全局异常信息：
org.springframework.jdbc.BadSqlGrammarException: 
### Error updating database.  Cause: com.mysql.jdbc.exceptions.jdbc4.MySQLSyntaxErrorException: You have an error in your SQL syntax; check the manual that corresponds to your MySQL server version for the right syntax to use near ':37:44.623Z, 'user', null)' at line 1
### The error may exist in com/olee/project/mapper/UserMapper.java (best guess)
### The error may involve com.olee.project.mapper.UserMapper.insert-Inline
### The error occurred while setting parameters
### SQL: INSERT INTO olee_user(userId, email, password, createAt, updateAt, nickname, address) VALUES(?, ?, ?, ?, 2021-08-12T02:37:44.623Z, ?, ?)
### Cause: com.mysql.jdbc.exceptions.jdbc4.MySQLSyntaxErrorException: You have an error in your SQL syntax; check the manual that corresponds to your MySQL server version for the right syntax to use near ':37:44.623Z, 'user', null)' at line 1
; bad SQL grammar []; nested exception is com.mysql.jdbc.exceptions.jdbc4.MySQLSyntaxErrorException: You have an error in your SQL syntax; check the manual that corresponds to your MySQL server version for the right syntax to use near ':37:44.623Z, 'user', null)' at line 1
	at org.springframework.jdbc.support.SQLErrorCodeSQLExceptionTranslator.doTranslate(SQLErrorCodeSQLExceptionTranslator.java:239)
	at org.springframework.jdbc.support.AbstractFallbackSQLExceptionTranslator.translate(AbstractFallbackSQLExceptionTranslator.java:70)
	at org.mybatis.spring.MyBatisExceptionTranslator.translateExceptionIfPossible(MyBatisExceptionTranslator.java:88)
	at org.mybatis.spring.SqlSessionTemplate$SqlSessionInterceptor.invoke(SqlSessionTemplate.java:440)
	at com.sun.proxy.$Proxy75.insert(Unknown Source)
	at org.mybatis.spring.SqlSessionTemplate.insert(SqlSessionTemplate.java:271)
	at org.apache.ibatis.binding.MapperMethod.execute(MapperMethod.java:62)
	at org.apache.ibatis.binding.MapperProxy.invoke(MapperProxy.java:93)
	at com.sun.proxy.$Proxy80.insert(Unknown Source)
	at com.olee.project.service.RegisterLoginServiceImpl.registerUser(RegisterLoginServiceImpl.java:69)
	at com.olee.project.controller.UserController.register(UserController.java:39)
	at sun.reflect.NativeMethodAccessorImpl.invoke0(Native Method)
	at sun.reflect.NativeMethodAccessorImpl.invoke(NativeMethodAccessorImpl.java:62)
	at sun.reflect.DelegatingMethodAccessorImpl.invoke(DelegatingMethodAccessorImpl.java:43)
	at java.lang.reflect.Method.invoke(Method.java:498)
	at org.springframework.web.method.support.InvocableHandlerMethod.doInvoke(InvocableHandlerMethod.java:197)
	at org.springframework.web.method.support.InvocableHandlerMethod.invokeForRequest(InvocableHandlerMethod.java:141)
	at org.springframework.web.servlet.mvc.method.annotation.ServletInvocableHandlerMethod.invokeAndHandle(ServletInvocableHandlerMethod.java:106)
	at org.springframework.web.servlet.mvc.method.annotation.RequestMappingHandlerAdapter.invokeHandlerMethod(RequestMappingHandlerAdapter.java:894)
	at org.springframework.web.servlet.mvc.method.annotation.RequestMappingHandlerAdapter.handleInternal(RequestMappingHandlerAdapter.java:808)
	at org.springframework.web.servlet.mvc.method.AbstractHandlerMethodAdapter.handle(AbstractHandlerMethodAdapter.java:87)
	at org.springframework.web.servlet.DispatcherServlet.doDispatch(DispatcherServlet.java:1063)
	at org.springframework.web.servlet.DispatcherServlet.doService(DispatcherServlet.java:963)
	at org.springframework.web.servlet.FrameworkServlet.processRequest(FrameworkServlet.java:1006)
	at org.springframework.web.servlet.FrameworkServlet.doPost(FrameworkServlet.java:909)
	at javax.servlet.http.HttpServlet.service(HttpServlet.java:681)
	at org.springframework.web.servlet.FrameworkServlet.service(FrameworkServlet.java:883)
	at org.springframework.test.web.servlet.TestDispatcherServlet.service(TestDispatcherServlet.java:72)
	at javax.servlet.http.HttpServlet.service(HttpServlet.java:764)
	at org.springframework.mock.web.MockFilterChain$ServletFilterProxy.doFilter(MockFilterChain.java:167)
	at org.springframework.mock.web.MockFilterChain.doFilter(MockFilterChain.java:134)
	at org.springframework.test.web.servlet.MockMvc.perform(MockMvc.java:183)
	at com.olee.project.controller.UserControllerTest.registerTest(UserControllerTest.java:47)
	at sun.reflect.NativeMethodAccessorImpl.invoke0(Native Method)
	at sun.reflect.NativeMethodAccessorImpl.invoke(NativeMethodAccessorImpl.java:62)
	at sun.reflect.DelegatingMethodAccessorImpl.invoke(DelegatingMethodAccessorImpl.java:43)
	at java.lang.reflect.Method.invoke(Method.java:498)
	at org.junit.runners.model.FrameworkMethod$1.runReflectiveCall(FrameworkMethod.java:50)
	at org.junit.internal.runners.model.ReflectiveCallable.run(ReflectiveCallable.java:12)
	at org.junit.runners.model.FrameworkMethod.invokeExplosively(FrameworkMethod.java:47)
	at org.junit.internal.runners.statements.InvokeMethod.evaluate(InvokeMethod.java:17)
	at org.springframework.test.context.junit4.statements.RunBeforeTestExecutionCallbacks.evaluate(RunBeforeTestExecutionCallbacks.java:74)
	at org.springframework.test.context.junit4.statements.RunAfterTestExecutionCallbacks.evaluate(RunAfterTestExecutionCallbacks.java:84)
	at org.junit.internal.runners.statements.RunBefores.evaluate(RunBefores.java:26)
	at org.springframework.test.context.junit4.statements.RunBeforeTestMethodCallbacks.evaluate(RunBeforeTestMethodCallbacks.java:75)
	at org.springframework.test.context.junit4.statements.RunAfterTestMethodCallbacks.evaluate(RunAfterTestMethodCallbacks.java:86)
	at org.springframework.test.context.junit4.statements.SpringRepeat.evaluate(SpringRepeat.java:84)
	at org.junit.runners.ParentRunner.runLeaf(ParentRunner.java:325)
	at org.springframework.test.context.junit4.SpringJUnit4ClassRunner.runChild(SpringJUnit4ClassRunner.java:251)
	at org.springframework.test.context.junit4.SpringJUnit4ClassRunner.runChild(SpringJUnit4ClassRunner.java:97)
	at org.junit.runners.ParentRunner$3.run(ParentRunner.java:290)
	at org.junit.runners.ParentRunner$1.schedule(ParentRunner.java:71)
	at org.junit.runners.ParentRunner.runChildren(ParentRunner.java:288)
	at org.junit.runners.ParentRunner.access$000(ParentRunner.java:58)
	at org.junit.runners.ParentRunner$2.evaluate(ParentRunner.java:268)
	at org.springframework.test.context.junit4.statements.RunBeforeTestClassCallbacks.evaluate(RunBeforeTestClassCallbacks.java:61)
	at org.springframework.test.context.junit4.statements.RunAfterTestClassCallbacks.evaluate(RunAfterTestClassCallbacks.java:70)
	at org.junit.runners.ParentRunner.run(ParentRunner.java:363)
	at org.springframework.test.context.junit4.SpringJUnit4ClassRunner.run(SpringJUnit4ClassRunner.java:190)
	at org.junit.runner.JUnitCore.run(JUnitCore.java:137)
	at com.intellij.junit4.JUnit4IdeaTestRunner.startRunnerWithArgs(JUnit4IdeaTestRunner.java:69)
	at com.intellij.rt.junit.IdeaTestRunner$Repeater.startRunnerWithArgs(IdeaTestRunner.java:33)
	at com.intellij.rt.junit.JUnitStarter.prepareStreamsAndStart(JUnitStarter.java:221)
	at com.intellij.rt.junit.JUnitStarter.main(JUnitStarter.java:54)
Caused by: com.mysql.jdbc.exceptions.jdbc4.MySQLSyntaxErrorException: You have an error in your SQL syntax; check the manual that corresponds to your MySQL server version for the right syntax to use near ':37:44.623Z, 'user', null)' at line 1
	at sun.reflect.NativeConstructorAccessorImpl.newInstance0(Native Method)
	at sun.reflect.NativeConstructorAccessorImpl.newInstance(NativeConstructorAccessorImpl.java:62)
	at sun.reflect.DelegatingConstructorAccessorImpl.newInstance(DelegatingConstructorAccessorImpl.java:45)
	at java.lang.reflect.Constructor.newInstance(Constructor.java:423)
	at com.mysql.jdbc.Util.handleNewInstance(Util.java:404)
	at com.mysql.jdbc.Util.getInstance(Util.java:387)
	at com.mysql.jdbc.SQLError.createSQLException(SQLError.java:941)
	at com.mysql.jdbc.MysqlIO.checkErrorPacket(MysqlIO.java:3870)
	at com.mysql.jdbc.MysqlIO.checkErrorPacket(MysqlIO.java:3806)
	at com.mysql.jdbc.MysqlIO.sendCommand(MysqlIO.java:2470)
	at com.mysql.jdbc.MysqlIO.sqlQueryDirect(MysqlIO.java:2617)
	at com.mysql.jdbc.ConnectionImpl.execSQL(ConnectionImpl.java:2550)
	at com.mysql.jdbc.PreparedStatement.executeInternal(PreparedStatement.java:1861)
	at com.mysql.jdbc.PreparedStatement.execute(PreparedStatement.java:1192)
	at com.zaxxer.hikari.pool.ProxyPreparedStatement.execute(ProxyPreparedStatement.java:44)
	at com.zaxxer.hikari.pool.HikariProxyPreparedStatement.execute(HikariProxyPreparedStatement.java)
	at org.apache.ibatis.executor.statement.PreparedStatementHandler.update(PreparedStatementHandler.java:47)
	at org.apache.ibatis.executor.statement.RoutingStatementHandler.update(RoutingStatementHandler.java:74)
	at org.apache.ibatis.executor.SimpleExecutor.doUpdate(SimpleExecutor.java:50)
	at org.apache.ibatis.executor.BaseExecutor.update(BaseExecutor.java:117)
	at org.apache.ibatis.executor.CachingExecutor.update(CachingExecutor.java:76)
	at org.apache.ibatis.session.defaults.DefaultSqlSession.update(DefaultSqlSession.java:197)
	at org.apache.ibatis.session.defaults.DefaultSqlSession.insert(DefaultSqlSession.java:184)
	at sun.reflect.NativeMethodAccessorImpl.invoke0(Native Method)
	at sun.reflect.NativeMethodAccessorImpl.invoke(NativeMethodAccessorImpl.java:62)
	at sun.reflect.DelegatingMethodAccessorImpl.invoke(DelegatingMethodAccessorImpl.java:43)
	at java.lang.reflect.Method.invoke(Method.java:498)
	at org.mybatis.spring.SqlSessionTemplate$SqlSessionInterceptor.invoke(SqlSessionTemplate.java:426)
	... 60 common frames omitted
10:37:44.728 [main] INFO  c.o.p.controller.UserControllerTest:50- response:{"code":-10001,"message":"Server internal error","result":{}}
10:49:06.547 [main] INFO  c.o.p.controller.UserControllerTest:55- Starting UserControllerTest using Java 1.8.0_161 on DESKTOP-MEMJ3FE with PID 3324 (started by Administrator in D:\JAVA\Revision\olee_project)
10:49:06.549 [main] INFO  c.o.p.controller.UserControllerTest:659- No active profile set, falling back to default profiles: default
10:49:08.902 [main] WARN  o.s.b.a.f.FreeMarkerAutoConfiguration:65- Cannot find template location(s): [classpath:/templates/] (please add some templates, check your FreeMarker configuration, or set spring.freemarker.checkTemplateLocation=false)
10:49:09.003 [main] INFO  c.o.p.controller.UserControllerTest:61- Started UserControllerTest in 2.775 seconds (JVM running for 3.603)
10:49:09.998 [main] INFO  com.olee.project.utils.ZsetUtil:82- key:userId:userToken:3f6393b050f343d7948fa8bc3634431c,通过setExpireOnKey方法设置过期时间是否成功:true
10:49:10.088 [main] ERROR c.o.p.a.ExceptionControllerAdvice:16- 全局异常信息：
org.springframework.jdbc.BadSqlGrammarException: 
### Error updating database.  Cause: com.mysql.jdbc.exceptions.jdbc4.MySQLSyntaxErrorException: You have an error in your SQL syntax; check the manual that corresponds to your MySQL server version for the right syntax to use near ':49:09.999, 'user', null)' at line 1
### The error may exist in com/olee/project/mapper/UserMapper.java (best guess)
### The error may involve com.olee.project.mapper.UserMapper.insert-Inline
### The error occurred while setting parameters
### SQL: INSERT INTO olee_user(userId, email, password, createAt, updateAt, nickname, address) VALUES(?, ?, ?, ?, 2021-08-12T02:49:09.999, ?, ?)
### Cause: com.mysql.jdbc.exceptions.jdbc4.MySQLSyntaxErrorException: You have an error in your SQL syntax; check the manual that corresponds to your MySQL server version for the right syntax to use near ':49:09.999, 'user', null)' at line 1
; bad SQL grammar []; nested exception is com.mysql.jdbc.exceptions.jdbc4.MySQLSyntaxErrorException: You have an error in your SQL syntax; check the manual that corresponds to your MySQL server version for the right syntax to use near ':49:09.999, 'user', null)' at line 1
	at org.springframework.jdbc.support.SQLErrorCodeSQLExceptionTranslator.doTranslate(SQLErrorCodeSQLExceptionTranslator.java:239)
	at org.springframework.jdbc.support.AbstractFallbackSQLExceptionTranslator.translate(AbstractFallbackSQLExceptionTranslator.java:70)
	at org.mybatis.spring.MyBatisExceptionTranslator.translateExceptionIfPossible(MyBatisExceptionTranslator.java:88)
	at org.mybatis.spring.SqlSessionTemplate$SqlSessionInterceptor.invoke(SqlSessionTemplate.java:440)
	at com.sun.proxy.$Proxy75.insert(Unknown Source)
	at org.mybatis.spring.SqlSessionTemplate.insert(SqlSessionTemplate.java:271)
	at org.apache.ibatis.binding.MapperMethod.execute(MapperMethod.java:62)
	at org.apache.ibatis.binding.MapperProxy.invoke(MapperProxy.java:93)
	at com.sun.proxy.$Proxy80.insert(Unknown Source)
	at com.olee.project.service.RegisterLoginServiceImpl.registerUser(RegisterLoginServiceImpl.java:68)
	at com.olee.project.controller.UserController.register(UserController.java:39)
	at sun.reflect.NativeMethodAccessorImpl.invoke0(Native Method)
	at sun.reflect.NativeMethodAccessorImpl.invoke(NativeMethodAccessorImpl.java:62)
	at sun.reflect.DelegatingMethodAccessorImpl.invoke(DelegatingMethodAccessorImpl.java:43)
	at java.lang.reflect.Method.invoke(Method.java:498)
	at org.springframework.web.method.support.InvocableHandlerMethod.doInvoke(InvocableHandlerMethod.java:197)
	at org.springframework.web.method.support.InvocableHandlerMethod.invokeForRequest(InvocableHandlerMethod.java:141)
	at org.springframework.web.servlet.mvc.method.annotation.ServletInvocableHandlerMethod.invokeAndHandle(ServletInvocableHandlerMethod.java:106)
	at org.springframework.web.servlet.mvc.method.annotation.RequestMappingHandlerAdapter.invokeHandlerMethod(RequestMappingHandlerAdapter.java:894)
	at org.springframework.web.servlet.mvc.method.annotation.RequestMappingHandlerAdapter.handleInternal(RequestMappingHandlerAdapter.java:808)
	at org.springframework.web.servlet.mvc.method.AbstractHandlerMethodAdapter.handle(AbstractHandlerMethodAdapter.java:87)
	at org.springframework.web.servlet.DispatcherServlet.doDispatch(DispatcherServlet.java:1063)
	at org.springframework.web.servlet.DispatcherServlet.doService(DispatcherServlet.java:963)
	at org.springframework.web.servlet.FrameworkServlet.processRequest(FrameworkServlet.java:1006)
	at org.springframework.web.servlet.FrameworkServlet.doPost(FrameworkServlet.java:909)
	at javax.servlet.http.HttpServlet.service(HttpServlet.java:681)
	at org.springframework.web.servlet.FrameworkServlet.service(FrameworkServlet.java:883)
	at org.springframework.test.web.servlet.TestDispatcherServlet.service(TestDispatcherServlet.java:72)
	at javax.servlet.http.HttpServlet.service(HttpServlet.java:764)
	at org.springframework.mock.web.MockFilterChain$ServletFilterProxy.doFilter(MockFilterChain.java:167)
	at org.springframework.mock.web.MockFilterChain.doFilter(MockFilterChain.java:134)
	at org.springframework.test.web.servlet.MockMvc.perform(MockMvc.java:183)
	at com.olee.project.controller.UserControllerTest.registerTest(UserControllerTest.java:47)
	at sun.reflect.NativeMethodAccessorImpl.invoke0(Native Method)
	at sun.reflect.NativeMethodAccessorImpl.invoke(NativeMethodAccessorImpl.java:62)
	at sun.reflect.DelegatingMethodAccessorImpl.invoke(DelegatingMethodAccessorImpl.java:43)
	at java.lang.reflect.Method.invoke(Method.java:498)
	at org.junit.runners.model.FrameworkMethod$1.runReflectiveCall(FrameworkMethod.java:50)
	at org.junit.internal.runners.model.ReflectiveCallable.run(ReflectiveCallable.java:12)
	at org.junit.runners.model.FrameworkMethod.invokeExplosively(FrameworkMethod.java:47)
	at org.junit.internal.runners.statements.InvokeMethod.evaluate(InvokeMethod.java:17)
	at org.springframework.test.context.junit4.statements.RunBeforeTestExecutionCallbacks.evaluate(RunBeforeTestExecutionCallbacks.java:74)
	at org.springframework.test.context.junit4.statements.RunAfterTestExecutionCallbacks.evaluate(RunAfterTestExecutionCallbacks.java:84)
	at org.junit.internal.runners.statements.RunBefores.evaluate(RunBefores.java:26)
	at org.springframework.test.context.junit4.statements.RunBeforeTestMethodCallbacks.evaluate(RunBeforeTestMethodCallbacks.java:75)
	at org.springframework.test.context.junit4.statements.RunAfterTestMethodCallbacks.evaluate(RunAfterTestMethodCallbacks.java:86)
	at org.springframework.test.context.junit4.statements.SpringRepeat.evaluate(SpringRepeat.java:84)
	at org.junit.runners.ParentRunner.runLeaf(ParentRunner.java:325)
	at org.springframework.test.context.junit4.SpringJUnit4ClassRunner.runChild(SpringJUnit4ClassRunner.java:251)
	at org.springframework.test.context.junit4.SpringJUnit4ClassRunner.runChild(SpringJUnit4ClassRunner.java:97)
	at org.junit.runners.ParentRunner$3.run(ParentRunner.java:290)
	at org.junit.runners.ParentRunner$1.schedule(ParentRunner.java:71)
	at org.junit.runners.ParentRunner.runChildren(ParentRunner.java:288)
	at org.junit.runners.ParentRunner.access$000(ParentRunner.java:58)
	at org.junit.runners.ParentRunner$2.evaluate(ParentRunner.java:268)
	at org.springframework.test.context.junit4.statements.RunBeforeTestClassCallbacks.evaluate(RunBeforeTestClassCallbacks.java:61)
	at org.springframework.test.context.junit4.statements.RunAfterTestClassCallbacks.evaluate(RunAfterTestClassCallbacks.java:70)
	at org.junit.runners.ParentRunner.run(ParentRunner.java:363)
	at org.springframework.test.context.junit4.SpringJUnit4ClassRunner.run(SpringJUnit4ClassRunner.java:190)
	at org.junit.runner.JUnitCore.run(JUnitCore.java:137)
	at com.intellij.junit4.JUnit4IdeaTestRunner.startRunnerWithArgs(JUnit4IdeaTestRunner.java:69)
	at com.intellij.rt.junit.IdeaTestRunner$Repeater.startRunnerWithArgs(IdeaTestRunner.java:33)
	at com.intellij.rt.junit.JUnitStarter.prepareStreamsAndStart(JUnitStarter.java:221)
	at com.intellij.rt.junit.JUnitStarter.main(JUnitStarter.java:54)
Caused by: com.mysql.jdbc.exceptions.jdbc4.MySQLSyntaxErrorException: You have an error in your SQL syntax; check the manual that corresponds to your MySQL server version for the right syntax to use near ':49:09.999, 'user', null)' at line 1
	at sun.reflect.NativeConstructorAccessorImpl.newInstance0(Native Method)
	at sun.reflect.NativeConstructorAccessorImpl.newInstance(NativeConstructorAccessorImpl.java:62)
	at sun.reflect.DelegatingConstructorAccessorImpl.newInstance(DelegatingConstructorAccessorImpl.java:45)
	at java.lang.reflect.Constructor.newInstance(Constructor.java:423)
	at com.mysql.jdbc.Util.handleNewInstance(Util.java:404)
	at com.mysql.jdbc.Util.getInstance(Util.java:387)
	at com.mysql.jdbc.SQLError.createSQLException(SQLError.java:941)
	at com.mysql.jdbc.MysqlIO.checkErrorPacket(MysqlIO.java:3870)
	at com.mysql.jdbc.MysqlIO.checkErrorPacket(MysqlIO.java:3806)
	at com.mysql.jdbc.MysqlIO.sendCommand(MysqlIO.java:2470)
	at com.mysql.jdbc.MysqlIO.sqlQueryDirect(MysqlIO.java:2617)
	at com.mysql.jdbc.ConnectionImpl.execSQL(ConnectionImpl.java:2550)
	at com.mysql.jdbc.PreparedStatement.executeInternal(PreparedStatement.java:1861)
	at com.mysql.jdbc.PreparedStatement.execute(PreparedStatement.java:1192)
	at com.zaxxer.hikari.pool.ProxyPreparedStatement.execute(ProxyPreparedStatement.java:44)
	at com.zaxxer.hikari.pool.HikariProxyPreparedStatement.execute(HikariProxyPreparedStatement.java)
	at org.apache.ibatis.executor.statement.PreparedStatementHandler.update(PreparedStatementHandler.java:47)
	at org.apache.ibatis.executor.statement.RoutingStatementHandler.update(RoutingStatementHandler.java:74)
	at org.apache.ibatis.executor.SimpleExecutor.doUpdate(SimpleExecutor.java:50)
	at org.apache.ibatis.executor.BaseExecutor.update(BaseExecutor.java:117)
	at org.apache.ibatis.executor.CachingExecutor.update(CachingExecutor.java:76)
	at org.apache.ibatis.session.defaults.DefaultSqlSession.update(DefaultSqlSession.java:197)
	at org.apache.ibatis.session.defaults.DefaultSqlSession.insert(DefaultSqlSession.java:184)
	at sun.reflect.NativeMethodAccessorImpl.invoke0(Native Method)
	at sun.reflect.NativeMethodAccessorImpl.invoke(NativeMethodAccessorImpl.java:62)
	at sun.reflect.DelegatingMethodAccessorImpl.invoke(DelegatingMethodAccessorImpl.java:43)
	at java.lang.reflect.Method.invoke(Method.java:498)
	at org.mybatis.spring.SqlSessionTemplate$SqlSessionInterceptor.invoke(SqlSessionTemplate.java:426)
	... 60 common frames omitted
10:49:10.098 [main] INFO  c.o.p.controller.UserControllerTest:50- response:{"code":-10001,"message":"Server internal error","result":{}}
10:52:53.238 [main] INFO  c.o.p.controller.UserControllerTest:55- Starting UserControllerTest using Java 1.8.0_161 on DESKTOP-MEMJ3FE with PID 1844 (started by Administrator in D:\JAVA\Revision\olee_project)
10:52:53.241 [main] INFO  c.o.p.controller.UserControllerTest:659- No active profile set, falling back to default profiles: default
10:52:55.605 [main] WARN  o.s.b.a.f.FreeMarkerAutoConfiguration:65- Cannot find template location(s): [classpath:/templates/] (please add some templates, check your FreeMarker configuration, or set spring.freemarker.checkTemplateLocation=false)
10:52:55.705 [main] INFO  c.o.p.controller.UserControllerTest:61- Started UserControllerTest in 2.775 seconds (JVM running for 3.616)
10:52:56.714 [main] INFO  com.olee.project.utils.ZsetUtil:82- key:userId:userToken:e4c2070652e6491288cc5b6af988ad0d,通过setExpireOnKey方法设置过期时间是否成功:true
10:52:56.800 [main] ERROR c.o.p.a.ExceptionControllerAdvice:16- 全局异常信息：
org.springframework.jdbc.BadSqlGrammarException: 
### Error updating database.  Cause: com.mysql.jdbc.exceptions.jdbc4.MySQLSyntaxErrorException: You have an error in your SQL syntax; check the manual that corresponds to your MySQL server version for the right syntax to use near ':52:56Z, 'user', null)' at line 1
### The error may exist in com/olee/project/mapper/UserMapper.java (best guess)
### The error may involve com.olee.project.mapper.UserMapper.insert-Inline
### The error occurred while setting parameters
### SQL: INSERT INTO olee_user(userId, email, password, createAt, updateAt, nickname, address) VALUES(?, ?, ?, ?, 2021-08-12T02:52:56Z, ?, ?)
### Cause: com.mysql.jdbc.exceptions.jdbc4.MySQLSyntaxErrorException: You have an error in your SQL syntax; check the manual that corresponds to your MySQL server version for the right syntax to use near ':52:56Z, 'user', null)' at line 1
; bad SQL grammar []; nested exception is com.mysql.jdbc.exceptions.jdbc4.MySQLSyntaxErrorException: You have an error in your SQL syntax; check the manual that corresponds to your MySQL server version for the right syntax to use near ':52:56Z, 'user', null)' at line 1
	at org.springframework.jdbc.support.SQLErrorCodeSQLExceptionTranslator.doTranslate(SQLErrorCodeSQLExceptionTranslator.java:239)
	at org.springframework.jdbc.support.AbstractFallbackSQLExceptionTranslator.translate(AbstractFallbackSQLExceptionTranslator.java:70)
	at org.mybatis.spring.MyBatisExceptionTranslator.translateExceptionIfPossible(MyBatisExceptionTranslator.java:88)
	at org.mybatis.spring.SqlSessionTemplate$SqlSessionInterceptor.invoke(SqlSessionTemplate.java:440)
	at com.sun.proxy.$Proxy75.insert(Unknown Source)
	at org.mybatis.spring.SqlSessionTemplate.insert(SqlSessionTemplate.java:271)
	at org.apache.ibatis.binding.MapperMethod.execute(MapperMethod.java:62)
	at org.apache.ibatis.binding.MapperProxy.invoke(MapperProxy.java:93)
	at com.sun.proxy.$Proxy80.insert(Unknown Source)
	at com.olee.project.service.RegisterLoginServiceImpl.registerUser(RegisterLoginServiceImpl.java:68)
	at com.olee.project.controller.UserController.register(UserController.java:39)
	at sun.reflect.NativeMethodAccessorImpl.invoke0(Native Method)
	at sun.reflect.NativeMethodAccessorImpl.invoke(NativeMethodAccessorImpl.java:62)
	at sun.reflect.DelegatingMethodAccessorImpl.invoke(DelegatingMethodAccessorImpl.java:43)
	at java.lang.reflect.Method.invoke(Method.java:498)
	at org.springframework.web.method.support.InvocableHandlerMethod.doInvoke(InvocableHandlerMethod.java:197)
	at org.springframework.web.method.support.InvocableHandlerMethod.invokeForRequest(InvocableHandlerMethod.java:141)
	at org.springframework.web.servlet.mvc.method.annotation.ServletInvocableHandlerMethod.invokeAndHandle(ServletInvocableHandlerMethod.java:106)
	at org.springframework.web.servlet.mvc.method.annotation.RequestMappingHandlerAdapter.invokeHandlerMethod(RequestMappingHandlerAdapter.java:894)
	at org.springframework.web.servlet.mvc.method.annotation.RequestMappingHandlerAdapter.handleInternal(RequestMappingHandlerAdapter.java:808)
	at org.springframework.web.servlet.mvc.method.AbstractHandlerMethodAdapter.handle(AbstractHandlerMethodAdapter.java:87)
	at org.springframework.web.servlet.DispatcherServlet.doDispatch(DispatcherServlet.java:1063)
	at org.springframework.web.servlet.DispatcherServlet.doService(DispatcherServlet.java:963)
	at org.springframework.web.servlet.FrameworkServlet.processRequest(FrameworkServlet.java:1006)
	at org.springframework.web.servlet.FrameworkServlet.doPost(FrameworkServlet.java:909)
	at javax.servlet.http.HttpServlet.service(HttpServlet.java:681)
	at org.springframework.web.servlet.FrameworkServlet.service(FrameworkServlet.java:883)
	at org.springframework.test.web.servlet.TestDispatcherServlet.service(TestDispatcherServlet.java:72)
	at javax.servlet.http.HttpServlet.service(HttpServlet.java:764)
	at org.springframework.mock.web.MockFilterChain$ServletFilterProxy.doFilter(MockFilterChain.java:167)
	at org.springframework.mock.web.MockFilterChain.doFilter(MockFilterChain.java:134)
	at org.springframework.test.web.servlet.MockMvc.perform(MockMvc.java:183)
	at com.olee.project.controller.UserControllerTest.registerTest(UserControllerTest.java:47)
	at sun.reflect.NativeMethodAccessorImpl.invoke0(Native Method)
	at sun.reflect.NativeMethodAccessorImpl.invoke(NativeMethodAccessorImpl.java:62)
	at sun.reflect.DelegatingMethodAccessorImpl.invoke(DelegatingMethodAccessorImpl.java:43)
	at java.lang.reflect.Method.invoke(Method.java:498)
	at org.junit.runners.model.FrameworkMethod$1.runReflectiveCall(FrameworkMethod.java:50)
	at org.junit.internal.runners.model.ReflectiveCallable.run(ReflectiveCallable.java:12)
	at org.junit.runners.model.FrameworkMethod.invokeExplosively(FrameworkMethod.java:47)
	at org.junit.internal.runners.statements.InvokeMethod.evaluate(InvokeMethod.java:17)
	at org.springframework.test.context.junit4.statements.RunBeforeTestExecutionCallbacks.evaluate(RunBeforeTestExecutionCallbacks.java:74)
	at org.springframework.test.context.junit4.statements.RunAfterTestExecutionCallbacks.evaluate(RunAfterTestExecutionCallbacks.java:84)
	at org.junit.internal.runners.statements.RunBefores.evaluate(RunBefores.java:26)
	at org.springframework.test.context.junit4.statements.RunBeforeTestMethodCallbacks.evaluate(RunBeforeTestMethodCallbacks.java:75)
	at org.springframework.test.context.junit4.statements.RunAfterTestMethodCallbacks.evaluate(RunAfterTestMethodCallbacks.java:86)
	at org.springframework.test.context.junit4.statements.SpringRepeat.evaluate(SpringRepeat.java:84)
	at org.junit.runners.ParentRunner.runLeaf(ParentRunner.java:325)
	at org.springframework.test.context.junit4.SpringJUnit4ClassRunner.runChild(SpringJUnit4ClassRunner.java:251)
	at org.springframework.test.context.junit4.SpringJUnit4ClassRunner.runChild(SpringJUnit4ClassRunner.java:97)
	at org.junit.runners.ParentRunner$3.run(ParentRunner.java:290)
	at org.junit.runners.ParentRunner$1.schedule(ParentRunner.java:71)
	at org.junit.runners.ParentRunner.runChildren(ParentRunner.java:288)
	at org.junit.runners.ParentRunner.access$000(ParentRunner.java:58)
	at org.junit.runners.ParentRunner$2.evaluate(ParentRunner.java:268)
	at org.springframework.test.context.junit4.statements.RunBeforeTestClassCallbacks.evaluate(RunBeforeTestClassCallbacks.java:61)
	at org.springframework.test.context.junit4.statements.RunAfterTestClassCallbacks.evaluate(RunAfterTestClassCallbacks.java:70)
	at org.junit.runners.ParentRunner.run(ParentRunner.java:363)
	at org.springframework.test.context.junit4.SpringJUnit4ClassRunner.run(SpringJUnit4ClassRunner.java:190)
	at org.junit.runner.JUnitCore.run(JUnitCore.java:137)
	at com.intellij.junit4.JUnit4IdeaTestRunner.startRunnerWithArgs(JUnit4IdeaTestRunner.java:69)
	at com.intellij.rt.junit.IdeaTestRunner$Repeater.startRunnerWithArgs(IdeaTestRunner.java:33)
	at com.intellij.rt.junit.JUnitStarter.prepareStreamsAndStart(JUnitStarter.java:221)
	at com.intellij.rt.junit.JUnitStarter.main(JUnitStarter.java:54)
Caused by: com.mysql.jdbc.exceptions.jdbc4.MySQLSyntaxErrorException: You have an error in your SQL syntax; check the manual that corresponds to your MySQL server version for the right syntax to use near ':52:56Z, 'user', null)' at line 1
	at sun.reflect.NativeConstructorAccessorImpl.newInstance0(Native Method)
	at sun.reflect.NativeConstructorAccessorImpl.newInstance(NativeConstructorAccessorImpl.java:62)
	at sun.reflect.DelegatingConstructorAccessorImpl.newInstance(DelegatingConstructorAccessorImpl.java:45)
	at java.lang.reflect.Constructor.newInstance(Constructor.java:423)
	at com.mysql.jdbc.Util.handleNewInstance(Util.java:404)
	at com.mysql.jdbc.Util.getInstance(Util.java:387)
	at com.mysql.jdbc.SQLError.createSQLException(SQLError.java:941)
	at com.mysql.jdbc.MysqlIO.checkErrorPacket(MysqlIO.java:3870)
	at com.mysql.jdbc.MysqlIO.checkErrorPacket(MysqlIO.java:3806)
	at com.mysql.jdbc.MysqlIO.sendCommand(MysqlIO.java:2470)
	at com.mysql.jdbc.MysqlIO.sqlQueryDirect(MysqlIO.java:2617)
	at com.mysql.jdbc.ConnectionImpl.execSQL(ConnectionImpl.java:2550)
	at com.mysql.jdbc.PreparedStatement.executeInternal(PreparedStatement.java:1861)
	at com.mysql.jdbc.PreparedStatement.execute(PreparedStatement.java:1192)
	at com.zaxxer.hikari.pool.ProxyPreparedStatement.execute(ProxyPreparedStatement.java:44)
	at com.zaxxer.hikari.pool.HikariProxyPreparedStatement.execute(HikariProxyPreparedStatement.java)
	at org.apache.ibatis.executor.statement.PreparedStatementHandler.update(PreparedStatementHandler.java:47)
	at org.apache.ibatis.executor.statement.RoutingStatementHandler.update(RoutingStatementHandler.java:74)
	at org.apache.ibatis.executor.SimpleExecutor.doUpdate(SimpleExecutor.java:50)
	at org.apache.ibatis.executor.BaseExecutor.update(BaseExecutor.java:117)
	at org.apache.ibatis.executor.CachingExecutor.update(CachingExecutor.java:76)
	at org.apache.ibatis.session.defaults.DefaultSqlSession.update(DefaultSqlSession.java:197)
	at org.apache.ibatis.session.defaults.DefaultSqlSession.insert(DefaultSqlSession.java:184)
	at sun.reflect.NativeMethodAccessorImpl.invoke0(Native Method)
	at sun.reflect.NativeMethodAccessorImpl.invoke(NativeMethodAccessorImpl.java:62)
	at sun.reflect.DelegatingMethodAccessorImpl.invoke(DelegatingMethodAccessorImpl.java:43)
	at java.lang.reflect.Method.invoke(Method.java:498)
	at org.mybatis.spring.SqlSessionTemplate$SqlSessionInterceptor.invoke(SqlSessionTemplate.java:426)
	... 60 common frames omitted
10:52:56.812 [main] INFO  c.o.p.controller.UserControllerTest:50- response:{"code":-10001,"message":"Server internal error","result":{}}
10:53:42.507 [main] INFO  c.o.p.controller.UserControllerTest:55- Starting UserControllerTest using Java 1.8.0_161 on DESKTOP-MEMJ3FE with PID 1920 (started by Administrator in D:\JAVA\Revision\olee_project)
10:53:42.509 [main] INFO  c.o.p.controller.UserControllerTest:659- No active profile set, falling back to default profiles: default
10:53:44.870 [main] WARN  o.s.b.a.f.FreeMarkerAutoConfiguration:65- Cannot find template location(s): [classpath:/templates/] (please add some templates, check your FreeMarker configuration, or set spring.freemarker.checkTemplateLocation=false)
10:53:44.973 [main] INFO  c.o.p.controller.UserControllerTest:61- Started UserControllerTest in 2.781 seconds (JVM running for 3.609)
10:53:45.948 [main] INFO  com.olee.project.utils.ZsetUtil:82- key:userId:userToken:f5d0bf5028294a1d8eeb7e3c5c34533c,通过setExpireOnKey方法设置过期时间是否成功:true
10:53:46.034 [main] ERROR c.o.p.a.ExceptionControllerAdvice:16- 全局异常信息：
org.springframework.jdbc.BadSqlGrammarException: 
### Error updating database.  Cause: com.mysql.jdbc.exceptions.jdbc4.MySQLSyntaxErrorException: You have an error in your SQL syntax; check the manual that corresponds to your MySQL server version for the right syntax to use near ':53:45Z, 'user', null)' at line 1
### The error may exist in com/olee/project/mapper/UserMapper.java (best guess)
### The error may involve com.olee.project.mapper.UserMapper.insert-Inline
### The error occurred while setting parameters
### SQL: INSERT INTO olee_user(userId, email, password, createAt, updateAt, nickname, address) VALUES(?, ?, ?, ?, 2021-08-12T02:53:45Z, ?, ?)
### Cause: com.mysql.jdbc.exceptions.jdbc4.MySQLSyntaxErrorException: You have an error in your SQL syntax; check the manual that corresponds to your MySQL server version for the right syntax to use near ':53:45Z, 'user', null)' at line 1
; bad SQL grammar []; nested exception is com.mysql.jdbc.exceptions.jdbc4.MySQLSyntaxErrorException: You have an error in your SQL syntax; check the manual that corresponds to your MySQL server version for the right syntax to use near ':53:45Z, 'user', null)' at line 1
	at org.springframework.jdbc.support.SQLErrorCodeSQLExceptionTranslator.doTranslate(SQLErrorCodeSQLExceptionTranslator.java:239)
	at org.springframework.jdbc.support.AbstractFallbackSQLExceptionTranslator.translate(AbstractFallbackSQLExceptionTranslator.java:70)
	at org.mybatis.spring.MyBatisExceptionTranslator.translateExceptionIfPossible(MyBatisExceptionTranslator.java:88)
	at org.mybatis.spring.SqlSessionTemplate$SqlSessionInterceptor.invoke(SqlSessionTemplate.java:440)
	at com.sun.proxy.$Proxy75.insert(Unknown Source)
	at org.mybatis.spring.SqlSessionTemplate.insert(SqlSessionTemplate.java:271)
	at org.apache.ibatis.binding.MapperMethod.execute(MapperMethod.java:62)
	at org.apache.ibatis.binding.MapperProxy.invoke(MapperProxy.java:93)
	at com.sun.proxy.$Proxy80.insert(Unknown Source)
	at com.olee.project.service.RegisterLoginServiceImpl.registerUser(RegisterLoginServiceImpl.java:68)
	at com.olee.project.controller.UserController.register(UserController.java:39)
	at sun.reflect.NativeMethodAccessorImpl.invoke0(Native Method)
	at sun.reflect.NativeMethodAccessorImpl.invoke(NativeMethodAccessorImpl.java:62)
	at sun.reflect.DelegatingMethodAccessorImpl.invoke(DelegatingMethodAccessorImpl.java:43)
	at java.lang.reflect.Method.invoke(Method.java:498)
	at org.springframework.web.method.support.InvocableHandlerMethod.doInvoke(InvocableHandlerMethod.java:197)
	at org.springframework.web.method.support.InvocableHandlerMethod.invokeForRequest(InvocableHandlerMethod.java:141)
	at org.springframework.web.servlet.mvc.method.annotation.ServletInvocableHandlerMethod.invokeAndHandle(ServletInvocableHandlerMethod.java:106)
	at org.springframework.web.servlet.mvc.method.annotation.RequestMappingHandlerAdapter.invokeHandlerMethod(RequestMappingHandlerAdapter.java:894)
	at org.springframework.web.servlet.mvc.method.annotation.RequestMappingHandlerAdapter.handleInternal(RequestMappingHandlerAdapter.java:808)
	at org.springframework.web.servlet.mvc.method.AbstractHandlerMethodAdapter.handle(AbstractHandlerMethodAdapter.java:87)
	at org.springframework.web.servlet.DispatcherServlet.doDispatch(DispatcherServlet.java:1063)
	at org.springframework.web.servlet.DispatcherServlet.doService(DispatcherServlet.java:963)
	at org.springframework.web.servlet.FrameworkServlet.processRequest(FrameworkServlet.java:1006)
	at org.springframework.web.servlet.FrameworkServlet.doPost(FrameworkServlet.java:909)
	at javax.servlet.http.HttpServlet.service(HttpServlet.java:681)
	at org.springframework.web.servlet.FrameworkServlet.service(FrameworkServlet.java:883)
	at org.springframework.test.web.servlet.TestDispatcherServlet.service(TestDispatcherServlet.java:72)
	at javax.servlet.http.HttpServlet.service(HttpServlet.java:764)
	at org.springframework.mock.web.MockFilterChain$ServletFilterProxy.doFilter(MockFilterChain.java:167)
	at org.springframework.mock.web.MockFilterChain.doFilter(MockFilterChain.java:134)
	at org.springframework.test.web.servlet.MockMvc.perform(MockMvc.java:183)
	at com.olee.project.controller.UserControllerTest.registerTest(UserControllerTest.java:47)
	at sun.reflect.NativeMethodAccessorImpl.invoke0(Native Method)
	at sun.reflect.NativeMethodAccessorImpl.invoke(NativeMethodAccessorImpl.java:62)
	at sun.reflect.DelegatingMethodAccessorImpl.invoke(DelegatingMethodAccessorImpl.java:43)
	at java.lang.reflect.Method.invoke(Method.java:498)
	at org.junit.runners.model.FrameworkMethod$1.runReflectiveCall(FrameworkMethod.java:50)
	at org.junit.internal.runners.model.ReflectiveCallable.run(ReflectiveCallable.java:12)
	at org.junit.runners.model.FrameworkMethod.invokeExplosively(FrameworkMethod.java:47)
	at org.junit.internal.runners.statements.InvokeMethod.evaluate(InvokeMethod.java:17)
	at org.springframework.test.context.junit4.statements.RunBeforeTestExecutionCallbacks.evaluate(RunBeforeTestExecutionCallbacks.java:74)
	at org.springframework.test.context.junit4.statements.RunAfterTestExecutionCallbacks.evaluate(RunAfterTestExecutionCallbacks.java:84)
	at org.junit.internal.runners.statements.RunBefores.evaluate(RunBefores.java:26)
	at org.springframework.test.context.junit4.statements.RunBeforeTestMethodCallbacks.evaluate(RunBeforeTestMethodCallbacks.java:75)
	at org.springframework.test.context.junit4.statements.RunAfterTestMethodCallbacks.evaluate(RunAfterTestMethodCallbacks.java:86)
	at org.springframework.test.context.junit4.statements.SpringRepeat.evaluate(SpringRepeat.java:84)
	at org.junit.runners.ParentRunner.runLeaf(ParentRunner.java:325)
	at org.springframework.test.context.junit4.SpringJUnit4ClassRunner.runChild(SpringJUnit4ClassRunner.java:251)
	at org.springframework.test.context.junit4.SpringJUnit4ClassRunner.runChild(SpringJUnit4ClassRunner.java:97)
	at org.junit.runners.ParentRunner$3.run(ParentRunner.java:290)
	at org.junit.runners.ParentRunner$1.schedule(ParentRunner.java:71)
	at org.junit.runners.ParentRunner.runChildren(ParentRunner.java:288)
	at org.junit.runners.ParentRunner.access$000(ParentRunner.java:58)
	at org.junit.runners.ParentRunner$2.evaluate(ParentRunner.java:268)
	at org.springframework.test.context.junit4.statements.RunBeforeTestClassCallbacks.evaluate(RunBeforeTestClassCallbacks.java:61)
	at org.springframework.test.context.junit4.statements.RunAfterTestClassCallbacks.evaluate(RunAfterTestClassCallbacks.java:70)
	at org.junit.runners.ParentRunner.run(ParentRunner.java:363)
	at org.springframework.test.context.junit4.SpringJUnit4ClassRunner.run(SpringJUnit4ClassRunner.java:190)
	at org.junit.runner.JUnitCore.run(JUnitCore.java:137)
	at com.intellij.junit4.JUnit4IdeaTestRunner.startRunnerWithArgs(JUnit4IdeaTestRunner.java:69)
	at com.intellij.rt.junit.IdeaTestRunner$Repeater.startRunnerWithArgs(IdeaTestRunner.java:33)
	at com.intellij.rt.junit.JUnitStarter.prepareStreamsAndStart(JUnitStarter.java:221)
	at com.intellij.rt.junit.JUnitStarter.main(JUnitStarter.java:54)
Caused by: com.mysql.jdbc.exceptions.jdbc4.MySQLSyntaxErrorException: You have an error in your SQL syntax; check the manual that corresponds to your MySQL server version for the right syntax to use near ':53:45Z, 'user', null)' at line 1
	at sun.reflect.NativeConstructorAccessorImpl.newInstance0(Native Method)
	at sun.reflect.NativeConstructorAccessorImpl.newInstance(NativeConstructorAccessorImpl.java:62)
	at sun.reflect.DelegatingConstructorAccessorImpl.newInstance(DelegatingConstructorAccessorImpl.java:45)
	at java.lang.reflect.Constructor.newInstance(Constructor.java:423)
	at com.mysql.jdbc.Util.handleNewInstance(Util.java:404)
	at com.mysql.jdbc.Util.getInstance(Util.java:387)
	at com.mysql.jdbc.SQLError.createSQLException(SQLError.java:941)
	at com.mysql.jdbc.MysqlIO.checkErrorPacket(MysqlIO.java:3870)
	at com.mysql.jdbc.MysqlIO.checkErrorPacket(MysqlIO.java:3806)
	at com.mysql.jdbc.MysqlIO.sendCommand(MysqlIO.java:2470)
	at com.mysql.jdbc.MysqlIO.sqlQueryDirect(MysqlIO.java:2617)
	at com.mysql.jdbc.ConnectionImpl.execSQL(ConnectionImpl.java:2550)
	at com.mysql.jdbc.PreparedStatement.executeInternal(PreparedStatement.java:1861)
	at com.mysql.jdbc.PreparedStatement.execute(PreparedStatement.java:1192)
	at com.zaxxer.hikari.pool.ProxyPreparedStatement.execute(ProxyPreparedStatement.java:44)
	at com.zaxxer.hikari.pool.HikariProxyPreparedStatement.execute(HikariProxyPreparedStatement.java)
	at org.apache.ibatis.executor.statement.PreparedStatementHandler.update(PreparedStatementHandler.java:47)
	at org.apache.ibatis.executor.statement.RoutingStatementHandler.update(RoutingStatementHandler.java:74)
	at org.apache.ibatis.executor.SimpleExecutor.doUpdate(SimpleExecutor.java:50)
	at org.apache.ibatis.executor.BaseExecutor.update(BaseExecutor.java:117)
	at org.apache.ibatis.executor.CachingExecutor.update(CachingExecutor.java:76)
	at org.apache.ibatis.session.defaults.DefaultSqlSession.update(DefaultSqlSession.java:197)
	at org.apache.ibatis.session.defaults.DefaultSqlSession.insert(DefaultSqlSession.java:184)
	at sun.reflect.NativeMethodAccessorImpl.invoke0(Native Method)
	at sun.reflect.NativeMethodAccessorImpl.invoke(NativeMethodAccessorImpl.java:62)
	at sun.reflect.DelegatingMethodAccessorImpl.invoke(DelegatingMethodAccessorImpl.java:43)
	at java.lang.reflect.Method.invoke(Method.java:498)
	at org.mybatis.spring.SqlSessionTemplate$SqlSessionInterceptor.invoke(SqlSessionTemplate.java:426)
	... 60 common frames omitted
10:53:46.046 [main] INFO  c.o.p.controller.UserControllerTest:50- response:{"code":-10001,"message":"Server internal error","result":{}}
10:55:43.973 [main] INFO  c.o.p.controller.UserControllerTest:55- Starting UserControllerTest using Java 1.8.0_161 on DESKTOP-MEMJ3FE with PID 13736 (started by Administrator in D:\JAVA\Revision\olee_project)
10:55:43.976 [main] INFO  c.o.p.controller.UserControllerTest:659- No active profile set, falling back to default profiles: default
10:55:46.672 [main] WARN  o.s.b.a.f.FreeMarkerAutoConfiguration:65- Cannot find template location(s): [classpath:/templates/] (please add some templates, check your FreeMarker configuration, or set spring.freemarker.checkTemplateLocation=false)
10:55:46.810 [main] INFO  c.o.p.controller.UserControllerTest:61- Started UserControllerTest in 3.163 seconds (JVM running for 4.201)
10:55:47.834 [main] INFO  com.olee.project.utils.ZsetUtil:82- key:userId:userToken:1f55a9847bfc43ec8c0ebb468b17a893,通过setExpireOnKey方法设置过期时间是否成功:true
10:57:40.259 [HikariPool-1 housekeeper] WARN  com.zaxxer.hikari.pool.HikariPool:788- HikariPool-1 - Thread starvation or clock leap detected (housekeeper delta=1m52s875ms782µs700ns).
10:57:40.357 [main] ERROR c.o.p.a.ExceptionControllerAdvice:16- 全局异常信息：
org.springframework.jdbc.BadSqlGrammarException: 
### Error updating database.  Cause: com.mysql.jdbc.exceptions.jdbc4.MySQLSyntaxErrorException: You have an error in your SQL syntax; check the manual that corresponds to your MySQL server version for the right syntax to use near ':55:47Z, 'user', null)' at line 1
### The error may exist in com/olee/project/mapper/UserMapper.java (best guess)
### The error may involve com.olee.project.mapper.UserMapper.insert-Inline
### The error occurred while setting parameters
### SQL: INSERT INTO olee_user(userId, email, password, createAt, updateAt, nickname, address) VALUES(?, ?, ?, ?, 2021-08-12T02:55:47Z, ?, ?)
### Cause: com.mysql.jdbc.exceptions.jdbc4.MySQLSyntaxErrorException: You have an error in your SQL syntax; check the manual that corresponds to your MySQL server version for the right syntax to use near ':55:47Z, 'user', null)' at line 1
; bad SQL grammar []; nested exception is com.mysql.jdbc.exceptions.jdbc4.MySQLSyntaxErrorException: You have an error in your SQL syntax; check the manual that corresponds to your MySQL server version for the right syntax to use near ':55:47Z, 'user', null)' at line 1
	at org.springframework.jdbc.support.SQLErrorCodeSQLExceptionTranslator.doTranslate(SQLErrorCodeSQLExceptionTranslator.java:239)
	at org.springframework.jdbc.support.AbstractFallbackSQLExceptionTranslator.translate(AbstractFallbackSQLExceptionTranslator.java:70)
	at org.mybatis.spring.MyBatisExceptionTranslator.translateExceptionIfPossible(MyBatisExceptionTranslator.java:88)
	at org.mybatis.spring.SqlSessionTemplate$SqlSessionInterceptor.invoke(SqlSessionTemplate.java:440)
	at com.sun.proxy.$Proxy75.insert(Unknown Source)
	at org.mybatis.spring.SqlSessionTemplate.insert(SqlSessionTemplate.java:271)
	at org.apache.ibatis.binding.MapperMethod.execute(MapperMethod.java:62)
	at org.apache.ibatis.binding.MapperProxy.invoke(MapperProxy.java:93)
	at com.sun.proxy.$Proxy80.insert(Unknown Source)
	at com.olee.project.service.RegisterLoginServiceImpl.registerUser(RegisterLoginServiceImpl.java:68)
	at com.olee.project.controller.UserController.register(UserController.java:39)
	at sun.reflect.NativeMethodAccessorImpl.invoke0(Native Method)
	at sun.reflect.NativeMethodAccessorImpl.invoke(NativeMethodAccessorImpl.java:62)
	at sun.reflect.DelegatingMethodAccessorImpl.invoke(DelegatingMethodAccessorImpl.java:43)
	at java.lang.reflect.Method.invoke(Method.java:498)
	at org.springframework.web.method.support.InvocableHandlerMethod.doInvoke(InvocableHandlerMethod.java:197)
	at org.springframework.web.method.support.InvocableHandlerMethod.invokeForRequest(InvocableHandlerMethod.java:141)
	at org.springframework.web.servlet.mvc.method.annotation.ServletInvocableHandlerMethod.invokeAndHandle(ServletInvocableHandlerMethod.java:106)
	at org.springframework.web.servlet.mvc.method.annotation.RequestMappingHandlerAdapter.invokeHandlerMethod(RequestMappingHandlerAdapter.java:894)
	at org.springframework.web.servlet.mvc.method.annotation.RequestMappingHandlerAdapter.handleInternal(RequestMappingHandlerAdapter.java:808)
	at org.springframework.web.servlet.mvc.method.AbstractHandlerMethodAdapter.handle(AbstractHandlerMethodAdapter.java:87)
	at org.springframework.web.servlet.DispatcherServlet.doDispatch(DispatcherServlet.java:1063)
	at org.springframework.web.servlet.DispatcherServlet.doService(DispatcherServlet.java:963)
	at org.springframework.web.servlet.FrameworkServlet.processRequest(FrameworkServlet.java:1006)
	at org.springframework.web.servlet.FrameworkServlet.doPost(FrameworkServlet.java:909)
	at javax.servlet.http.HttpServlet.service(HttpServlet.java:681)
	at org.springframework.web.servlet.FrameworkServlet.service(FrameworkServlet.java:883)
	at org.springframework.test.web.servlet.TestDispatcherServlet.service(TestDispatcherServlet.java:72)
	at javax.servlet.http.HttpServlet.service(HttpServlet.java:764)
	at org.springframework.mock.web.MockFilterChain$ServletFilterProxy.doFilter(MockFilterChain.java:167)
	at org.springframework.mock.web.MockFilterChain.doFilter(MockFilterChain.java:134)
	at org.springframework.test.web.servlet.MockMvc.perform(MockMvc.java:183)
	at com.olee.project.controller.UserControllerTest.registerTest(UserControllerTest.java:47)
	at sun.reflect.NativeMethodAccessorImpl.invoke0(Native Method)
	at sun.reflect.NativeMethodAccessorImpl.invoke(NativeMethodAccessorImpl.java:62)
	at sun.reflect.DelegatingMethodAccessorImpl.invoke(DelegatingMethodAccessorImpl.java:43)
	at java.lang.reflect.Method.invoke(Method.java:498)
	at org.junit.runners.model.FrameworkMethod$1.runReflectiveCall(FrameworkMethod.java:50)
	at org.junit.internal.runners.model.ReflectiveCallable.run(ReflectiveCallable.java:12)
	at org.junit.runners.model.FrameworkMethod.invokeExplosively(FrameworkMethod.java:47)
	at org.junit.internal.runners.statements.InvokeMethod.evaluate(InvokeMethod.java:17)
	at org.springframework.test.context.junit4.statements.RunBeforeTestExecutionCallbacks.evaluate(RunBeforeTestExecutionCallbacks.java:74)
	at org.springframework.test.context.junit4.statements.RunAfterTestExecutionCallbacks.evaluate(RunAfterTestExecutionCallbacks.java:84)
	at org.junit.internal.runners.statements.RunBefores.evaluate(RunBefores.java:26)
	at org.springframework.test.context.junit4.statements.RunBeforeTestMethodCallbacks.evaluate(RunBeforeTestMethodCallbacks.java:75)
	at org.springframework.test.context.junit4.statements.RunAfterTestMethodCallbacks.evaluate(RunAfterTestMethodCallbacks.java:86)
	at org.springframework.test.context.junit4.statements.SpringRepeat.evaluate(SpringRepeat.java:84)
	at org.junit.runners.ParentRunner.runLeaf(ParentRunner.java:325)
	at org.springframework.test.context.junit4.SpringJUnit4ClassRunner.runChild(SpringJUnit4ClassRunner.java:251)
	at org.springframework.test.context.junit4.SpringJUnit4ClassRunner.runChild(SpringJUnit4ClassRunner.java:97)
	at org.junit.runners.ParentRunner$3.run(ParentRunner.java:290)
	at org.junit.runners.ParentRunner$1.schedule(ParentRunner.java:71)
	at org.junit.runners.ParentRunner.runChildren(ParentRunner.java:288)
	at org.junit.runners.ParentRunner.access$000(ParentRunner.java:58)
	at org.junit.runners.ParentRunner$2.evaluate(ParentRunner.java:268)
	at org.springframework.test.context.junit4.statements.RunBeforeTestClassCallbacks.evaluate(RunBeforeTestClassCallbacks.java:61)
	at org.springframework.test.context.junit4.statements.RunAfterTestClassCallbacks.evaluate(RunAfterTestClassCallbacks.java:70)
	at org.junit.runners.ParentRunner.run(ParentRunner.java:363)
	at org.springframework.test.context.junit4.SpringJUnit4ClassRunner.run(SpringJUnit4ClassRunner.java:190)
	at org.junit.runner.JUnitCore.run(JUnitCore.java:137)
	at com.intellij.junit4.JUnit4IdeaTestRunner.startRunnerWithArgs(JUnit4IdeaTestRunner.java:69)
	at com.intellij.rt.junit.IdeaTestRunner$Repeater.startRunnerWithArgs(IdeaTestRunner.java:33)
	at com.intellij.rt.junit.JUnitStarter.prepareStreamsAndStart(JUnitStarter.java:221)
	at com.intellij.rt.junit.JUnitStarter.main(JUnitStarter.java:54)
Caused by: com.mysql.jdbc.exceptions.jdbc4.MySQLSyntaxErrorException: You have an error in your SQL syntax; check the manual that corresponds to your MySQL server version for the right syntax to use near ':55:47Z, 'user', null)' at line 1
	at sun.reflect.NativeConstructorAccessorImpl.newInstance0(Native Method)
	at sun.reflect.NativeConstructorAccessorImpl.newInstance(NativeConstructorAccessorImpl.java:62)
	at sun.reflect.DelegatingConstructorAccessorImpl.newInstance(DelegatingConstructorAccessorImpl.java:45)
	at java.lang.reflect.Constructor.newInstance(Constructor.java:423)
	at com.mysql.jdbc.Util.handleNewInstance(Util.java:404)
	at com.mysql.jdbc.Util.getInstance(Util.java:387)
	at com.mysql.jdbc.SQLError.createSQLException(SQLError.java:941)
	at com.mysql.jdbc.MysqlIO.checkErrorPacket(MysqlIO.java:3870)
	at com.mysql.jdbc.MysqlIO.checkErrorPacket(MysqlIO.java:3806)
	at com.mysql.jdbc.MysqlIO.sendCommand(MysqlIO.java:2470)
	at com.mysql.jdbc.MysqlIO.sqlQueryDirect(MysqlIO.java:2617)
	at com.mysql.jdbc.ConnectionImpl.execSQL(ConnectionImpl.java:2550)
	at com.mysql.jdbc.PreparedStatement.executeInternal(PreparedStatement.java:1861)
	at com.mysql.jdbc.PreparedStatement.execute(PreparedStatement.java:1192)
	at com.zaxxer.hikari.pool.ProxyPreparedStatement.execute(ProxyPreparedStatement.java:44)
	at com.zaxxer.hikari.pool.HikariProxyPreparedStatement.execute(HikariProxyPreparedStatement.java)
	at org.apache.ibatis.executor.statement.PreparedStatementHandler.update(PreparedStatementHandler.java:47)
	at org.apache.ibatis.executor.statement.RoutingStatementHandler.update(RoutingStatementHandler.java:74)
	at org.apache.ibatis.executor.SimpleExecutor.doUpdate(SimpleExecutor.java:50)
	at org.apache.ibatis.executor.BaseExecutor.update(BaseExecutor.java:117)
	at org.apache.ibatis.executor.CachingExecutor.update(CachingExecutor.java:76)
	at org.apache.ibatis.session.defaults.DefaultSqlSession.update(DefaultSqlSession.java:197)
	at org.apache.ibatis.session.defaults.DefaultSqlSession.insert(DefaultSqlSession.java:184)
	at sun.reflect.NativeMethodAccessorImpl.invoke0(Native Method)
	at sun.reflect.NativeMethodAccessorImpl.invoke(NativeMethodAccessorImpl.java:62)
	at sun.reflect.DelegatingMethodAccessorImpl.invoke(DelegatingMethodAccessorImpl.java:43)
	at java.lang.reflect.Method.invoke(Method.java:498)
	at org.mybatis.spring.SqlSessionTemplate$SqlSessionInterceptor.invoke(SqlSessionTemplate.java:426)
	... 60 common frames omitted
10:57:40.372 [main] INFO  c.o.p.controller.UserControllerTest:50- response:{"code":-10001,"message":"Server internal error","result":{}}
10:57:44.074 [main] INFO  c.o.p.controller.UserControllerTest:55- Starting UserControllerTest using Java 1.8.0_161 on DESKTOP-MEMJ3FE with PID 19844 (started by Administrator in D:\JAVA\Revision\olee_project)
10:57:44.076 [main] INFO  c.o.p.controller.UserControllerTest:659- No active profile set, falling back to default profiles: default
10:57:46.391 [main] WARN  o.s.b.a.f.FreeMarkerAutoConfiguration:65- Cannot find template location(s): [classpath:/templates/] (please add some templates, check your FreeMarker configuration, or set spring.freemarker.checkTemplateLocation=false)
10:57:46.499 [main] INFO  c.o.p.controller.UserControllerTest:61- Started UserControllerTest in 2.734 seconds (JVM running for 3.564)
10:57:47.482 [main] INFO  com.olee.project.utils.ZsetUtil:82- key:userId:userToken:ef8ad2afa3004d94ac03551520840594,通过setExpireOnKey方法设置过期时间是否成功:true
10:57:47.507 [main] INFO  c.o.p.controller.UserControllerTest:50- response:{"code":0,"message":"Success","result":{"userId":"ef8ad2afa3004d94ac03551520840594","createAt":"2021-08-12T02:57:47Z"}}
11:06:46.101 [main] INFO  c.o.p.controller.UserControllerTest:55- Starting UserControllerTest using Java 1.8.0_161 on DESKTOP-MEMJ3FE with PID 8380 (started by Administrator in D:\JAVA\Revision\olee_project)
11:06:46.104 [main] INFO  c.o.p.controller.UserControllerTest:659- No active profile set, falling back to default profiles: default
11:06:48.479 [main] WARN  o.s.b.a.f.FreeMarkerAutoConfiguration:65- Cannot find template location(s): [classpath:/templates/] (please add some templates, check your FreeMarker configuration, or set spring.freemarker.checkTemplateLocation=false)
11:06:48.582 [main] INFO  c.o.p.controller.UserControllerTest:61- Started UserControllerTest in 2.785 seconds (JVM running for 3.605)
11:06:49.553 [main] INFO  com.olee.project.utils.ZsetUtil:82- key:userId:userToken:7e0db88a0ddc4c119dfea34b046cb7cd,通过setExpireOnKey方法设置过期时间是否成功:true
11:06:49.610 [main] ERROR c.o.p.a.ExceptionControllerAdvice:16- 全局异常信息：
org.springframework.dao.DataIntegrityViolationException: 
### Error updating database.  Cause: com.mysql.jdbc.MysqlDataTruncation: Data truncation: Data too long for column 'password' at row 1
### The error may exist in com/olee/project/mapper/UserMapper.java (best guess)
### The error may involve com.olee.project.mapper.UserMapper.insert-Inline
### The error occurred while setting parameters
### SQL: INSERT INTO olee_user(userId, email, password, createAt, updateAt, nickname, address) VALUES(?, ?, ?, ?, ?, ?, ?)
### Cause: com.mysql.jdbc.MysqlDataTruncation: Data truncation: Data too long for column 'password' at row 1
; Data truncation: Data too long for column 'password' at row 1; nested exception is com.mysql.jdbc.MysqlDataTruncation: Data truncation: Data too long for column 'password' at row 1
	at org.springframework.jdbc.support.SQLStateSQLExceptionTranslator.doTranslate(SQLStateSQLExceptionTranslator.java:104)
	at org.springframework.jdbc.support.AbstractFallbackSQLExceptionTranslator.translate(AbstractFallbackSQLExceptionTranslator.java:70)
	at org.springframework.jdbc.support.AbstractFallbackSQLExceptionTranslator.translate(AbstractFallbackSQLExceptionTranslator.java:79)
	at org.springframework.jdbc.support.AbstractFallbackSQLExceptionTranslator.translate(AbstractFallbackSQLExceptionTranslator.java:79)
	at org.mybatis.spring.MyBatisExceptionTranslator.translateExceptionIfPossible(MyBatisExceptionTranslator.java:88)
	at org.mybatis.spring.SqlSessionTemplate$SqlSessionInterceptor.invoke(SqlSessionTemplate.java:440)
	at com.sun.proxy.$Proxy75.insert(Unknown Source)
	at org.mybatis.spring.SqlSessionTemplate.insert(SqlSessionTemplate.java:271)
	at org.apache.ibatis.binding.MapperMethod.execute(MapperMethod.java:62)
	at org.apache.ibatis.binding.MapperProxy.invoke(MapperProxy.java:93)
	at com.sun.proxy.$Proxy80.insert(Unknown Source)
	at com.olee.project.service.RegisterLoginServiceImpl.registerUser(RegisterLoginServiceImpl.java:70)
	at com.olee.project.controller.UserController.register(UserController.java:39)
	at sun.reflect.NativeMethodAccessorImpl.invoke0(Native Method)
	at sun.reflect.NativeMethodAccessorImpl.invoke(NativeMethodAccessorImpl.java:62)
	at sun.reflect.DelegatingMethodAccessorImpl.invoke(DelegatingMethodAccessorImpl.java:43)
	at java.lang.reflect.Method.invoke(Method.java:498)
	at org.springframework.web.method.support.InvocableHandlerMethod.doInvoke(InvocableHandlerMethod.java:197)
	at org.springframework.web.method.support.InvocableHandlerMethod.invokeForRequest(InvocableHandlerMethod.java:141)
	at org.springframework.web.servlet.mvc.method.annotation.ServletInvocableHandlerMethod.invokeAndHandle(ServletInvocableHandlerMethod.java:106)
	at org.springframework.web.servlet.mvc.method.annotation.RequestMappingHandlerAdapter.invokeHandlerMethod(RequestMappingHandlerAdapter.java:894)
	at org.springframework.web.servlet.mvc.method.annotation.RequestMappingHandlerAdapter.handleInternal(RequestMappingHandlerAdapter.java:808)
	at org.springframework.web.servlet.mvc.method.AbstractHandlerMethodAdapter.handle(AbstractHandlerMethodAdapter.java:87)
	at org.springframework.web.servlet.DispatcherServlet.doDispatch(DispatcherServlet.java:1063)
	at org.springframework.web.servlet.DispatcherServlet.doService(DispatcherServlet.java:963)
	at org.springframework.web.servlet.FrameworkServlet.processRequest(FrameworkServlet.java:1006)
	at org.springframework.web.servlet.FrameworkServlet.doPost(FrameworkServlet.java:909)
	at javax.servlet.http.HttpServlet.service(HttpServlet.java:681)
	at org.springframework.web.servlet.FrameworkServlet.service(FrameworkServlet.java:883)
	at org.springframework.test.web.servlet.TestDispatcherServlet.service(TestDispatcherServlet.java:72)
	at javax.servlet.http.HttpServlet.service(HttpServlet.java:764)
	at org.springframework.mock.web.MockFilterChain$ServletFilterProxy.doFilter(MockFilterChain.java:167)
	at org.springframework.mock.web.MockFilterChain.doFilter(MockFilterChain.java:134)
	at org.springframework.test.web.servlet.MockMvc.perform(MockMvc.java:183)
	at com.olee.project.controller.UserControllerTest.registerTest(UserControllerTest.java:47)
	at sun.reflect.NativeMethodAccessorImpl.invoke0(Native Method)
	at sun.reflect.NativeMethodAccessorImpl.invoke(NativeMethodAccessorImpl.java:62)
	at sun.reflect.DelegatingMethodAccessorImpl.invoke(DelegatingMethodAccessorImpl.java:43)
	at java.lang.reflect.Method.invoke(Method.java:498)
	at org.junit.runners.model.FrameworkMethod$1.runReflectiveCall(FrameworkMethod.java:50)
	at org.junit.internal.runners.model.ReflectiveCallable.run(ReflectiveCallable.java:12)
	at org.junit.runners.model.FrameworkMethod.invokeExplosively(FrameworkMethod.java:47)
	at org.junit.internal.runners.statements.InvokeMethod.evaluate(InvokeMethod.java:17)
	at org.springframework.test.context.junit4.statements.RunBeforeTestExecutionCallbacks.evaluate(RunBeforeTestExecutionCallbacks.java:74)
	at org.springframework.test.context.junit4.statements.RunAfterTestExecutionCallbacks.evaluate(RunAfterTestExecutionCallbacks.java:84)
	at org.junit.internal.runners.statements.RunBefores.evaluate(RunBefores.java:26)
	at org.springframework.test.context.junit4.statements.RunBeforeTestMethodCallbacks.evaluate(RunBeforeTestMethodCallbacks.java:75)
	at org.springframework.test.context.junit4.statements.RunAfterTestMethodCallbacks.evaluate(RunAfterTestMethodCallbacks.java:86)
	at org.springframework.test.context.junit4.statements.SpringRepeat.evaluate(SpringRepeat.java:84)
	at org.junit.runners.ParentRunner.runLeaf(ParentRunner.java:325)
	at org.springframework.test.context.junit4.SpringJUnit4ClassRunner.runChild(SpringJUnit4ClassRunner.java:251)
	at org.springframework.test.context.junit4.SpringJUnit4ClassRunner.runChild(SpringJUnit4ClassRunner.java:97)
	at org.junit.runners.ParentRunner$3.run(ParentRunner.java:290)
	at org.junit.runners.ParentRunner$1.schedule(ParentRunner.java:71)
	at org.junit.runners.ParentRunner.runChildren(ParentRunner.java:288)
	at org.junit.runners.ParentRunner.access$000(ParentRunner.java:58)
	at org.junit.runners.ParentRunner$2.evaluate(ParentRunner.java:268)
	at org.springframework.test.context.junit4.statements.RunBeforeTestClassCallbacks.evaluate(RunBeforeTestClassCallbacks.java:61)
	at org.springframework.test.context.junit4.statements.RunAfterTestClassCallbacks.evaluate(RunAfterTestClassCallbacks.java:70)
	at org.junit.runners.ParentRunner.run(ParentRunner.java:363)
	at org.springframework.test.context.junit4.SpringJUnit4ClassRunner.run(SpringJUnit4ClassRunner.java:190)
	at org.junit.runner.JUnitCore.run(JUnitCore.java:137)
	at com.intellij.junit4.JUnit4IdeaTestRunner.startRunnerWithArgs(JUnit4IdeaTestRunner.java:69)
	at com.intellij.rt.junit.IdeaTestRunner$Repeater.startRunnerWithArgs(IdeaTestRunner.java:33)
	at com.intellij.rt.junit.JUnitStarter.prepareStreamsAndStart(JUnitStarter.java:221)
	at com.intellij.rt.junit.JUnitStarter.main(JUnitStarter.java:54)
Caused by: com.mysql.jdbc.MysqlDataTruncation: Data truncation: Data too long for column 'password' at row 1
	at com.mysql.jdbc.MysqlIO.checkErrorPacket(MysqlIO.java:3868)
	at com.mysql.jdbc.MysqlIO.checkErrorPacket(MysqlIO.java:3806)
	at com.mysql.jdbc.MysqlIO.sendCommand(MysqlIO.java:2470)
	at com.mysql.jdbc.MysqlIO.sqlQueryDirect(MysqlIO.java:2617)
	at com.mysql.jdbc.ConnectionImpl.execSQL(ConnectionImpl.java:2550)
	at com.mysql.jdbc.PreparedStatement.executeInternal(PreparedStatement.java:1861)
	at com.mysql.jdbc.PreparedStatement.execute(PreparedStatement.java:1192)
	at com.zaxxer.hikari.pool.ProxyPreparedStatement.execute(ProxyPreparedStatement.java:44)
	at com.zaxxer.hikari.pool.HikariProxyPreparedStatement.execute(HikariProxyPreparedStatement.java)
	at org.apache.ibatis.executor.statement.PreparedStatementHandler.update(PreparedStatementHandler.java:47)
	at org.apache.ibatis.executor.statement.RoutingStatementHandler.update(RoutingStatementHandler.java:74)
	at org.apache.ibatis.executor.SimpleExecutor.doUpdate(SimpleExecutor.java:50)
	at org.apache.ibatis.executor.BaseExecutor.update(BaseExecutor.java:117)
	at org.apache.ibatis.executor.CachingExecutor.update(CachingExecutor.java:76)
	at org.apache.ibatis.session.defaults.DefaultSqlSession.update(DefaultSqlSession.java:197)
	at org.apache.ibatis.session.defaults.DefaultSqlSession.insert(DefaultSqlSession.java:184)
	at sun.reflect.NativeMethodAccessorImpl.invoke0(Native Method)
	at sun.reflect.NativeMethodAccessorImpl.invoke(NativeMethodAccessorImpl.java:62)
	at sun.reflect.DelegatingMethodAccessorImpl.invoke(DelegatingMethodAccessorImpl.java:43)
	at java.lang.reflect.Method.invoke(Method.java:498)
	at org.mybatis.spring.SqlSessionTemplate$SqlSessionInterceptor.invoke(SqlSessionTemplate.java:426)
	... 60 common frames omitted
11:06:49.623 [main] INFO  c.o.p.controller.UserControllerTest:50- response:{"code":-10001,"message":"Server internal error","result":{}}
11:08:01.953 [main] INFO  c.o.p.controller.UserControllerTest:55- Starting UserControllerTest using Java 1.8.0_161 on DESKTOP-MEMJ3FE with PID 17524 (started by Administrator in D:\JAVA\Revision\olee_project)
11:08:01.955 [main] INFO  c.o.p.controller.UserControllerTest:659- No active profile set, falling back to default profiles: default
11:08:04.416 [main] WARN  o.s.b.a.f.FreeMarkerAutoConfiguration:65- Cannot find template location(s): [classpath:/templates/] (please add some templates, check your FreeMarker configuration, or set spring.freemarker.checkTemplateLocation=false)
11:08:04.528 [main] INFO  c.o.p.controller.UserControllerTest:61- Started UserControllerTest in 2.89 seconds (JVM running for 3.709)
11:08:05.567 [main] INFO  com.olee.project.utils.ZsetUtil:82- key:userId:userToken:58c61751517049aa8782da474c290cd1,通过setExpireOnKey方法设置过期时间是否成功:true
11:08:05.595 [main] INFO  c.o.p.controller.UserControllerTest:50- response:{"code":0,"message":"Success","result":{"userId":"58c61751517049aa8782da474c290cd1","createAt":"2021-08-12T03:08:05Z"}}
11:08:42.090 [main] INFO  c.o.p.controller.UserControllerTest:55- Starting UserControllerTest using Java 1.8.0_161 on DESKTOP-MEMJ3FE with PID 19624 (started by Administrator in D:\JAVA\Revision\olee_project)
11:08:42.092 [main] INFO  c.o.p.controller.UserControllerTest:659- No active profile set, falling back to default profiles: default
11:08:44.438 [main] WARN  o.s.b.a.f.FreeMarkerAutoConfiguration:65- Cannot find template location(s): [classpath:/templates/] (please add some templates, check your FreeMarker configuration, or set spring.freemarker.checkTemplateLocation=false)
11:08:44.543 [main] INFO  c.o.p.controller.UserControllerTest:61- Started UserControllerTest in 2.771 seconds (JVM running for 3.594)
11:08:45.528 [main] INFO  c.o.p.controller.UserControllerTest:65- response:{"code":0,"message":"Success","result":{"userId":"58c61751517049aa8782da474c290cd1","email":"1037659019@qq.com","nickname":"user","createAt":"2021-08-12T03:08:05Z","updateAt":"2021-08-12T03:08:05Z","token":"8beb73609c07ef7122be0d4ddcd3130c-20210812110844999-862855","expiresIn":86400}}
11:10:29.249 [main] INFO  c.o.p.controller.UserControllerTest:55- Starting UserControllerTest using Java 1.8.0_161 on DESKTOP-MEMJ3FE with PID 10740 (started by Administrator in D:\JAVA\Revision\olee_project)
11:10:29.249 [main] INFO  c.o.p.controller.UserControllerTest:659- No active profile set, falling back to default profiles: default
11:10:31.590 [main] WARN  o.s.b.a.f.FreeMarkerAutoConfiguration:65- Cannot find template location(s): [classpath:/templates/] (please add some templates, check your FreeMarker configuration, or set spring.freemarker.checkTemplateLocation=false)
11:10:31.703 [main] INFO  c.o.p.controller.UserControllerTest:61- Started UserControllerTest in 2.781 seconds (JVM running for 3.631)
11:10:32.705 [main] INFO  c.o.p.controller.UserControllerTest:65- response:{"code":0,"message":"Success","result":{"userId":"58c61751517049aa8782da474c290cd1","email":"1037659019@qq.com","nickname":"user","createAt":"2021-08-12T03:08:05Z","updateAt":"2021-08-12T03:08:05Z","token":"8beb73609c07ef7122be0d4ddcd3130c-20210812111032179-721302","expiresIn":86400}}
11:11:46.717 [main] INFO  c.o.p.controller.UserControllerTest:55- Starting UserControllerTest using Java 1.8.0_161 on DESKTOP-MEMJ3FE with PID 18948 (started by Administrator in D:\JAVA\Revision\olee_project)
11:11:46.717 [main] INFO  c.o.p.controller.UserControllerTest:659- No active profile set, falling back to default profiles: default
11:11:49.107 [main] WARN  o.s.b.a.f.FreeMarkerAutoConfiguration:65- Cannot find template location(s): [classpath:/templates/] (please add some templates, check your FreeMarker configuration, or set spring.freemarker.checkTemplateLocation=false)
11:11:49.227 [main] INFO  c.o.p.controller.UserControllerTest:61- Started UserControllerTest in 2.819 seconds (JVM running for 3.635)
11:11:49.458 [main] INFO  c.o.p.i.AuthorizationInterceptor:58- 拿到的userId：58c61751517049aa8782da474c290cd1，拿到的token值：8beb73609c07ef7122be0d4ddcd3130c-20210812111032179-721302
11:11:50.028 [main] INFO  c.o.p.controller.UserController:62- userId为58c61751517049aa8782da474c290cd1,进入到getUserInfo的controller层
11:11:50.259 [main] INFO  c.o.p.controller.UserControllerTest:96- response:{"code":0,"message":"Success","result":{"userId":"58c61751517049aa8782da474c290cd1","email":"1037659019@qq.com","nickname":"user","createAt":"2021-08-12T03:08:05Z","updateAt":"2021-08-12T03:08:05Z"}}
11:13:17.645 [main] INFO  c.o.p.controller.UserControllerTest:55- Starting UserControllerTest using Java 1.8.0_161 on DESKTOP-MEMJ3FE with PID 10528 (started by Administrator in D:\JAVA\Revision\olee_project)
11:13:17.645 [main] INFO  c.o.p.controller.UserControllerTest:659- No active profile set, falling back to default profiles: default
11:13:20.013 [main] WARN  o.s.b.a.f.FreeMarkerAutoConfiguration:65- Cannot find template location(s): [classpath:/templates/] (please add some templates, check your FreeMarker configuration, or set spring.freemarker.checkTemplateLocation=false)
11:13:20.120 [main] INFO  c.o.p.controller.UserControllerTest:61- Started UserControllerTest in 2.774 seconds (JVM running for 3.601)
11:13:20.330 [main] INFO  c.o.p.i.AuthorizationInterceptor:58- 拿到的userId：58c61751517049aa8782da474c290cd1，拿到的token值：8beb73609c07ef7122be0d4ddcd3130c-20210812111032179-721302
11:13:20.879 [main] INFO  c.o.p.controller.UserController:73- userId为58c61751517049aa8782da474c290cd1,进入到updateUserInfo的controller层
11:13:20.879 [main] INFO  c.o.p.s.InfoManagementServiceImpl:53- controller层接收到的nickname：Olee,address：重庆市江北区
11:13:20.895 [main] ERROR c.o.p.a.ExceptionControllerAdvice:16- 全局异常信息：
org.mybatis.spring.MyBatisSystemException: nested exception is org.apache.ibatis.builder.BuilderException: Error invoking SqlProvider method 'public java.lang.String com.olee.project.mapper.SqlProvider.update(com.olee.project.model.User)' with specify parameter 'class com.olee.project.model.User'.  Cause: com.olee.project.exception.BizException
	at org.mybatis.spring.MyBatisExceptionTranslator.translateExceptionIfPossible(MyBatisExceptionTranslator.java:92)
	at org.mybatis.spring.SqlSessionTemplate$SqlSessionInterceptor.invoke(SqlSessionTemplate.java:440)
	at com.sun.proxy.$Proxy75.update(Unknown Source)
	at org.mybatis.spring.SqlSessionTemplate.update(SqlSessionTemplate.java:287)
	at org.apache.ibatis.binding.MapperMethod.execute(MapperMethod.java:67)
	at org.apache.ibatis.binding.MapperProxy.invoke(MapperProxy.java:93)
	at com.sun.proxy.$Proxy80.updateNicknameAndAddress(Unknown Source)
	at com.olee.project.service.InfoManagementServiceImpl.changeInfo(InfoManagementServiceImpl.java:65)
	at com.olee.project.controller.UserController.updateUserInfo(UserController.java:74)
	at sun.reflect.NativeMethodAccessorImpl.invoke0(Native Method)
	at sun.reflect.NativeMethodAccessorImpl.invoke(NativeMethodAccessorImpl.java:62)
	at sun.reflect.DelegatingMethodAccessorImpl.invoke(DelegatingMethodAccessorImpl.java:43)
	at java.lang.reflect.Method.invoke(Method.java:498)
	at org.springframework.web.method.support.InvocableHandlerMethod.doInvoke(InvocableHandlerMethod.java:197)
	at org.springframework.web.method.support.InvocableHandlerMethod.invokeForRequest(InvocableHandlerMethod.java:141)
	at org.springframework.web.servlet.mvc.method.annotation.ServletInvocableHandlerMethod.invokeAndHandle(ServletInvocableHandlerMethod.java:106)
	at org.springframework.web.servlet.mvc.method.annotation.RequestMappingHandlerAdapter.invokeHandlerMethod(RequestMappingHandlerAdapter.java:894)
	at org.springframework.web.servlet.mvc.method.annotation.RequestMappingHandlerAdapter.handleInternal(RequestMappingHandlerAdapter.java:808)
	at org.springframework.web.servlet.mvc.method.AbstractHandlerMethodAdapter.handle(AbstractHandlerMethodAdapter.java:87)
	at org.springframework.web.servlet.DispatcherServlet.doDispatch(DispatcherServlet.java:1063)
	at org.springframework.web.servlet.DispatcherServlet.doService(DispatcherServlet.java:963)
	at org.springframework.web.servlet.FrameworkServlet.processRequest(FrameworkServlet.java:1006)
	at org.springframework.web.servlet.FrameworkServlet.doPost(FrameworkServlet.java:909)
	at javax.servlet.http.HttpServlet.service(HttpServlet.java:681)
	at org.springframework.web.servlet.FrameworkServlet.service(FrameworkServlet.java:883)
	at org.springframework.test.web.servlet.TestDispatcherServlet.service(TestDispatcherServlet.java:72)
	at javax.servlet.http.HttpServlet.service(HttpServlet.java:764)
	at org.springframework.mock.web.MockFilterChain$ServletFilterProxy.doFilter(MockFilterChain.java:167)
	at org.springframework.mock.web.MockFilterChain.doFilter(MockFilterChain.java:134)
	at org.springframework.test.web.servlet.MockMvc.perform(MockMvc.java:183)
	at com.olee.project.controller.UserControllerTest.updateUserInfoTest(UserControllerTest.java:117)
	at sun.reflect.NativeMethodAccessorImpl.invoke0(Native Method)
	at sun.reflect.NativeMethodAccessorImpl.invoke(NativeMethodAccessorImpl.java:62)
	at sun.reflect.DelegatingMethodAccessorImpl.invoke(DelegatingMethodAccessorImpl.java:43)
	at java.lang.reflect.Method.invoke(Method.java:498)
	at org.junit.runners.model.FrameworkMethod$1.runReflectiveCall(FrameworkMethod.java:50)
	at org.junit.internal.runners.model.ReflectiveCallable.run(ReflectiveCallable.java:12)
	at org.junit.runners.model.FrameworkMethod.invokeExplosively(FrameworkMethod.java:47)
	at org.junit.internal.runners.statements.InvokeMethod.evaluate(InvokeMethod.java:17)
	at org.springframework.test.context.junit4.statements.RunBeforeTestExecutionCallbacks.evaluate(RunBeforeTestExecutionCallbacks.java:74)
	at org.springframework.test.context.junit4.statements.RunAfterTestExecutionCallbacks.evaluate(RunAfterTestExecutionCallbacks.java:84)
	at org.junit.internal.runners.statements.RunBefores.evaluate(RunBefores.java:26)
	at org.springframework.test.context.junit4.statements.RunBeforeTestMethodCallbacks.evaluate(RunBeforeTestMethodCallbacks.java:75)
	at org.springframework.test.context.junit4.statements.RunAfterTestMethodCallbacks.evaluate(RunAfterTestMethodCallbacks.java:86)
	at org.springframework.test.context.junit4.statements.SpringRepeat.evaluate(SpringRepeat.java:84)
	at org.junit.runners.ParentRunner.runLeaf(ParentRunner.java:325)
	at org.springframework.test.context.junit4.SpringJUnit4ClassRunner.runChild(SpringJUnit4ClassRunner.java:251)
	at org.springframework.test.context.junit4.SpringJUnit4ClassRunner.runChild(SpringJUnit4ClassRunner.java:97)
	at org.junit.runners.ParentRunner$3.run(ParentRunner.java:290)
	at org.junit.runners.ParentRunner$1.schedule(ParentRunner.java:71)
	at org.junit.runners.ParentRunner.runChildren(ParentRunner.java:288)
	at org.junit.runners.ParentRunner.access$000(ParentRunner.java:58)
	at org.junit.runners.ParentRunner$2.evaluate(ParentRunner.java:268)
	at org.springframework.test.context.junit4.statements.RunBeforeTestClassCallbacks.evaluate(RunBeforeTestClassCallbacks.java:61)
	at org.springframework.test.context.junit4.statements.RunAfterTestClassCallbacks.evaluate(RunAfterTestClassCallbacks.java:70)
	at org.junit.runners.ParentRunner.run(ParentRunner.java:363)
	at org.springframework.test.context.junit4.SpringJUnit4ClassRunner.run(SpringJUnit4ClassRunner.java:190)
	at org.junit.runner.JUnitCore.run(JUnitCore.java:137)
	at com.intellij.junit4.JUnit4IdeaTestRunner.startRunnerWithArgs(JUnit4IdeaTestRunner.java:69)
	at com.intellij.rt.junit.IdeaTestRunner$Repeater.startRunnerWithArgs(IdeaTestRunner.java:33)
	at com.intellij.rt.junit.JUnitStarter.prepareStreamsAndStart(JUnitStarter.java:221)
	at com.intellij.rt.junit.JUnitStarter.main(JUnitStarter.java:54)
Caused by: org.apache.ibatis.builder.BuilderException: Error invoking SqlProvider method 'public java.lang.String com.olee.project.mapper.SqlProvider.update(com.olee.project.model.User)' with specify parameter 'class com.olee.project.model.User'.  Cause: com.olee.project.exception.BizException
	at org.apache.ibatis.builder.annotation.ProviderSqlSource.createSqlSource(ProviderSqlSource.java:169)
	at org.apache.ibatis.builder.annotation.ProviderSqlSource.getBoundSql(ProviderSqlSource.java:131)
	at org.apache.ibatis.mapping.MappedStatement.getBoundSql(MappedStatement.java:297)
	at org.apache.ibatis.executor.statement.BaseStatementHandler.<init>(BaseStatementHandler.java:64)
	at org.apache.ibatis.executor.statement.PreparedStatementHandler.<init>(PreparedStatementHandler.java:41)
	at org.apache.ibatis.executor.statement.RoutingStatementHandler.<init>(RoutingStatementHandler.java:46)
	at org.apache.ibatis.session.Configuration.newStatementHandler(Configuration.java:592)
	at org.apache.ibatis.executor.SimpleExecutor.doUpdate(SimpleExecutor.java:48)
	at org.apache.ibatis.executor.BaseExecutor.update(BaseExecutor.java:117)
	at org.apache.ibatis.executor.CachingExecutor.update(CachingExecutor.java:76)
	at org.apache.ibatis.session.defaults.DefaultSqlSession.update(DefaultSqlSession.java:197)
	at sun.reflect.NativeMethodAccessorImpl.invoke0(Native Method)
	at sun.reflect.NativeMethodAccessorImpl.invoke(NativeMethodAccessorImpl.java:62)
	at sun.reflect.DelegatingMethodAccessorImpl.invoke(DelegatingMethodAccessorImpl.java:43)
	at java.lang.reflect.Method.invoke(Method.java:498)
	at org.mybatis.spring.SqlSessionTemplate$SqlSessionInterceptor.invoke(SqlSessionTemplate.java:426)
	... 60 common frames omitted
Caused by: java.lang.reflect.InvocationTargetException: null
	at sun.reflect.NativeMethodAccessorImpl.invoke0(Native Method)
	at sun.reflect.NativeMethodAccessorImpl.invoke(NativeMethodAccessorImpl.java:62)
	at sun.reflect.DelegatingMethodAccessorImpl.invoke(DelegatingMethodAccessorImpl.java:43)
	at java.lang.reflect.Method.invoke(Method.java:498)
	at org.apache.ibatis.builder.annotation.ProviderSqlSource.invokeProviderMethod(ProviderSqlSource.java:209)
	at org.apache.ibatis.builder.annotation.ProviderSqlSource.createSqlSource(ProviderSqlSource.java:152)
	... 75 common frames omitted
Caused by: com.olee.project.exception.BizException: null
	at com.olee.project.mapper.SqlProvider.update(SqlProvider.java:11)
	... 81 common frames omitted
11:13:20.915 [main] INFO  c.o.p.controller.UserControllerTest:119- response:{"code":-10001,"message":"Server internal error","result":{}}
11:18:02.519 [main] INFO  c.o.p.controller.UserControllerTest:55- Starting UserControllerTest using Java 1.8.0_161 on DESKTOP-MEMJ3FE with PID 17868 (started by Administrator in D:\JAVA\Revision\olee_project)
11:18:02.519 [main] INFO  c.o.p.controller.UserControllerTest:659- No active profile set, falling back to default profiles: default
11:18:06.813 [main] WARN  o.s.b.a.f.FreeMarkerAutoConfiguration:65- Cannot find template location(s): [classpath:/templates/] (please add some templates, check your FreeMarker configuration, or set spring.freemarker.checkTemplateLocation=false)
11:18:06.987 [main] INFO  c.o.p.controller.UserControllerTest:61- Started UserControllerTest in 4.789 seconds (JVM running for 5.811)
11:18:07.525 [main] INFO  c.o.p.i.AuthorizationInterceptor:58- 拿到的userId：58c61751517049aa8782da474c290cd1，拿到的token值：8beb73609c07ef7122be0d4ddcd3130c-20210812111032179-721302
11:18:08.663 [main] INFO  c.o.p.controller.UserController:73- userId为58c61751517049aa8782da474c290cd1,进入到updateUserInfo的controller层
11:18:08.663 [main] INFO  c.o.p.s.InfoManagementServiceImpl:53- controller层接收到的nickname：Olee,address：重庆市江北区
11:18:31.841 [main] ERROR c.o.p.a.ExceptionControllerAdvice:16- 全局异常信息：
org.mybatis.spring.MyBatisSystemException: nested exception is org.apache.ibatis.builder.BuilderException: Error invoking SqlProvider method 'public java.lang.String com.olee.project.mapper.SqlProvider.update(com.olee.project.model.User)' with specify parameter 'class com.olee.project.model.User'.  Cause: com.olee.project.exception.BizException
	at org.mybatis.spring.MyBatisExceptionTranslator.translateExceptionIfPossible(MyBatisExceptionTranslator.java:92)
	at org.mybatis.spring.SqlSessionTemplate$SqlSessionInterceptor.invoke(SqlSessionTemplate.java:440)
	at com.sun.proxy.$Proxy75.update(Unknown Source)
	at org.mybatis.spring.SqlSessionTemplate.update(SqlSessionTemplate.java:287)
	at org.apache.ibatis.binding.MapperMethod.execute(MapperMethod.java:67)
	at org.apache.ibatis.binding.MapperProxy.invoke(MapperProxy.java:93)
	at com.sun.proxy.$Proxy80.updateNicknameAndAddress(Unknown Source)
	at com.olee.project.service.InfoManagementServiceImpl.changeInfo(InfoManagementServiceImpl.java:65)
	at com.olee.project.controller.UserController.updateUserInfo(UserController.java:74)
	at sun.reflect.NativeMethodAccessorImpl.invoke0(Native Method)
	at sun.reflect.NativeMethodAccessorImpl.invoke(NativeMethodAccessorImpl.java:62)
	at sun.reflect.DelegatingMethodAccessorImpl.invoke(DelegatingMethodAccessorImpl.java:43)
	at java.lang.reflect.Method.invoke(Method.java:498)
	at org.springframework.web.method.support.InvocableHandlerMethod.doInvoke(InvocableHandlerMethod.java:197)
	at org.springframework.web.method.support.InvocableHandlerMethod.invokeForRequest(InvocableHandlerMethod.java:141)
	at org.springframework.web.servlet.mvc.method.annotation.ServletInvocableHandlerMethod.invokeAndHandle(ServletInvocableHandlerMethod.java:106)
	at org.springframework.web.servlet.mvc.method.annotation.RequestMappingHandlerAdapter.invokeHandlerMethod(RequestMappingHandlerAdapter.java:894)
	at org.springframework.web.servlet.mvc.method.annotation.RequestMappingHandlerAdapter.handleInternal(RequestMappingHandlerAdapter.java:808)
	at org.springframework.web.servlet.mvc.method.AbstractHandlerMethodAdapter.handle(AbstractHandlerMethodAdapter.java:87)
	at org.springframework.web.servlet.DispatcherServlet.doDispatch(DispatcherServlet.java:1063)
	at org.springframework.web.servlet.DispatcherServlet.doService(DispatcherServlet.java:963)
	at org.springframework.web.servlet.FrameworkServlet.processRequest(FrameworkServlet.java:1006)
	at org.springframework.web.servlet.FrameworkServlet.doPost(FrameworkServlet.java:909)
	at javax.servlet.http.HttpServlet.service(HttpServlet.java:681)
	at org.springframework.web.servlet.FrameworkServlet.service(FrameworkServlet.java:883)
	at org.springframework.test.web.servlet.TestDispatcherServlet.service(TestDispatcherServlet.java:72)
	at javax.servlet.http.HttpServlet.service(HttpServlet.java:764)
	at org.springframework.mock.web.MockFilterChain$ServletFilterProxy.doFilter(MockFilterChain.java:167)
	at org.springframework.mock.web.MockFilterChain.doFilter(MockFilterChain.java:134)
	at org.springframework.test.web.servlet.MockMvc.perform(MockMvc.java:183)
	at com.olee.project.controller.UserControllerTest.updateUserInfoTest(UserControllerTest.java:117)
	at sun.reflect.NativeMethodAccessorImpl.invoke0(Native Method)
	at sun.reflect.NativeMethodAccessorImpl.invoke(NativeMethodAccessorImpl.java:62)
	at sun.reflect.DelegatingMethodAccessorImpl.invoke(DelegatingMethodAccessorImpl.java:43)
	at java.lang.reflect.Method.invoke(Method.java:498)
	at org.junit.runners.model.FrameworkMethod$1.runReflectiveCall(FrameworkMethod.java:50)
	at org.junit.internal.runners.model.ReflectiveCallable.run(ReflectiveCallable.java:12)
	at org.junit.runners.model.FrameworkMethod.invokeExplosively(FrameworkMethod.java:47)
	at org.junit.internal.runners.statements.InvokeMethod.evaluate(InvokeMethod.java:17)
	at org.springframework.test.context.junit4.statements.RunBeforeTestExecutionCallbacks.evaluate(RunBeforeTestExecutionCallbacks.java:74)
	at org.springframework.test.context.junit4.statements.RunAfterTestExecutionCallbacks.evaluate(RunAfterTestExecutionCallbacks.java:84)
	at org.junit.internal.runners.statements.RunBefores.evaluate(RunBefores.java:26)
	at org.springframework.test.context.junit4.statements.RunBeforeTestMethodCallbacks.evaluate(RunBeforeTestMethodCallbacks.java:75)
	at org.springframework.test.context.junit4.statements.RunAfterTestMethodCallbacks.evaluate(RunAfterTestMethodCallbacks.java:86)
	at org.springframework.test.context.junit4.statements.SpringRepeat.evaluate(SpringRepeat.java:84)
	at org.junit.runners.ParentRunner.runLeaf(ParentRunner.java:325)
	at org.springframework.test.context.junit4.SpringJUnit4ClassRunner.runChild(SpringJUnit4ClassRunner.java:251)
	at org.springframework.test.context.junit4.SpringJUnit4ClassRunner.runChild(SpringJUnit4ClassRunner.java:97)
	at org.junit.runners.ParentRunner$3.run(ParentRunner.java:290)
	at org.junit.runners.ParentRunner$1.schedule(ParentRunner.java:71)
	at org.junit.runners.ParentRunner.runChildren(ParentRunner.java:288)
	at org.junit.runners.ParentRunner.access$000(ParentRunner.java:58)
	at org.junit.runners.ParentRunner$2.evaluate(ParentRunner.java:268)
	at org.springframework.test.context.junit4.statements.RunBeforeTestClassCallbacks.evaluate(RunBeforeTestClassCallbacks.java:61)
	at org.springframework.test.context.junit4.statements.RunAfterTestClassCallbacks.evaluate(RunAfterTestClassCallbacks.java:70)
	at org.junit.runners.ParentRunner.run(ParentRunner.java:363)
	at org.springframework.test.context.junit4.SpringJUnit4ClassRunner.run(SpringJUnit4ClassRunner.java:190)
	at org.junit.runner.JUnitCore.run(JUnitCore.java:137)
	at com.intellij.junit4.JUnit4IdeaTestRunner.startRunnerWithArgs(JUnit4IdeaTestRunner.java:69)
	at com.intellij.rt.junit.IdeaTestRunner$Repeater.startRunnerWithArgs(IdeaTestRunner.java:33)
	at com.intellij.rt.junit.JUnitStarter.prepareStreamsAndStart(JUnitStarter.java:221)
	at com.intellij.rt.junit.JUnitStarter.main(JUnitStarter.java:54)
Caused by: org.apache.ibatis.builder.BuilderException: Error invoking SqlProvider method 'public java.lang.String com.olee.project.mapper.SqlProvider.update(com.olee.project.model.User)' with specify parameter 'class com.olee.project.model.User'.  Cause: com.olee.project.exception.BizException
	at org.apache.ibatis.builder.annotation.ProviderSqlSource.createSqlSource(ProviderSqlSource.java:169)
	at org.apache.ibatis.builder.annotation.ProviderSqlSource.getBoundSql(ProviderSqlSource.java:131)
	at org.apache.ibatis.mapping.MappedStatement.getBoundSql(MappedStatement.java:297)
	at org.apache.ibatis.executor.statement.BaseStatementHandler.<init>(BaseStatementHandler.java:64)
	at org.apache.ibatis.executor.statement.PreparedStatementHandler.<init>(PreparedStatementHandler.java:41)
	at org.apache.ibatis.executor.statement.RoutingStatementHandler.<init>(RoutingStatementHandler.java:46)
	at org.apache.ibatis.session.Configuration.newStatementHandler(Configuration.java:592)
	at org.apache.ibatis.executor.SimpleExecutor.doUpdate(SimpleExecutor.java:48)
	at org.apache.ibatis.executor.BaseExecutor.update(BaseExecutor.java:117)
	at org.apache.ibatis.executor.CachingExecutor.update(CachingExecutor.java:76)
	at org.apache.ibatis.session.defaults.DefaultSqlSession.update(DefaultSqlSession.java:197)
	at sun.reflect.NativeMethodAccessorImpl.invoke0(Native Method)
	at sun.reflect.NativeMethodAccessorImpl.invoke(NativeMethodAccessorImpl.java:62)
	at sun.reflect.DelegatingMethodAccessorImpl.invoke(DelegatingMethodAccessorImpl.java:43)
	at java.lang.reflect.Method.invoke(Method.java:498)
	at org.mybatis.spring.SqlSessionTemplate$SqlSessionInterceptor.invoke(SqlSessionTemplate.java:426)
	... 60 common frames omitted
Caused by: java.lang.reflect.InvocationTargetException: null
	at sun.reflect.NativeMethodAccessorImpl.invoke0(Native Method)
	at sun.reflect.NativeMethodAccessorImpl.invoke(NativeMethodAccessorImpl.java:62)
	at sun.reflect.DelegatingMethodAccessorImpl.invoke(DelegatingMethodAccessorImpl.java:43)
	at java.lang.reflect.Method.invoke(Method.java:498)
	at org.apache.ibatis.builder.annotation.ProviderSqlSource.invokeProviderMethod(ProviderSqlSource.java:209)
	at org.apache.ibatis.builder.annotation.ProviderSqlSource.createSqlSource(ProviderSqlSource.java:152)
	... 75 common frames omitted
Caused by: com.olee.project.exception.BizException: null
	at com.olee.project.mapper.SqlProvider.update(SqlProvider.java:11)
	... 81 common frames omitted
11:18:31.872 [main] INFO  c.o.p.controller.UserControllerTest:119- response:{"code":-10001,"message":"Server internal error","result":{}}
11:20:51.025 [main] INFO  c.o.p.controller.UserControllerTest:55- Starting UserControllerTest using Java 1.8.0_161 on DESKTOP-MEMJ3FE with PID 14284 (started by Administrator in D:\JAVA\Revision\olee_project)
11:20:51.025 [main] INFO  c.o.p.controller.UserControllerTest:659- No active profile set, falling back to default profiles: default
11:20:53.331 [main] WARN  o.s.b.a.f.FreeMarkerAutoConfiguration:65- Cannot find template location(s): [classpath:/templates/] (please add some templates, check your FreeMarker configuration, or set spring.freemarker.checkTemplateLocation=false)
11:20:53.425 [main] INFO  c.o.p.controller.UserControllerTest:61- Started UserControllerTest in 2.726 seconds (JVM running for 3.559)
11:20:53.657 [main] INFO  c.o.p.i.AuthorizationInterceptor:58- 拿到的userId：58c61751517049aa8782da474c290cd1，拿到的token值：8beb73609c07ef7122be0d4ddcd3130c-20210812111032179-721302
11:20:54.199 [main] INFO  c.o.p.controller.UserController:73- userId为58c61751517049aa8782da474c290cd1,进入到updateUserInfo的controller层
11:20:54.199 [main] INFO  c.o.p.s.InfoManagementServiceImpl:53- controller层接收到的nickname：Olee,address：重庆市江北区
11:20:54.421 [main] INFO  c.o.p.controller.UserControllerTest:119- response:{"code":0,"message":"Success","result":{}}
11:21:43.216 [main] INFO  c.o.p.controller.UserControllerTest:55- Starting UserControllerTest using Java 1.8.0_161 on DESKTOP-MEMJ3FE with PID 14840 (started by Administrator in D:\JAVA\Revision\olee_project)
11:21:43.218 [main] INFO  c.o.p.controller.UserControllerTest:659- No active profile set, falling back to default profiles: default
11:21:45.692 [main] WARN  o.s.b.a.f.FreeMarkerAutoConfiguration:65- Cannot find template location(s): [classpath:/templates/] (please add some templates, check your FreeMarker configuration, or set spring.freemarker.checkTemplateLocation=false)
11:21:45.798 [main] INFO  c.o.p.controller.UserControllerTest:61- Started UserControllerTest in 2.988 seconds (JVM running for 3.864)
11:21:46.015 [main] INFO  c.o.p.i.AuthorizationInterceptor:58- 拿到的userId：58c61751517049aa8782da474c290cd1，拿到的token值：8beb73609c07ef7122be0d4ddcd3130c-20210812111032179-721302
11:21:46.598 [main] INFO  c.o.p.controller.UserController:73- userId为58c61751517049aa8782da474c290cd1,进入到updateUserInfo的controller层
11:21:46.598 [main] INFO  c.o.p.s.InfoManagementServiceImpl:53- controller层接收到的nickname：null,address：成都市锦江区
11:21:46.601 [main] ERROR c.o.p.a.ExceptionControllerAdvice:16- 全局异常信息：
java.lang.NullPointerException: null
	at com.olee.project.utils.VerificationUtils.verifyNickname(VerificationUtils.java:33)
	at com.olee.project.service.InfoManagementServiceImpl.changeInfo(InfoManagementServiceImpl.java:54)
	at com.olee.project.controller.UserController.updateUserInfo(UserController.java:74)
	at sun.reflect.NativeMethodAccessorImpl.invoke0(Native Method)
	at sun.reflect.NativeMethodAccessorImpl.invoke(NativeMethodAccessorImpl.java:62)
	at sun.reflect.DelegatingMethodAccessorImpl.invoke(DelegatingMethodAccessorImpl.java:43)
	at java.lang.reflect.Method.invoke(Method.java:498)
	at org.springframework.web.method.support.InvocableHandlerMethod.doInvoke(InvocableHandlerMethod.java:197)
	at org.springframework.web.method.support.InvocableHandlerMethod.invokeForRequest(InvocableHandlerMethod.java:141)
	at org.springframework.web.servlet.mvc.method.annotation.ServletInvocableHandlerMethod.invokeAndHandle(ServletInvocableHandlerMethod.java:106)
	at org.springframework.web.servlet.mvc.method.annotation.RequestMappingHandlerAdapter.invokeHandlerMethod(RequestMappingHandlerAdapter.java:894)
	at org.springframework.web.servlet.mvc.method.annotation.RequestMappingHandlerAdapter.handleInternal(RequestMappingHandlerAdapter.java:808)
	at org.springframework.web.servlet.mvc.method.AbstractHandlerMethodAdapter.handle(AbstractHandlerMethodAdapter.java:87)
	at org.springframework.web.servlet.DispatcherServlet.doDispatch(DispatcherServlet.java:1063)
	at org.springframework.web.servlet.DispatcherServlet.doService(DispatcherServlet.java:963)
	at org.springframework.web.servlet.FrameworkServlet.processRequest(FrameworkServlet.java:1006)
	at org.springframework.web.servlet.FrameworkServlet.doPost(FrameworkServlet.java:909)
	at javax.servlet.http.HttpServlet.service(HttpServlet.java:681)
	at org.springframework.web.servlet.FrameworkServlet.service(FrameworkServlet.java:883)
	at org.springframework.test.web.servlet.TestDispatcherServlet.service(TestDispatcherServlet.java:72)
	at javax.servlet.http.HttpServlet.service(HttpServlet.java:764)
	at org.springframework.mock.web.MockFilterChain$ServletFilterProxy.doFilter(MockFilterChain.java:167)
	at org.springframework.mock.web.MockFilterChain.doFilter(MockFilterChain.java:134)
	at org.springframework.test.web.servlet.MockMvc.perform(MockMvc.java:183)
	at com.olee.project.controller.UserControllerTest.updateUserInfoTest(UserControllerTest.java:117)
	at sun.reflect.NativeMethodAccessorImpl.invoke0(Native Method)
	at sun.reflect.NativeMethodAccessorImpl.invoke(NativeMethodAccessorImpl.java:62)
	at sun.reflect.DelegatingMethodAccessorImpl.invoke(DelegatingMethodAccessorImpl.java:43)
	at java.lang.reflect.Method.invoke(Method.java:498)
	at org.junit.runners.model.FrameworkMethod$1.runReflectiveCall(FrameworkMethod.java:50)
	at org.junit.internal.runners.model.ReflectiveCallable.run(ReflectiveCallable.java:12)
	at org.junit.runners.model.FrameworkMethod.invokeExplosively(FrameworkMethod.java:47)
	at org.junit.internal.runners.statements.InvokeMethod.evaluate(InvokeMethod.java:17)
	at org.springframework.test.context.junit4.statements.RunBeforeTestExecutionCallbacks.evaluate(RunBeforeTestExecutionCallbacks.java:74)
	at org.springframework.test.context.junit4.statements.RunAfterTestExecutionCallbacks.evaluate(RunAfterTestExecutionCallbacks.java:84)
	at org.junit.internal.runners.statements.RunBefores.evaluate(RunBefores.java:26)
	at org.springframework.test.context.junit4.statements.RunBeforeTestMethodCallbacks.evaluate(RunBeforeTestMethodCallbacks.java:75)
	at org.springframework.test.context.junit4.statements.RunAfterTestMethodCallbacks.evaluate(RunAfterTestMethodCallbacks.java:86)
	at org.springframework.test.context.junit4.statements.SpringRepeat.evaluate(SpringRepeat.java:84)
	at org.junit.runners.ParentRunner.runLeaf(ParentRunner.java:325)
	at org.springframework.test.context.junit4.SpringJUnit4ClassRunner.runChild(SpringJUnit4ClassRunner.java:251)
	at org.springframework.test.context.junit4.SpringJUnit4ClassRunner.runChild(SpringJUnit4ClassRunner.java:97)
	at org.junit.runners.ParentRunner$3.run(ParentRunner.java:290)
	at org.junit.runners.ParentRunner$1.schedule(ParentRunner.java:71)
	at org.junit.runners.ParentRunner.runChildren(ParentRunner.java:288)
	at org.junit.runners.ParentRunner.access$000(ParentRunner.java:58)
	at org.junit.runners.ParentRunner$2.evaluate(ParentRunner.java:268)
	at org.springframework.test.context.junit4.statements.RunBeforeTestClassCallbacks.evaluate(RunBeforeTestClassCallbacks.java:61)
	at org.springframework.test.context.junit4.statements.RunAfterTestClassCallbacks.evaluate(RunAfterTestClassCallbacks.java:70)
	at org.junit.runners.ParentRunner.run(ParentRunner.java:363)
	at org.springframework.test.context.junit4.SpringJUnit4ClassRunner.run(SpringJUnit4ClassRunner.java:190)
	at org.junit.runner.JUnitCore.run(JUnitCore.java:137)
	at com.intellij.junit4.JUnit4IdeaTestRunner.startRunnerWithArgs(JUnit4IdeaTestRunner.java:69)
	at com.intellij.rt.junit.IdeaTestRunner$Repeater.startRunnerWithArgs(IdeaTestRunner.java:33)
	at com.intellij.rt.junit.JUnitStarter.prepareStreamsAndStart(JUnitStarter.java:221)
	at com.intellij.rt.junit.JUnitStarter.main(JUnitStarter.java:54)
11:21:46.621 [main] INFO  c.o.p.controller.UserControllerTest:119- response:{"code":-10001,"message":"Server internal error","result":{}}
11:24:55.121 [main] INFO  c.o.p.controller.UserControllerTest:55- Starting UserControllerTest using Java 1.8.0_161 on DESKTOP-MEMJ3FE with PID 18176 (started by Administrator in D:\JAVA\Revision\olee_project)
11:24:55.137 [main] INFO  c.o.p.controller.UserControllerTest:659- No active profile set, falling back to default profiles: default
11:24:57.494 [main] WARN  o.s.b.a.f.FreeMarkerAutoConfiguration:65- Cannot find template location(s): [classpath:/templates/] (please add some templates, check your FreeMarker configuration, or set spring.freemarker.checkTemplateLocation=false)
11:24:57.596 [main] INFO  c.o.p.controller.UserControllerTest:61- Started UserControllerTest in 2.769 seconds (JVM running for 3.596)
11:24:57.796 [main] INFO  c.o.p.i.AuthorizationInterceptor:58- 拿到的userId：58c61751517049aa8782da474c290cd1，拿到的token值：8beb73609c07ef7122be0d4ddcd3130c-20210812111032179-721302
11:24:58.343 [main] INFO  c.o.p.controller.UserController:73- userId为58c61751517049aa8782da474c290cd1,进入到updateUserInfo的controller层
11:24:58.343 [main] INFO  c.o.p.s.InfoManagementServiceImpl:53- controller层接收到的nickname：null,address：成都市锦江区
11:24:58.567 [main] INFO  c.o.p.controller.UserControllerTest:119- response:{"code":0,"message":"Success","result":{}}
14:30:34.765 [main] INFO  c.o.p.controller.UserControllerTest:55- Starting UserControllerTest using Java 1.8.0_161 on DESKTOP-MEMJ3FE with PID 9944 (started by Administrator in D:\JAVA\Revision\olee_project)
14:30:34.767 [main] INFO  c.o.p.controller.UserControllerTest:659- No active profile set, falling back to default profiles: default
14:30:37.300 [main] WARN  o.s.b.a.f.FreeMarkerAutoConfiguration:65- Cannot find template location(s): [classpath:/templates/] (please add some templates, check your FreeMarker configuration, or set spring.freemarker.checkTemplateLocation=false)
14:30:37.400 [main] INFO  c.o.p.controller.UserControllerTest:61- Started UserControllerTest in 2.963 seconds (JVM running for 3.819)
14:30:38.407 [main] INFO  com.olee.project.utils.ZsetUtil:82- key:userId:userToken:7e445a77470a49d899a7f61d336681ec,通过setExpireOnKey方法设置过期时间是否成功:true
14:30:38.427 [main] INFO  c.o.p.controller.UserControllerTest:50- response:{"code":0,"message":"Success","result":{"userId":"7e445a77470a49d899a7f61d336681ec","createAt":"2021-08-12T06:30:38Z"}}
14:35:34.516 [main] INFO  c.o.p.controller.UserControllerTest:55- Starting UserControllerTest using Java 1.8.0_161 on DESKTOP-MEMJ3FE with PID 4716 (started by Administrator in D:\JAVA\Revision\olee_project)
14:35:34.519 [main] INFO  c.o.p.controller.UserControllerTest:659- No active profile set, falling back to default profiles: default
14:35:36.904 [main] WARN  o.s.b.a.f.FreeMarkerAutoConfiguration:65- Cannot find template location(s): [classpath:/templates/] (please add some templates, check your FreeMarker configuration, or set spring.freemarker.checkTemplateLocation=false)
14:35:37.005 [main] INFO  c.o.p.controller.UserControllerTest:61- Started UserControllerTest in 2.811 seconds (JVM running for 3.646)
14:35:38.022 [main] INFO  c.o.p.controller.UserControllerTest:65- response:{"code":0,"message":"Success","result":{"userId":"7e445a77470a49d899a7f61d336681ec","email":"1037659019@qq.com","nickname":"user","createAt":"2021-08-12T06:30:38Z","updateAt":"2021-08-12T06:30:38Z","token":"8beb73609c07ef7122be0d4ddcd3130c-20210812143537482-746348","expiresIn":86400}}
14:37:15.162 [main] INFO  c.o.p.controller.UserControllerTest:55- Starting UserControllerTest using Java 1.8.0_161 on DESKTOP-MEMJ3FE with PID 15828 (started by Administrator in D:\JAVA\Revision\olee_project)
14:37:15.165 [main] INFO  c.o.p.controller.UserControllerTest:659- No active profile set, falling back to default profiles: default
14:37:17.514 [main] WARN  o.s.b.a.f.FreeMarkerAutoConfiguration:65- Cannot find template location(s): [classpath:/templates/] (please add some templates, check your FreeMarker configuration, or set spring.freemarker.checkTemplateLocation=false)
14:37:17.611 [main] INFO  c.o.p.controller.UserControllerTest:61- Started UserControllerTest in 2.761 seconds (JVM running for 3.584)
14:37:18.621 [main] INFO  c.o.p.controller.UserControllerTest:65- response:{"code":0,"message":"Success","result":{"userId":"7e445a77470a49d899a7f61d336681ec","email":"1037659019@qq.com","nickname":"user","createAt":"2021-08-12T06:30:38Z","updateAt":"2021-08-12T06:30:38Z","token":"8beb73609c07ef7122be0d4ddcd3130c-20210812143718092-859653","expiresIn":86400}}
14:38:17.542 [main] INFO  c.o.p.controller.UserControllerTest:55- Starting UserControllerTest using Java 1.8.0_161 on DESKTOP-MEMJ3FE with PID 18480 (started by Administrator in D:\JAVA\Revision\olee_project)
14:38:17.545 [main] INFO  c.o.p.controller.UserControllerTest:659- No active profile set, falling back to default profiles: default
14:38:19.890 [main] WARN  o.s.b.a.f.FreeMarkerAutoConfiguration:65- Cannot find template location(s): [classpath:/templates/] (please add some templates, check your FreeMarker configuration, or set spring.freemarker.checkTemplateLocation=false)
14:38:20.009 [main] INFO  c.o.p.controller.UserControllerTest:61- Started UserControllerTest in 2.794 seconds (JVM running for 3.623)
14:38:20.247 [main] INFO  c.o.p.i.AuthorizationInterceptor:58- 拿到的userId：7e445a77470a49d899a7f61d336681ec，拿到的token值：8beb73609c07ef7122be0d4ddcd3130c-20210812143718092-859653
14:38:20.794 [main] INFO  c.o.p.controller.UserController:73- userId为7e445a77470a49d899a7f61d336681ec,进入到updateUserInfo的controller层
14:38:20.794 [main] INFO  c.o.p.s.InfoManagementServiceImpl:53- controller层接收到的nickname：null,address：成都市锦江区
14:38:21.014 [main] INFO  c.o.p.controller.UserControllerTest:119- response:{"code":0,"message":"Success","result":{}}
14:40:19.836 [main] INFO  c.o.p.controller.UserControllerTest:55- Starting UserControllerTest using Java 1.8.0_161 on DESKTOP-MEMJ3FE with PID 15648 (started by Administrator in D:\JAVA\Revision\olee_project)
14:40:19.838 [main] INFO  c.o.p.controller.UserControllerTest:659- No active profile set, falling back to default profiles: default
14:40:22.218 [main] WARN  o.s.b.a.f.FreeMarkerAutoConfiguration:65- Cannot find template location(s): [classpath:/templates/] (please add some templates, check your FreeMarker configuration, or set spring.freemarker.checkTemplateLocation=false)
14:40:22.315 [main] INFO  c.o.p.controller.UserControllerTest:61- Started UserControllerTest in 2.799 seconds (JVM running for 3.635)
14:40:22.528 [main] INFO  c.o.p.i.AuthorizationInterceptor:58- 拿到的userId：7e445a77470a49d899a7f61d336681ec，拿到的token值：8beb73609c07ef7122be0d4ddcd3130c-20210812143718092-859653
14:40:23.050 [main] INFO  c.o.p.controller.UserController:62- userId为7e445a77470a49d899a7f61d336681ec,进入到getUserInfo的controller层
14:40:23.283 [main] INFO  c.o.p.controller.UserControllerTest:96- response:{"code":0,"message":"Success","result":{"userId":"7e445a77470a49d899a7f61d336681ec","email":"1037659019@qq.com","nickname":"user","address":"成都市锦江区","createAt":"2021-08-12T06:30:38","updateAt":"2021-08-12T06:38:21"}}
14:41:58.237 [main] INFO  c.o.p.controller.UserControllerTest:55- Starting UserControllerTest using Java 1.8.0_161 on DESKTOP-MEMJ3FE with PID 20176 (started by Administrator in D:\JAVA\Revision\olee_project)
14:41:58.239 [main] INFO  c.o.p.controller.UserControllerTest:659- No active profile set, falling back to default profiles: default
14:42:00.614 [main] WARN  o.s.b.a.f.FreeMarkerAutoConfiguration:65- Cannot find template location(s): [classpath:/templates/] (please add some templates, check your FreeMarker configuration, or set spring.freemarker.checkTemplateLocation=false)
14:42:00.715 [main] INFO  c.o.p.controller.UserControllerTest:61- Started UserControllerTest in 2.8 seconds (JVM running for 3.638)
14:42:00.919 [main] INFO  c.o.p.i.AuthorizationInterceptor:58- 拿到的userId：7e445a77470a49d899a7f61d336681ec，拿到的token值：8beb73609c07ef7122be0d4ddcd3130c-20210812143718092-859653
14:42:01.450 [main] INFO  c.o.p.controller.UserController:62- userId为7e445a77470a49d899a7f61d336681ec,进入到getUserInfo的controller层
14:42:01.677 [main] INFO  c.o.p.controller.UserControllerTest:96- response:{"code":0,"message":"Success","result":{"userId":"7e445a77470a49d899a7f61d336681ec","email":"1037659019@qq.com","nickname":"user","address":"成都市锦江区","createAt":"2021-08-12T06:30:38Z","updateAt":"2021-08-12T06:38:21Z"}}
16:21:15.051 [main] INFO  c.o.p.controller.UserControllerTest:55- Starting UserControllerTest using Java 1.8.0_161 on DESKTOP-MEMJ3FE with PID 21184 (started by Administrator in D:\JAVA\Revision\olee_project)
16:21:15.051 [main] INFO  c.o.p.controller.UserControllerTest:659- No active profile set, falling back to default profiles: default
16:21:17.486 [main] WARN  o.s.b.a.f.FreeMarkerAutoConfiguration:65- Cannot find template location(s): [classpath:/templates/] (please add some templates, check your FreeMarker configuration, or set spring.freemarker.checkTemplateLocation=false)
16:21:17.636 [main] INFO  c.o.p.controller.UserControllerTest:61- Started UserControllerTest in 2.896 seconds (JVM running for 3.734)
16:21:18.698 [main] INFO  c.o.p.controller.UserControllerTest:65- response:{"code":0,"message":"Success","result":{"userId":"7e445a77470a49d899a7f61d336681ec","email":"1037659019@qq.com","nickname":"user","address":"成都市锦江区","createAt":"2021-08-12T06:30:38Z","updateAt":"2021-08-12T06:38:21Z","token":"8beb73609c07ef7122be0d4ddcd3130c-20210812162118141-222987","expiresIn":86400}}
16:21:59.884 [main] INFO  c.o.p.controller.UserControllerTest:55- Starting UserControllerTest using Java 1.8.0_161 on DESKTOP-MEMJ3FE with PID 21040 (started by Administrator in D:\JAVA\Revision\olee_project)
16:21:59.884 [main] INFO  c.o.p.controller.UserControllerTest:659- No active profile set, falling back to default profiles: default
16:22:02.272 [main] WARN  o.s.b.a.f.FreeMarkerAutoConfiguration:65- Cannot find template location(s): [classpath:/templates/] (please add some templates, check your FreeMarker configuration, or set spring.freemarker.checkTemplateLocation=false)
16:22:02.373 [main] INFO  c.o.p.controller.UserControllerTest:61- Started UserControllerTest in 2.795 seconds (JVM running for 3.635)
16:22:03.390 [main] INFO  c.o.p.controller.UserControllerTest:65- response:{"code":0,"message":"Success","result":{"userId":"7e445a77470a49d899a7f61d336681ec","email":"1037659019@qq.com","nickname":"user","address":"成都市锦江区","createAt":"2021-08-12T06:30:38Z","updateAt":"2021-08-12T06:38:21Z","token":"8beb73609c07ef7122be0d4ddcd3130c-20210812162202850-282742","expiresIn":86400}}
16:22:12.413 [main] INFO  c.o.p.controller.UserControllerTest:55- Starting UserControllerTest using Java 1.8.0_161 on DESKTOP-MEMJ3FE with PID 6916 (started by Administrator in D:\JAVA\Revision\olee_project)
16:22:12.429 [main] INFO  c.o.p.controller.UserControllerTest:659- No active profile set, falling back to default profiles: default
16:22:14.793 [main] WARN  o.s.b.a.f.FreeMarkerAutoConfiguration:65- Cannot find template location(s): [classpath:/templates/] (please add some templates, check your FreeMarker configuration, or set spring.freemarker.checkTemplateLocation=false)
16:22:14.901 [main] INFO  c.o.p.controller.UserControllerTest:61- Started UserControllerTest in 2.801 seconds (JVM running for 3.648)
16:22:15.906 [main] INFO  c.o.p.controller.UserControllerTest:65- response:{"code":0,"message":"Success","result":{"userId":"7e445a77470a49d899a7f61d336681ec","email":"1037659019@qq.com","nickname":"user","address":"成都市锦江区","createAt":"2021-08-12T06:30:38Z","updateAt":"2021-08-12T06:38:21Z","token":"8beb73609c07ef7122be0d4ddcd3130c-20210812162215353-805046","expiresIn":86400}}
16:22:26.601 [main] INFO  c.o.p.controller.UserControllerTest:55- Starting UserControllerTest using Java 1.8.0_161 on DESKTOP-MEMJ3FE with PID 4296 (started by Administrator in D:\JAVA\Revision\olee_project)
16:22:26.601 [main] INFO  c.o.p.controller.UserControllerTest:659- No active profile set, falling back to default profiles: default
16:22:28.978 [main] WARN  o.s.b.a.f.FreeMarkerAutoConfiguration:65- Cannot find template location(s): [classpath:/templates/] (please add some templates, check your FreeMarker configuration, or set spring.freemarker.checkTemplateLocation=false)
16:22:29.068 [main] INFO  c.o.p.controller.UserControllerTest:61- Started UserControllerTest in 2.789 seconds (JVM running for 3.64)
16:22:30.091 [main] INFO  c.o.p.controller.UserControllerTest:65- response:{"code":0,"message":"Success","result":{"userId":"7e445a77470a49d899a7f61d336681ec","email":"1037659019@qq.com","nickname":"user","address":"成都市锦江区","createAt":"2021-08-12T06:30:38Z","updateAt":"2021-08-12T06:38:21Z","token":"8beb73609c07ef7122be0d4ddcd3130c-20210812162229545-994850","expiresIn":86400}}
16:22:38.688 [main] INFO  c.o.p.controller.UserControllerTest:55- Starting UserControllerTest using Java 1.8.0_161 on DESKTOP-MEMJ3FE with PID 20560 (started by Administrator in D:\JAVA\Revision\olee_project)
16:22:38.690 [main] INFO  c.o.p.controller.UserControllerTest:659- No active profile set, falling back to default profiles: default
16:22:41.021 [main] WARN  o.s.b.a.f.FreeMarkerAutoConfiguration:65- Cannot find template location(s): [classpath:/templates/] (please add some templates, check your FreeMarker configuration, or set spring.freemarker.checkTemplateLocation=false)
16:22:41.115 [main] INFO  c.o.p.controller.UserControllerTest:61- Started UserControllerTest in 2.755 seconds (JVM running for 3.595)
16:22:42.098 [main] INFO  c.o.p.controller.UserControllerTest:65- response:{"code":0,"message":"Success","result":{"userId":"7e445a77470a49d899a7f61d336681ec","email":"1037659019@qq.com","nickname":"user","address":"成都市锦江区","createAt":"2021-08-12T06:30:38Z","updateAt":"2021-08-12T06:38:21Z","token":"8beb73609c07ef7122be0d4ddcd3130c-20210812162241588-229061","expiresIn":86400}}
16:22:52.094 [main] INFO  c.o.p.controller.UserControllerTest:55- Starting UserControllerTest using Java 1.8.0_161 on DESKTOP-MEMJ3FE with PID 21304 (started by Administrator in D:\JAVA\Revision\olee_project)
16:22:52.094 [main] INFO  c.o.p.controller.UserControllerTest:659- No active profile set, falling back to default profiles: default
16:22:54.446 [main] WARN  o.s.b.a.f.FreeMarkerAutoConfiguration:65- Cannot find template location(s): [classpath:/templates/] (please add some templates, check your FreeMarker configuration, or set spring.freemarker.checkTemplateLocation=false)
16:22:54.561 [main] INFO  c.o.p.controller.UserControllerTest:61- Started UserControllerTest in 2.778 seconds (JVM running for 3.601)
16:22:55.572 [main] INFO  c.o.p.controller.UserControllerTest:65- response:{"code":0,"message":"Success","result":{"userId":"7e445a77470a49d899a7f61d336681ec","email":"1037659019@qq.com","nickname":"user","address":"成都市锦江区","createAt":"2021-08-12T06:30:38Z","updateAt":"2021-08-12T06:38:21Z","token":"8beb73609c07ef7122be0d4ddcd3130c-20210812162255031-346728","expiresIn":86400}}
17:39:18.233 [main] INFO  c.o.p.controller.UserControllerTest:55- Starting UserControllerTest using Java 1.8.0_161 on DESKTOP-MEMJ3FE with PID 16008 (started by Administrator in D:\JAVA\Revision\olee_project)
17:39:18.233 [main] INFO  c.o.p.controller.UserControllerTest:659- No active profile set, falling back to default profiles: default
17:39:20.589 [main] WARN  o.s.b.a.f.FreeMarkerAutoConfiguration:65- Cannot find template location(s): [classpath:/templates/] (please add some templates, check your FreeMarker configuration, or set spring.freemarker.checkTemplateLocation=false)
17:39:20.688 [main] INFO  c.o.p.controller.UserControllerTest:61- Started UserControllerTest in 2.794 seconds (JVM running for 3.74)
17:39:21.709 [main] INFO  c.o.p.controller.UserControllerTest:66- response:{"code":0,"message":"Success","result":{"userId":"7e445a77470a49d899a7f61d336681ec","email":"1037659019@qq.com","nickname":"user","address":"成都市锦江区","createAt":"2021-08-12T06:30:38Z","updateAt":"2021-08-12T06:38:21Z","token":"8beb73609c07ef7122be0d4ddcd3130c-20210812173921186-528407","expiresIn":86400}}
17:40:57.046 [main] INFO  c.o.p.controller.UserControllerTest:55- Starting UserControllerTest using Java 1.8.0_161 on DESKTOP-MEMJ3FE with PID 18024 (started by Administrator in D:\JAVA\Revision\olee_project)
17:40:57.046 [main] INFO  c.o.p.controller.UserControllerTest:659- No active profile set, falling back to default profiles: default
17:40:59.430 [main] WARN  o.s.b.a.f.FreeMarkerAutoConfiguration:65- Cannot find template location(s): [classpath:/templates/] (please add some templates, check your FreeMarker configuration, or set spring.freemarker.checkTemplateLocation=false)
17:40:59.524 [main] INFO  c.o.p.controller.UserControllerTest:61- Started UserControllerTest in 2.8 seconds (JVM running for 3.672)
17:41:00.543 [main] INFO  c.o.p.controller.UserControllerTest:66- response:{"code":0,"message":"Success","result":{"userId":"7e445a77470a49d899a7f61d336681ec","email":"1037659019@qq.com","nickname":"user","address":"成都市锦江区","createAt":"2021-08-12T06:30:38Z","updateAt":"2021-08-12T06:38:21Z","token":"8beb73609c07ef7122be0d4ddcd3130c-20210812174100015-920859","expiresIn":86400}}
17:42:18.893 [main] INFO  c.o.p.controller.UserControllerTest:55- Starting UserControllerTest using Java 1.8.0_161 on DESKTOP-MEMJ3FE with PID 15248 (started by Administrator in D:\JAVA\Revision\olee_project)
17:42:18.893 [main] INFO  c.o.p.controller.UserControllerTest:659- No active profile set, falling back to default profiles: default
17:42:21.282 [main] WARN  o.s.b.a.f.FreeMarkerAutoConfiguration:65- Cannot find template location(s): [classpath:/templates/] (please add some templates, check your FreeMarker configuration, or set spring.freemarker.checkTemplateLocation=false)
17:42:21.396 [main] INFO  c.o.p.controller.UserControllerTest:61- Started UserControllerTest in 2.815 seconds (JVM running for 3.657)
17:42:22.420 [main] INFO  c.o.p.controller.UserControllerTest:66- response:{"code":0,"message":"Success","result":{"userId":"7e445a77470a49d899a7f61d336681ec","email":"1037659019@qq.com","nickname":"user","address":"成都市锦江区","createAt":"2021-08-12T06:30:38Z","updateAt":"2021-08-12T06:38:21Z","token":"8beb73609c07ef7122be0d4ddcd3130c-20210812174221874-771291","expiresIn":86400}}
17:43:04.079 [main] INFO  c.o.p.controller.UserControllerTest:55- Starting UserControllerTest using Java 1.8.0_161 on DESKTOP-MEMJ3FE with PID 820 (started by Administrator in D:\JAVA\Revision\olee_project)
17:43:04.081 [main] INFO  c.o.p.controller.UserControllerTest:659- No active profile set, falling back to default profiles: default
17:43:06.654 [main] WARN  o.s.b.a.f.FreeMarkerAutoConfiguration:65- Cannot find template location(s): [classpath:/templates/] (please add some templates, check your FreeMarker configuration, or set spring.freemarker.checkTemplateLocation=false)
17:43:06.763 [main] INFO  c.o.p.controller.UserControllerTest:61- Started UserControllerTest in 3.044 seconds (JVM running for 3.967)
17:43:07.801 [main] INFO  c.o.p.controller.UserControllerTest:66- response:{"code":0,"message":"Success","result":{"userId":"7e445a77470a49d899a7f61d336681ec","email":"1037659019@qq.com","nickname":"user","address":"成都市锦江区","createAt":"2021-08-12T06:30:38Z","updateAt":"2021-08-12T06:38:21Z","token":"8beb73609c07ef7122be0d4ddcd3130c-20210812174307281-902774","expiresIn":86400}}
17:50:03.811 [main] INFO  c.o.p.controller.UserControllerTest:55- Starting UserControllerTest using Java 1.8.0_161 on DESKTOP-MEMJ3FE with PID 10140 (started by Administrator in D:\JAVA\Revision\olee_project)
17:50:03.811 [main] INFO  c.o.p.controller.UserControllerTest:659- No active profile set, falling back to default profiles: default
17:50:06.146 [main] WARN  o.s.b.a.f.FreeMarkerAutoConfiguration:65- Cannot find template location(s): [classpath:/templates/] (please add some templates, check your FreeMarker configuration, or set spring.freemarker.checkTemplateLocation=false)
17:50:06.240 [main] INFO  c.o.p.controller.UserControllerTest:61- Started UserControllerTest in 2.752 seconds (JVM running for 3.589)
17:50:07.249 [main] INFO  c.o.p.controller.UserControllerTest:66- response:{"code":0,"message":"Success","result":{"userId":"7e445a77470a49d899a7f61d336681ec","email":"1037659019@qq.com","nickname":"user","address":"成都市锦江区","createAt":"2021-08-12T06:30:38Z","updateAt":"2021-08-12T06:38:21Z","token":"8beb73609c07ef7122be0d4ddcd3130c-20210812175006733-654099","expiresIn":86400}}
17:53:08.888 [main] INFO  c.o.p.controller.UserControllerTest:55- Starting UserControllerTest using Java 1.8.0_161 on DESKTOP-MEMJ3FE with PID 16920 (started by Administrator in D:\JAVA\Revision\olee_project)
17:53:08.888 [main] INFO  c.o.p.controller.UserControllerTest:659- No active profile set, falling back to default profiles: default
17:53:11.279 [main] WARN  o.s.b.a.f.FreeMarkerAutoConfiguration:65- Cannot find template location(s): [classpath:/templates/] (please add some templates, check your FreeMarker configuration, or set spring.freemarker.checkTemplateLocation=false)
17:53:11.373 [main] INFO  c.o.p.controller.UserControllerTest:61- Started UserControllerTest in 2.789 seconds (JVM running for 3.641)
17:53:12.410 [main] INFO  c.o.p.controller.UserControllerTest:66- response:{"code":0,"message":"Success","result":{"userId":"7e445a77470a49d899a7f61d336681ec","email":"1037659019@qq.com","nickname":"user","address":"成都市锦江区","createAt":"2021-08-12T06:30:38Z","updateAt":"2021-08-12T06:38:21Z","token":"8beb73609c07ef7122be0d4ddcd3130c-20210812175311874-954217","expiresIn":86400}}
17:53:57.298 [main] INFO  c.o.p.controller.UserControllerTest:55- Starting UserControllerTest using Java 1.8.0_161 on DESKTOP-MEMJ3FE with PID 20872 (started by Administrator in D:\JAVA\Revision\olee_project)
17:53:57.298 [main] INFO  c.o.p.controller.UserControllerTest:659- No active profile set, falling back to default profiles: default
17:53:59.684 [main] WARN  o.s.b.a.f.FreeMarkerAutoConfiguration:65- Cannot find template location(s): [classpath:/templates/] (please add some templates, check your FreeMarker configuration, or set spring.freemarker.checkTemplateLocation=false)
17:53:59.790 [main] INFO  c.o.p.controller.UserControllerTest:61- Started UserControllerTest in 2.805 seconds (JVM running for 3.631)
17:54:00.271 [main] INFO  c.o.p.controller.UserControllerTest:51- response:{"code":-20111,"message":"Email has been registered","result":{}}
17:55:25.753 [main] INFO  c.o.p.controller.UserControllerTest:55- Starting UserControllerTest using Java 1.8.0_161 on DESKTOP-MEMJ3FE with PID 3620 (started by Administrator in D:\JAVA\Revision\olee_project)
17:55:25.753 [main] INFO  c.o.p.controller.UserControllerTest:659- No active profile set, falling back to default profiles: default
17:55:28.099 [main] WARN  o.s.b.a.f.FreeMarkerAutoConfiguration:65- Cannot find template location(s): [classpath:/templates/] (please add some templates, check your FreeMarker configuration, or set spring.freemarker.checkTemplateLocation=false)
17:55:28.208 [main] INFO  c.o.p.controller.UserControllerTest:61- Started UserControllerTest in 2.766 seconds (JVM running for 3.599)
17:55:28.436 [main] INFO  c.o.p.i.AuthorizationInterceptor:58- 拿到的userId：7e445a77470a49d899a7f61d336681ec，拿到的token值：8beb73609c07ef7122be0d4ddcd3130c-20210812143718092-859653
17:55:28.965 [main] INFO  c.o.p.controller.UserControllerTest:101- response:{"code":-20201,"message":"User‘s token have expired","result":{}}
17:55:44.658 [main] INFO  c.o.p.controller.UserControllerTest:55- Starting UserControllerTest using Java 1.8.0_161 on DESKTOP-MEMJ3FE with PID 2896 (started by Administrator in D:\JAVA\Revision\olee_project)
17:55:44.660 [main] INFO  c.o.p.controller.UserControllerTest:659- No active profile set, falling back to default profiles: default
17:55:47.013 [main] WARN  o.s.b.a.f.FreeMarkerAutoConfiguration:65- Cannot find template location(s): [classpath:/templates/] (please add some templates, check your FreeMarker configuration, or set spring.freemarker.checkTemplateLocation=false)
17:55:47.113 [main] INFO  c.o.p.controller.UserControllerTest:61- Started UserControllerTest in 2.779 seconds (JVM running for 3.611)
17:55:47.323 [main] INFO  c.o.p.i.AuthorizationInterceptor:58- 拿到的userId：7e445a77470a49d899a7f61d336681ec，拿到的token值：8beb73609c07ef7122be0d4ddcd3130c-20210812143718092-859653
17:55:47.866 [main] INFO  c.o.p.controller.UserControllerTest:101- response:{"code":-20201,"message":"User‘s token have expired","result":{}}
17:56:19.283 [main] INFO  c.o.p.controller.UserControllerTest:55- Starting UserControllerTest using Java 1.8.0_161 on DESKTOP-MEMJ3FE with PID 16076 (started by Administrator in D:\JAVA\Revision\olee_project)
17:56:19.283 [main] INFO  c.o.p.controller.UserControllerTest:659- No active profile set, falling back to default profiles: default
17:56:21.666 [main] WARN  o.s.b.a.f.FreeMarkerAutoConfiguration:65- Cannot find template location(s): [classpath:/templates/] (please add some templates, check your FreeMarker configuration, or set spring.freemarker.checkTemplateLocation=false)
17:56:21.775 [main] INFO  c.o.p.controller.UserControllerTest:61- Started UserControllerTest in 2.818 seconds (JVM running for 3.644)
17:56:21.972 [main] INFO  c.o.p.i.AuthorizationInterceptor:58- 拿到的userId：7e445a77470a49d899a7f61d336681ec，拿到的token值：8beb73609c07ef7122be0d4ddcd3130c-20210812162255031-346728
17:56:22.509 [main] INFO  c.o.p.controller.UserControllerTest:101- response:{"code":-20201,"message":"User‘s token have expired","result":{}}
17:57:07.384 [main] INFO  c.o.p.controller.UserControllerTest:55- Starting UserControllerTest using Java 1.8.0_161 on DESKTOP-MEMJ3FE with PID 15648 (started by Administrator in D:\JAVA\Revision\olee_project)
17:57:07.386 [main] INFO  c.o.p.controller.UserControllerTest:659- No active profile set, falling back to default profiles: default
17:57:09.689 [main] WARN  o.s.b.a.f.FreeMarkerAutoConfiguration:65- Cannot find template location(s): [classpath:/templates/] (please add some templates, check your FreeMarker configuration, or set spring.freemarker.checkTemplateLocation=false)
17:57:09.799 [main] INFO  c.o.p.controller.UserControllerTest:61- Started UserControllerTest in 2.721 seconds (JVM running for 3.546)
17:57:10.012 [main] INFO  c.o.p.i.AuthorizationInterceptor:58- 拿到的userId：7e445a77470a49d899a7f61d336681ec，拿到的token值：8beb73609c07ef7122be0d4ddcd3130c-20210812175311874-954217
17:57:10.558 [main] INFO  c.o.p.controller.UserController:62- userId为7e445a77470a49d899a7f61d336681ec,进入到getUserInfo的controller层
17:57:10.789 [main] INFO  c.o.p.controller.UserControllerTest:101- response:{"code":0,"message":"Success","result":{"userId":"7e445a77470a49d899a7f61d336681ec","email":"1037659019@qq.com","nickname":"user","address":"成都市锦江区","createAt":"2021-08-12T06:30:38","updateAt":"2021-08-12T06:38:21"}}
17:59:25.323 [main] INFO  c.o.p.controller.UserControllerTest:55- Starting UserControllerTest using Java 1.8.0_161 on DESKTOP-MEMJ3FE with PID 13932 (started by Administrator in D:\JAVA\Revision\olee_project)
17:59:25.323 [main] INFO  c.o.p.controller.UserControllerTest:659- No active profile set, falling back to default profiles: default
17:59:27.657 [main] WARN  o.s.b.a.f.FreeMarkerAutoConfiguration:65- Cannot find template location(s): [classpath:/templates/] (please add some templates, check your FreeMarker configuration, or set spring.freemarker.checkTemplateLocation=false)
17:59:27.767 [main] INFO  c.o.p.controller.UserControllerTest:61- Started UserControllerTest in 2.766 seconds (JVM running for 3.739)
17:59:27.996 [main] INFO  c.o.p.i.AuthorizationInterceptor:58- 拿到的userId：7e445a77470a49d899a7f61d336681ec，拿到的token值：8beb73609c07ef7122be0d4ddcd3130c-20210812175311874-954217
17:59:28.590 [main] INFO  c.o.p.controller.UserController:73- userId为7e445a77470a49d899a7f61d336681ec,进入到updateUserInfo的controller层
17:59:28.590 [main] INFO  c.o.p.s.InfoManagementServiceImpl:53- controller层接收到的nickname：null,address：成都市锦江区
17:59:28.805 [main] INFO  c.o.p.controller.UserControllerTest:124- response:{"code":0,"message":"Success","result":{}}
18:01:29.228 [main] INFO  c.o.p.controller.UserControllerTest:55- Starting UserControllerTest using Java 1.8.0_161 on DESKTOP-MEMJ3FE with PID 21140 (started by Administrator in D:\JAVA\Revision\olee_project)
18:01:29.228 [main] INFO  c.o.p.controller.UserControllerTest:659- No active profile set, falling back to default profiles: default
18:01:31.628 [main] WARN  o.s.b.a.f.FreeMarkerAutoConfiguration:65- Cannot find template location(s): [classpath:/templates/] (please add some templates, check your FreeMarker configuration, or set spring.freemarker.checkTemplateLocation=false)
18:01:31.744 [main] INFO  c.o.p.controller.UserControllerTest:61- Started UserControllerTest in 2.835 seconds (JVM running for 3.658)
18:01:31.945 [main] INFO  c.o.p.i.AuthorizationInterceptor:58- 拿到的userId：7e445a77470a49d899a7f61d336681ec，拿到的token值：8beb73609c07ef7122be0d4ddcd3130c-20210812175311874-954217
18:01:32.485 [main] INFO  c.o.p.controller.UserController:73- userId为7e445a77470a49d899a7f61d336681ec,进入到updateUserInfo的controller层
18:01:32.485 [main] INFO  c.o.p.s.InfoManagementServiceImpl:53- controller层接收到的nickname：null,address：成都市锦江区
18:01:32.719 [main] INFO  c.o.p.controller.UserControllerTest:124- response:{"code":0,"message":"Success","result":{}}
18:01:32.719 [main] INFO  c.o.p.i.AuthorizationInterceptor:58- 拿到的userId：123，拿到的token值：45678
18:01:32.719 [main] INFO  c.o.p.controller.UserControllerTest:138- response:{"code":-20201,"message":"User‘s token have expired","result":{}}
18:02:40.930 [main] INFO  c.o.p.controller.UserControllerTest:55- Starting UserControllerTest using Java 1.8.0_161 on DESKTOP-MEMJ3FE with PID 7856 (started by Administrator in D:\JAVA\Revision\olee_project)
18:02:40.930 [main] INFO  c.o.p.controller.UserControllerTest:659- No active profile set, falling back to default profiles: default
18:02:43.294 [main] WARN  o.s.b.a.f.FreeMarkerAutoConfiguration:65- Cannot find template location(s): [classpath:/templates/] (please add some templates, check your FreeMarker configuration, or set spring.freemarker.checkTemplateLocation=false)
18:02:43.396 [main] INFO  c.o.p.controller.UserControllerTest:61- Started UserControllerTest in 2.773 seconds (JVM running for 3.607)
18:02:43.606 [main] INFO  c.o.p.i.AuthorizationInterceptor:58- 拿到的userId：7e445a77470a49d899a7f61d336681ec，拿到的token值：8beb73609c07ef7122be0d4ddcd3130c-20210812175311874-954217
18:02:44.188 [main] INFO  c.o.p.controller.UserController:73- userId为7e445a77470a49d899a7f61d336681ec,进入到updateUserInfo的controller层
18:02:44.188 [main] INFO  c.o.p.s.InfoManagementServiceImpl:53- controller层接收到的nickname：null,address：成都市锦江区
18:02:44.402 [main] INFO  c.o.p.controller.UserControllerTest:124- response:{"code":0,"message":"Success","result":{}}
18:02:44.402 [main] INFO  c.o.p.i.AuthorizationInterceptor:58- 拿到的userId：123，拿到的token值：45678
18:02:44.418 [main] INFO  c.o.p.controller.UserControllerTest:138- response:{"code":-20201,"message":"User‘s token have expired","result":{}}
18:04:01.994 [main] INFO  c.o.p.controller.UserControllerTest:55- Starting UserControllerTest using Java 1.8.0_161 on DESKTOP-MEMJ3FE with PID 20128 (started by Administrator in D:\JAVA\Revision\olee_project)
18:04:01.994 [main] INFO  c.o.p.controller.UserControllerTest:659- No active profile set, falling back to default profiles: default
18:04:04.383 [main] WARN  o.s.b.a.f.FreeMarkerAutoConfiguration:65- Cannot find template location(s): [classpath:/templates/] (please add some templates, check your FreeMarker configuration, or set spring.freemarker.checkTemplateLocation=false)
18:04:04.487 [main] INFO  c.o.p.controller.UserControllerTest:61- Started UserControllerTest in 2.797 seconds (JVM running for 3.627)
18:04:04.684 [main] INFO  c.o.p.i.AuthorizationInterceptor:58- 拿到的userId：7e445a77470a49d899a7f61d336681ec，拿到的token值：8beb73609c07ef7122be0d4ddcd3130c-20210812175311874-954217
18:04:05.246 [main] INFO  c.o.p.controller.UserController:73- userId为7e445a77470a49d899a7f61d336681ec,进入到updateUserInfo的controller层
18:04:05.246 [main] INFO  c.o.p.s.InfoManagementServiceImpl:53- controller层接收到的nickname：null,address：成都市锦江区
18:04:05.466 [main] INFO  c.o.p.controller.UserControllerTest:124- response:{"code":0,"message":"Success","result":{}}
18:04:05.466 [main] INFO  c.o.p.i.AuthorizationInterceptor:58- 拿到的userId：123，拿到的token值：45678
18:04:05.466 [main] INFO  c.o.p.controller.UserControllerTest:138- response:{"code":-20201,"message":"User‘s token have expired","result":{}}
18:04:05.466 [main] INFO  c.o.p.i.AuthorizationInterceptor:58- 拿到的userId：7e445a77470a49d899a7f61d336681ec，拿到的token值：8beb73609c07ef7122be0d4ddcd3130c-20210812175311874-954217
18:04:05.466 [main] INFO  c.o.p.controller.UserController:73- userId为7e445a77470a49d899a7f61d336681ec,进入到updateUserInfo的controller层
18:04:05.466 [main] INFO  c.o.p.s.InfoManagementServiceImpl:53- controller层接收到的nickname：111111111111111111111111111111111111111111111111111111111111111111111111111111111111111111111111111111111111111111111,address：重庆市江北区
18:04:05.482 [main] ERROR c.o.p.a.ExceptionControllerAdvice:22- 业务错误
com.olee.project.exception.BizException: null
	at com.olee.project.utils.VerificationUtils.verifyNickname(VerificationUtils.java:35)
	at com.olee.project.service.InfoManagementServiceImpl.changeInfo(InfoManagementServiceImpl.java:54)
	at com.olee.project.controller.UserController.updateUserInfo(UserController.java:74)
	at sun.reflect.NativeMethodAccessorImpl.invoke0(Native Method)
	at sun.reflect.NativeMethodAccessorImpl.invoke(NativeMethodAccessorImpl.java:62)
	at sun.reflect.DelegatingMethodAccessorImpl.invoke(DelegatingMethodAccessorImpl.java:43)
	at java.lang.reflect.Method.invoke(Method.java:498)
	at org.springframework.web.method.support.InvocableHandlerMethod.doInvoke(InvocableHandlerMethod.java:197)
	at org.springframework.web.method.support.InvocableHandlerMethod.invokeForRequest(InvocableHandlerMethod.java:141)
	at org.springframework.web.servlet.mvc.method.annotation.ServletInvocableHandlerMethod.invokeAndHandle(ServletInvocableHandlerMethod.java:106)
	at org.springframework.web.servlet.mvc.method.annotation.RequestMappingHandlerAdapter.invokeHandlerMethod(RequestMappingHandlerAdapter.java:894)
	at org.springframework.web.servlet.mvc.method.annotation.RequestMappingHandlerAdapter.handleInternal(RequestMappingHandlerAdapter.java:808)
	at org.springframework.web.servlet.mvc.method.AbstractHandlerMethodAdapter.handle(AbstractHandlerMethodAdapter.java:87)
	at org.springframework.web.servlet.DispatcherServlet.doDispatch(DispatcherServlet.java:1063)
	at org.springframework.web.servlet.DispatcherServlet.doService(DispatcherServlet.java:963)
	at org.springframework.web.servlet.FrameworkServlet.processRequest(FrameworkServlet.java:1006)
	at org.springframework.web.servlet.FrameworkServlet.doPost(FrameworkServlet.java:909)
	at javax.servlet.http.HttpServlet.service(HttpServlet.java:681)
	at org.springframework.web.servlet.FrameworkServlet.service(FrameworkServlet.java:883)
	at org.springframework.test.web.servlet.TestDispatcherServlet.service(TestDispatcherServlet.java:72)
	at javax.servlet.http.HttpServlet.service(HttpServlet.java:764)
	at org.springframework.mock.web.MockFilterChain$ServletFilterProxy.doFilter(MockFilterChain.java:167)
	at org.springframework.mock.web.MockFilterChain.doFilter(MockFilterChain.java:134)
	at org.springframework.test.web.servlet.MockMvc.perform(MockMvc.java:183)
	at com.olee.project.controller.UserControllerTest.updateUserInfoTest(UserControllerTest.java:150)
	at sun.reflect.NativeMethodAccessorImpl.invoke0(Native Method)
	at sun.reflect.NativeMethodAccessorImpl.invoke(NativeMethodAccessorImpl.java:62)
	at sun.reflect.DelegatingMethodAccessorImpl.invoke(DelegatingMethodAccessorImpl.java:43)
	at java.lang.reflect.Method.invoke(Method.java:498)
	at org.junit.runners.model.FrameworkMethod$1.runReflectiveCall(FrameworkMethod.java:50)
	at org.junit.internal.runners.model.ReflectiveCallable.run(ReflectiveCallable.java:12)
	at org.junit.runners.model.FrameworkMethod.invokeExplosively(FrameworkMethod.java:47)
	at org.junit.internal.runners.statements.InvokeMethod.evaluate(InvokeMethod.java:17)
	at org.springframework.test.context.junit4.statements.RunBeforeTestExecutionCallbacks.evaluate(RunBeforeTestExecutionCallbacks.java:74)
	at org.springframework.test.context.junit4.statements.RunAfterTestExecutionCallbacks.evaluate(RunAfterTestExecutionCallbacks.java:84)
	at org.junit.internal.runners.statements.RunBefores.evaluate(RunBefores.java:26)
	at org.springframework.test.context.junit4.statements.RunBeforeTestMethodCallbacks.evaluate(RunBeforeTestMethodCallbacks.java:75)
	at org.springframework.test.context.junit4.statements.RunAfterTestMethodCallbacks.evaluate(RunAfterTestMethodCallbacks.java:86)
	at org.springframework.test.context.junit4.statements.SpringRepeat.evaluate(SpringRepeat.java:84)
	at org.junit.runners.ParentRunner.runLeaf(ParentRunner.java:325)
	at org.springframework.test.context.junit4.SpringJUnit4ClassRunner.runChild(SpringJUnit4ClassRunner.java:251)
	at org.springframework.test.context.junit4.SpringJUnit4ClassRunner.runChild(SpringJUnit4ClassRunner.java:97)
	at org.junit.runners.ParentRunner$3.run(ParentRunner.java:290)
	at org.junit.runners.ParentRunner$1.schedule(ParentRunner.java:71)
	at org.junit.runners.ParentRunner.runChildren(ParentRunner.java:288)
	at org.junit.runners.ParentRunner.access$000(ParentRunner.java:58)
	at org.junit.runners.ParentRunner$2.evaluate(ParentRunner.java:268)
	at org.springframework.test.context.junit4.statements.RunBeforeTestClassCallbacks.evaluate(RunBeforeTestClassCallbacks.java:61)
	at org.springframework.test.context.junit4.statements.RunAfterTestClassCallbacks.evaluate(RunAfterTestClassCallbacks.java:70)
	at org.junit.runners.ParentRunner.run(ParentRunner.java:363)
	at org.springframework.test.context.junit4.SpringJUnit4ClassRunner.run(SpringJUnit4ClassRunner.java:190)
	at org.junit.runner.JUnitCore.run(JUnitCore.java:137)
	at com.intellij.junit4.JUnit4IdeaTestRunner.startRunnerWithArgs(JUnit4IdeaTestRunner.java:69)
	at com.intellij.rt.junit.IdeaTestRunner$Repeater.startRunnerWithArgs(IdeaTestRunner.java:33)
	at com.intellij.rt.junit.JUnitStarter.prepareStreamsAndStart(JUnitStarter.java:221)
	at com.intellij.rt.junit.JUnitStarter.main(JUnitStarter.java:54)
18:04:05.482 [main] INFO  c.o.p.controller.UserControllerTest:152- response:{"code":-20103,"message":"Invalid nickname","result":{}}
18:04:53.225 [main] INFO  c.o.p.controller.UserControllerTest:55- Starting UserControllerTest using Java 1.8.0_161 on DESKTOP-MEMJ3FE with PID 844 (started by Administrator in D:\JAVA\Revision\olee_project)
18:04:53.227 [main] INFO  c.o.p.controller.UserControllerTest:659- No active profile set, falling back to default profiles: default
18:04:55.611 [main] WARN  o.s.b.a.f.FreeMarkerAutoConfiguration:65- Cannot find template location(s): [classpath:/templates/] (please add some templates, check your FreeMarker configuration, or set spring.freemarker.checkTemplateLocation=false)
18:04:55.721 [main] INFO  c.o.p.controller.UserControllerTest:61- Started UserControllerTest in 2.834 seconds (JVM running for 3.658)
18:04:55.958 [main] INFO  c.o.p.i.AuthorizationInterceptor:58- 拿到的userId：7e445a77470a49d899a7f61d336681ec，拿到的token值：8beb73609c07ef7122be0d4ddcd3130c-20210812175311874-954217
18:04:56.535 [main] INFO  c.o.p.controller.UserController:73- userId为7e445a77470a49d899a7f61d336681ec,进入到updateUserInfo的controller层
18:04:56.535 [main] INFO  c.o.p.s.InfoManagementServiceImpl:53- controller层接收到的nickname：null,address：成都市锦江区
18:04:56.773 [main] INFO  c.o.p.controller.UserControllerTest:124- response:{"code":0,"message":"Success","result":{}}
18:04:56.789 [main] INFO  c.o.p.i.AuthorizationInterceptor:58- 拿到的userId：123，拿到的token值：45678
18:04:56.789 [main] INFO  c.o.p.controller.UserControllerTest:138- response:{"code":-20201,"message":"User‘s token have expired","result":{}}
18:04:56.789 [main] INFO  c.o.p.i.AuthorizationInterceptor:58- 拿到的userId：7e445a77470a49d899a7f61d336681ec，拿到的token值：8beb73609c07ef7122be0d4ddcd3130c-20210812175311874-954217
18:04:56.789 [main] INFO  c.o.p.controller.UserController:73- userId为7e445a77470a49d899a7f61d336681ec,进入到updateUserInfo的controller层
18:04:56.789 [main] INFO  c.o.p.s.InfoManagementServiceImpl:53- controller层接收到的nickname：111111111111111111111111111111111111111111111111111111111111111111111111111111111111111111111111111111111111111111111,address：重庆市江北区
18:04:56.789 [main] ERROR c.o.p.a.ExceptionControllerAdvice:22- 业务错误
com.olee.project.exception.BizException: null
	at com.olee.project.utils.VerificationUtils.verifyNickname(VerificationUtils.java:35)
	at com.olee.project.service.InfoManagementServiceImpl.changeInfo(InfoManagementServiceImpl.java:54)
	at com.olee.project.controller.UserController.updateUserInfo(UserController.java:74)
	at sun.reflect.NativeMethodAccessorImpl.invoke0(Native Method)
	at sun.reflect.NativeMethodAccessorImpl.invoke(NativeMethodAccessorImpl.java:62)
	at sun.reflect.DelegatingMethodAccessorImpl.invoke(DelegatingMethodAccessorImpl.java:43)
	at java.lang.reflect.Method.invoke(Method.java:498)
	at org.springframework.web.method.support.InvocableHandlerMethod.doInvoke(InvocableHandlerMethod.java:197)
	at org.springframework.web.method.support.InvocableHandlerMethod.invokeForRequest(InvocableHandlerMethod.java:141)
	at org.springframework.web.servlet.mvc.method.annotation.ServletInvocableHandlerMethod.invokeAndHandle(ServletInvocableHandlerMethod.java:106)
	at org.springframework.web.servlet.mvc.method.annotation.RequestMappingHandlerAdapter.invokeHandlerMethod(RequestMappingHandlerAdapter.java:894)
	at org.springframework.web.servlet.mvc.method.annotation.RequestMappingHandlerAdapter.handleInternal(RequestMappingHandlerAdapter.java:808)
	at org.springframework.web.servlet.mvc.method.AbstractHandlerMethodAdapter.handle(AbstractHandlerMethodAdapter.java:87)
	at org.springframework.web.servlet.DispatcherServlet.doDispatch(DispatcherServlet.java:1063)
	at org.springframework.web.servlet.DispatcherServlet.doService(DispatcherServlet.java:963)
	at org.springframework.web.servlet.FrameworkServlet.processRequest(FrameworkServlet.java:1006)
	at org.springframework.web.servlet.FrameworkServlet.doPost(FrameworkServlet.java:909)
	at javax.servlet.http.HttpServlet.service(HttpServlet.java:681)
	at org.springframework.web.servlet.FrameworkServlet.service(FrameworkServlet.java:883)
	at org.springframework.test.web.servlet.TestDispatcherServlet.service(TestDispatcherServlet.java:72)
	at javax.servlet.http.HttpServlet.service(HttpServlet.java:764)
	at org.springframework.mock.web.MockFilterChain$ServletFilterProxy.doFilter(MockFilterChain.java:167)
	at org.springframework.mock.web.MockFilterChain.doFilter(MockFilterChain.java:134)
	at org.springframework.test.web.servlet.MockMvc.perform(MockMvc.java:183)
	at com.olee.project.controller.UserControllerTest.updateUserInfoTest(UserControllerTest.java:150)
	at sun.reflect.NativeMethodAccessorImpl.invoke0(Native Method)
	at sun.reflect.NativeMethodAccessorImpl.invoke(NativeMethodAccessorImpl.java:62)
	at sun.reflect.DelegatingMethodAccessorImpl.invoke(DelegatingMethodAccessorImpl.java:43)
	at java.lang.reflect.Method.invoke(Method.java:498)
	at org.junit.runners.model.FrameworkMethod$1.runReflectiveCall(FrameworkMethod.java:50)
	at org.junit.internal.runners.model.ReflectiveCallable.run(ReflectiveCallable.java:12)
	at org.junit.runners.model.FrameworkMethod.invokeExplosively(FrameworkMethod.java:47)
	at org.junit.internal.runners.statements.InvokeMethod.evaluate(InvokeMethod.java:17)
	at org.springframework.test.context.junit4.statements.RunBeforeTestExecutionCallbacks.evaluate(RunBeforeTestExecutionCallbacks.java:74)
	at org.springframework.test.context.junit4.statements.RunAfterTestExecutionCallbacks.evaluate(RunAfterTestExecutionCallbacks.java:84)
	at org.junit.internal.runners.statements.RunBefores.evaluate(RunBefores.java:26)
	at org.springframework.test.context.junit4.statements.RunBeforeTestMethodCallbacks.evaluate(RunBeforeTestMethodCallbacks.java:75)
	at org.springframework.test.context.junit4.statements.RunAfterTestMethodCallbacks.evaluate(RunAfterTestMethodCallbacks.java:86)
	at org.springframework.test.context.junit4.statements.SpringRepeat.evaluate(SpringRepeat.java:84)
	at org.junit.runners.ParentRunner.runLeaf(ParentRunner.java:325)
	at org.springframework.test.context.junit4.SpringJUnit4ClassRunner.runChild(SpringJUnit4ClassRunner.java:251)
	at org.springframework.test.context.junit4.SpringJUnit4ClassRunner.runChild(SpringJUnit4ClassRunner.java:97)
	at org.junit.runners.ParentRunner$3.run(ParentRunner.java:290)
	at org.junit.runners.ParentRunner$1.schedule(ParentRunner.java:71)
	at org.junit.runners.ParentRunner.runChildren(ParentRunner.java:288)
	at org.junit.runners.ParentRunner.access$000(ParentRunner.java:58)
	at org.junit.runners.ParentRunner$2.evaluate(ParentRunner.java:268)
	at org.springframework.test.context.junit4.statements.RunBeforeTestClassCallbacks.evaluate(RunBeforeTestClassCallbacks.java:61)
	at org.springframework.test.context.junit4.statements.RunAfterTestClassCallbacks.evaluate(RunAfterTestClassCallbacks.java:70)
	at org.junit.runners.ParentRunner.run(ParentRunner.java:363)
	at org.springframework.test.context.junit4.SpringJUnit4ClassRunner.run(SpringJUnit4ClassRunner.java:190)
	at org.junit.runner.JUnitCore.run(JUnitCore.java:137)
	at com.intellij.junit4.JUnit4IdeaTestRunner.startRunnerWithArgs(JUnit4IdeaTestRunner.java:69)
	at com.intellij.rt.junit.IdeaTestRunner$Repeater.startRunnerWithArgs(IdeaTestRunner.java:33)
	at com.intellij.rt.junit.JUnitStarter.prepareStreamsAndStart(JUnitStarter.java:221)
	at com.intellij.rt.junit.JUnitStarter.main(JUnitStarter.java:54)
18:04:56.789 [main] INFO  c.o.p.controller.UserControllerTest:152- response:{"code":-20103,"message":"Invalid nickname","result":{}}
18:04:56.789 [main] INFO  c.o.p.i.AuthorizationInterceptor:58- 拿到的userId：7e445a77470a49d899a7f61d336681ec，拿到的token值：8beb73609c07ef7122be0d4ddcd3130c-20210812175311874-954217
18:04:56.789 [main] INFO  c.o.p.controller.UserController:73- userId为7e445a77470a49d899a7f61d336681ec,进入到updateUserInfo的controller层
18:04:56.789 [main] INFO  c.o.p.s.InfoManagementServiceImpl:53- controller层接收到的nickname：Olee,address：钱钱钱钱钱钱钱钱钱钱钱钱钱钱钱钱钱钱钱钱钱钱钱钱钱钱钱钱钱钱钱钱钱钱钱钱去请求钱钱钱钱钱钱钱钱钱钱钱钱钱钱钱钱钱钱钱去请求去去请求去去钱钱钱钱钱钱钱钱钱钱钱钱钱钱钱钱钱钱钱钱钱钱钱钱钱钱钱钱钱钱钱钱钱钱钱钱去钱钱钱钱钱钱钱钱钱钱钱钱钱钱钱钱钱钱钱钱钱钱钱钱钱钱钱钱钱钱钱钱钱钱钱钱去钱钱钱钱钱钱钱钱钱钱钱钱钱钱钱钱钱钱钱钱钱钱钱钱钱钱钱钱钱钱钱钱钱钱钱钱去钱钱钱钱钱钱钱钱钱钱钱钱钱钱钱钱钱钱钱钱钱钱钱钱钱钱钱钱钱钱钱钱钱钱钱钱去钱钱钱钱钱钱钱钱钱钱钱钱钱钱钱钱钱钱钱钱钱钱钱钱钱钱钱钱钱钱钱钱钱钱钱钱钱钱钱钱钱
18:04:56.789 [main] ERROR c.o.p.a.ExceptionControllerAdvice:22- 业务错误
com.olee.project.exception.BizException: null
	at com.olee.project.utils.VerificationUtils.verifyAddress(VerificationUtils.java:46)
	at com.olee.project.service.InfoManagementServiceImpl.changeInfo(InfoManagementServiceImpl.java:55)
	at com.olee.project.controller.UserController.updateUserInfo(UserController.java:74)
	at sun.reflect.NativeMethodAccessorImpl.invoke0(Native Method)
	at sun.reflect.NativeMethodAccessorImpl.invoke(NativeMethodAccessorImpl.java:62)
	at sun.reflect.DelegatingMethodAccessorImpl.invoke(DelegatingMethodAccessorImpl.java:43)
	at java.lang.reflect.Method.invoke(Method.java:498)
	at org.springframework.web.method.support.InvocableHandlerMethod.doInvoke(InvocableHandlerMethod.java:197)
	at org.springframework.web.method.support.InvocableHandlerMethod.invokeForRequest(InvocableHandlerMethod.java:141)
	at org.springframework.web.servlet.mvc.method.annotation.ServletInvocableHandlerMethod.invokeAndHandle(ServletInvocableHandlerMethod.java:106)
	at org.springframework.web.servlet.mvc.method.annotation.RequestMappingHandlerAdapter.invokeHandlerMethod(RequestMappingHandlerAdapter.java:894)
	at org.springframework.web.servlet.mvc.method.annotation.RequestMappingHandlerAdapter.handleInternal(RequestMappingHandlerAdapter.java:808)
	at org.springframework.web.servlet.mvc.method.AbstractHandlerMethodAdapter.handle(AbstractHandlerMethodAdapter.java:87)
	at org.springframework.web.servlet.DispatcherServlet.doDispatch(DispatcherServlet.java:1063)
	at org.springframework.web.servlet.DispatcherServlet.doService(DispatcherServlet.java:963)
	at org.springframework.web.servlet.FrameworkServlet.processRequest(FrameworkServlet.java:1006)
	at org.springframework.web.servlet.FrameworkServlet.doPost(FrameworkServlet.java:909)
	at javax.servlet.http.HttpServlet.service(HttpServlet.java:681)
	at org.springframework.web.servlet.FrameworkServlet.service(FrameworkServlet.java:883)
	at org.springframework.test.web.servlet.TestDispatcherServlet.service(TestDispatcherServlet.java:72)
	at javax.servlet.http.HttpServlet.service(HttpServlet.java:764)
	at org.springframework.mock.web.MockFilterChain$ServletFilterProxy.doFilter(MockFilterChain.java:167)
	at org.springframework.mock.web.MockFilterChain.doFilter(MockFilterChain.java:134)
	at org.springframework.test.web.servlet.MockMvc.perform(MockMvc.java:183)
	at com.olee.project.controller.UserControllerTest.updateUserInfoTest(UserControllerTest.java:164)
	at sun.reflect.NativeMethodAccessorImpl.invoke0(Native Method)
	at sun.reflect.NativeMethodAccessorImpl.invoke(NativeMethodAccessorImpl.java:62)
	at sun.reflect.DelegatingMethodAccessorImpl.invoke(DelegatingMethodAccessorImpl.java:43)
	at java.lang.reflect.Method.invoke(Method.java:498)
	at org.junit.runners.model.FrameworkMethod$1.runReflectiveCall(FrameworkMethod.java:50)
	at org.junit.internal.runners.model.ReflectiveCallable.run(ReflectiveCallable.java:12)
	at org.junit.runners.model.FrameworkMethod.invokeExplosively(FrameworkMethod.java:47)
	at org.junit.internal.runners.statements.InvokeMethod.evaluate(InvokeMethod.java:17)
	at org.springframework.test.context.junit4.statements.RunBeforeTestExecutionCallbacks.evaluate(RunBeforeTestExecutionCallbacks.java:74)
	at org.springframework.test.context.junit4.statements.RunAfterTestExecutionCallbacks.evaluate(RunAfterTestExecutionCallbacks.java:84)
	at org.junit.internal.runners.statements.RunBefores.evaluate(RunBefores.java:26)
	at org.springframework.test.context.junit4.statements.RunBeforeTestMethodCallbacks.evaluate(RunBeforeTestMethodCallbacks.java:75)
	at org.springframework.test.context.junit4.statements.RunAfterTestMethodCallbacks.evaluate(RunAfterTestMethodCallbacks.java:86)
	at org.springframework.test.context.junit4.statements.SpringRepeat.evaluate(SpringRepeat.java:84)
	at org.junit.runners.ParentRunner.runLeaf(ParentRunner.java:325)
	at org.springframework.test.context.junit4.SpringJUnit4ClassRunner.runChild(SpringJUnit4ClassRunner.java:251)
	at org.springframework.test.context.junit4.SpringJUnit4ClassRunner.runChild(SpringJUnit4ClassRunner.java:97)
	at org.junit.runners.ParentRunner$3.run(ParentRunner.java:290)
	at org.junit.runners.ParentRunner$1.schedule(ParentRunner.java:71)
	at org.junit.runners.ParentRunner.runChildren(ParentRunner.java:288)
	at org.junit.runners.ParentRunner.access$000(ParentRunner.java:58)
	at org.junit.runners.ParentRunner$2.evaluate(ParentRunner.java:268)
	at org.springframework.test.context.junit4.statements.RunBeforeTestClassCallbacks.evaluate(RunBeforeTestClassCallbacks.java:61)
	at org.springframework.test.context.junit4.statements.RunAfterTestClassCallbacks.evaluate(RunAfterTestClassCallbacks.java:70)
	at org.junit.runners.ParentRunner.run(ParentRunner.java:363)
	at org.springframework.test.context.junit4.SpringJUnit4ClassRunner.run(SpringJUnit4ClassRunner.java:190)
	at org.junit.runner.JUnitCore.run(JUnitCore.java:137)
	at com.intellij.junit4.JUnit4IdeaTestRunner.startRunnerWithArgs(JUnit4IdeaTestRunner.java:69)
	at com.intellij.rt.junit.IdeaTestRunner$Repeater.startRunnerWithArgs(IdeaTestRunner.java:33)
	at com.intellij.rt.junit.JUnitStarter.prepareStreamsAndStart(JUnitStarter.java:221)
	at com.intellij.rt.junit.JUnitStarter.main(JUnitStarter.java:54)
18:04:56.789 [main] INFO  c.o.p.controller.UserControllerTest:166- response:{"code":-20104,"message":"Invalid address","result":{}}
