10:02:09.423 [main] INFO  c.o.p.controller.UserControllerTest:55- Starting UserControllerTest using Java 1.8.0_161 on DESKTOP-MEMJ3FE with PID 9076 (started by Administrator in D:\JAVA\spring)
10:02:09.423 [main] INFO  c.o.p.controller.UserControllerTest:55- Starting UserControllerTest using Java 1.8.0_161 on DESKTOP-MEMJ3FE with PID 9076 (started by Administrator in D:\JAVA\spring)
10:02:09.429 [main] INFO  c.o.p.controller.UserControllerTest:659- No active profile set, falling back to default profiles: default
10:02:09.429 [main] INFO  c.o.p.controller.UserControllerTest:659- No active profile set, falling back to default profiles: default
10:02:11.755 [main] WARN  o.s.b.a.f.FreeMarkerAutoConfiguration:65- Cannot find template location(s): [classpath:/templates/] (please add some templates, check your FreeMarker configuration, or set spring.freemarker.checkTemplateLocation=false)
10:02:11.851 [main] INFO  c.o.p.controller.UserControllerTest:61- Started UserControllerTest in 2.732 seconds (JVM running for 3.51)
10:02:11.851 [main] INFO  c.o.p.controller.UserControllerTest:61- Started UserControllerTest in 2.732 seconds (JVM running for 3.51)
10:02:12.834 [main] INFO  c.o.p.s.TokenManagementServiceImpl:54- generateAndStoreToken方法删除了0个token
10:02:12.834 [main] INFO  c.o.p.s.TokenManagementServiceImpl:54- generateAndStoreToken方法删除了0个token
10:02:12.846 [main] INFO  c.o.p.controller.UserControllerTest:70- response:{"code":0,"message":"Success","result":{"userId":"2105ae04227c415ba15c8a8af03428eb","email":"15862717625@qq.com","nickname":"","address":"","createAt":"2021-08-04T14:49:24+08:00","updateAt":"2021-08-04T14:49:23+08:00","token":"04a73d6088ae02ffffc611632adf85ea-20210810100212327-366692","expiresIn":10000}}
10:02:12.846 [main] INFO  c.o.p.controller.UserControllerTest:70- response:{"code":0,"message":"Success","result":{"userId":"2105ae04227c415ba15c8a8af03428eb","email":"15862717625@qq.com","nickname":"","address":"","createAt":"2021-08-04T14:49:24+08:00","updateAt":"2021-08-04T14:49:23+08:00","token":"04a73d6088ae02ffffc611632adf85ea-20210810100212327-366692","expiresIn":10000}}
10:02:12.851 [main] INFO  c.o.p.controller.UserControllerTest:72- {"method":"POST","url":"/api/v1/user/login","contextPath":"","servletPath":"","pathInfo":"/api/v1/user/login","content":[123,34,101,109,97,105,108,34,58,34,49,53,56,54,50,55,49,55,54,50,53,64,113,113,46,99,111,109,34,44,34,112,97,115,115,119,111,114,100,34,58,34,111,108,101,101,49,50,51,34,125],"contentType":"application/json","headers":{},"parameters":{},"queryParams":{},"cookies":[],"locales":[],"requestAttributes":{},"sessionAttributes":{},"flashAttributes":{},"postProcessors":[]}
10:02:12.851 [main] INFO  c.o.p.controller.UserControllerTest:72- {"method":"POST","url":"/api/v1/user/login","contextPath":"","servletPath":"","pathInfo":"/api/v1/user/login","content":[123,34,101,109,97,105,108,34,58,34,49,53,56,54,50,55,49,55,54,50,53,64,113,113,46,99,111,109,34,44,34,112,97,115,115,119,111,114,100,34,58,34,111,108,101,101,49,50,51,34,125],"contentType":"application/json","headers":{},"parameters":{},"queryParams":{},"cookies":[],"locales":[],"requestAttributes":{},"sessionAttributes":{},"flashAttributes":{},"postProcessors":[]}
10:04:11.975 [main] INFO  c.o.p.controller.UserControllerTest:55- Starting UserControllerTest using Java 1.8.0_161 on DESKTOP-MEMJ3FE with PID 13732 (started by Administrator in D:\JAVA\spring)
10:04:11.975 [main] INFO  c.o.p.controller.UserControllerTest:55- Starting UserControllerTest using Java 1.8.0_161 on DESKTOP-MEMJ3FE with PID 13732 (started by Administrator in D:\JAVA\spring)
10:04:11.978 [main] INFO  c.o.p.controller.UserControllerTest:659- No active profile set, falling back to default profiles: default
10:04:11.978 [main] INFO  c.o.p.controller.UserControllerTest:659- No active profile set, falling back to default profiles: default
10:04:14.319 [main] WARN  o.s.b.a.f.FreeMarkerAutoConfiguration:65- Cannot find template location(s): [classpath:/templates/] (please add some templates, check your FreeMarker configuration, or set spring.freemarker.checkTemplateLocation=false)
10:04:14.418 [main] INFO  c.o.p.controller.UserControllerTest:61- Started UserControllerTest in 2.752 seconds (JVM running for 3.594)
10:04:14.418 [main] INFO  c.o.p.controller.UserControllerTest:61- Started UserControllerTest in 2.752 seconds (JVM running for 3.594)
10:04:14.622 [main] INFO  c.o.p.i.AuthorizationInterceptor:49- 拦截器拿到的userId：2105ae04227c415ba15c8a8af03428eb，拿到的token值：04a73d6088ae02ffffc611632adf85ea-20210810100212327-366692
10:04:14.622 [main] INFO  c.o.p.i.AuthorizationInterceptor:49- 拦截器拿到的userId：2105ae04227c415ba15c8a8af03428eb，拿到的token值：04a73d6088ae02ffffc611632adf85ea-20210810100212327-366692
10:04:15.159 [main] INFO  c.o.p.controller.UserController:74- userI为2105ae04227c415ba15c8a8af03428eb的用户进入到getUserInfo的controller层
10:04:15.159 [main] INFO  c.o.p.controller.UserController:74- userI为2105ae04227c415ba15c8a8af03428eb的用户进入到getUserInfo的controller层
10:04:15.379 [main] INFO  c.o.p.controller.UserControllerTest:101- response:{"code":0,"message":"Success","result":{"userId":"2105ae04227c415ba15c8a8af03428eb","email":"15862717625@qq.com","nickname":"","address":"","createAt":"2021-08-04T14:49:23+0800","updateAt":"2021-08-04T14:49:24+0800"}}
10:04:15.379 [main] INFO  c.o.p.controller.UserControllerTest:101- response:{"code":0,"message":"Success","result":{"userId":"2105ae04227c415ba15c8a8af03428eb","email":"15862717625@qq.com","nickname":"","address":"","createAt":"2021-08-04T14:49:23+0800","updateAt":"2021-08-04T14:49:24+0800"}}
10:05:26.524 [main] INFO  c.o.p.controller.UserControllerTest:55- Starting UserControllerTest using Java 1.8.0_161 on DESKTOP-MEMJ3FE with PID 14224 (started by Administrator in D:\JAVA\spring)
10:05:26.524 [main] INFO  c.o.p.controller.UserControllerTest:55- Starting UserControllerTest using Java 1.8.0_161 on DESKTOP-MEMJ3FE with PID 14224 (started by Administrator in D:\JAVA\spring)
10:05:26.526 [main] INFO  c.o.p.controller.UserControllerTest:659- No active profile set, falling back to default profiles: default
10:05:26.526 [main] INFO  c.o.p.controller.UserControllerTest:659- No active profile set, falling back to default profiles: default
10:05:28.812 [main] WARN  o.s.b.a.f.FreeMarkerAutoConfiguration:65- Cannot find template location(s): [classpath:/templates/] (please add some templates, check your FreeMarker configuration, or set spring.freemarker.checkTemplateLocation=false)
10:05:28.905 [main] INFO  c.o.p.controller.UserControllerTest:61- Started UserControllerTest in 2.698 seconds (JVM running for 3.505)
10:05:28.905 [main] INFO  c.o.p.controller.UserControllerTest:61- Started UserControllerTest in 2.698 seconds (JVM running for 3.505)
10:05:29.107 [main] INFO  c.o.p.i.AuthorizationInterceptor:49- 拦截器拿到的userId：2105ae04227c415ba15c8a8af03428eb，拿到的token值：04a73d6088ae02ffffc611632adf85ea-20210810100212327-366692
10:05:29.107 [main] INFO  c.o.p.i.AuthorizationInterceptor:49- 拦截器拿到的userId：2105ae04227c415ba15c8a8af03428eb，拿到的token值：04a73d6088ae02ffffc611632adf85ea-20210810100212327-366692
10:05:29.637 [main] INFO  c.o.p.controller.UserController:74- userI为2105ae04227c415ba15c8a8af03428eb的用户进入到getUserInfo的controller层
10:05:29.637 [main] INFO  c.o.p.controller.UserController:74- userI为2105ae04227c415ba15c8a8af03428eb的用户进入到getUserInfo的controller层
10:05:29.856 [main] INFO  c.o.p.controller.UserControllerTest:101- response:{"code":0,"message":"Success","result":{"userId":"2105ae04227c415ba15c8a8af03428eb","email":"15862717625@qq.com","nickname":"","address":"","createAt":"2021-08-04T14:49:23+0800","updateAt":"2021-08-04T14:49:24+0800"}}
10:05:29.856 [main] INFO  c.o.p.controller.UserControllerTest:101- response:{"code":0,"message":"Success","result":{"userId":"2105ae04227c415ba15c8a8af03428eb","email":"15862717625@qq.com","nickname":"","address":"","createAt":"2021-08-04T14:49:23+0800","updateAt":"2021-08-04T14:49:24+0800"}}
10:07:10.533 [main] INFO  c.o.p.controller.UserControllerTest:55- Starting UserControllerTest using Java 1.8.0_161 on DESKTOP-MEMJ3FE with PID 14764 (started by Administrator in D:\JAVA\spring)
10:07:10.533 [main] INFO  c.o.p.controller.UserControllerTest:55- Starting UserControllerTest using Java 1.8.0_161 on DESKTOP-MEMJ3FE with PID 14764 (started by Administrator in D:\JAVA\spring)
10:07:10.535 [main] INFO  c.o.p.controller.UserControllerTest:659- No active profile set, falling back to default profiles: default
10:07:10.535 [main] INFO  c.o.p.controller.UserControllerTest:659- No active profile set, falling back to default profiles: default
10:07:12.863 [main] WARN  o.s.b.a.f.FreeMarkerAutoConfiguration:65- Cannot find template location(s): [classpath:/templates/] (please add some templates, check your FreeMarker configuration, or set spring.freemarker.checkTemplateLocation=false)
10:07:12.961 [main] INFO  c.o.p.controller.UserControllerTest:61- Started UserControllerTest in 2.746 seconds (JVM running for 3.583)
10:07:12.961 [main] INFO  c.o.p.controller.UserControllerTest:61- Started UserControllerTest in 2.746 seconds (JVM running for 3.583)
10:07:13.174 [main] INFO  c.o.p.i.AuthorizationInterceptor:49- 拦截器拿到的userId：2105ae04227c415ba15c8a8af03428eb，拿到的token值：04a73d6088ae02ffffc611632adf85ea-20210810100212327-366692
10:07:13.174 [main] INFO  c.o.p.i.AuthorizationInterceptor:49- 拦截器拿到的userId：2105ae04227c415ba15c8a8af03428eb，拿到的token值：04a73d6088ae02ffffc611632adf85ea-20210810100212327-366692
10:07:13.704 [main] INFO  c.o.p.controller.UserController:86- userI为2105ae04227c415ba15c8a8af03428eb的用户进入到updateUserInfo的controller层
10:07:13.704 [main] INFO  c.o.p.controller.UserController:86- userI为2105ae04227c415ba15c8a8af03428eb的用户进入到updateUserInfo的controller层
10:07:13.704 [main] INFO  c.o.p.s.InfoManagementServiceImpl:48- controller层接收到的nickname：null,address：null
10:07:13.704 [main] INFO  c.o.p.s.InfoManagementServiceImpl:48- controller层接收到的nickname：null,address：null
10:07:13.714 [main] INFO  c.o.p.controller.UserControllerTest:125- response:{"code":-10001,"message":"Server internal error","result":{}}
10:07:13.714 [main] INFO  c.o.p.controller.UserControllerTest:125- response:{"code":-10001,"message":"Server internal error","result":{}}
10:07:59.914 [main] INFO  c.o.p.controller.UserControllerTest:55- Starting UserControllerTest using Java 1.8.0_161 on DESKTOP-MEMJ3FE with PID 10396 (started by Administrator in D:\JAVA\spring)
10:07:59.914 [main] INFO  c.o.p.controller.UserControllerTest:55- Starting UserControllerTest using Java 1.8.0_161 on DESKTOP-MEMJ3FE with PID 10396 (started by Administrator in D:\JAVA\spring)
10:07:59.917 [main] INFO  c.o.p.controller.UserControllerTest:659- No active profile set, falling back to default profiles: default
10:07:59.917 [main] INFO  c.o.p.controller.UserControllerTest:659- No active profile set, falling back to default profiles: default
10:08:02.244 [main] WARN  o.s.b.a.f.FreeMarkerAutoConfiguration:65- Cannot find template location(s): [classpath:/templates/] (please add some templates, check your FreeMarker configuration, or set spring.freemarker.checkTemplateLocation=false)
10:08:02.350 [main] INFO  c.o.p.controller.UserControllerTest:61- Started UserControllerTest in 2.761 seconds (JVM running for 3.576)
10:08:02.350 [main] INFO  c.o.p.controller.UserControllerTest:61- Started UserControllerTest in 2.761 seconds (JVM running for 3.576)
10:08:02.566 [main] INFO  c.o.p.i.AuthorizationInterceptor:49- 拦截器拿到的userId：2105ae04227c415ba15c8a8af03428eb，拿到的token值：04a73d6088ae02ffffc611632adf85ea-20210810100212327-366692
10:08:02.566 [main] INFO  c.o.p.i.AuthorizationInterceptor:49- 拦截器拿到的userId：2105ae04227c415ba15c8a8af03428eb，拿到的token值：04a73d6088ae02ffffc611632adf85ea-20210810100212327-366692
10:08:03.113 [main] INFO  c.o.p.controller.UserController:86- userI为2105ae04227c415ba15c8a8af03428eb的用户进入到updateUserInfo的controller层
10:08:03.113 [main] INFO  c.o.p.controller.UserController:86- userI为2105ae04227c415ba15c8a8af03428eb的用户进入到updateUserInfo的controller层
10:08:03.114 [main] INFO  c.o.p.s.InfoManagementServiceImpl:48- controller层接收到的nickname：Jay,address：重庆市江北区
10:08:03.114 [main] INFO  c.o.p.s.InfoManagementServiceImpl:48- controller层接收到的nickname：Jay,address：重庆市江北区
10:08:03.345 [main] INFO  c.o.p.controller.UserControllerTest:125- response:{"code":0,"message":"Success","result":{}}
10:08:03.345 [main] INFO  c.o.p.controller.UserControllerTest:125- response:{"code":0,"message":"Success","result":{}}
10:08:40.102 [main] INFO  c.o.p.controller.UserControllerTest:55- Starting UserControllerTest using Java 1.8.0_161 on DESKTOP-MEMJ3FE with PID 18856 (started by Administrator in D:\JAVA\spring)
10:08:40.102 [main] INFO  c.o.p.controller.UserControllerTest:55- Starting UserControllerTest using Java 1.8.0_161 on DESKTOP-MEMJ3FE with PID 18856 (started by Administrator in D:\JAVA\spring)
10:08:40.104 [main] INFO  c.o.p.controller.UserControllerTest:659- No active profile set, falling back to default profiles: default
10:08:40.104 [main] INFO  c.o.p.controller.UserControllerTest:659- No active profile set, falling back to default profiles: default
10:08:42.406 [main] WARN  o.s.b.a.f.FreeMarkerAutoConfiguration:65- Cannot find template location(s): [classpath:/templates/] (please add some templates, check your FreeMarker configuration, or set spring.freemarker.checkTemplateLocation=false)
10:08:42.509 [main] INFO  c.o.p.controller.UserControllerTest:61- Started UserControllerTest in 2.725 seconds (JVM running for 3.546)
10:08:42.509 [main] INFO  c.o.p.controller.UserControllerTest:61- Started UserControllerTest in 2.725 seconds (JVM running for 3.546)
10:08:42.724 [main] INFO  c.o.p.i.AuthorizationInterceptor:49- 拦截器拿到的userId：2105ae04227c415ba15c8a8af03428eb，拿到的token值：04a73d6088ae02ffffc611632adf85ea-20210810100212327-366692
10:08:42.724 [main] INFO  c.o.p.i.AuthorizationInterceptor:49- 拦截器拿到的userId：2105ae04227c415ba15c8a8af03428eb，拿到的token值：04a73d6088ae02ffffc611632adf85ea-20210810100212327-366692
10:08:43.254 [main] INFO  c.o.p.controller.UserController:86- userI为2105ae04227c415ba15c8a8af03428eb的用户进入到updateUserInfo的controller层
10:08:43.254 [main] INFO  c.o.p.controller.UserController:86- userI为2105ae04227c415ba15c8a8af03428eb的用户进入到updateUserInfo的controller层
10:08:43.255 [main] INFO  c.o.p.s.InfoManagementServiceImpl:48- controller层接收到的nickname：Jay,address：重庆市江北区
10:08:43.255 [main] INFO  c.o.p.s.InfoManagementServiceImpl:48- controller层接收到的nickname：Jay,address：重庆市江北区
10:08:43.540 [main] INFO  c.o.p.controller.UserControllerTest:125- response:{"code":0,"message":"Success","result":{}}
10:08:43.540 [main] INFO  c.o.p.controller.UserControllerTest:125- response:{"code":0,"message":"Success","result":{}}
10:09:44.208 [main] INFO  c.o.p.controller.UserControllerTest:55- Starting UserControllerTest using Java 1.8.0_161 on DESKTOP-MEMJ3FE with PID 19568 (started by Administrator in D:\JAVA\spring)
10:09:44.208 [main] INFO  c.o.p.controller.UserControllerTest:55- Starting UserControllerTest using Java 1.8.0_161 on DESKTOP-MEMJ3FE with PID 19568 (started by Administrator in D:\JAVA\spring)
10:09:44.211 [main] INFO  c.o.p.controller.UserControllerTest:659- No active profile set, falling back to default profiles: default
10:09:44.211 [main] INFO  c.o.p.controller.UserControllerTest:659- No active profile set, falling back to default profiles: default
10:09:46.548 [main] WARN  o.s.b.a.f.FreeMarkerAutoConfiguration:65- Cannot find template location(s): [classpath:/templates/] (please add some templates, check your FreeMarker configuration, or set spring.freemarker.checkTemplateLocation=false)
10:09:46.676 [main] INFO  c.o.p.controller.UserControllerTest:61- Started UserControllerTest in 2.786 seconds (JVM running for 3.647)
10:09:46.676 [main] INFO  c.o.p.controller.UserControllerTest:61- Started UserControllerTest in 2.786 seconds (JVM running for 3.647)
10:09:46.893 [main] INFO  c.o.p.i.AuthorizationInterceptor:49- 拦截器拿到的userId：2105ae04227c415ba15c8a8af03428eb，拿到的token值：04a73d6088ae02ffffc611632adf85ea-20210810100212327-366692
10:09:46.893 [main] INFO  c.o.p.i.AuthorizationInterceptor:49- 拦截器拿到的userId：2105ae04227c415ba15c8a8af03428eb，拿到的token值：04a73d6088ae02ffffc611632adf85ea-20210810100212327-366692
10:09:47.483 [main] INFO  c.o.p.controller.UserController:86- userI为2105ae04227c415ba15c8a8af03428eb的用户进入到updateUserInfo的controller层
10:09:47.483 [main] INFO  c.o.p.controller.UserController:86- userI为2105ae04227c415ba15c8a8af03428eb的用户进入到updateUserInfo的controller层
10:09:47.483 [main] INFO  c.o.p.s.InfoManagementServiceImpl:48- controller层接收到的nickname：Jay,address：重庆市江北区
10:09:47.483 [main] INFO  c.o.p.s.InfoManagementServiceImpl:48- controller层接收到的nickname：Jay,address：重庆市江北区
10:09:47.717 [main] INFO  c.o.p.controller.UserControllerTest:125- response:{"code":0,"message":"Success","result":{}}
10:09:47.717 [main] INFO  c.o.p.controller.UserControllerTest:125- response:{"code":0,"message":"Success","result":{}}
10:09:47.720 [main] INFO  c.o.p.i.AuthorizationInterceptor:49- 拦截器拿到的userId：123，拿到的token值：45678
10:09:47.720 [main] INFO  c.o.p.i.AuthorizationInterceptor:49- 拦截器拿到的userId：123，拿到的token值：45678
10:09:47.722 [main] INFO  c.o.p.controller.UserControllerTest:138- response:{"code":-20201,"message":"User‘s token have expired","result":{}}
10:09:47.722 [main] INFO  c.o.p.controller.UserControllerTest:138- response:{"code":-20201,"message":"User‘s token have expired","result":{}}
10:10:19.374 [main] INFO  c.o.p.controller.UserControllerTest:55- Starting UserControllerTest using Java 1.8.0_161 on DESKTOP-MEMJ3FE with PID 16596 (started by Administrator in D:\JAVA\spring)
10:10:19.374 [main] INFO  c.o.p.controller.UserControllerTest:55- Starting UserControllerTest using Java 1.8.0_161 on DESKTOP-MEMJ3FE with PID 16596 (started by Administrator in D:\JAVA\spring)
10:10:19.376 [main] INFO  c.o.p.controller.UserControllerTest:659- No active profile set, falling back to default profiles: default
10:10:19.376 [main] INFO  c.o.p.controller.UserControllerTest:659- No active profile set, falling back to default profiles: default
10:10:21.738 [main] WARN  o.s.b.a.f.FreeMarkerAutoConfiguration:65- Cannot find template location(s): [classpath:/templates/] (please add some templates, check your FreeMarker configuration, or set spring.freemarker.checkTemplateLocation=false)
10:10:21.837 [main] INFO  c.o.p.controller.UserControllerTest:61- Started UserControllerTest in 2.772 seconds (JVM running for 3.581)
10:10:21.837 [main] INFO  c.o.p.controller.UserControllerTest:61- Started UserControllerTest in 2.772 seconds (JVM running for 3.581)
10:10:22.031 [main] INFO  c.o.p.i.AuthorizationInterceptor:49- 拦截器拿到的userId：2105ae04227c415ba15c8a8af03428eb，拿到的token值：04a73d6088ae02ffffc611632adf85ea-20210810100212327-366692
10:10:22.031 [main] INFO  c.o.p.i.AuthorizationInterceptor:49- 拦截器拿到的userId：2105ae04227c415ba15c8a8af03428eb，拿到的token值：04a73d6088ae02ffffc611632adf85ea-20210810100212327-366692
10:10:22.586 [main] INFO  c.o.p.controller.UserController:86- userI为2105ae04227c415ba15c8a8af03428eb的用户进入到updateUserInfo的controller层
10:10:22.586 [main] INFO  c.o.p.controller.UserController:86- userI为2105ae04227c415ba15c8a8af03428eb的用户进入到updateUserInfo的controller层
10:10:22.586 [main] INFO  c.o.p.s.InfoManagementServiceImpl:48- controller层接收到的nickname：Jay,address：重庆市江北区
10:10:22.586 [main] INFO  c.o.p.s.InfoManagementServiceImpl:48- controller层接收到的nickname：Jay,address：重庆市江北区
10:10:22.875 [main] INFO  c.o.p.controller.UserControllerTest:125- response:{"code":0,"message":"Success","result":{}}
10:10:22.875 [main] INFO  c.o.p.controller.UserControllerTest:125- response:{"code":0,"message":"Success","result":{}}
10:10:22.878 [main] INFO  c.o.p.i.AuthorizationInterceptor:49- 拦截器拿到的userId：123，拿到的token值：45678
10:10:22.878 [main] INFO  c.o.p.i.AuthorizationInterceptor:49- 拦截器拿到的userId：123，拿到的token值：45678
10:10:22.880 [main] INFO  c.o.p.controller.UserControllerTest:138- response:{"code":-20201,"message":"User‘s token have expired","result":{}}
10:10:22.880 [main] INFO  c.o.p.controller.UserControllerTest:138- response:{"code":-20201,"message":"User‘s token have expired","result":{}}
10:10:22.881 [main] INFO  c.o.p.i.AuthorizationInterceptor:49- 拦截器拿到的userId：2105ae04227c415ba15c8a8af03428eb，拿到的token值：04a73d6088ae02ffffc611632adf85ea-20210810100212327-366692
10:10:22.881 [main] INFO  c.o.p.i.AuthorizationInterceptor:49- 拦截器拿到的userId：2105ae04227c415ba15c8a8af03428eb，拿到的token值：04a73d6088ae02ffffc611632adf85ea-20210810100212327-366692
10:10:22.882 [main] INFO  c.o.p.controller.UserController:86- userI为2105ae04227c415ba15c8a8af03428eb的用户进入到updateUserInfo的controller层
10:10:22.882 [main] INFO  c.o.p.controller.UserController:86- userI为2105ae04227c415ba15c8a8af03428eb的用户进入到updateUserInfo的controller层
10:10:22.882 [main] INFO  c.o.p.s.InfoManagementServiceImpl:48- controller层接收到的nickname：111111111111111111111111111111111111111111111111111111111111111111111111111111111111111111111111111111111111111111111,address：重庆市江北区
10:10:22.882 [main] INFO  c.o.p.s.InfoManagementServiceImpl:48- controller层接收到的nickname：111111111111111111111111111111111111111111111111111111111111111111111111111111111111111111111111111111111111111111111,address：重庆市江北区
10:10:22.883 [main] INFO  c.o.p.controller.UserControllerTest:151- response:{"code":-20103,"message":"Invalid nickname","result":{}}
10:10:22.883 [main] INFO  c.o.p.controller.UserControllerTest:151- response:{"code":-20103,"message":"Invalid nickname","result":{}}
10:11:10.552 [main] INFO  c.o.p.controller.UserControllerTest:55- Starting UserControllerTest using Java 1.8.0_161 on DESKTOP-MEMJ3FE with PID 7408 (started by Administrator in D:\JAVA\spring)
10:11:10.552 [main] INFO  c.o.p.controller.UserControllerTest:55- Starting UserControllerTest using Java 1.8.0_161 on DESKTOP-MEMJ3FE with PID 7408 (started by Administrator in D:\JAVA\spring)
10:11:10.554 [main] INFO  c.o.p.controller.UserControllerTest:659- No active profile set, falling back to default profiles: default
10:11:10.554 [main] INFO  c.o.p.controller.UserControllerTest:659- No active profile set, falling back to default profiles: default
10:11:12.895 [main] WARN  o.s.b.a.f.FreeMarkerAutoConfiguration:65- Cannot find template location(s): [classpath:/templates/] (please add some templates, check your FreeMarker configuration, or set spring.freemarker.checkTemplateLocation=false)
10:11:13.002 [main] INFO  c.o.p.controller.UserControllerTest:61- Started UserControllerTest in 2.764 seconds (JVM running for 3.572)
10:11:13.002 [main] INFO  c.o.p.controller.UserControllerTest:61- Started UserControllerTest in 2.764 seconds (JVM running for 3.572)
10:11:13.203 [main] INFO  c.o.p.i.AuthorizationInterceptor:49- 拦截器拿到的userId：2105ae04227c415ba15c8a8af03428eb，拿到的token值：04a73d6088ae02ffffc611632adf85ea-20210810100212327-366692
10:11:13.203 [main] INFO  c.o.p.i.AuthorizationInterceptor:49- 拦截器拿到的userId：2105ae04227c415ba15c8a8af03428eb，拿到的token值：04a73d6088ae02ffffc611632adf85ea-20210810100212327-366692
10:11:13.739 [main] INFO  c.o.p.controller.UserController:86- userI为2105ae04227c415ba15c8a8af03428eb的用户进入到updateUserInfo的controller层
10:11:13.739 [main] INFO  c.o.p.controller.UserController:86- userI为2105ae04227c415ba15c8a8af03428eb的用户进入到updateUserInfo的controller层
10:11:13.740 [main] INFO  c.o.p.s.InfoManagementServiceImpl:48- controller层接收到的nickname：Jay,address：重庆市江北区
10:11:13.740 [main] INFO  c.o.p.s.InfoManagementServiceImpl:48- controller层接收到的nickname：Jay,address：重庆市江北区
10:11:13.968 [main] INFO  c.o.p.controller.UserControllerTest:125- response:{"code":0,"message":"Success","result":{}}
10:11:13.968 [main] INFO  c.o.p.controller.UserControllerTest:125- response:{"code":0,"message":"Success","result":{}}
10:11:13.970 [main] INFO  c.o.p.i.AuthorizationInterceptor:49- 拦截器拿到的userId：123，拿到的token值：45678
10:11:13.970 [main] INFO  c.o.p.i.AuthorizationInterceptor:49- 拦截器拿到的userId：123，拿到的token值：45678
10:11:13.972 [main] INFO  c.o.p.controller.UserControllerTest:138- response:{"code":-20201,"message":"User‘s token have expired","result":{}}
10:11:13.972 [main] INFO  c.o.p.controller.UserControllerTest:138- response:{"code":-20201,"message":"User‘s token have expired","result":{}}
10:11:13.973 [main] INFO  c.o.p.i.AuthorizationInterceptor:49- 拦截器拿到的userId：2105ae04227c415ba15c8a8af03428eb，拿到的token值：04a73d6088ae02ffffc611632adf85ea-20210810100212327-366692
10:11:13.973 [main] INFO  c.o.p.i.AuthorizationInterceptor:49- 拦截器拿到的userId：2105ae04227c415ba15c8a8af03428eb，拿到的token值：04a73d6088ae02ffffc611632adf85ea-20210810100212327-366692
10:11:13.974 [main] INFO  c.o.p.controller.UserController:86- userI为2105ae04227c415ba15c8a8af03428eb的用户进入到updateUserInfo的controller层
10:11:13.974 [main] INFO  c.o.p.controller.UserController:86- userI为2105ae04227c415ba15c8a8af03428eb的用户进入到updateUserInfo的controller层
10:11:13.974 [main] INFO  c.o.p.s.InfoManagementServiceImpl:48- controller层接收到的nickname：111111111111111111111111111111111111111111111111111111111111111111111111111111111111111111111111111111111111111111111,address：重庆市江北区
10:11:13.974 [main] INFO  c.o.p.s.InfoManagementServiceImpl:48- controller层接收到的nickname：111111111111111111111111111111111111111111111111111111111111111111111111111111111111111111111111111111111111111111111,address：重庆市江北区
10:11:13.975 [main] INFO  c.o.p.controller.UserControllerTest:151- response:{"code":-20103,"message":"Invalid nickname","result":{}}
10:11:13.975 [main] INFO  c.o.p.controller.UserControllerTest:151- response:{"code":-20103,"message":"Invalid nickname","result":{}}
10:11:13.976 [main] INFO  c.o.p.i.AuthorizationInterceptor:49- 拦截器拿到的userId：2105ae04227c415ba15c8a8af03428eb，拿到的token值：04a73d6088ae02ffffc611632adf85ea-20210810100212327-366692
10:11:13.976 [main] INFO  c.o.p.i.AuthorizationInterceptor:49- 拦截器拿到的userId：2105ae04227c415ba15c8a8af03428eb，拿到的token值：04a73d6088ae02ffffc611632adf85ea-20210810100212327-366692
10:11:13.977 [main] INFO  c.o.p.controller.UserController:86- userI为2105ae04227c415ba15c8a8af03428eb的用户进入到updateUserInfo的controller层
10:11:13.977 [main] INFO  c.o.p.controller.UserController:86- userI为2105ae04227c415ba15c8a8af03428eb的用户进入到updateUserInfo的controller层
10:11:13.977 [main] INFO  c.o.p.s.InfoManagementServiceImpl:48- controller层接收到的nickname：Olee,address：钱钱钱钱钱钱钱钱钱钱钱钱钱钱钱钱钱钱钱钱钱钱钱钱钱钱钱钱钱钱钱钱钱钱钱钱去请求钱钱钱钱钱钱钱钱钱钱钱钱钱钱钱钱钱钱钱去请求去去请求去去钱钱钱钱钱钱钱钱钱钱钱钱钱钱钱钱钱钱钱钱钱钱钱钱钱钱钱钱钱钱钱钱钱钱钱钱去钱钱钱钱钱钱钱钱钱钱钱钱钱钱钱钱钱钱钱钱钱钱钱钱钱钱钱钱钱钱钱钱钱钱钱钱去钱钱钱钱钱钱钱钱钱钱钱钱钱钱钱钱钱钱钱钱钱钱钱钱钱钱钱钱钱钱钱钱钱钱钱钱去钱钱钱钱钱钱钱钱钱钱钱钱钱钱钱钱钱钱钱钱钱钱钱钱钱钱钱钱钱钱钱钱钱钱钱钱去钱钱钱钱钱钱钱钱钱钱钱钱钱钱钱钱钱钱钱钱钱钱钱钱钱钱钱钱钱钱钱钱钱钱钱钱钱钱钱钱钱
10:11:13.977 [main] INFO  c.o.p.s.InfoManagementServiceImpl:48- controller层接收到的nickname：Olee,address：钱钱钱钱钱钱钱钱钱钱钱钱钱钱钱钱钱钱钱钱钱钱钱钱钱钱钱钱钱钱钱钱钱钱钱钱去请求钱钱钱钱钱钱钱钱钱钱钱钱钱钱钱钱钱钱钱去请求去去请求去去钱钱钱钱钱钱钱钱钱钱钱钱钱钱钱钱钱钱钱钱钱钱钱钱钱钱钱钱钱钱钱钱钱钱钱钱去钱钱钱钱钱钱钱钱钱钱钱钱钱钱钱钱钱钱钱钱钱钱钱钱钱钱钱钱钱钱钱钱钱钱钱钱去钱钱钱钱钱钱钱钱钱钱钱钱钱钱钱钱钱钱钱钱钱钱钱钱钱钱钱钱钱钱钱钱钱钱钱钱去钱钱钱钱钱钱钱钱钱钱钱钱钱钱钱钱钱钱钱钱钱钱钱钱钱钱钱钱钱钱钱钱钱钱钱钱去钱钱钱钱钱钱钱钱钱钱钱钱钱钱钱钱钱钱钱钱钱钱钱钱钱钱钱钱钱钱钱钱钱钱钱钱钱钱钱钱钱
10:11:13.978 [main] INFO  c.o.p.controller.UserControllerTest:164- response:{"code":-20104,"message":"Invalid address","result":{}}
10:11:13.978 [main] INFO  c.o.p.controller.UserControllerTest:164- response:{"code":-20104,"message":"Invalid address","result":{}}
10:11:34.080 [main] INFO  c.o.p.controller.UserControllerTest:55- Starting UserControllerTest using Java 1.8.0_161 on DESKTOP-MEMJ3FE with PID 10628 (started by Administrator in D:\JAVA\spring)
10:11:34.080 [main] INFO  c.o.p.controller.UserControllerTest:55- Starting UserControllerTest using Java 1.8.0_161 on DESKTOP-MEMJ3FE with PID 10628 (started by Administrator in D:\JAVA\spring)
10:11:34.082 [main] INFO  c.o.p.controller.UserControllerTest:659- No active profile set, falling back to default profiles: default
10:11:34.082 [main] INFO  c.o.p.controller.UserControllerTest:659- No active profile set, falling back to default profiles: default
10:11:36.376 [main] WARN  o.s.b.a.f.FreeMarkerAutoConfiguration:65- Cannot find template location(s): [classpath:/templates/] (please add some templates, check your FreeMarker configuration, or set spring.freemarker.checkTemplateLocation=false)
10:11:36.477 [main] INFO  c.o.p.controller.UserControllerTest:61- Started UserControllerTest in 2.714 seconds (JVM running for 3.513)
10:11:36.477 [main] INFO  c.o.p.controller.UserControllerTest:61- Started UserControllerTest in 2.714 seconds (JVM running for 3.513)
10:11:36.686 [main] INFO  c.o.p.i.AuthorizationInterceptor:49- 拦截器拿到的userId：2105ae04227c415ba15c8a8af03428eb，拿到的token值：04a73d6088ae02ffffc611632adf85ea-20210810100212327-366692
10:11:36.686 [main] INFO  c.o.p.i.AuthorizationInterceptor:49- 拦截器拿到的userId：2105ae04227c415ba15c8a8af03428eb，拿到的token值：04a73d6088ae02ffffc611632adf85ea-20210810100212327-366692
10:11:37.230 [main] INFO  c.o.p.controller.UserController:86- userI为2105ae04227c415ba15c8a8af03428eb的用户进入到updateUserInfo的controller层
10:11:37.230 [main] INFO  c.o.p.controller.UserController:86- userI为2105ae04227c415ba15c8a8af03428eb的用户进入到updateUserInfo的controller层
10:11:37.230 [main] INFO  c.o.p.s.InfoManagementServiceImpl:48- controller层接收到的nickname：Jay,address：重庆市江北区
10:11:37.230 [main] INFO  c.o.p.s.InfoManagementServiceImpl:48- controller层接收到的nickname：Jay,address：重庆市江北区
10:11:37.458 [main] INFO  c.o.p.controller.UserControllerTest:125- response:{"code":0,"message":"Success","result":{}}
10:11:37.458 [main] INFO  c.o.p.controller.UserControllerTest:125- response:{"code":0,"message":"Success","result":{}}
10:11:37.460 [main] INFO  c.o.p.i.AuthorizationInterceptor:49- 拦截器拿到的userId：123，拿到的token值：45678
10:11:37.460 [main] INFO  c.o.p.i.AuthorizationInterceptor:49- 拦截器拿到的userId：123，拿到的token值：45678
10:11:37.462 [main] INFO  c.o.p.controller.UserControllerTest:138- response:{"code":-20201,"message":"User‘s token have expired","result":{}}
10:11:37.462 [main] INFO  c.o.p.controller.UserControllerTest:138- response:{"code":-20201,"message":"User‘s token have expired","result":{}}
10:11:37.462 [main] INFO  c.o.p.i.AuthorizationInterceptor:49- 拦截器拿到的userId：2105ae04227c415ba15c8a8af03428eb，拿到的token值：04a73d6088ae02ffffc611632adf85ea-20210810100212327-366692
10:11:37.462 [main] INFO  c.o.p.i.AuthorizationInterceptor:49- 拦截器拿到的userId：2105ae04227c415ba15c8a8af03428eb，拿到的token值：04a73d6088ae02ffffc611632adf85ea-20210810100212327-366692
10:11:37.464 [main] INFO  c.o.p.controller.UserController:86- userI为2105ae04227c415ba15c8a8af03428eb的用户进入到updateUserInfo的controller层
10:11:37.464 [main] INFO  c.o.p.controller.UserController:86- userI为2105ae04227c415ba15c8a8af03428eb的用户进入到updateUserInfo的controller层
10:11:37.464 [main] INFO  c.o.p.s.InfoManagementServiceImpl:48- controller层接收到的nickname：111111111111111111111111111111111111111111111111111111111111111111111111111111111111111111111111111111111111111111111,address：重庆市江北区
10:11:37.464 [main] INFO  c.o.p.s.InfoManagementServiceImpl:48- controller层接收到的nickname：111111111111111111111111111111111111111111111111111111111111111111111111111111111111111111111111111111111111111111111,address：重庆市江北区
10:11:37.465 [main] INFO  c.o.p.controller.UserControllerTest:151- response:{"code":-20103,"message":"Invalid nickname","result":{}}
10:11:37.465 [main] INFO  c.o.p.controller.UserControllerTest:151- response:{"code":-20103,"message":"Invalid nickname","result":{}}
10:11:37.465 [main] INFO  c.o.p.i.AuthorizationInterceptor:49- 拦截器拿到的userId：2105ae04227c415ba15c8a8af03428eb，拿到的token值：04a73d6088ae02ffffc611632adf85ea-20210810100212327-366692
10:11:37.465 [main] INFO  c.o.p.i.AuthorizationInterceptor:49- 拦截器拿到的userId：2105ae04227c415ba15c8a8af03428eb，拿到的token值：04a73d6088ae02ffffc611632adf85ea-20210810100212327-366692
10:11:37.466 [main] INFO  c.o.p.controller.UserController:86- userI为2105ae04227c415ba15c8a8af03428eb的用户进入到updateUserInfo的controller层
10:11:37.466 [main] INFO  c.o.p.controller.UserController:86- userI为2105ae04227c415ba15c8a8af03428eb的用户进入到updateUserInfo的controller层
10:11:37.466 [main] INFO  c.o.p.s.InfoManagementServiceImpl:48- controller层接收到的nickname：Olee,address：钱钱钱钱钱钱钱钱钱钱钱钱钱钱钱钱钱钱钱钱钱钱钱钱钱钱钱钱钱钱钱钱钱钱钱钱去请求钱钱钱钱钱钱钱钱钱钱钱钱钱钱钱钱钱钱钱去请求去去请求去去钱钱钱钱钱钱钱钱钱钱钱钱钱钱钱钱钱钱钱钱钱钱钱钱钱钱钱钱钱钱钱钱钱钱钱钱去钱钱钱钱钱钱钱钱钱钱钱钱钱钱钱钱钱钱钱钱钱钱钱钱钱钱钱钱钱钱钱钱钱钱钱钱去钱钱钱钱钱钱钱钱钱钱钱钱钱钱钱钱钱钱钱钱钱钱钱钱钱钱钱钱钱钱钱钱钱钱钱钱去钱钱钱钱钱钱钱钱钱钱钱钱钱钱钱钱钱钱钱钱钱钱钱钱钱钱钱钱钱钱钱钱钱钱钱钱去钱钱钱钱钱钱钱钱钱钱钱钱钱钱钱钱钱钱钱钱钱钱钱钱钱钱钱钱钱钱钱钱钱钱钱钱钱钱钱钱钱
10:11:37.466 [main] INFO  c.o.p.s.InfoManagementServiceImpl:48- controller层接收到的nickname：Olee,address：钱钱钱钱钱钱钱钱钱钱钱钱钱钱钱钱钱钱钱钱钱钱钱钱钱钱钱钱钱钱钱钱钱钱钱钱去请求钱钱钱钱钱钱钱钱钱钱钱钱钱钱钱钱钱钱钱去请求去去请求去去钱钱钱钱钱钱钱钱钱钱钱钱钱钱钱钱钱钱钱钱钱钱钱钱钱钱钱钱钱钱钱钱钱钱钱钱去钱钱钱钱钱钱钱钱钱钱钱钱钱钱钱钱钱钱钱钱钱钱钱钱钱钱钱钱钱钱钱钱钱钱钱钱去钱钱钱钱钱钱钱钱钱钱钱钱钱钱钱钱钱钱钱钱钱钱钱钱钱钱钱钱钱钱钱钱钱钱钱钱去钱钱钱钱钱钱钱钱钱钱钱钱钱钱钱钱钱钱钱钱钱钱钱钱钱钱钱钱钱钱钱钱钱钱钱钱去钱钱钱钱钱钱钱钱钱钱钱钱钱钱钱钱钱钱钱钱钱钱钱钱钱钱钱钱钱钱钱钱钱钱钱钱钱钱钱钱钱
10:11:37.467 [main] INFO  c.o.p.controller.UserControllerTest:164- response:{"code":-20104,"message":"Invalid address","result":{}}
10:11:37.467 [main] INFO  c.o.p.controller.UserControllerTest:164- response:{"code":-20104,"message":"Invalid address","result":{}}
10:13:31.178 [main] INFO  c.o.p.controller.UserControllerTest:55- Starting UserControllerTest using Java 1.8.0_161 on DESKTOP-MEMJ3FE with PID 18608 (started by Administrator in D:\JAVA\spring)
10:13:31.178 [main] INFO  c.o.p.controller.UserControllerTest:55- Starting UserControllerTest using Java 1.8.0_161 on DESKTOP-MEMJ3FE with PID 18608 (started by Administrator in D:\JAVA\spring)
10:13:31.181 [main] INFO  c.o.p.controller.UserControllerTest:659- No active profile set, falling back to default profiles: default
10:13:31.181 [main] INFO  c.o.p.controller.UserControllerTest:659- No active profile set, falling back to default profiles: default
10:13:33.487 [main] WARN  o.s.b.a.f.FreeMarkerAutoConfiguration:65- Cannot find template location(s): [classpath:/templates/] (please add some templates, check your FreeMarker configuration, or set spring.freemarker.checkTemplateLocation=false)
10:13:33.586 [main] INFO  c.o.p.controller.UserControllerTest:61- Started UserControllerTest in 2.7 seconds (JVM running for 3.52)
10:13:33.586 [main] INFO  c.o.p.controller.UserControllerTest:61- Started UserControllerTest in 2.7 seconds (JVM running for 3.52)
10:13:34.576 [main] INFO  c.o.p.s.TokenManagementServiceImpl:54- generateAndStoreToken方法删除了0个token
10:13:34.576 [main] INFO  c.o.p.s.TokenManagementServiceImpl:54- generateAndStoreToken方法删除了0个token
10:13:34.587 [main] INFO  c.o.p.controller.UserControllerTest:65- response:{"code":0,"message":"Success","result":{"userId":"308118922ef7440c80740343a1b4c1bb","email":"1037659019@qq.com","nickname":"user","createAt":"2021-08-05T11:45:01+08:00","updateAt":"2021-08-05T11:45:00+08:00","token":"8beb73609c07ef7122be0d4ddcd3130c-20210810101334060-748628","expiresIn":10000}}
10:13:34.587 [main] INFO  c.o.p.controller.UserControllerTest:65- response:{"code":0,"message":"Success","result":{"userId":"308118922ef7440c80740343a1b4c1bb","email":"1037659019@qq.com","nickname":"user","createAt":"2021-08-05T11:45:01+08:00","updateAt":"2021-08-05T11:45:00+08:00","token":"8beb73609c07ef7122be0d4ddcd3130c-20210810101334060-748628","expiresIn":10000}}
19:48:38.079 [main] INFO  c.o.p.controller.UserControllerTest:55- Starting UserControllerTest using Java 1.8.0_161 on DESKTOP-MEMJ3FE with PID 6852 (started by Administrator in D:\JAVA\Revision\olee_project)
19:48:38.079 [main] INFO  c.o.p.controller.UserControllerTest:55- Starting UserControllerTest using Java 1.8.0_161 on DESKTOP-MEMJ3FE with PID 6852 (started by Administrator in D:\JAVA\Revision\olee_project)
19:48:38.094 [main] INFO  c.o.p.controller.UserControllerTest:659- No active profile set, falling back to default profiles: default
19:48:38.094 [main] INFO  c.o.p.controller.UserControllerTest:659- No active profile set, falling back to default profiles: default
19:48:40.455 [main] WARN  o.s.b.a.f.FreeMarkerAutoConfiguration:65- Cannot find template location(s): [classpath:/templates/] (please add some templates, check your FreeMarker configuration, or set spring.freemarker.checkTemplateLocation=false)
19:48:40.574 [main] INFO  c.o.p.controller.UserControllerTest:61- Started UserControllerTest in 2.799 seconds (JVM running for 3.653)
19:48:40.574 [main] INFO  c.o.p.controller.UserControllerTest:61- Started UserControllerTest in 2.799 seconds (JVM running for 3.653)
19:48:41.175 [main] INFO  c.o.p.controller.UserControllerTest:50- response:{"code":0,"message":"Success","result":{"userId":"8822212c86674c1a8ac1d8d464ef3f32","createAt":"2021-08-10T11:48:41.139Z"}}
19:48:41.175 [main] INFO  c.o.p.controller.UserControllerTest:50- response:{"code":0,"message":"Success","result":{"userId":"8822212c86674c1a8ac1d8d464ef3f32","createAt":"2021-08-10T11:48:41.139Z"}}
19:50:00.612 [main] INFO  c.o.p.controller.UserControllerTest:55- Starting UserControllerTest using Java 1.8.0_161 on DESKTOP-MEMJ3FE with PID 20072 (started by Administrator in D:\JAVA\Revision\olee_project)
19:50:00.612 [main] INFO  c.o.p.controller.UserControllerTest:55- Starting UserControllerTest using Java 1.8.0_161 on DESKTOP-MEMJ3FE with PID 20072 (started by Administrator in D:\JAVA\Revision\olee_project)
19:50:00.628 [main] INFO  c.o.p.controller.UserControllerTest:659- No active profile set, falling back to default profiles: default
19:50:00.628 [main] INFO  c.o.p.controller.UserControllerTest:659- No active profile set, falling back to default profiles: default
19:50:02.970 [main] WARN  o.s.b.a.f.FreeMarkerAutoConfiguration:65- Cannot find template location(s): [classpath:/templates/] (please add some templates, check your FreeMarker configuration, or set spring.freemarker.checkTemplateLocation=false)
19:50:03.085 [main] INFO  c.o.p.controller.UserControllerTest:61- Started UserControllerTest in 2.83 seconds (JVM running for 3.723)
19:50:03.085 [main] INFO  c.o.p.controller.UserControllerTest:61- Started UserControllerTest in 2.83 seconds (JVM running for 3.723)
19:50:03.553 [main] INFO  c.o.p.controller.UserControllerTest:65- response:{"code":-20113,"message":"Email does not exist","result":{}}
19:50:03.553 [main] INFO  c.o.p.controller.UserControllerTest:65- response:{"code":-20113,"message":"Email does not exist","result":{}}
19:51:32.957 [main] INFO  c.o.p.controller.UserControllerTest:55- Starting UserControllerTest using Java 1.8.0_161 on DESKTOP-MEMJ3FE with PID 15324 (started by Administrator in D:\JAVA\Revision\olee_project)
19:51:32.957 [main] INFO  c.o.p.controller.UserControllerTest:55- Starting UserControllerTest using Java 1.8.0_161 on DESKTOP-MEMJ3FE with PID 15324 (started by Administrator in D:\JAVA\Revision\olee_project)
19:51:32.957 [main] INFO  c.o.p.controller.UserControllerTest:659- No active profile set, falling back to default profiles: default
19:51:32.957 [main] INFO  c.o.p.controller.UserControllerTest:659- No active profile set, falling back to default profiles: default
19:51:35.331 [main] WARN  o.s.b.a.f.FreeMarkerAutoConfiguration:65- Cannot find template location(s): [classpath:/templates/] (please add some templates, check your FreeMarker configuration, or set spring.freemarker.checkTemplateLocation=false)
19:51:35.431 [main] INFO  c.o.p.controller.UserControllerTest:61- Started UserControllerTest in 2.787 seconds (JVM running for 3.635)
19:51:35.431 [main] INFO  c.o.p.controller.UserControllerTest:61- Started UserControllerTest in 2.787 seconds (JVM running for 3.635)
19:51:36.016 [main] INFO  c.o.p.controller.UserControllerTest:50- response:{"code":0,"message":"Success","result":{"userId":"3c1a9a4c26ed427aa451de1118f5a748","createAt":"2021-08-10T11:51:35.985Z"}}
19:51:36.016 [main] INFO  c.o.p.controller.UserControllerTest:50- response:{"code":0,"message":"Success","result":{"userId":"3c1a9a4c26ed427aa451de1118f5a748","createAt":"2021-08-10T11:51:35.985Z"}}
19:51:43.909 [main] INFO  c.o.p.controller.UserControllerTest:55- Starting UserControllerTest using Java 1.8.0_161 on DESKTOP-MEMJ3FE with PID 11396 (started by Administrator in D:\JAVA\Revision\olee_project)
19:51:43.909 [main] INFO  c.o.p.controller.UserControllerTest:55- Starting UserControllerTest using Java 1.8.0_161 on DESKTOP-MEMJ3FE with PID 11396 (started by Administrator in D:\JAVA\Revision\olee_project)
19:51:43.909 [main] INFO  c.o.p.controller.UserControllerTest:659- No active profile set, falling back to default profiles: default
19:51:43.909 [main] INFO  c.o.p.controller.UserControllerTest:659- No active profile set, falling back to default profiles: default
19:51:46.198 [main] WARN  o.s.b.a.f.FreeMarkerAutoConfiguration:65- Cannot find template location(s): [classpath:/templates/] (please add some templates, check your FreeMarker configuration, or set spring.freemarker.checkTemplateLocation=false)
19:51:46.307 [main] INFO  c.o.p.controller.UserControllerTest:61- Started UserControllerTest in 2.711 seconds (JVM running for 3.526)
19:51:46.307 [main] INFO  c.o.p.controller.UserControllerTest:61- Started UserControllerTest in 2.711 seconds (JVM running for 3.526)
19:51:46.789 [main] INFO  c.o.p.controller.UserControllerTest:65- response:{"code":-20113,"message":"Email does not exist","result":{}}
19:51:46.789 [main] INFO  c.o.p.controller.UserControllerTest:65- response:{"code":-20113,"message":"Email does not exist","result":{}}
19:52:08.501 [main] INFO  c.o.p.controller.UserControllerTest:55- Starting UserControllerTest using Java 1.8.0_161 on DESKTOP-MEMJ3FE with PID 9968 (started by Administrator in D:\JAVA\Revision\olee_project)
19:52:08.501 [main] INFO  c.o.p.controller.UserControllerTest:55- Starting UserControllerTest using Java 1.8.0_161 on DESKTOP-MEMJ3FE with PID 9968 (started by Administrator in D:\JAVA\Revision\olee_project)
19:52:08.501 [main] INFO  c.o.p.controller.UserControllerTest:659- No active profile set, falling back to default profiles: default
19:52:08.501 [main] INFO  c.o.p.controller.UserControllerTest:659- No active profile set, falling back to default profiles: default
19:52:10.822 [main] WARN  o.s.b.a.f.FreeMarkerAutoConfiguration:65- Cannot find template location(s): [classpath:/templates/] (please add some templates, check your FreeMarker configuration, or set spring.freemarker.checkTemplateLocation=false)
19:52:10.946 [main] INFO  c.o.p.controller.UserControllerTest:61- Started UserControllerTest in 2.765 seconds (JVM running for 3.587)
19:52:10.946 [main] INFO  c.o.p.controller.UserControllerTest:61- Started UserControllerTest in 2.765 seconds (JVM running for 3.587)
19:52:11.929 [main] INFO  c.o.p.s.TokenManagementServiceImpl:57- generateAndStoreToken方法删除了0个token
19:52:11.929 [main] INFO  c.o.p.s.TokenManagementServiceImpl:57- generateAndStoreToken方法删除了0个token
19:52:11.929 [main] INFO  c.o.p.controller.UserControllerTest:65- response:{"code":0,"message":"Success","result":{"userId":"3c1a9a4c26ed427aa451de1118f5a748","email":"1037659019@qq.com","nickname":"user","createAt":"2021-08-10T11:51:35Z","updateAt":"2021-08-10T11:51:35Z","token":"8beb73609c07ef7122be0d4ddcd3130c-20210810195211415-729048","expiresIn":10000}}
19:52:11.929 [main] INFO  c.o.p.controller.UserControllerTest:65- response:{"code":0,"message":"Success","result":{"userId":"3c1a9a4c26ed427aa451de1118f5a748","email":"1037659019@qq.com","nickname":"user","createAt":"2021-08-10T11:51:35Z","updateAt":"2021-08-10T11:51:35Z","token":"8beb73609c07ef7122be0d4ddcd3130c-20210810195211415-729048","expiresIn":10000}}
20:08:28.125 [main] INFO  c.o.p.controller.UserControllerTest:55- Starting UserControllerTest using Java 1.8.0_161 on DESKTOP-MEMJ3FE with PID 11944 (started by Administrator in D:\JAVA\Revision\olee_project)
20:08:28.125 [main] INFO  c.o.p.controller.UserControllerTest:55- Starting UserControllerTest using Java 1.8.0_161 on DESKTOP-MEMJ3FE with PID 11944 (started by Administrator in D:\JAVA\Revision\olee_project)
20:08:28.141 [main] INFO  c.o.p.controller.UserControllerTest:659- No active profile set, falling back to default profiles: default
20:08:28.141 [main] INFO  c.o.p.controller.UserControllerTest:659- No active profile set, falling back to default profiles: default
20:08:30.463 [main] WARN  o.s.b.a.f.FreeMarkerAutoConfiguration:65- Cannot find template location(s): [classpath:/templates/] (please add some templates, check your FreeMarker configuration, or set spring.freemarker.checkTemplateLocation=false)
20:08:30.560 [main] INFO  c.o.p.controller.UserControllerTest:61- Started UserControllerTest in 2.756 seconds (JVM running for 3.555)
20:08:30.560 [main] INFO  c.o.p.controller.UserControllerTest:61- Started UserControllerTest in 2.756 seconds (JVM running for 3.555)
20:08:31.191 [main] INFO  c.o.p.controller.UserControllerTest:50- response:{"code":0,"message":"Success","result":{"userId":"cc8dd5a058404a8f92aeeb88561f5257","createAt":"2021-08-10T12:08:31.159Z"}}
20:08:31.191 [main] INFO  c.o.p.controller.UserControllerTest:50- response:{"code":0,"message":"Success","result":{"userId":"cc8dd5a058404a8f92aeeb88561f5257","createAt":"2021-08-10T12:08:31.159Z"}}
20:09:10.673 [main] INFO  c.o.p.controller.UserControllerTest:55- Starting UserControllerTest using Java 1.8.0_161 on DESKTOP-MEMJ3FE with PID 2856 (started by Administrator in D:\JAVA\Revision\olee_project)
20:09:10.673 [main] INFO  c.o.p.controller.UserControllerTest:55- Starting UserControllerTest using Java 1.8.0_161 on DESKTOP-MEMJ3FE with PID 2856 (started by Administrator in D:\JAVA\Revision\olee_project)
20:09:10.688 [main] INFO  c.o.p.controller.UserControllerTest:659- No active profile set, falling back to default profiles: default
20:09:10.688 [main] INFO  c.o.p.controller.UserControllerTest:659- No active profile set, falling back to default profiles: default
20:09:13.070 [main] WARN  o.s.b.a.f.FreeMarkerAutoConfiguration:65- Cannot find template location(s): [classpath:/templates/] (please add some templates, check your FreeMarker configuration, or set spring.freemarker.checkTemplateLocation=false)
20:09:13.195 [main] INFO  c.o.p.controller.UserControllerTest:61- Started UserControllerTest in 2.82 seconds (JVM running for 3.774)
20:09:13.195 [main] INFO  c.o.p.controller.UserControllerTest:61- Started UserControllerTest in 2.82 seconds (JVM running for 3.774)
20:09:14.264 [main] INFO  c.o.p.s.TokenManagementServiceImpl:58- generateAndStoreToken方法删除了0个token
20:09:14.264 [main] INFO  c.o.p.s.TokenManagementServiceImpl:58- generateAndStoreToken方法删除了0个token
20:09:14.279 [main] INFO  c.o.p.controller.UserControllerTest:65- response:{"code":0,"message":"Success","result":{"userId":"cc8dd5a058404a8f92aeeb88561f5257","email":"1037659019@qq.com","nickname":"user","createAt":"2021-08-10T12:08:31Z","updateAt":"2021-08-10T12:08:31Z","token":"8beb73609c07ef7122be0d4ddcd3130c-20210810200913736-452582","expiresIn":10000}}
20:09:14.279 [main] INFO  c.o.p.controller.UserControllerTest:65- response:{"code":0,"message":"Success","result":{"userId":"cc8dd5a058404a8f92aeeb88561f5257","email":"1037659019@qq.com","nickname":"user","createAt":"2021-08-10T12:08:31Z","updateAt":"2021-08-10T12:08:31Z","token":"8beb73609c07ef7122be0d4ddcd3130c-20210810200913736-452582","expiresIn":10000}}
20:34:34.792 [main] INFO  c.o.p.controller.UserControllerTest:55- Starting UserControllerTest using Java 1.8.0_161 on DESKTOP-MEMJ3FE with PID 15140 (started by Administrator in D:\JAVA\Revision\olee_project)
20:34:34.792 [main] INFO  c.o.p.controller.UserControllerTest:55- Starting UserControllerTest using Java 1.8.0_161 on DESKTOP-MEMJ3FE with PID 15140 (started by Administrator in D:\JAVA\Revision\olee_project)
20:34:34.792 [main] INFO  c.o.p.controller.UserControllerTest:659- No active profile set, falling back to default profiles: default
20:34:34.792 [main] INFO  c.o.p.controller.UserControllerTest:659- No active profile set, falling back to default profiles: default
20:34:36.387 [main] WARN  o.s.w.c.s.GenericWebApplicationContext:591- Exception encountered during context initialization - cancelling refresh attempt: org.springframework.beans.factory.UnsatisfiedDependencyException: Error creating bean with name 'userController' defined in file [D:\JAVA\Revision\olee_project\target\classes\com\olee\project\controller\UserController.class]: Unsatisfied dependency expressed through constructor parameter 0; nested exception is org.springframework.beans.factory.UnsatisfiedDependencyException: Error creating bean with name 'registerLoginServiceImpl' defined in file [D:\JAVA\Revision\olee_project\target\classes\com\olee\project\service\RegisterLoginServiceImpl.class]: Unsatisfied dependency expressed through constructor parameter 2; nested exception is org.springframework.beans.TypeMismatchException: Failed to convert value of type 'java.lang.String' to required type 'int'; nested exception is java.lang.NumberFormatException: For input string: "10000.5"
20:34:36.426 [main] ERROR o.s.boot.SpringApplication:843- Application run failed
org.springframework.beans.factory.UnsatisfiedDependencyException: Error creating bean with name 'userController' defined in file [D:\JAVA\Revision\olee_project\target\classes\com\olee\project\controller\UserController.class]: Unsatisfied dependency expressed through constructor parameter 0; nested exception is org.springframework.beans.factory.UnsatisfiedDependencyException: Error creating bean with name 'registerLoginServiceImpl' defined in file [D:\JAVA\Revision\olee_project\target\classes\com\olee\project\service\RegisterLoginServiceImpl.class]: Unsatisfied dependency expressed through constructor parameter 2; nested exception is org.springframework.beans.TypeMismatchException: Failed to convert value of type 'java.lang.String' to required type 'int'; nested exception is java.lang.NumberFormatException: For input string: "10000.5"
	at org.springframework.beans.factory.support.ConstructorResolver.createArgumentArray(ConstructorResolver.java:800)
	at org.springframework.beans.factory.support.ConstructorResolver.autowireConstructor(ConstructorResolver.java:229)
	at org.springframework.beans.factory.support.AbstractAutowireCapableBeanFactory.autowireConstructor(AbstractAutowireCapableBeanFactory.java:1354)
	at org.springframework.beans.factory.support.AbstractAutowireCapableBeanFactory.createBeanInstance(AbstractAutowireCapableBeanFactory.java:1204)
	at org.springframework.beans.factory.support.AbstractAutowireCapableBeanFactory.doCreateBean(AbstractAutowireCapableBeanFactory.java:564)
	at org.springframework.beans.factory.support.AbstractAutowireCapableBeanFactory.createBean(AbstractAutowireCapableBeanFactory.java:524)
	at org.springframework.beans.factory.support.AbstractBeanFactory.lambda$doGetBean$0(AbstractBeanFactory.java:335)
	at org.springframework.beans.factory.support.DefaultSingletonBeanRegistry.getSingleton(DefaultSingletonBeanRegistry.java:234)
	at org.springframework.beans.factory.support.AbstractBeanFactory.doGetBean(AbstractBeanFactory.java:333)
	at org.springframework.beans.factory.support.AbstractBeanFactory.getBean(AbstractBeanFactory.java:208)
	at org.springframework.beans.factory.support.DefaultListableBeanFactory.preInstantiateSingletons(DefaultListableBeanFactory.java:944)
	at org.springframework.context.support.AbstractApplicationContext.finishBeanFactoryInitialization(AbstractApplicationContext.java:918)
	at org.springframework.context.support.AbstractApplicationContext.refresh(AbstractApplicationContext.java:583)
	at org.springframework.boot.SpringApplication.refresh(SpringApplication.java:754)
	at org.springframework.boot.SpringApplication.refreshContext(SpringApplication.java:434)
	at org.springframework.boot.SpringApplication.run(SpringApplication.java:338)
	at org.springframework.boot.test.context.SpringBootContextLoader.loadContext(SpringBootContextLoader.java:123)
	at org.springframework.test.context.cache.DefaultCacheAwareContextLoaderDelegate.loadContextInternal(DefaultCacheAwareContextLoaderDelegate.java:99)
	at org.springframework.test.context.cache.DefaultCacheAwareContextLoaderDelegate.loadContext(DefaultCacheAwareContextLoaderDelegate.java:124)
	at org.springframework.test.context.support.DefaultTestContext.getApplicationContext(DefaultTestContext.java:124)
	at org.springframework.test.context.web.ServletTestExecutionListener.setUpRequestContextIfNecessary(ServletTestExecutionListener.java:190)
	at org.springframework.test.context.web.ServletTestExecutionListener.prepareTestInstance(ServletTestExecutionListener.java:132)
	at org.springframework.test.context.TestContextManager.prepareTestInstance(TestContextManager.java:244)
	at org.springframework.test.context.junit4.SpringJUnit4ClassRunner.createTest(SpringJUnit4ClassRunner.java:227)
	at org.springframework.test.context.junit4.SpringJUnit4ClassRunner$1.runReflectiveCall(SpringJUnit4ClassRunner.java:289)
	at org.junit.internal.runners.model.ReflectiveCallable.run(ReflectiveCallable.java:12)
	at org.springframework.test.context.junit4.SpringJUnit4ClassRunner.methodBlock(SpringJUnit4ClassRunner.java:291)
	at org.springframework.test.context.junit4.SpringJUnit4ClassRunner.runChild(SpringJUnit4ClassRunner.java:246)
	at org.springframework.test.context.junit4.SpringJUnit4ClassRunner.runChild(SpringJUnit4ClassRunner.java:97)
	at org.junit.runners.ParentRunner$3.run(ParentRunner.java:290)
	at org.junit.runners.ParentRunner$1.schedule(ParentRunner.java:71)
	at org.junit.runners.ParentRunner.runChildren(ParentRunner.java:288)
	at org.junit.runners.ParentRunner.access$000(ParentRunner.java:58)
	at org.junit.runners.ParentRunner$2.evaluate(ParentRunner.java:268)
	at org.springframework.test.context.junit4.statements.RunBeforeTestClassCallbacks.evaluate(RunBeforeTestClassCallbacks.java:61)
	at org.springframework.test.context.junit4.statements.RunAfterTestClassCallbacks.evaluate(RunAfterTestClassCallbacks.java:70)
	at org.junit.runners.ParentRunner.run(ParentRunner.java:363)
	at org.springframework.test.context.junit4.SpringJUnit4ClassRunner.run(SpringJUnit4ClassRunner.java:190)
	at org.junit.runner.JUnitCore.run(JUnitCore.java:137)
	at com.intellij.junit4.JUnit4IdeaTestRunner.startRunnerWithArgs(JUnit4IdeaTestRunner.java:69)
	at com.intellij.rt.junit.IdeaTestRunner$Repeater.startRunnerWithArgs(IdeaTestRunner.java:33)
	at com.intellij.rt.junit.JUnitStarter.prepareStreamsAndStart(JUnitStarter.java:221)
	at com.intellij.rt.junit.JUnitStarter.main(JUnitStarter.java:54)
Caused by: org.springframework.beans.factory.UnsatisfiedDependencyException: Error creating bean with name 'registerLoginServiceImpl' defined in file [D:\JAVA\Revision\olee_project\target\classes\com\olee\project\service\RegisterLoginServiceImpl.class]: Unsatisfied dependency expressed through constructor parameter 2; nested exception is org.springframework.beans.TypeMismatchException: Failed to convert value of type 'java.lang.String' to required type 'int'; nested exception is java.lang.NumberFormatException: For input string: "10000.5"
	at org.springframework.beans.factory.support.ConstructorResolver.createArgumentArray(ConstructorResolver.java:800)
	at org.springframework.beans.factory.support.ConstructorResolver.autowireConstructor(ConstructorResolver.java:229)
	at org.springframework.beans.factory.support.AbstractAutowireCapableBeanFactory.autowireConstructor(AbstractAutowireCapableBeanFactory.java:1354)
	at org.springframework.beans.factory.support.AbstractAutowireCapableBeanFactory.createBeanInstance(AbstractAutowireCapableBeanFactory.java:1204)
	at org.springframework.beans.factory.support.AbstractAutowireCapableBeanFactory.doCreateBean(AbstractAutowireCapableBeanFactory.java:564)
	at org.springframework.beans.factory.support.AbstractAutowireCapableBeanFactory.createBean(AbstractAutowireCapableBeanFactory.java:524)
	at org.springframework.beans.factory.support.AbstractBeanFactory.lambda$doGetBean$0(AbstractBeanFactory.java:335)
	at org.springframework.beans.factory.support.DefaultSingletonBeanRegistry.getSingleton(DefaultSingletonBeanRegistry.java:234)
	at org.springframework.beans.factory.support.AbstractBeanFactory.doGetBean(AbstractBeanFactory.java:333)
	at org.springframework.beans.factory.support.AbstractBeanFactory.getBean(AbstractBeanFactory.java:208)
	at org.springframework.beans.factory.config.DependencyDescriptor.resolveCandidate(DependencyDescriptor.java:276)
	at org.springframework.beans.factory.support.DefaultListableBeanFactory.doResolveDependency(DefaultListableBeanFactory.java:1380)
	at org.springframework.beans.factory.support.DefaultListableBeanFactory.resolveDependency(DefaultListableBeanFactory.java:1300)
	at org.springframework.beans.factory.support.ConstructorResolver.resolveAutowiredArgument(ConstructorResolver.java:887)
	at org.springframework.beans.factory.support.ConstructorResolver.createArgumentArray(ConstructorResolver.java:791)
	... 42 common frames omitted
Caused by: org.springframework.beans.TypeMismatchException: Failed to convert value of type 'java.lang.String' to required type 'int'; nested exception is java.lang.NumberFormatException: For input string: "10000.5"
	at org.springframework.beans.TypeConverterSupport.convertIfNecessary(TypeConverterSupport.java:79)
	at org.springframework.beans.factory.support.DefaultListableBeanFactory.doResolveDependency(DefaultListableBeanFactory.java:1328)
	at org.springframework.beans.factory.support.DefaultListableBeanFactory.resolveDependency(DefaultListableBeanFactory.java:1300)
	at org.springframework.beans.factory.support.ConstructorResolver.resolveAutowiredArgument(ConstructorResolver.java:887)
	at org.springframework.beans.factory.support.ConstructorResolver.createArgumentArray(ConstructorResolver.java:791)
	... 56 common frames omitted
Caused by: java.lang.NumberFormatException: For input string: "10000.5"
	at java.lang.NumberFormatException.forInputString(NumberFormatException.java:65)
	at java.lang.Integer.parseInt(Integer.java:580)
	at java.lang.Integer.valueOf(Integer.java:766)
	at org.springframework.util.NumberUtils.parseNumber(NumberUtils.java:211)
	at org.springframework.beans.propertyeditors.CustomNumberEditor.setAsText(CustomNumberEditor.java:115)
	at org.springframework.beans.TypeConverterDelegate.doConvertTextValue(TypeConverterDelegate.java:429)
	at org.springframework.beans.TypeConverterDelegate.doConvertValue(TypeConverterDelegate.java:402)
	at org.springframework.beans.TypeConverterDelegate.convertIfNecessary(TypeConverterDelegate.java:155)
	at org.springframework.beans.TypeConverterSupport.convertIfNecessary(TypeConverterSupport.java:73)
	... 60 common frames omitted
20:34:36.428 [main] ERROR o.s.test.context.TestContextManager:248- Caught exception while allowing TestExecutionListener [org.springframework.test.context.web.ServletTestExecutionListener@40005471] to prepare test instance [com.olee.project.controller.UserControllerTest@23a918c7]
java.lang.IllegalStateException: Failed to load ApplicationContext
	at org.springframework.test.context.cache.DefaultCacheAwareContextLoaderDelegate.loadContext(DefaultCacheAwareContextLoaderDelegate.java:132)
	at org.springframework.test.context.support.DefaultTestContext.getApplicationContext(DefaultTestContext.java:124)
	at org.springframework.test.context.web.ServletTestExecutionListener.setUpRequestContextIfNecessary(ServletTestExecutionListener.java:190)
	at org.springframework.test.context.web.ServletTestExecutionListener.prepareTestInstance(ServletTestExecutionListener.java:132)
	at org.springframework.test.context.TestContextManager.prepareTestInstance(TestContextManager.java:244)
	at org.springframework.test.context.junit4.SpringJUnit4ClassRunner.createTest(SpringJUnit4ClassRunner.java:227)
	at org.springframework.test.context.junit4.SpringJUnit4ClassRunner$1.runReflectiveCall(SpringJUnit4ClassRunner.java:289)
	at org.junit.internal.runners.model.ReflectiveCallable.run(ReflectiveCallable.java:12)
	at org.springframework.test.context.junit4.SpringJUnit4ClassRunner.methodBlock(SpringJUnit4ClassRunner.java:291)
	at org.springframework.test.context.junit4.SpringJUnit4ClassRunner.runChild(SpringJUnit4ClassRunner.java:246)
	at org.springframework.test.context.junit4.SpringJUnit4ClassRunner.runChild(SpringJUnit4ClassRunner.java:97)
	at org.junit.runners.ParentRunner$3.run(ParentRunner.java:290)
	at org.junit.runners.ParentRunner$1.schedule(ParentRunner.java:71)
	at org.junit.runners.ParentRunner.runChildren(ParentRunner.java:288)
	at org.junit.runners.ParentRunner.access$000(ParentRunner.java:58)
	at org.junit.runners.ParentRunner$2.evaluate(ParentRunner.java:268)
	at org.springframework.test.context.junit4.statements.RunBeforeTestClassCallbacks.evaluate(RunBeforeTestClassCallbacks.java:61)
	at org.springframework.test.context.junit4.statements.RunAfterTestClassCallbacks.evaluate(RunAfterTestClassCallbacks.java:70)
	at org.junit.runners.ParentRunner.run(ParentRunner.java:363)
	at org.springframework.test.context.junit4.SpringJUnit4ClassRunner.run(SpringJUnit4ClassRunner.java:190)
	at org.junit.runner.JUnitCore.run(JUnitCore.java:137)
	at com.intellij.junit4.JUnit4IdeaTestRunner.startRunnerWithArgs(JUnit4IdeaTestRunner.java:69)
	at com.intellij.rt.junit.IdeaTestRunner$Repeater.startRunnerWithArgs(IdeaTestRunner.java:33)
	at com.intellij.rt.junit.JUnitStarter.prepareStreamsAndStart(JUnitStarter.java:221)
	at com.intellij.rt.junit.JUnitStarter.main(JUnitStarter.java:54)
Caused by: org.springframework.beans.factory.UnsatisfiedDependencyException: Error creating bean with name 'userController' defined in file [D:\JAVA\Revision\olee_project\target\classes\com\olee\project\controller\UserController.class]: Unsatisfied dependency expressed through constructor parameter 0; nested exception is org.springframework.beans.factory.UnsatisfiedDependencyException: Error creating bean with name 'registerLoginServiceImpl' defined in file [D:\JAVA\Revision\olee_project\target\classes\com\olee\project\service\RegisterLoginServiceImpl.class]: Unsatisfied dependency expressed through constructor parameter 2; nested exception is org.springframework.beans.TypeMismatchException: Failed to convert value of type 'java.lang.String' to required type 'int'; nested exception is java.lang.NumberFormatException: For input string: "10000.5"
	at org.springframework.beans.factory.support.ConstructorResolver.createArgumentArray(ConstructorResolver.java:800)
	at org.springframework.beans.factory.support.ConstructorResolver.autowireConstructor(ConstructorResolver.java:229)
	at org.springframework.beans.factory.support.AbstractAutowireCapableBeanFactory.autowireConstructor(AbstractAutowireCapableBeanFactory.java:1354)
	at org.springframework.beans.factory.support.AbstractAutowireCapableBeanFactory.createBeanInstance(AbstractAutowireCapableBeanFactory.java:1204)
	at org.springframework.beans.factory.support.AbstractAutowireCapableBeanFactory.doCreateBean(AbstractAutowireCapableBeanFactory.java:564)
	at org.springframework.beans.factory.support.AbstractAutowireCapableBeanFactory.createBean(AbstractAutowireCapableBeanFactory.java:524)
	at org.springframework.beans.factory.support.AbstractBeanFactory.lambda$doGetBean$0(AbstractBeanFactory.java:335)
	at org.springframework.beans.factory.support.DefaultSingletonBeanRegistry.getSingleton(DefaultSingletonBeanRegistry.java:234)
	at org.springframework.beans.factory.support.AbstractBeanFactory.doGetBean(AbstractBeanFactory.java:333)
	at org.springframework.beans.factory.support.AbstractBeanFactory.getBean(AbstractBeanFactory.java:208)
	at org.springframework.beans.factory.support.DefaultListableBeanFactory.preInstantiateSingletons(DefaultListableBeanFactory.java:944)
	at org.springframework.context.support.AbstractApplicationContext.finishBeanFactoryInitialization(AbstractApplicationContext.java:918)
	at org.springframework.context.support.AbstractApplicationContext.refresh(AbstractApplicationContext.java:583)
	at org.springframework.boot.SpringApplication.refresh(SpringApplication.java:754)
	at org.springframework.boot.SpringApplication.refreshContext(SpringApplication.java:434)
	at org.springframework.boot.SpringApplication.run(SpringApplication.java:338)
	at org.springframework.boot.test.context.SpringBootContextLoader.loadContext(SpringBootContextLoader.java:123)
	at org.springframework.test.context.cache.DefaultCacheAwareContextLoaderDelegate.loadContextInternal(DefaultCacheAwareContextLoaderDelegate.java:99)
	at org.springframework.test.context.cache.DefaultCacheAwareContextLoaderDelegate.loadContext(DefaultCacheAwareContextLoaderDelegate.java:124)
	... 24 common frames omitted
Caused by: org.springframework.beans.factory.UnsatisfiedDependencyException: Error creating bean with name 'registerLoginServiceImpl' defined in file [D:\JAVA\Revision\olee_project\target\classes\com\olee\project\service\RegisterLoginServiceImpl.class]: Unsatisfied dependency expressed through constructor parameter 2; nested exception is org.springframework.beans.TypeMismatchException: Failed to convert value of type 'java.lang.String' to required type 'int'; nested exception is java.lang.NumberFormatException: For input string: "10000.5"
	at org.springframework.beans.factory.support.ConstructorResolver.createArgumentArray(ConstructorResolver.java:800)
	at org.springframework.beans.factory.support.ConstructorResolver.autowireConstructor(ConstructorResolver.java:229)
	at org.springframework.beans.factory.support.AbstractAutowireCapableBeanFactory.autowireConstructor(AbstractAutowireCapableBeanFactory.java:1354)
	at org.springframework.beans.factory.support.AbstractAutowireCapableBeanFactory.createBeanInstance(AbstractAutowireCapableBeanFactory.java:1204)
	at org.springframework.beans.factory.support.AbstractAutowireCapableBeanFactory.doCreateBean(AbstractAutowireCapableBeanFactory.java:564)
	at org.springframework.beans.factory.support.AbstractAutowireCapableBeanFactory.createBean(AbstractAutowireCapableBeanFactory.java:524)
	at org.springframework.beans.factory.support.AbstractBeanFactory.lambda$doGetBean$0(AbstractBeanFactory.java:335)
	at org.springframework.beans.factory.support.DefaultSingletonBeanRegistry.getSingleton(DefaultSingletonBeanRegistry.java:234)
	at org.springframework.beans.factory.support.AbstractBeanFactory.doGetBean(AbstractBeanFactory.java:333)
	at org.springframework.beans.factory.support.AbstractBeanFactory.getBean(AbstractBeanFactory.java:208)
	at org.springframework.beans.factory.config.DependencyDescriptor.resolveCandidate(DependencyDescriptor.java:276)
	at org.springframework.beans.factory.support.DefaultListableBeanFactory.doResolveDependency(DefaultListableBeanFactory.java:1380)
	at org.springframework.beans.factory.support.DefaultListableBeanFactory.resolveDependency(DefaultListableBeanFactory.java:1300)
	at org.springframework.beans.factory.support.ConstructorResolver.resolveAutowiredArgument(ConstructorResolver.java:887)
	at org.springframework.beans.factory.support.ConstructorResolver.createArgumentArray(ConstructorResolver.java:791)
	... 42 common frames omitted
Caused by: org.springframework.beans.TypeMismatchException: Failed to convert value of type 'java.lang.String' to required type 'int'; nested exception is java.lang.NumberFormatException: For input string: "10000.5"
	at org.springframework.beans.TypeConverterSupport.convertIfNecessary(TypeConverterSupport.java:79)
	at org.springframework.beans.factory.support.DefaultListableBeanFactory.doResolveDependency(DefaultListableBeanFactory.java:1328)
	at org.springframework.beans.factory.support.DefaultListableBeanFactory.resolveDependency(DefaultListableBeanFactory.java:1300)
	at org.springframework.beans.factory.support.ConstructorResolver.resolveAutowiredArgument(ConstructorResolver.java:887)
	at org.springframework.beans.factory.support.ConstructorResolver.createArgumentArray(ConstructorResolver.java:791)
	... 56 common frames omitted
Caused by: java.lang.NumberFormatException: For input string: "10000.5"
	at java.lang.NumberFormatException.forInputString(NumberFormatException.java:65)
	at java.lang.Integer.parseInt(Integer.java:580)
	at java.lang.Integer.valueOf(Integer.java:766)
	at org.springframework.util.NumberUtils.parseNumber(NumberUtils.java:211)
	at org.springframework.beans.propertyeditors.CustomNumberEditor.setAsText(CustomNumberEditor.java:115)
	at org.springframework.beans.TypeConverterDelegate.doConvertTextValue(TypeConverterDelegate.java:429)
	at org.springframework.beans.TypeConverterDelegate.doConvertValue(TypeConverterDelegate.java:402)
	at org.springframework.beans.TypeConverterDelegate.convertIfNecessary(TypeConverterDelegate.java:155)
	at org.springframework.beans.TypeConverterSupport.convertIfNecessary(TypeConverterSupport.java:73)
	... 60 common frames omitted
20:38:56.814 [main] INFO  c.o.p.controller.UserControllerTest:55- Starting UserControllerTest using Java 1.8.0_161 on DESKTOP-MEMJ3FE with PID 1372 (started by Administrator in D:\JAVA\Revision\olee_project)
20:38:56.814 [main] INFO  c.o.p.controller.UserControllerTest:55- Starting UserControllerTest using Java 1.8.0_161 on DESKTOP-MEMJ3FE with PID 1372 (started by Administrator in D:\JAVA\Revision\olee_project)
20:38:56.829 [main] INFO  c.o.p.controller.UserControllerTest:659- No active profile set, falling back to default profiles: default
20:38:56.829 [main] INFO  c.o.p.controller.UserControllerTest:659- No active profile set, falling back to default profiles: default
20:38:58.315 [main] WARN  o.s.w.c.s.GenericWebApplicationContext:591- Exception encountered during context initialization - cancelling refresh attempt: org.springframework.beans.factory.UnsatisfiedDependencyException: Error creating bean with name 'userController' defined in file [D:\JAVA\Revision\olee_project\target\classes\com\olee\project\controller\UserController.class]: Unsatisfied dependency expressed through constructor parameter 0; nested exception is org.springframework.beans.factory.UnsatisfiedDependencyException: Error creating bean with name 'registerLoginServiceImpl' defined in file [D:\JAVA\Revision\olee_project\target\classes\com\olee\project\service\RegisterLoginServiceImpl.class]: Unsatisfied dependency expressed through constructor parameter 2; nested exception is org.springframework.beans.TypeMismatchException: Failed to convert value of type 'java.lang.String' to required type 'int'; nested exception is java.lang.NumberFormatException: For input string: "10000.5"
20:38:58.362 [main] ERROR o.s.boot.SpringApplication:843- Application run failed
org.springframework.beans.factory.UnsatisfiedDependencyException: Error creating bean with name 'userController' defined in file [D:\JAVA\Revision\olee_project\target\classes\com\olee\project\controller\UserController.class]: Unsatisfied dependency expressed through constructor parameter 0; nested exception is org.springframework.beans.factory.UnsatisfiedDependencyException: Error creating bean with name 'registerLoginServiceImpl' defined in file [D:\JAVA\Revision\olee_project\target\classes\com\olee\project\service\RegisterLoginServiceImpl.class]: Unsatisfied dependency expressed through constructor parameter 2; nested exception is org.springframework.beans.TypeMismatchException: Failed to convert value of type 'java.lang.String' to required type 'int'; nested exception is java.lang.NumberFormatException: For input string: "10000.5"
	at org.springframework.beans.factory.support.ConstructorResolver.createArgumentArray(ConstructorResolver.java:800)
	at org.springframework.beans.factory.support.ConstructorResolver.autowireConstructor(ConstructorResolver.java:229)
	at org.springframework.beans.factory.support.AbstractAutowireCapableBeanFactory.autowireConstructor(AbstractAutowireCapableBeanFactory.java:1354)
	at org.springframework.beans.factory.support.AbstractAutowireCapableBeanFactory.createBeanInstance(AbstractAutowireCapableBeanFactory.java:1204)
	at org.springframework.beans.factory.support.AbstractAutowireCapableBeanFactory.doCreateBean(AbstractAutowireCapableBeanFactory.java:564)
	at org.springframework.beans.factory.support.AbstractAutowireCapableBeanFactory.createBean(AbstractAutowireCapableBeanFactory.java:524)
	at org.springframework.beans.factory.support.AbstractBeanFactory.lambda$doGetBean$0(AbstractBeanFactory.java:335)
	at org.springframework.beans.factory.support.DefaultSingletonBeanRegistry.getSingleton(DefaultSingletonBeanRegistry.java:234)
	at org.springframework.beans.factory.support.AbstractBeanFactory.doGetBean(AbstractBeanFactory.java:333)
	at org.springframework.beans.factory.support.AbstractBeanFactory.getBean(AbstractBeanFactory.java:208)
	at org.springframework.beans.factory.support.DefaultListableBeanFactory.preInstantiateSingletons(DefaultListableBeanFactory.java:944)
	at org.springframework.context.support.AbstractApplicationContext.finishBeanFactoryInitialization(AbstractApplicationContext.java:918)
	at org.springframework.context.support.AbstractApplicationContext.refresh(AbstractApplicationContext.java:583)
	at org.springframework.boot.SpringApplication.refresh(SpringApplication.java:754)
	at org.springframework.boot.SpringApplication.refreshContext(SpringApplication.java:434)
	at org.springframework.boot.SpringApplication.run(SpringApplication.java:338)
	at org.springframework.boot.test.context.SpringBootContextLoader.loadContext(SpringBootContextLoader.java:123)
	at org.springframework.test.context.cache.DefaultCacheAwareContextLoaderDelegate.loadContextInternal(DefaultCacheAwareContextLoaderDelegate.java:99)
	at org.springframework.test.context.cache.DefaultCacheAwareContextLoaderDelegate.loadContext(DefaultCacheAwareContextLoaderDelegate.java:124)
	at org.springframework.test.context.support.DefaultTestContext.getApplicationContext(DefaultTestContext.java:124)
	at org.springframework.test.context.web.ServletTestExecutionListener.setUpRequestContextIfNecessary(ServletTestExecutionListener.java:190)
	at org.springframework.test.context.web.ServletTestExecutionListener.prepareTestInstance(ServletTestExecutionListener.java:132)
	at org.springframework.test.context.TestContextManager.prepareTestInstance(TestContextManager.java:244)
	at org.springframework.test.context.junit4.SpringJUnit4ClassRunner.createTest(SpringJUnit4ClassRunner.java:227)
	at org.springframework.test.context.junit4.SpringJUnit4ClassRunner$1.runReflectiveCall(SpringJUnit4ClassRunner.java:289)
	at org.junit.internal.runners.model.ReflectiveCallable.run(ReflectiveCallable.java:12)
	at org.springframework.test.context.junit4.SpringJUnit4ClassRunner.methodBlock(SpringJUnit4ClassRunner.java:291)
	at org.springframework.test.context.junit4.SpringJUnit4ClassRunner.runChild(SpringJUnit4ClassRunner.java:246)
	at org.springframework.test.context.junit4.SpringJUnit4ClassRunner.runChild(SpringJUnit4ClassRunner.java:97)
	at org.junit.runners.ParentRunner$3.run(ParentRunner.java:290)
	at org.junit.runners.ParentRunner$1.schedule(ParentRunner.java:71)
	at org.junit.runners.ParentRunner.runChildren(ParentRunner.java:288)
	at org.junit.runners.ParentRunner.access$000(ParentRunner.java:58)
	at org.junit.runners.ParentRunner$2.evaluate(ParentRunner.java:268)
	at org.springframework.test.context.junit4.statements.RunBeforeTestClassCallbacks.evaluate(RunBeforeTestClassCallbacks.java:61)
	at org.springframework.test.context.junit4.statements.RunAfterTestClassCallbacks.evaluate(RunAfterTestClassCallbacks.java:70)
	at org.junit.runners.ParentRunner.run(ParentRunner.java:363)
	at org.springframework.test.context.junit4.SpringJUnit4ClassRunner.run(SpringJUnit4ClassRunner.java:190)
	at org.junit.runner.JUnitCore.run(JUnitCore.java:137)
	at com.intellij.junit4.JUnit4IdeaTestRunner.startRunnerWithArgs(JUnit4IdeaTestRunner.java:69)
	at com.intellij.rt.junit.IdeaTestRunner$Repeater.startRunnerWithArgs(IdeaTestRunner.java:33)
	at com.intellij.rt.junit.JUnitStarter.prepareStreamsAndStart(JUnitStarter.java:221)
	at com.intellij.rt.junit.JUnitStarter.main(JUnitStarter.java:54)
Caused by: org.springframework.beans.factory.UnsatisfiedDependencyException: Error creating bean with name 'registerLoginServiceImpl' defined in file [D:\JAVA\Revision\olee_project\target\classes\com\olee\project\service\RegisterLoginServiceImpl.class]: Unsatisfied dependency expressed through constructor parameter 2; nested exception is org.springframework.beans.TypeMismatchException: Failed to convert value of type 'java.lang.String' to required type 'int'; nested exception is java.lang.NumberFormatException: For input string: "10000.5"
	at org.springframework.beans.factory.support.ConstructorResolver.createArgumentArray(ConstructorResolver.java:800)
	at org.springframework.beans.factory.support.ConstructorResolver.autowireConstructor(ConstructorResolver.java:229)
	at org.springframework.beans.factory.support.AbstractAutowireCapableBeanFactory.autowireConstructor(AbstractAutowireCapableBeanFactory.java:1354)
	at org.springframework.beans.factory.support.AbstractAutowireCapableBeanFactory.createBeanInstance(AbstractAutowireCapableBeanFactory.java:1204)
	at org.springframework.beans.factory.support.AbstractAutowireCapableBeanFactory.doCreateBean(AbstractAutowireCapableBeanFactory.java:564)
	at org.springframework.beans.factory.support.AbstractAutowireCapableBeanFactory.createBean(AbstractAutowireCapableBeanFactory.java:524)
	at org.springframework.beans.factory.support.AbstractBeanFactory.lambda$doGetBean$0(AbstractBeanFactory.java:335)
	at org.springframework.beans.factory.support.DefaultSingletonBeanRegistry.getSingleton(DefaultSingletonBeanRegistry.java:234)
	at org.springframework.beans.factory.support.AbstractBeanFactory.doGetBean(AbstractBeanFactory.java:333)
	at org.springframework.beans.factory.support.AbstractBeanFactory.getBean(AbstractBeanFactory.java:208)
	at org.springframework.beans.factory.config.DependencyDescriptor.resolveCandidate(DependencyDescriptor.java:276)
	at org.springframework.beans.factory.support.DefaultListableBeanFactory.doResolveDependency(DefaultListableBeanFactory.java:1380)
	at org.springframework.beans.factory.support.DefaultListableBeanFactory.resolveDependency(DefaultListableBeanFactory.java:1300)
	at org.springframework.beans.factory.support.ConstructorResolver.resolveAutowiredArgument(ConstructorResolver.java:887)
	at org.springframework.beans.factory.support.ConstructorResolver.createArgumentArray(ConstructorResolver.java:791)
	... 42 common frames omitted
Caused by: org.springframework.beans.TypeMismatchException: Failed to convert value of type 'java.lang.String' to required type 'int'; nested exception is java.lang.NumberFormatException: For input string: "10000.5"
	at org.springframework.beans.TypeConverterSupport.convertIfNecessary(TypeConverterSupport.java:79)
	at org.springframework.beans.factory.support.DefaultListableBeanFactory.doResolveDependency(DefaultListableBeanFactory.java:1328)
	at org.springframework.beans.factory.support.DefaultListableBeanFactory.resolveDependency(DefaultListableBeanFactory.java:1300)
	at org.springframework.beans.factory.support.ConstructorResolver.resolveAutowiredArgument(ConstructorResolver.java:887)
	at org.springframework.beans.factory.support.ConstructorResolver.createArgumentArray(ConstructorResolver.java:791)
	... 56 common frames omitted
Caused by: java.lang.NumberFormatException: For input string: "10000.5"
	at java.lang.NumberFormatException.forInputString(NumberFormatException.java:65)
	at java.lang.Integer.parseInt(Integer.java:580)
	at java.lang.Integer.valueOf(Integer.java:766)
	at org.springframework.util.NumberUtils.parseNumber(NumberUtils.java:211)
	at org.springframework.beans.propertyeditors.CustomNumberEditor.setAsText(CustomNumberEditor.java:115)
	at org.springframework.beans.TypeConverterDelegate.doConvertTextValue(TypeConverterDelegate.java:429)
	at org.springframework.beans.TypeConverterDelegate.doConvertValue(TypeConverterDelegate.java:402)
	at org.springframework.beans.TypeConverterDelegate.convertIfNecessary(TypeConverterDelegate.java:155)
	at org.springframework.beans.TypeConverterSupport.convertIfNecessary(TypeConverterSupport.java:73)
	... 60 common frames omitted
20:38:58.362 [main] ERROR o.s.test.context.TestContextManager:248- Caught exception while allowing TestExecutionListener [org.springframework.test.context.web.ServletTestExecutionListener@40005471] to prepare test instance [com.olee.project.controller.UserControllerTest@4a8e6e89]
java.lang.IllegalStateException: Failed to load ApplicationContext
	at org.springframework.test.context.cache.DefaultCacheAwareContextLoaderDelegate.loadContext(DefaultCacheAwareContextLoaderDelegate.java:132)
	at org.springframework.test.context.support.DefaultTestContext.getApplicationContext(DefaultTestContext.java:124)
	at org.springframework.test.context.web.ServletTestExecutionListener.setUpRequestContextIfNecessary(ServletTestExecutionListener.java:190)
	at org.springframework.test.context.web.ServletTestExecutionListener.prepareTestInstance(ServletTestExecutionListener.java:132)
	at org.springframework.test.context.TestContextManager.prepareTestInstance(TestContextManager.java:244)
	at org.springframework.test.context.junit4.SpringJUnit4ClassRunner.createTest(SpringJUnit4ClassRunner.java:227)
	at org.springframework.test.context.junit4.SpringJUnit4ClassRunner$1.runReflectiveCall(SpringJUnit4ClassRunner.java:289)
	at org.junit.internal.runners.model.ReflectiveCallable.run(ReflectiveCallable.java:12)
	at org.springframework.test.context.junit4.SpringJUnit4ClassRunner.methodBlock(SpringJUnit4ClassRunner.java:291)
	at org.springframework.test.context.junit4.SpringJUnit4ClassRunner.runChild(SpringJUnit4ClassRunner.java:246)
	at org.springframework.test.context.junit4.SpringJUnit4ClassRunner.runChild(SpringJUnit4ClassRunner.java:97)
	at org.junit.runners.ParentRunner$3.run(ParentRunner.java:290)
	at org.junit.runners.ParentRunner$1.schedule(ParentRunner.java:71)
	at org.junit.runners.ParentRunner.runChildren(ParentRunner.java:288)
	at org.junit.runners.ParentRunner.access$000(ParentRunner.java:58)
	at org.junit.runners.ParentRunner$2.evaluate(ParentRunner.java:268)
	at org.springframework.test.context.junit4.statements.RunBeforeTestClassCallbacks.evaluate(RunBeforeTestClassCallbacks.java:61)
	at org.springframework.test.context.junit4.statements.RunAfterTestClassCallbacks.evaluate(RunAfterTestClassCallbacks.java:70)
	at org.junit.runners.ParentRunner.run(ParentRunner.java:363)
	at org.springframework.test.context.junit4.SpringJUnit4ClassRunner.run(SpringJUnit4ClassRunner.java:190)
	at org.junit.runner.JUnitCore.run(JUnitCore.java:137)
	at com.intellij.junit4.JUnit4IdeaTestRunner.startRunnerWithArgs(JUnit4IdeaTestRunner.java:69)
	at com.intellij.rt.junit.IdeaTestRunner$Repeater.startRunnerWithArgs(IdeaTestRunner.java:33)
	at com.intellij.rt.junit.JUnitStarter.prepareStreamsAndStart(JUnitStarter.java:221)
	at com.intellij.rt.junit.JUnitStarter.main(JUnitStarter.java:54)
Caused by: org.springframework.beans.factory.UnsatisfiedDependencyException: Error creating bean with name 'userController' defined in file [D:\JAVA\Revision\olee_project\target\classes\com\olee\project\controller\UserController.class]: Unsatisfied dependency expressed through constructor parameter 0; nested exception is org.springframework.beans.factory.UnsatisfiedDependencyException: Error creating bean with name 'registerLoginServiceImpl' defined in file [D:\JAVA\Revision\olee_project\target\classes\com\olee\project\service\RegisterLoginServiceImpl.class]: Unsatisfied dependency expressed through constructor parameter 2; nested exception is org.springframework.beans.TypeMismatchException: Failed to convert value of type 'java.lang.String' to required type 'int'; nested exception is java.lang.NumberFormatException: For input string: "10000.5"
	at org.springframework.beans.factory.support.ConstructorResolver.createArgumentArray(ConstructorResolver.java:800)
	at org.springframework.beans.factory.support.ConstructorResolver.autowireConstructor(ConstructorResolver.java:229)
	at org.springframework.beans.factory.support.AbstractAutowireCapableBeanFactory.autowireConstructor(AbstractAutowireCapableBeanFactory.java:1354)
	at org.springframework.beans.factory.support.AbstractAutowireCapableBeanFactory.createBeanInstance(AbstractAutowireCapableBeanFactory.java:1204)
	at org.springframework.beans.factory.support.AbstractAutowireCapableBeanFactory.doCreateBean(AbstractAutowireCapableBeanFactory.java:564)
	at org.springframework.beans.factory.support.AbstractAutowireCapableBeanFactory.createBean(AbstractAutowireCapableBeanFactory.java:524)
	at org.springframework.beans.factory.support.AbstractBeanFactory.lambda$doGetBean$0(AbstractBeanFactory.java:335)
	at org.springframework.beans.factory.support.DefaultSingletonBeanRegistry.getSingleton(DefaultSingletonBeanRegistry.java:234)
	at org.springframework.beans.factory.support.AbstractBeanFactory.doGetBean(AbstractBeanFactory.java:333)
	at org.springframework.beans.factory.support.AbstractBeanFactory.getBean(AbstractBeanFactory.java:208)
	at org.springframework.beans.factory.support.DefaultListableBeanFactory.preInstantiateSingletons(DefaultListableBeanFactory.java:944)
	at org.springframework.context.support.AbstractApplicationContext.finishBeanFactoryInitialization(AbstractApplicationContext.java:918)
	at org.springframework.context.support.AbstractApplicationContext.refresh(AbstractApplicationContext.java:583)
	at org.springframework.boot.SpringApplication.refresh(SpringApplication.java:754)
	at org.springframework.boot.SpringApplication.refreshContext(SpringApplication.java:434)
	at org.springframework.boot.SpringApplication.run(SpringApplication.java:338)
	at org.springframework.boot.test.context.SpringBootContextLoader.loadContext(SpringBootContextLoader.java:123)
	at org.springframework.test.context.cache.DefaultCacheAwareContextLoaderDelegate.loadContextInternal(DefaultCacheAwareContextLoaderDelegate.java:99)
	at org.springframework.test.context.cache.DefaultCacheAwareContextLoaderDelegate.loadContext(DefaultCacheAwareContextLoaderDelegate.java:124)
	... 24 common frames omitted
Caused by: org.springframework.beans.factory.UnsatisfiedDependencyException: Error creating bean with name 'registerLoginServiceImpl' defined in file [D:\JAVA\Revision\olee_project\target\classes\com\olee\project\service\RegisterLoginServiceImpl.class]: Unsatisfied dependency expressed through constructor parameter 2; nested exception is org.springframework.beans.TypeMismatchException: Failed to convert value of type 'java.lang.String' to required type 'int'; nested exception is java.lang.NumberFormatException: For input string: "10000.5"
	at org.springframework.beans.factory.support.ConstructorResolver.createArgumentArray(ConstructorResolver.java:800)
	at org.springframework.beans.factory.support.ConstructorResolver.autowireConstructor(ConstructorResolver.java:229)
	at org.springframework.beans.factory.support.AbstractAutowireCapableBeanFactory.autowireConstructor(AbstractAutowireCapableBeanFactory.java:1354)
	at org.springframework.beans.factory.support.AbstractAutowireCapableBeanFactory.createBeanInstance(AbstractAutowireCapableBeanFactory.java:1204)
	at org.springframework.beans.factory.support.AbstractAutowireCapableBeanFactory.doCreateBean(AbstractAutowireCapableBeanFactory.java:564)
	at org.springframework.beans.factory.support.AbstractAutowireCapableBeanFactory.createBean(AbstractAutowireCapableBeanFactory.java:524)
	at org.springframework.beans.factory.support.AbstractBeanFactory.lambda$doGetBean$0(AbstractBeanFactory.java:335)
	at org.springframework.beans.factory.support.DefaultSingletonBeanRegistry.getSingleton(DefaultSingletonBeanRegistry.java:234)
	at org.springframework.beans.factory.support.AbstractBeanFactory.doGetBean(AbstractBeanFactory.java:333)
	at org.springframework.beans.factory.support.AbstractBeanFactory.getBean(AbstractBeanFactory.java:208)
	at org.springframework.beans.factory.config.DependencyDescriptor.resolveCandidate(DependencyDescriptor.java:276)
	at org.springframework.beans.factory.support.DefaultListableBeanFactory.doResolveDependency(DefaultListableBeanFactory.java:1380)
	at org.springframework.beans.factory.support.DefaultListableBeanFactory.resolveDependency(DefaultListableBeanFactory.java:1300)
	at org.springframework.beans.factory.support.ConstructorResolver.resolveAutowiredArgument(ConstructorResolver.java:887)
	at org.springframework.beans.factory.support.ConstructorResolver.createArgumentArray(ConstructorResolver.java:791)
	... 42 common frames omitted
Caused by: org.springframework.beans.TypeMismatchException: Failed to convert value of type 'java.lang.String' to required type 'int'; nested exception is java.lang.NumberFormatException: For input string: "10000.5"
	at org.springframework.beans.TypeConverterSupport.convertIfNecessary(TypeConverterSupport.java:79)
	at org.springframework.beans.factory.support.DefaultListableBeanFactory.doResolveDependency(DefaultListableBeanFactory.java:1328)
	at org.springframework.beans.factory.support.DefaultListableBeanFactory.resolveDependency(DefaultListableBeanFactory.java:1300)
	at org.springframework.beans.factory.support.ConstructorResolver.resolveAutowiredArgument(ConstructorResolver.java:887)
	at org.springframework.beans.factory.support.ConstructorResolver.createArgumentArray(ConstructorResolver.java:791)
	... 56 common frames omitted
Caused by: java.lang.NumberFormatException: For input string: "10000.5"
	at java.lang.NumberFormatException.forInputString(NumberFormatException.java:65)
	at java.lang.Integer.parseInt(Integer.java:580)
	at java.lang.Integer.valueOf(Integer.java:766)
	at org.springframework.util.NumberUtils.parseNumber(NumberUtils.java:211)
	at org.springframework.beans.propertyeditors.CustomNumberEditor.setAsText(CustomNumberEditor.java:115)
	at org.springframework.beans.TypeConverterDelegate.doConvertTextValue(TypeConverterDelegate.java:429)
	at org.springframework.beans.TypeConverterDelegate.doConvertValue(TypeConverterDelegate.java:402)
	at org.springframework.beans.TypeConverterDelegate.convertIfNecessary(TypeConverterDelegate.java:155)
	at org.springframework.beans.TypeConverterSupport.convertIfNecessary(TypeConverterSupport.java:73)
	... 60 common frames omitted
21:25:51.986 [main] INFO  c.o.p.controller.UserControllerTest:55- Starting UserControllerTest using Java 1.8.0_161 on DESKTOP-MEMJ3FE with PID 18632 (started by Administrator in D:\JAVA\Revision\olee_project)
21:25:51.986 [main] INFO  c.o.p.controller.UserControllerTest:55- Starting UserControllerTest using Java 1.8.0_161 on DESKTOP-MEMJ3FE with PID 18632 (started by Administrator in D:\JAVA\Revision\olee_project)
21:25:51.986 [main] INFO  c.o.p.controller.UserControllerTest:659- No active profile set, falling back to default profiles: default
21:25:51.986 [main] INFO  c.o.p.controller.UserControllerTest:659- No active profile set, falling back to default profiles: default
21:25:53.486 [main] WARN  o.s.w.c.s.GenericWebApplicationContext:591- Exception encountered during context initialization - cancelling refresh attempt: org.springframework.beans.factory.UnsatisfiedDependencyException: Error creating bean with name 'userController' defined in file [D:\JAVA\Revision\olee_project\target\classes\com\olee\project\controller\UserController.class]: Unsatisfied dependency expressed through constructor parameter 0; nested exception is org.springframework.beans.factory.UnsatisfiedDependencyException: Error creating bean with name 'registerLoginServiceImpl' defined in file [D:\JAVA\Revision\olee_project\target\classes\com\olee\project\service\RegisterLoginServiceImpl.class]: Unsatisfied dependency expressed through constructor parameter 2; nested exception is org.springframework.beans.TypeMismatchException: Failed to convert value of type 'java.lang.String' to required type 'int'; nested exception is java.lang.NumberFormatException: For input string: "10000.5"
21:25:53.517 [main] ERROR o.s.boot.SpringApplication:843- Application run failed
org.springframework.beans.factory.UnsatisfiedDependencyException: Error creating bean with name 'userController' defined in file [D:\JAVA\Revision\olee_project\target\classes\com\olee\project\controller\UserController.class]: Unsatisfied dependency expressed through constructor parameter 0; nested exception is org.springframework.beans.factory.UnsatisfiedDependencyException: Error creating bean with name 'registerLoginServiceImpl' defined in file [D:\JAVA\Revision\olee_project\target\classes\com\olee\project\service\RegisterLoginServiceImpl.class]: Unsatisfied dependency expressed through constructor parameter 2; nested exception is org.springframework.beans.TypeMismatchException: Failed to convert value of type 'java.lang.String' to required type 'int'; nested exception is java.lang.NumberFormatException: For input string: "10000.5"
	at org.springframework.beans.factory.support.ConstructorResolver.createArgumentArray(ConstructorResolver.java:800)
	at org.springframework.beans.factory.support.ConstructorResolver.autowireConstructor(ConstructorResolver.java:229)
	at org.springframework.beans.factory.support.AbstractAutowireCapableBeanFactory.autowireConstructor(AbstractAutowireCapableBeanFactory.java:1354)
	at org.springframework.beans.factory.support.AbstractAutowireCapableBeanFactory.createBeanInstance(AbstractAutowireCapableBeanFactory.java:1204)
	at org.springframework.beans.factory.support.AbstractAutowireCapableBeanFactory.doCreateBean(AbstractAutowireCapableBeanFactory.java:564)
	at org.springframework.beans.factory.support.AbstractAutowireCapableBeanFactory.createBean(AbstractAutowireCapableBeanFactory.java:524)
	at org.springframework.beans.factory.support.AbstractBeanFactory.lambda$doGetBean$0(AbstractBeanFactory.java:335)
	at org.springframework.beans.factory.support.DefaultSingletonBeanRegistry.getSingleton(DefaultSingletonBeanRegistry.java:234)
	at org.springframework.beans.factory.support.AbstractBeanFactory.doGetBean(AbstractBeanFactory.java:333)
	at org.springframework.beans.factory.support.AbstractBeanFactory.getBean(AbstractBeanFactory.java:208)
	at org.springframework.beans.factory.support.DefaultListableBeanFactory.preInstantiateSingletons(DefaultListableBeanFactory.java:944)
	at org.springframework.context.support.AbstractApplicationContext.finishBeanFactoryInitialization(AbstractApplicationContext.java:918)
	at org.springframework.context.support.AbstractApplicationContext.refresh(AbstractApplicationContext.java:583)
	at org.springframework.boot.SpringApplication.refresh(SpringApplication.java:754)
	at org.springframework.boot.SpringApplication.refreshContext(SpringApplication.java:434)
	at org.springframework.boot.SpringApplication.run(SpringApplication.java:338)
	at org.springframework.boot.test.context.SpringBootContextLoader.loadContext(SpringBootContextLoader.java:123)
	at org.springframework.test.context.cache.DefaultCacheAwareContextLoaderDelegate.loadContextInternal(DefaultCacheAwareContextLoaderDelegate.java:99)
	at org.springframework.test.context.cache.DefaultCacheAwareContextLoaderDelegate.loadContext(DefaultCacheAwareContextLoaderDelegate.java:124)
	at org.springframework.test.context.support.DefaultTestContext.getApplicationContext(DefaultTestContext.java:124)
	at org.springframework.test.context.web.ServletTestExecutionListener.setUpRequestContextIfNecessary(ServletTestExecutionListener.java:190)
	at org.springframework.test.context.web.ServletTestExecutionListener.prepareTestInstance(ServletTestExecutionListener.java:132)
	at org.springframework.test.context.TestContextManager.prepareTestInstance(TestContextManager.java:244)
	at org.springframework.test.context.junit4.SpringJUnit4ClassRunner.createTest(SpringJUnit4ClassRunner.java:227)
	at org.springframework.test.context.junit4.SpringJUnit4ClassRunner$1.runReflectiveCall(SpringJUnit4ClassRunner.java:289)
	at org.junit.internal.runners.model.ReflectiveCallable.run(ReflectiveCallable.java:12)
	at org.springframework.test.context.junit4.SpringJUnit4ClassRunner.methodBlock(SpringJUnit4ClassRunner.java:291)
	at org.springframework.test.context.junit4.SpringJUnit4ClassRunner.runChild(SpringJUnit4ClassRunner.java:246)
	at org.springframework.test.context.junit4.SpringJUnit4ClassRunner.runChild(SpringJUnit4ClassRunner.java:97)
	at org.junit.runners.ParentRunner$3.run(ParentRunner.java:290)
	at org.junit.runners.ParentRunner$1.schedule(ParentRunner.java:71)
	at org.junit.runners.ParentRunner.runChildren(ParentRunner.java:288)
	at org.junit.runners.ParentRunner.access$000(ParentRunner.java:58)
	at org.junit.runners.ParentRunner$2.evaluate(ParentRunner.java:268)
	at org.springframework.test.context.junit4.statements.RunBeforeTestClassCallbacks.evaluate(RunBeforeTestClassCallbacks.java:61)
	at org.springframework.test.context.junit4.statements.RunAfterTestClassCallbacks.evaluate(RunAfterTestClassCallbacks.java:70)
	at org.junit.runners.ParentRunner.run(ParentRunner.java:363)
	at org.springframework.test.context.junit4.SpringJUnit4ClassRunner.run(SpringJUnit4ClassRunner.java:190)
	at org.junit.runner.JUnitCore.run(JUnitCore.java:137)
	at com.intellij.junit4.JUnit4IdeaTestRunner.startRunnerWithArgs(JUnit4IdeaTestRunner.java:69)
	at com.intellij.rt.junit.IdeaTestRunner$Repeater.startRunnerWithArgs(IdeaTestRunner.java:33)
	at com.intellij.rt.junit.JUnitStarter.prepareStreamsAndStart(JUnitStarter.java:221)
	at com.intellij.rt.junit.JUnitStarter.main(JUnitStarter.java:54)
Caused by: org.springframework.beans.factory.UnsatisfiedDependencyException: Error creating bean with name 'registerLoginServiceImpl' defined in file [D:\JAVA\Revision\olee_project\target\classes\com\olee\project\service\RegisterLoginServiceImpl.class]: Unsatisfied dependency expressed through constructor parameter 2; nested exception is org.springframework.beans.TypeMismatchException: Failed to convert value of type 'java.lang.String' to required type 'int'; nested exception is java.lang.NumberFormatException: For input string: "10000.5"
	at org.springframework.beans.factory.support.ConstructorResolver.createArgumentArray(ConstructorResolver.java:800)
	at org.springframework.beans.factory.support.ConstructorResolver.autowireConstructor(ConstructorResolver.java:229)
	at org.springframework.beans.factory.support.AbstractAutowireCapableBeanFactory.autowireConstructor(AbstractAutowireCapableBeanFactory.java:1354)
	at org.springframework.beans.factory.support.AbstractAutowireCapableBeanFactory.createBeanInstance(AbstractAutowireCapableBeanFactory.java:1204)
	at org.springframework.beans.factory.support.AbstractAutowireCapableBeanFactory.doCreateBean(AbstractAutowireCapableBeanFactory.java:564)
	at org.springframework.beans.factory.support.AbstractAutowireCapableBeanFactory.createBean(AbstractAutowireCapableBeanFactory.java:524)
	at org.springframework.beans.factory.support.AbstractBeanFactory.lambda$doGetBean$0(AbstractBeanFactory.java:335)
	at org.springframework.beans.factory.support.DefaultSingletonBeanRegistry.getSingleton(DefaultSingletonBeanRegistry.java:234)
	at org.springframework.beans.factory.support.AbstractBeanFactory.doGetBean(AbstractBeanFactory.java:333)
	at org.springframework.beans.factory.support.AbstractBeanFactory.getBean(AbstractBeanFactory.java:208)
	at org.springframework.beans.factory.config.DependencyDescriptor.resolveCandidate(DependencyDescriptor.java:276)
	at org.springframework.beans.factory.support.DefaultListableBeanFactory.doResolveDependency(DefaultListableBeanFactory.java:1380)
	at org.springframework.beans.factory.support.DefaultListableBeanFactory.resolveDependency(DefaultListableBeanFactory.java:1300)
	at org.springframework.beans.factory.support.ConstructorResolver.resolveAutowiredArgument(ConstructorResolver.java:887)
	at org.springframework.beans.factory.support.ConstructorResolver.createArgumentArray(ConstructorResolver.java:791)
	... 42 common frames omitted
Caused by: org.springframework.beans.TypeMismatchException: Failed to convert value of type 'java.lang.String' to required type 'int'; nested exception is java.lang.NumberFormatException: For input string: "10000.5"
	at org.springframework.beans.TypeConverterSupport.convertIfNecessary(TypeConverterSupport.java:79)
	at org.springframework.beans.factory.support.DefaultListableBeanFactory.doResolveDependency(DefaultListableBeanFactory.java:1328)
	at org.springframework.beans.factory.support.DefaultListableBeanFactory.resolveDependency(DefaultListableBeanFactory.java:1300)
	at org.springframework.beans.factory.support.ConstructorResolver.resolveAutowiredArgument(ConstructorResolver.java:887)
	at org.springframework.beans.factory.support.ConstructorResolver.createArgumentArray(ConstructorResolver.java:791)
	... 56 common frames omitted
Caused by: java.lang.NumberFormatException: For input string: "10000.5"
	at java.lang.NumberFormatException.forInputString(NumberFormatException.java:65)
	at java.lang.Integer.parseInt(Integer.java:580)
	at java.lang.Integer.valueOf(Integer.java:766)
	at org.springframework.util.NumberUtils.parseNumber(NumberUtils.java:211)
	at org.springframework.beans.propertyeditors.CustomNumberEditor.setAsText(CustomNumberEditor.java:115)
	at org.springframework.beans.TypeConverterDelegate.doConvertTextValue(TypeConverterDelegate.java:429)
	at org.springframework.beans.TypeConverterDelegate.doConvertValue(TypeConverterDelegate.java:402)
	at org.springframework.beans.TypeConverterDelegate.convertIfNecessary(TypeConverterDelegate.java:155)
	at org.springframework.beans.TypeConverterSupport.convertIfNecessary(TypeConverterSupport.java:73)
	... 60 common frames omitted
21:25:53.517 [main] ERROR o.s.test.context.TestContextManager:248- Caught exception while allowing TestExecutionListener [org.springframework.test.context.web.ServletTestExecutionListener@40005471] to prepare test instance [com.olee.project.controller.UserControllerTest@204abeff]
java.lang.IllegalStateException: Failed to load ApplicationContext
	at org.springframework.test.context.cache.DefaultCacheAwareContextLoaderDelegate.loadContext(DefaultCacheAwareContextLoaderDelegate.java:132)
	at org.springframework.test.context.support.DefaultTestContext.getApplicationContext(DefaultTestContext.java:124)
	at org.springframework.test.context.web.ServletTestExecutionListener.setUpRequestContextIfNecessary(ServletTestExecutionListener.java:190)
	at org.springframework.test.context.web.ServletTestExecutionListener.prepareTestInstance(ServletTestExecutionListener.java:132)
	at org.springframework.test.context.TestContextManager.prepareTestInstance(TestContextManager.java:244)
	at org.springframework.test.context.junit4.SpringJUnit4ClassRunner.createTest(SpringJUnit4ClassRunner.java:227)
	at org.springframework.test.context.junit4.SpringJUnit4ClassRunner$1.runReflectiveCall(SpringJUnit4ClassRunner.java:289)
	at org.junit.internal.runners.model.ReflectiveCallable.run(ReflectiveCallable.java:12)
	at org.springframework.test.context.junit4.SpringJUnit4ClassRunner.methodBlock(SpringJUnit4ClassRunner.java:291)
	at org.springframework.test.context.junit4.SpringJUnit4ClassRunner.runChild(SpringJUnit4ClassRunner.java:246)
	at org.springframework.test.context.junit4.SpringJUnit4ClassRunner.runChild(SpringJUnit4ClassRunner.java:97)
	at org.junit.runners.ParentRunner$3.run(ParentRunner.java:290)
	at org.junit.runners.ParentRunner$1.schedule(ParentRunner.java:71)
	at org.junit.runners.ParentRunner.runChildren(ParentRunner.java:288)
	at org.junit.runners.ParentRunner.access$000(ParentRunner.java:58)
	at org.junit.runners.ParentRunner$2.evaluate(ParentRunner.java:268)
	at org.springframework.test.context.junit4.statements.RunBeforeTestClassCallbacks.evaluate(RunBeforeTestClassCallbacks.java:61)
	at org.springframework.test.context.junit4.statements.RunAfterTestClassCallbacks.evaluate(RunAfterTestClassCallbacks.java:70)
	at org.junit.runners.ParentRunner.run(ParentRunner.java:363)
	at org.springframework.test.context.junit4.SpringJUnit4ClassRunner.run(SpringJUnit4ClassRunner.java:190)
	at org.junit.runner.JUnitCore.run(JUnitCore.java:137)
	at com.intellij.junit4.JUnit4IdeaTestRunner.startRunnerWithArgs(JUnit4IdeaTestRunner.java:69)
	at com.intellij.rt.junit.IdeaTestRunner$Repeater.startRunnerWithArgs(IdeaTestRunner.java:33)
	at com.intellij.rt.junit.JUnitStarter.prepareStreamsAndStart(JUnitStarter.java:221)
	at com.intellij.rt.junit.JUnitStarter.main(JUnitStarter.java:54)
Caused by: org.springframework.beans.factory.UnsatisfiedDependencyException: Error creating bean with name 'userController' defined in file [D:\JAVA\Revision\olee_project\target\classes\com\olee\project\controller\UserController.class]: Unsatisfied dependency expressed through constructor parameter 0; nested exception is org.springframework.beans.factory.UnsatisfiedDependencyException: Error creating bean with name 'registerLoginServiceImpl' defined in file [D:\JAVA\Revision\olee_project\target\classes\com\olee\project\service\RegisterLoginServiceImpl.class]: Unsatisfied dependency expressed through constructor parameter 2; nested exception is org.springframework.beans.TypeMismatchException: Failed to convert value of type 'java.lang.String' to required type 'int'; nested exception is java.lang.NumberFormatException: For input string: "10000.5"
	at org.springframework.beans.factory.support.ConstructorResolver.createArgumentArray(ConstructorResolver.java:800)
	at org.springframework.beans.factory.support.ConstructorResolver.autowireConstructor(ConstructorResolver.java:229)
	at org.springframework.beans.factory.support.AbstractAutowireCapableBeanFactory.autowireConstructor(AbstractAutowireCapableBeanFactory.java:1354)
	at org.springframework.beans.factory.support.AbstractAutowireCapableBeanFactory.createBeanInstance(AbstractAutowireCapableBeanFactory.java:1204)
	at org.springframework.beans.factory.support.AbstractAutowireCapableBeanFactory.doCreateBean(AbstractAutowireCapableBeanFactory.java:564)
	at org.springframework.beans.factory.support.AbstractAutowireCapableBeanFactory.createBean(AbstractAutowireCapableBeanFactory.java:524)
	at org.springframework.beans.factory.support.AbstractBeanFactory.lambda$doGetBean$0(AbstractBeanFactory.java:335)
	at org.springframework.beans.factory.support.DefaultSingletonBeanRegistry.getSingleton(DefaultSingletonBeanRegistry.java:234)
	at org.springframework.beans.factory.support.AbstractBeanFactory.doGetBean(AbstractBeanFactory.java:333)
	at org.springframework.beans.factory.support.AbstractBeanFactory.getBean(AbstractBeanFactory.java:208)
	at org.springframework.beans.factory.support.DefaultListableBeanFactory.preInstantiateSingletons(DefaultListableBeanFactory.java:944)
	at org.springframework.context.support.AbstractApplicationContext.finishBeanFactoryInitialization(AbstractApplicationContext.java:918)
	at org.springframework.context.support.AbstractApplicationContext.refresh(AbstractApplicationContext.java:583)
	at org.springframework.boot.SpringApplication.refresh(SpringApplication.java:754)
	at org.springframework.boot.SpringApplication.refreshContext(SpringApplication.java:434)
	at org.springframework.boot.SpringApplication.run(SpringApplication.java:338)
	at org.springframework.boot.test.context.SpringBootContextLoader.loadContext(SpringBootContextLoader.java:123)
	at org.springframework.test.context.cache.DefaultCacheAwareContextLoaderDelegate.loadContextInternal(DefaultCacheAwareContextLoaderDelegate.java:99)
	at org.springframework.test.context.cache.DefaultCacheAwareContextLoaderDelegate.loadContext(DefaultCacheAwareContextLoaderDelegate.java:124)
	... 24 common frames omitted
Caused by: org.springframework.beans.factory.UnsatisfiedDependencyException: Error creating bean with name 'registerLoginServiceImpl' defined in file [D:\JAVA\Revision\olee_project\target\classes\com\olee\project\service\RegisterLoginServiceImpl.class]: Unsatisfied dependency expressed through constructor parameter 2; nested exception is org.springframework.beans.TypeMismatchException: Failed to convert value of type 'java.lang.String' to required type 'int'; nested exception is java.lang.NumberFormatException: For input string: "10000.5"
	at org.springframework.beans.factory.support.ConstructorResolver.createArgumentArray(ConstructorResolver.java:800)
	at org.springframework.beans.factory.support.ConstructorResolver.autowireConstructor(ConstructorResolver.java:229)
	at org.springframework.beans.factory.support.AbstractAutowireCapableBeanFactory.autowireConstructor(AbstractAutowireCapableBeanFactory.java:1354)
	at org.springframework.beans.factory.support.AbstractAutowireCapableBeanFactory.createBeanInstance(AbstractAutowireCapableBeanFactory.java:1204)
	at org.springframework.beans.factory.support.AbstractAutowireCapableBeanFactory.doCreateBean(AbstractAutowireCapableBeanFactory.java:564)
	at org.springframework.beans.factory.support.AbstractAutowireCapableBeanFactory.createBean(AbstractAutowireCapableBeanFactory.java:524)
	at org.springframework.beans.factory.support.AbstractBeanFactory.lambda$doGetBean$0(AbstractBeanFactory.java:335)
	at org.springframework.beans.factory.support.DefaultSingletonBeanRegistry.getSingleton(DefaultSingletonBeanRegistry.java:234)
	at org.springframework.beans.factory.support.AbstractBeanFactory.doGetBean(AbstractBeanFactory.java:333)
	at org.springframework.beans.factory.support.AbstractBeanFactory.getBean(AbstractBeanFactory.java:208)
	at org.springframework.beans.factory.config.DependencyDescriptor.resolveCandidate(DependencyDescriptor.java:276)
	at org.springframework.beans.factory.support.DefaultListableBeanFactory.doResolveDependency(DefaultListableBeanFactory.java:1380)
	at org.springframework.beans.factory.support.DefaultListableBeanFactory.resolveDependency(DefaultListableBeanFactory.java:1300)
	at org.springframework.beans.factory.support.ConstructorResolver.resolveAutowiredArgument(ConstructorResolver.java:887)
	at org.springframework.beans.factory.support.ConstructorResolver.createArgumentArray(ConstructorResolver.java:791)
	... 42 common frames omitted
Caused by: org.springframework.beans.TypeMismatchException: Failed to convert value of type 'java.lang.String' to required type 'int'; nested exception is java.lang.NumberFormatException: For input string: "10000.5"
	at org.springframework.beans.TypeConverterSupport.convertIfNecessary(TypeConverterSupport.java:79)
	at org.springframework.beans.factory.support.DefaultListableBeanFactory.doResolveDependency(DefaultListableBeanFactory.java:1328)
	at org.springframework.beans.factory.support.DefaultListableBeanFactory.resolveDependency(DefaultListableBeanFactory.java:1300)
	at org.springframework.beans.factory.support.ConstructorResolver.resolveAutowiredArgument(ConstructorResolver.java:887)
	at org.springframework.beans.factory.support.ConstructorResolver.createArgumentArray(ConstructorResolver.java:791)
	... 56 common frames omitted
Caused by: java.lang.NumberFormatException: For input string: "10000.5"
	at java.lang.NumberFormatException.forInputString(NumberFormatException.java:65)
	at java.lang.Integer.parseInt(Integer.java:580)
	at java.lang.Integer.valueOf(Integer.java:766)
	at org.springframework.util.NumberUtils.parseNumber(NumberUtils.java:211)
	at org.springframework.beans.propertyeditors.CustomNumberEditor.setAsText(CustomNumberEditor.java:115)
	at org.springframework.beans.TypeConverterDelegate.doConvertTextValue(TypeConverterDelegate.java:429)
	at org.springframework.beans.TypeConverterDelegate.doConvertValue(TypeConverterDelegate.java:402)
	at org.springframework.beans.TypeConverterDelegate.convertIfNecessary(TypeConverterDelegate.java:155)
	at org.springframework.beans.TypeConverterSupport.convertIfNecessary(TypeConverterSupport.java:73)
	... 60 common frames omitted
21:26:23.294 [main] INFO  c.o.p.controller.UserControllerTest:55- Starting UserControllerTest using Java 1.8.0_161 on DESKTOP-MEMJ3FE with PID 7104 (started by Administrator in D:\JAVA\Revision\olee_project)
21:26:23.294 [main] INFO  c.o.p.controller.UserControllerTest:55- Starting UserControllerTest using Java 1.8.0_161 on DESKTOP-MEMJ3FE with PID 7104 (started by Administrator in D:\JAVA\Revision\olee_project)
21:26:23.296 [main] INFO  c.o.p.controller.UserControllerTest:659- No active profile set, falling back to default profiles: default
21:26:23.296 [main] INFO  c.o.p.controller.UserControllerTest:659- No active profile set, falling back to default profiles: default
21:26:25.630 [main] WARN  o.s.b.a.f.FreeMarkerAutoConfiguration:65- Cannot find template location(s): [classpath:/templates/] (please add some templates, check your FreeMarker configuration, or set spring.freemarker.checkTemplateLocation=false)
21:26:25.742 [main] INFO  c.o.p.controller.UserControllerTest:61- Started UserControllerTest in 2.756 seconds (JVM running for 3.571)
21:26:25.742 [main] INFO  c.o.p.controller.UserControllerTest:61- Started UserControllerTest in 2.756 seconds (JVM running for 3.571)
21:26:25.949 [main] INFO  c.o.p.i.AuthorizationInterceptor:57- 拿到的userId：cc8dd5a058404a8f92aeeb88561f5257，拿到的token值：8beb73609c07ef7122be0d4ddcd3130c-20210810200913736-452582
21:26:25.949 [main] INFO  c.o.p.i.AuthorizationInterceptor:57- 拿到的userId：cc8dd5a058404a8f92aeeb88561f5257，拿到的token值：8beb73609c07ef7122be0d4ddcd3130c-20210810200913736-452582
21:26:26.514 [main] INFO  c.o.p.controller.UserController:65- userId为null,进入到getUserInfo的controller层
21:26:26.514 [main] INFO  c.o.p.controller.UserController:65- userId为null,进入到getUserInfo的controller层
21:26:26.723 [main] ERROR c.o.p.a.ExceptionControllerAdvice:16- 全局异常信息：
java.lang.NullPointerException: null
	at com.olee.project.service.InfoManagementServiceImpl.getUserInfo(InfoManagementServiceImpl.java:33)
	at com.olee.project.controller.UserController.getUserInfo(UserController.java:66)
	at sun.reflect.NativeMethodAccessorImpl.invoke0(Native Method)
	at sun.reflect.NativeMethodAccessorImpl.invoke(NativeMethodAccessorImpl.java:62)
	at sun.reflect.DelegatingMethodAccessorImpl.invoke(DelegatingMethodAccessorImpl.java:43)
	at java.lang.reflect.Method.invoke(Method.java:498)
	at org.springframework.web.method.support.InvocableHandlerMethod.doInvoke(InvocableHandlerMethod.java:197)
	at org.springframework.web.method.support.InvocableHandlerMethod.invokeForRequest(InvocableHandlerMethod.java:141)
	at org.springframework.web.servlet.mvc.method.annotation.ServletInvocableHandlerMethod.invokeAndHandle(ServletInvocableHandlerMethod.java:106)
	at org.springframework.web.servlet.mvc.method.annotation.RequestMappingHandlerAdapter.invokeHandlerMethod(RequestMappingHandlerAdapter.java:894)
	at org.springframework.web.servlet.mvc.method.annotation.RequestMappingHandlerAdapter.handleInternal(RequestMappingHandlerAdapter.java:808)
	at org.springframework.web.servlet.mvc.method.AbstractHandlerMethodAdapter.handle(AbstractHandlerMethodAdapter.java:87)
	at org.springframework.web.servlet.DispatcherServlet.doDispatch(DispatcherServlet.java:1063)
	at org.springframework.web.servlet.DispatcherServlet.doService(DispatcherServlet.java:963)
	at org.springframework.web.servlet.FrameworkServlet.processRequest(FrameworkServlet.java:1006)
	at org.springframework.web.servlet.FrameworkServlet.doPost(FrameworkServlet.java:909)
	at javax.servlet.http.HttpServlet.service(HttpServlet.java:681)
	at org.springframework.web.servlet.FrameworkServlet.service(FrameworkServlet.java:883)
	at org.springframework.test.web.servlet.TestDispatcherServlet.service(TestDispatcherServlet.java:72)
	at javax.servlet.http.HttpServlet.service(HttpServlet.java:764)
	at org.springframework.mock.web.MockFilterChain$ServletFilterProxy.doFilter(MockFilterChain.java:167)
	at org.springframework.mock.web.MockFilterChain.doFilter(MockFilterChain.java:134)
	at org.springframework.test.web.servlet.MockMvc.perform(MockMvc.java:183)
	at com.olee.project.controller.UserControllerTest.getUserInfoTest(UserControllerTest.java:93)
	at sun.reflect.NativeMethodAccessorImpl.invoke0(Native Method)
	at sun.reflect.NativeMethodAccessorImpl.invoke(NativeMethodAccessorImpl.java:62)
	at sun.reflect.DelegatingMethodAccessorImpl.invoke(DelegatingMethodAccessorImpl.java:43)
	at java.lang.reflect.Method.invoke(Method.java:498)
	at org.junit.runners.model.FrameworkMethod$1.runReflectiveCall(FrameworkMethod.java:50)
	at org.junit.internal.runners.model.ReflectiveCallable.run(ReflectiveCallable.java:12)
	at org.junit.runners.model.FrameworkMethod.invokeExplosively(FrameworkMethod.java:47)
	at org.junit.internal.runners.statements.InvokeMethod.evaluate(InvokeMethod.java:17)
	at org.springframework.test.context.junit4.statements.RunBeforeTestExecutionCallbacks.evaluate(RunBeforeTestExecutionCallbacks.java:74)
	at org.springframework.test.context.junit4.statements.RunAfterTestExecutionCallbacks.evaluate(RunAfterTestExecutionCallbacks.java:84)
	at org.junit.internal.runners.statements.RunBefores.evaluate(RunBefores.java:26)
	at org.springframework.test.context.junit4.statements.RunBeforeTestMethodCallbacks.evaluate(RunBeforeTestMethodCallbacks.java:75)
	at org.springframework.test.context.junit4.statements.RunAfterTestMethodCallbacks.evaluate(RunAfterTestMethodCallbacks.java:86)
	at org.springframework.test.context.junit4.statements.SpringRepeat.evaluate(SpringRepeat.java:84)
	at org.junit.runners.ParentRunner.runLeaf(ParentRunner.java:325)
	at org.springframework.test.context.junit4.SpringJUnit4ClassRunner.runChild(SpringJUnit4ClassRunner.java:251)
	at org.springframework.test.context.junit4.SpringJUnit4ClassRunner.runChild(SpringJUnit4ClassRunner.java:97)
	at org.junit.runners.ParentRunner$3.run(ParentRunner.java:290)
	at org.junit.runners.ParentRunner$1.schedule(ParentRunner.java:71)
	at org.junit.runners.ParentRunner.runChildren(ParentRunner.java:288)
	at org.junit.runners.ParentRunner.access$000(ParentRunner.java:58)
	at org.junit.runners.ParentRunner$2.evaluate(ParentRunner.java:268)
	at org.springframework.test.context.junit4.statements.RunBeforeTestClassCallbacks.evaluate(RunBeforeTestClassCallbacks.java:61)
	at org.springframework.test.context.junit4.statements.RunAfterTestClassCallbacks.evaluate(RunAfterTestClassCallbacks.java:70)
	at org.junit.runners.ParentRunner.run(ParentRunner.java:363)
	at org.springframework.test.context.junit4.SpringJUnit4ClassRunner.run(SpringJUnit4ClassRunner.java:190)
	at org.junit.runner.JUnitCore.run(JUnitCore.java:137)
	at com.intellij.junit4.JUnit4IdeaTestRunner.startRunnerWithArgs(JUnit4IdeaTestRunner.java:69)
	at com.intellij.rt.junit.IdeaTestRunner$Repeater.startRunnerWithArgs(IdeaTestRunner.java:33)
	at com.intellij.rt.junit.JUnitStarter.prepareStreamsAndStart(JUnitStarter.java:221)
	at com.intellij.rt.junit.JUnitStarter.main(JUnitStarter.java:54)
21:26:26.723 [main] ERROR c.o.p.a.ExceptionControllerAdvice:16- 全局异常信息：
java.lang.NullPointerException: null
	at com.olee.project.service.InfoManagementServiceImpl.getUserInfo(InfoManagementServiceImpl.java:33)
	at com.olee.project.controller.UserController.getUserInfo(UserController.java:66)
	at sun.reflect.NativeMethodAccessorImpl.invoke0(Native Method)
	at sun.reflect.NativeMethodAccessorImpl.invoke(NativeMethodAccessorImpl.java:62)
	at sun.reflect.DelegatingMethodAccessorImpl.invoke(DelegatingMethodAccessorImpl.java:43)
	at java.lang.reflect.Method.invoke(Method.java:498)
	at org.springframework.web.method.support.InvocableHandlerMethod.doInvoke(InvocableHandlerMethod.java:197)
	at org.springframework.web.method.support.InvocableHandlerMethod.invokeForRequest(InvocableHandlerMethod.java:141)
	at org.springframework.web.servlet.mvc.method.annotation.ServletInvocableHandlerMethod.invokeAndHandle(ServletInvocableHandlerMethod.java:106)
	at org.springframework.web.servlet.mvc.method.annotation.RequestMappingHandlerAdapter.invokeHandlerMethod(RequestMappingHandlerAdapter.java:894)
	at org.springframework.web.servlet.mvc.method.annotation.RequestMappingHandlerAdapter.handleInternal(RequestMappingHandlerAdapter.java:808)
	at org.springframework.web.servlet.mvc.method.AbstractHandlerMethodAdapter.handle(AbstractHandlerMethodAdapter.java:87)
	at org.springframework.web.servlet.DispatcherServlet.doDispatch(DispatcherServlet.java:1063)
	at org.springframework.web.servlet.DispatcherServlet.doService(DispatcherServlet.java:963)
	at org.springframework.web.servlet.FrameworkServlet.processRequest(FrameworkServlet.java:1006)
	at org.springframework.web.servlet.FrameworkServlet.doPost(FrameworkServlet.java:909)
	at javax.servlet.http.HttpServlet.service(HttpServlet.java:681)
	at org.springframework.web.servlet.FrameworkServlet.service(FrameworkServlet.java:883)
	at org.springframework.test.web.servlet.TestDispatcherServlet.service(TestDispatcherServlet.java:72)
	at javax.servlet.http.HttpServlet.service(HttpServlet.java:764)
	at org.springframework.mock.web.MockFilterChain$ServletFilterProxy.doFilter(MockFilterChain.java:167)
	at org.springframework.mock.web.MockFilterChain.doFilter(MockFilterChain.java:134)
	at org.springframework.test.web.servlet.MockMvc.perform(MockMvc.java:183)
	at com.olee.project.controller.UserControllerTest.getUserInfoTest(UserControllerTest.java:93)
	at sun.reflect.NativeMethodAccessorImpl.invoke0(Native Method)
	at sun.reflect.NativeMethodAccessorImpl.invoke(NativeMethodAccessorImpl.java:62)
	at sun.reflect.DelegatingMethodAccessorImpl.invoke(DelegatingMethodAccessorImpl.java:43)
	at java.lang.reflect.Method.invoke(Method.java:498)
	at org.junit.runners.model.FrameworkMethod$1.runReflectiveCall(FrameworkMethod.java:50)
	at org.junit.internal.runners.model.ReflectiveCallable.run(ReflectiveCallable.java:12)
	at org.junit.runners.model.FrameworkMethod.invokeExplosively(FrameworkMethod.java:47)
	at org.junit.internal.runners.statements.InvokeMethod.evaluate(InvokeMethod.java:17)
	at org.springframework.test.context.junit4.statements.RunBeforeTestExecutionCallbacks.evaluate(RunBeforeTestExecutionCallbacks.java:74)
	at org.springframework.test.context.junit4.statements.RunAfterTestExecutionCallbacks.evaluate(RunAfterTestExecutionCallbacks.java:84)
	at org.junit.internal.runners.statements.RunBefores.evaluate(RunBefores.java:26)
	at org.springframework.test.context.junit4.statements.RunBeforeTestMethodCallbacks.evaluate(RunBeforeTestMethodCallbacks.java:75)
	at org.springframework.test.context.junit4.statements.RunAfterTestMethodCallbacks.evaluate(RunAfterTestMethodCallbacks.java:86)
	at org.springframework.test.context.junit4.statements.SpringRepeat.evaluate(SpringRepeat.java:84)
	at org.junit.runners.ParentRunner.runLeaf(ParentRunner.java:325)
	at org.springframework.test.context.junit4.SpringJUnit4ClassRunner.runChild(SpringJUnit4ClassRunner.java:251)
	at org.springframework.test.context.junit4.SpringJUnit4ClassRunner.runChild(SpringJUnit4ClassRunner.java:97)
	at org.junit.runners.ParentRunner$3.run(ParentRunner.java:290)
	at org.junit.runners.ParentRunner$1.schedule(ParentRunner.java:71)
	at org.junit.runners.ParentRunner.runChildren(ParentRunner.java:288)
	at org.junit.runners.ParentRunner.access$000(ParentRunner.java:58)
	at org.junit.runners.ParentRunner$2.evaluate(ParentRunner.java:268)
	at org.springframework.test.context.junit4.statements.RunBeforeTestClassCallbacks.evaluate(RunBeforeTestClassCallbacks.java:61)
	at org.springframework.test.context.junit4.statements.RunAfterTestClassCallbacks.evaluate(RunAfterTestClassCallbacks.java:70)
	at org.junit.runners.ParentRunner.run(ParentRunner.java:363)
	at org.springframework.test.context.junit4.SpringJUnit4ClassRunner.run(SpringJUnit4ClassRunner.java:190)
	at org.junit.runner.JUnitCore.run(JUnitCore.java:137)
	at com.intellij.junit4.JUnit4IdeaTestRunner.startRunnerWithArgs(JUnit4IdeaTestRunner.java:69)
	at com.intellij.rt.junit.IdeaTestRunner$Repeater.startRunnerWithArgs(IdeaTestRunner.java:33)
	at com.intellij.rt.junit.JUnitStarter.prepareStreamsAndStart(JUnitStarter.java:221)
	at com.intellij.rt.junit.JUnitStarter.main(JUnitStarter.java:54)
21:26:26.739 [main] INFO  c.o.p.controller.UserControllerTest:95- response:{"code":-10001,"message":"Server internal error","result":{}}
21:26:26.739 [main] INFO  c.o.p.controller.UserControllerTest:95- response:{"code":-10001,"message":"Server internal error","result":{}}
21:29:38.814 [main] INFO  c.o.p.controller.UserControllerTest:55- Starting UserControllerTest using Java 1.8.0_161 on DESKTOP-MEMJ3FE with PID 19244 (started by Administrator in D:\JAVA\Revision\olee_project)
21:29:38.814 [main] INFO  c.o.p.controller.UserControllerTest:55- Starting UserControllerTest using Java 1.8.0_161 on DESKTOP-MEMJ3FE with PID 19244 (started by Administrator in D:\JAVA\Revision\olee_project)
21:29:38.814 [main] INFO  c.o.p.controller.UserControllerTest:659- No active profile set, falling back to default profiles: default
21:29:38.814 [main] INFO  c.o.p.controller.UserControllerTest:659- No active profile set, falling back to default profiles: default
21:29:41.548 [main] WARN  o.s.b.a.f.FreeMarkerAutoConfiguration:65- Cannot find template location(s): [classpath:/templates/] (please add some templates, check your FreeMarker configuration, or set spring.freemarker.checkTemplateLocation=false)
21:29:41.739 [main] INFO  c.o.p.controller.UserControllerTest:61- Started UserControllerTest in 3.266 seconds (JVM running for 4.522)
21:29:41.739 [main] INFO  c.o.p.controller.UserControllerTest:61- Started UserControllerTest in 3.266 seconds (JVM running for 4.522)
21:31:35.497 [main] INFO  c.o.p.i.AuthorizationInterceptor:57- 拿到的userId：cc8dd5a058404a8f92aeeb88561f5257，拿到的token值：8beb73609c07ef7122be0d4ddcd3130c-20210810200913736-452582
21:31:35.497 [main] INFO  c.o.p.i.AuthorizationInterceptor:57- 拿到的userId：cc8dd5a058404a8f92aeeb88561f5257，拿到的token值：8beb73609c07ef7122be0d4ddcd3130c-20210810200913736-452582
21:33:40.454 [main] INFO  c.o.p.controller.UserController:65- userId为null,进入到getUserInfo的controller层
21:33:40.454 [main] INFO  c.o.p.controller.UserController:65- userId为null,进入到getUserInfo的controller层
21:33:40.693 [main] ERROR c.o.p.a.ExceptionControllerAdvice:16- 全局异常信息：
java.lang.NullPointerException: null
	at com.olee.project.service.InfoManagementServiceImpl.getUserInfo(InfoManagementServiceImpl.java:33)
	at com.olee.project.controller.UserController.getUserInfo(UserController.java:66)
	at sun.reflect.NativeMethodAccessorImpl.invoke0(Native Method)
	at sun.reflect.NativeMethodAccessorImpl.invoke(NativeMethodAccessorImpl.java:62)
	at sun.reflect.DelegatingMethodAccessorImpl.invoke(DelegatingMethodAccessorImpl.java:43)
	at java.lang.reflect.Method.invoke(Method.java:498)
	at org.springframework.web.method.support.InvocableHandlerMethod.doInvoke(InvocableHandlerMethod.java:197)
	at org.springframework.web.method.support.InvocableHandlerMethod.invokeForRequest(InvocableHandlerMethod.java:141)
	at org.springframework.web.servlet.mvc.method.annotation.ServletInvocableHandlerMethod.invokeAndHandle(ServletInvocableHandlerMethod.java:106)
	at org.springframework.web.servlet.mvc.method.annotation.RequestMappingHandlerAdapter.invokeHandlerMethod(RequestMappingHandlerAdapter.java:894)
	at org.springframework.web.servlet.mvc.method.annotation.RequestMappingHandlerAdapter.handleInternal(RequestMappingHandlerAdapter.java:808)
	at org.springframework.web.servlet.mvc.method.AbstractHandlerMethodAdapter.handle(AbstractHandlerMethodAdapter.java:87)
	at org.springframework.web.servlet.DispatcherServlet.doDispatch(DispatcherServlet.java:1063)
	at org.springframework.web.servlet.DispatcherServlet.doService(DispatcherServlet.java:963)
	at org.springframework.web.servlet.FrameworkServlet.processRequest(FrameworkServlet.java:1006)
	at org.springframework.web.servlet.FrameworkServlet.doPost(FrameworkServlet.java:909)
	at javax.servlet.http.HttpServlet.service(HttpServlet.java:681)
	at org.springframework.web.servlet.FrameworkServlet.service(FrameworkServlet.java:883)
	at org.springframework.test.web.servlet.TestDispatcherServlet.service(TestDispatcherServlet.java:72)
	at javax.servlet.http.HttpServlet.service(HttpServlet.java:764)
	at org.springframework.mock.web.MockFilterChain$ServletFilterProxy.doFilter(MockFilterChain.java:167)
	at org.springframework.mock.web.MockFilterChain.doFilter(MockFilterChain.java:134)
	at org.springframework.test.web.servlet.MockMvc.perform(MockMvc.java:183)
	at com.olee.project.controller.UserControllerTest.getUserInfoTest(UserControllerTest.java:93)
	at sun.reflect.NativeMethodAccessorImpl.invoke0(Native Method)
	at sun.reflect.NativeMethodAccessorImpl.invoke(NativeMethodAccessorImpl.java:62)
	at sun.reflect.DelegatingMethodAccessorImpl.invoke(DelegatingMethodAccessorImpl.java:43)
	at java.lang.reflect.Method.invoke(Method.java:498)
	at org.junit.runners.model.FrameworkMethod$1.runReflectiveCall(FrameworkMethod.java:50)
	at org.junit.internal.runners.model.ReflectiveCallable.run(ReflectiveCallable.java:12)
	at org.junit.runners.model.FrameworkMethod.invokeExplosively(FrameworkMethod.java:47)
	at org.junit.internal.runners.statements.InvokeMethod.evaluate(InvokeMethod.java:17)
	at org.springframework.test.context.junit4.statements.RunBeforeTestExecutionCallbacks.evaluate(RunBeforeTestExecutionCallbacks.java:74)
	at org.springframework.test.context.junit4.statements.RunAfterTestExecutionCallbacks.evaluate(RunAfterTestExecutionCallbacks.java:84)
	at org.junit.internal.runners.statements.RunBefores.evaluate(RunBefores.java:26)
	at org.springframework.test.context.junit4.statements.RunBeforeTestMethodCallbacks.evaluate(RunBeforeTestMethodCallbacks.java:75)
	at org.springframework.test.context.junit4.statements.RunAfterTestMethodCallbacks.evaluate(RunAfterTestMethodCallbacks.java:86)
	at org.springframework.test.context.junit4.statements.SpringRepeat.evaluate(SpringRepeat.java:84)
	at org.junit.runners.ParentRunner.runLeaf(ParentRunner.java:325)
	at org.springframework.test.context.junit4.SpringJUnit4ClassRunner.runChild(SpringJUnit4ClassRunner.java:251)
	at org.springframework.test.context.junit4.SpringJUnit4ClassRunner.runChild(SpringJUnit4ClassRunner.java:97)
	at org.junit.runners.ParentRunner$3.run(ParentRunner.java:290)
	at org.junit.runners.ParentRunner$1.schedule(ParentRunner.java:71)
	at org.junit.runners.ParentRunner.runChildren(ParentRunner.java:288)
	at org.junit.runners.ParentRunner.access$000(ParentRunner.java:58)
	at org.junit.runners.ParentRunner$2.evaluate(ParentRunner.java:268)
	at org.springframework.test.context.junit4.statements.RunBeforeTestClassCallbacks.evaluate(RunBeforeTestClassCallbacks.java:61)
	at org.springframework.test.context.junit4.statements.RunAfterTestClassCallbacks.evaluate(RunAfterTestClassCallbacks.java:70)
	at org.junit.runners.ParentRunner.run(ParentRunner.java:363)
	at org.springframework.test.context.junit4.SpringJUnit4ClassRunner.run(SpringJUnit4ClassRunner.java:190)
	at org.junit.runner.JUnitCore.run(JUnitCore.java:137)
	at com.intellij.junit4.JUnit4IdeaTestRunner.startRunnerWithArgs(JUnit4IdeaTestRunner.java:69)
	at com.intellij.rt.junit.IdeaTestRunner$Repeater.startRunnerWithArgs(IdeaTestRunner.java:33)
	at com.intellij.rt.junit.JUnitStarter.prepareStreamsAndStart(JUnitStarter.java:221)
	at com.intellij.rt.junit.JUnitStarter.main(JUnitStarter.java:54)
21:33:40.693 [main] ERROR c.o.p.a.ExceptionControllerAdvice:16- 全局异常信息：
java.lang.NullPointerException: null
	at com.olee.project.service.InfoManagementServiceImpl.getUserInfo(InfoManagementServiceImpl.java:33)
	at com.olee.project.controller.UserController.getUserInfo(UserController.java:66)
	at sun.reflect.NativeMethodAccessorImpl.invoke0(Native Method)
	at sun.reflect.NativeMethodAccessorImpl.invoke(NativeMethodAccessorImpl.java:62)
	at sun.reflect.DelegatingMethodAccessorImpl.invoke(DelegatingMethodAccessorImpl.java:43)
	at java.lang.reflect.Method.invoke(Method.java:498)
	at org.springframework.web.method.support.InvocableHandlerMethod.doInvoke(InvocableHandlerMethod.java:197)
	at org.springframework.web.method.support.InvocableHandlerMethod.invokeForRequest(InvocableHandlerMethod.java:141)
	at org.springframework.web.servlet.mvc.method.annotation.ServletInvocableHandlerMethod.invokeAndHandle(ServletInvocableHandlerMethod.java:106)
	at org.springframework.web.servlet.mvc.method.annotation.RequestMappingHandlerAdapter.invokeHandlerMethod(RequestMappingHandlerAdapter.java:894)
	at org.springframework.web.servlet.mvc.method.annotation.RequestMappingHandlerAdapter.handleInternal(RequestMappingHandlerAdapter.java:808)
	at org.springframework.web.servlet.mvc.method.AbstractHandlerMethodAdapter.handle(AbstractHandlerMethodAdapter.java:87)
	at org.springframework.web.servlet.DispatcherServlet.doDispatch(DispatcherServlet.java:1063)
	at org.springframework.web.servlet.DispatcherServlet.doService(DispatcherServlet.java:963)
	at org.springframework.web.servlet.FrameworkServlet.processRequest(FrameworkServlet.java:1006)
	at org.springframework.web.servlet.FrameworkServlet.doPost(FrameworkServlet.java:909)
	at javax.servlet.http.HttpServlet.service(HttpServlet.java:681)
	at org.springframework.web.servlet.FrameworkServlet.service(FrameworkServlet.java:883)
	at org.springframework.test.web.servlet.TestDispatcherServlet.service(TestDispatcherServlet.java:72)
	at javax.servlet.http.HttpServlet.service(HttpServlet.java:764)
	at org.springframework.mock.web.MockFilterChain$ServletFilterProxy.doFilter(MockFilterChain.java:167)
	at org.springframework.mock.web.MockFilterChain.doFilter(MockFilterChain.java:134)
	at org.springframework.test.web.servlet.MockMvc.perform(MockMvc.java:183)
	at com.olee.project.controller.UserControllerTest.getUserInfoTest(UserControllerTest.java:93)
	at sun.reflect.NativeMethodAccessorImpl.invoke0(Native Method)
	at sun.reflect.NativeMethodAccessorImpl.invoke(NativeMethodAccessorImpl.java:62)
	at sun.reflect.DelegatingMethodAccessorImpl.invoke(DelegatingMethodAccessorImpl.java:43)
	at java.lang.reflect.Method.invoke(Method.java:498)
	at org.junit.runners.model.FrameworkMethod$1.runReflectiveCall(FrameworkMethod.java:50)
	at org.junit.internal.runners.model.ReflectiveCallable.run(ReflectiveCallable.java:12)
	at org.junit.runners.model.FrameworkMethod.invokeExplosively(FrameworkMethod.java:47)
	at org.junit.internal.runners.statements.InvokeMethod.evaluate(InvokeMethod.java:17)
	at org.springframework.test.context.junit4.statements.RunBeforeTestExecutionCallbacks.evaluate(RunBeforeTestExecutionCallbacks.java:74)
	at org.springframework.test.context.junit4.statements.RunAfterTestExecutionCallbacks.evaluate(RunAfterTestExecutionCallbacks.java:84)
	at org.junit.internal.runners.statements.RunBefores.evaluate(RunBefores.java:26)
	at org.springframework.test.context.junit4.statements.RunBeforeTestMethodCallbacks.evaluate(RunBeforeTestMethodCallbacks.java:75)
	at org.springframework.test.context.junit4.statements.RunAfterTestMethodCallbacks.evaluate(RunAfterTestMethodCallbacks.java:86)
	at org.springframework.test.context.junit4.statements.SpringRepeat.evaluate(SpringRepeat.java:84)
	at org.junit.runners.ParentRunner.runLeaf(ParentRunner.java:325)
	at org.springframework.test.context.junit4.SpringJUnit4ClassRunner.runChild(SpringJUnit4ClassRunner.java:251)
	at org.springframework.test.context.junit4.SpringJUnit4ClassRunner.runChild(SpringJUnit4ClassRunner.java:97)
	at org.junit.runners.ParentRunner$3.run(ParentRunner.java:290)
	at org.junit.runners.ParentRunner$1.schedule(ParentRunner.java:71)
	at org.junit.runners.ParentRunner.runChildren(ParentRunner.java:288)
	at org.junit.runners.ParentRunner.access$000(ParentRunner.java:58)
	at org.junit.runners.ParentRunner$2.evaluate(ParentRunner.java:268)
	at org.springframework.test.context.junit4.statements.RunBeforeTestClassCallbacks.evaluate(RunBeforeTestClassCallbacks.java:61)
	at org.springframework.test.context.junit4.statements.RunAfterTestClassCallbacks.evaluate(RunAfterTestClassCallbacks.java:70)
	at org.junit.runners.ParentRunner.run(ParentRunner.java:363)
	at org.springframework.test.context.junit4.SpringJUnit4ClassRunner.run(SpringJUnit4ClassRunner.java:190)
	at org.junit.runner.JUnitCore.run(JUnitCore.java:137)
	at com.intellij.junit4.JUnit4IdeaTestRunner.startRunnerWithArgs(JUnit4IdeaTestRunner.java:69)
	at com.intellij.rt.junit.IdeaTestRunner$Repeater.startRunnerWithArgs(IdeaTestRunner.java:33)
	at com.intellij.rt.junit.JUnitStarter.prepareStreamsAndStart(JUnitStarter.java:221)
	at com.intellij.rt.junit.JUnitStarter.main(JUnitStarter.java:54)
21:33:40.708 [main] INFO  c.o.p.controller.UserControllerTest:95- response:{"code":-10001,"message":"Server internal error","result":{}}
21:33:40.708 [main] INFO  c.o.p.controller.UserControllerTest:95- response:{"code":-10001,"message":"Server internal error","result":{}}
21:33:53.423 [main] INFO  c.o.p.controller.UserControllerTest:55- Starting UserControllerTest using Java 1.8.0_161 on DESKTOP-MEMJ3FE with PID 6408 (started by Administrator in D:\JAVA\Revision\olee_project)
21:33:53.423 [main] INFO  c.o.p.controller.UserControllerTest:55- Starting UserControllerTest using Java 1.8.0_161 on DESKTOP-MEMJ3FE with PID 6408 (started by Administrator in D:\JAVA\Revision\olee_project)
21:33:53.423 [main] INFO  c.o.p.controller.UserControllerTest:659- No active profile set, falling back to default profiles: default
21:33:53.423 [main] INFO  c.o.p.controller.UserControllerTest:659- No active profile set, falling back to default profiles: default
21:33:57.876 [main] INFO  c.o.p.controller.UserControllerTest:55- Starting UserControllerTest using Java 1.8.0_161 on DESKTOP-MEMJ3FE with PID 15780 (started by Administrator in D:\JAVA\Revision\olee_project)
21:33:57.876 [main] INFO  c.o.p.controller.UserControllerTest:55- Starting UserControllerTest using Java 1.8.0_161 on DESKTOP-MEMJ3FE with PID 15780 (started by Administrator in D:\JAVA\Revision\olee_project)
21:33:57.876 [main] INFO  c.o.p.controller.UserControllerTest:659- No active profile set, falling back to default profiles: default
21:33:57.876 [main] INFO  c.o.p.controller.UserControllerTest:659- No active profile set, falling back to default profiles: default
21:34:00.572 [main] WARN  o.s.b.a.f.FreeMarkerAutoConfiguration:65- Cannot find template location(s): [classpath:/templates/] (please add some templates, check your FreeMarker configuration, or set spring.freemarker.checkTemplateLocation=false)
21:34:00.697 [main] INFO  c.o.p.controller.UserControllerTest:61- Started UserControllerTest in 3.153 seconds (JVM running for 4.345)
21:34:00.697 [main] INFO  c.o.p.controller.UserControllerTest:61- Started UserControllerTest in 3.153 seconds (JVM running for 4.345)
21:37:26.326 [main] INFO  c.o.p.i.AuthorizationInterceptor:57- 拿到的userId：cc8dd5a058404a8f92aeeb88561f5257，拿到的token值：8beb73609c07ef7122be0d4ddcd3130c-20210810200913736-452582
21:37:26.326 [main] INFO  c.o.p.i.AuthorizationInterceptor:57- 拿到的userId：cc8dd5a058404a8f92aeeb88561f5257，拿到的token值：8beb73609c07ef7122be0d4ddcd3130c-20210810200913736-452582
21:37:26.884 [main] ERROR c.o.p.a.ExceptionControllerAdvice:16- 全局异常信息：
org.springframework.data.redis.RedisSystemException: Redis exception; nested exception is io.lettuce.core.RedisException: Connection is closed
	at org.springframework.data.redis.connection.lettuce.LettuceExceptionConverter.convert(LettuceExceptionConverter.java:74)
	at org.springframework.data.redis.connection.lettuce.LettuceExceptionConverter.convert(LettuceExceptionConverter.java:41)
	at org.springframework.data.redis.PassThroughExceptionTranslationStrategy.translate(PassThroughExceptionTranslationStrategy.java:44)
	at org.springframework.data.redis.FallbackExceptionTranslationStrategy.translate(FallbackExceptionTranslationStrategy.java:42)
	at org.springframework.data.redis.connection.lettuce.LettuceConnection.convertLettuceAccessException(LettuceConnection.java:271)
	at org.springframework.data.redis.connection.lettuce.LettuceConnection.await(LettuceConnection.java:1062)
	at org.springframework.data.redis.connection.lettuce.LettuceConnection.lambda$doInvoke$4(LettuceConnection.java:919)
	at org.springframework.data.redis.connection.lettuce.LettuceInvoker$Synchronizer.invoke(LettuceInvoker.java:665)
	at org.springframework.data.redis.connection.lettuce.LettuceInvoker.just(LettuceInvoker.java:109)
	at org.springframework.data.redis.connection.lettuce.LettuceZSetCommands.zScore(LettuceZSetCommands.java:302)
	at org.springframework.data.redis.connection.DefaultedRedisConnection.zScore(DefaultedRedisConnection.java:1066)
	at org.springframework.data.redis.connection.DefaultStringRedisConnection.zScore(DefaultStringRedisConnection.java:1653)
	at org.springframework.data.redis.core.DefaultZSetOperations.lambda$score$27(DefaultZSetOperations.java:437)
	at org.springframework.data.redis.core.RedisTemplate.execute(RedisTemplate.java:222)
	at org.springframework.data.redis.core.RedisTemplate.execute(RedisTemplate.java:189)
	at org.springframework.data.redis.core.AbstractOperations.execute(AbstractOperations.java:96)
	at org.springframework.data.redis.core.DefaultZSetOperations.score(DefaultZSetOperations.java:437)
	at com.olee.project.utils.ZsetUtil.score(ZsetUtil.java:61)
	at com.olee.project.service.TokenManagementServiceImpl.checkToken(TokenManagementServiceImpl.java:66)
	at com.olee.project.interceptor.AuthorizationInterceptor.preHandle(AuthorizationInterceptor.java:60)
	at org.springframework.web.servlet.HandlerExecutionChain.applyPreHandle(HandlerExecutionChain.java:148)
	at org.springframework.web.servlet.DispatcherServlet.doDispatch(DispatcherServlet.java:1058)
	at org.springframework.web.servlet.DispatcherServlet.doService(DispatcherServlet.java:963)
	at org.springframework.web.servlet.FrameworkServlet.processRequest(FrameworkServlet.java:1006)
	at org.springframework.web.servlet.FrameworkServlet.doPost(FrameworkServlet.java:909)
	at javax.servlet.http.HttpServlet.service(HttpServlet.java:681)
	at org.springframework.web.servlet.FrameworkServlet.service(FrameworkServlet.java:883)
	at org.springframework.test.web.servlet.TestDispatcherServlet.service(TestDispatcherServlet.java:72)
	at javax.servlet.http.HttpServlet.service(HttpServlet.java:764)
	at org.springframework.mock.web.MockFilterChain$ServletFilterProxy.doFilter(MockFilterChain.java:167)
	at org.springframework.mock.web.MockFilterChain.doFilter(MockFilterChain.java:134)
	at org.springframework.test.web.servlet.MockMvc.perform(MockMvc.java:183)
	at com.olee.project.controller.UserControllerTest.getUserInfoTest(UserControllerTest.java:93)
	at sun.reflect.NativeMethodAccessorImpl.invoke0(Native Method)
	at sun.reflect.NativeMethodAccessorImpl.invoke(NativeMethodAccessorImpl.java:62)
	at sun.reflect.DelegatingMethodAccessorImpl.invoke(DelegatingMethodAccessorImpl.java:43)
	at java.lang.reflect.Method.invoke(Method.java:498)
	at org.junit.runners.model.FrameworkMethod$1.runReflectiveCall(FrameworkMethod.java:50)
	at org.junit.internal.runners.model.ReflectiveCallable.run(ReflectiveCallable.java:12)
	at org.junit.runners.model.FrameworkMethod.invokeExplosively(FrameworkMethod.java:47)
	at org.junit.internal.runners.statements.InvokeMethod.evaluate(InvokeMethod.java:17)
	at org.springframework.test.context.junit4.statements.RunBeforeTestExecutionCallbacks.evaluate(RunBeforeTestExecutionCallbacks.java:74)
	at org.springframework.test.context.junit4.statements.RunAfterTestExecutionCallbacks.evaluate(RunAfterTestExecutionCallbacks.java:84)
	at org.junit.internal.runners.statements.RunBefores.evaluate(RunBefores.java:26)
	at org.springframework.test.context.junit4.statements.RunBeforeTestMethodCallbacks.evaluate(RunBeforeTestMethodCallbacks.java:75)
	at org.springframework.test.context.junit4.statements.RunAfterTestMethodCallbacks.evaluate(RunAfterTestMethodCallbacks.java:86)
	at org.springframework.test.context.junit4.statements.SpringRepeat.evaluate(SpringRepeat.java:84)
	at org.junit.runners.ParentRunner.runLeaf(ParentRunner.java:325)
	at org.springframework.test.context.junit4.SpringJUnit4ClassRunner.runChild(SpringJUnit4ClassRunner.java:251)
	at org.springframework.test.context.junit4.SpringJUnit4ClassRunner.runChild(SpringJUnit4ClassRunner.java:97)
	at org.junit.runners.ParentRunner$3.run(ParentRunner.java:290)
	at org.junit.runners.ParentRunner$1.schedule(ParentRunner.java:71)
	at org.junit.runners.ParentRunner.runChildren(ParentRunner.java:288)
	at org.junit.runners.ParentRunner.access$000(ParentRunner.java:58)
	at org.junit.runners.ParentRunner$2.evaluate(ParentRunner.java:268)
	at org.springframework.test.context.junit4.statements.RunBeforeTestClassCallbacks.evaluate(RunBeforeTestClassCallbacks.java:61)
	at org.springframework.test.context.junit4.statements.RunAfterTestClassCallbacks.evaluate(RunAfterTestClassCallbacks.java:70)
	at org.junit.runners.ParentRunner.run(ParentRunner.java:363)
	at org.springframework.test.context.junit4.SpringJUnit4ClassRunner.run(SpringJUnit4ClassRunner.java:190)
	at org.junit.runner.JUnitCore.run(JUnitCore.java:137)
	at com.intellij.junit4.JUnit4IdeaTestRunner.startRunnerWithArgs(JUnit4IdeaTestRunner.java:69)
	at com.intellij.rt.junit.IdeaTestRunner$Repeater.startRunnerWithArgs(IdeaTestRunner.java:33)
	at com.intellij.rt.junit.JUnitStarter.prepareStreamsAndStart(JUnitStarter.java:221)
	at com.intellij.rt.junit.JUnitStarter.main(JUnitStarter.java:54)
Caused by: io.lettuce.core.RedisException: Connection is closed
	at io.lettuce.core.protocol.DefaultEndpoint.validateWrite(DefaultEndpoint.java:284)
	at io.lettuce.core.protocol.DefaultEndpoint.write(DefaultEndpoint.java:180)
	at io.lettuce.core.protocol.CommandExpiryWriter.write(CommandExpiryWriter.java:116)
	at io.lettuce.core.RedisChannelHandler.dispatch(RedisChannelHandler.java:191)
	at io.lettuce.core.StatefulRedisConnectionImpl.dispatch(StatefulRedisConnectionImpl.java:163)
	at io.lettuce.core.AbstractRedisAsyncCommands.dispatch(AbstractRedisAsyncCommands.java:622)
	at io.lettuce.core.AbstractRedisAsyncCommands.zscore(AbstractRedisAsyncCommands.java:2621)
	at org.springframework.data.redis.connection.lettuce.LettuceInvoker.lambda$just$3(LettuceInvoker.java:109)
	... 58 common frames omitted
21:37:26.884 [main] ERROR c.o.p.a.ExceptionControllerAdvice:16- 全局异常信息：
org.springframework.data.redis.RedisSystemException: Redis exception; nested exception is io.lettuce.core.RedisException: Connection is closed
	at org.springframework.data.redis.connection.lettuce.LettuceExceptionConverter.convert(LettuceExceptionConverter.java:74)
	at org.springframework.data.redis.connection.lettuce.LettuceExceptionConverter.convert(LettuceExceptionConverter.java:41)
	at org.springframework.data.redis.PassThroughExceptionTranslationStrategy.translate(PassThroughExceptionTranslationStrategy.java:44)
	at org.springframework.data.redis.FallbackExceptionTranslationStrategy.translate(FallbackExceptionTranslationStrategy.java:42)
	at org.springframework.data.redis.connection.lettuce.LettuceConnection.convertLettuceAccessException(LettuceConnection.java:271)
	at org.springframework.data.redis.connection.lettuce.LettuceConnection.await(LettuceConnection.java:1062)
	at org.springframework.data.redis.connection.lettuce.LettuceConnection.lambda$doInvoke$4(LettuceConnection.java:919)
	at org.springframework.data.redis.connection.lettuce.LettuceInvoker$Synchronizer.invoke(LettuceInvoker.java:665)
	at org.springframework.data.redis.connection.lettuce.LettuceInvoker.just(LettuceInvoker.java:109)
	at org.springframework.data.redis.connection.lettuce.LettuceZSetCommands.zScore(LettuceZSetCommands.java:302)
	at org.springframework.data.redis.connection.DefaultedRedisConnection.zScore(DefaultedRedisConnection.java:1066)
	at org.springframework.data.redis.connection.DefaultStringRedisConnection.zScore(DefaultStringRedisConnection.java:1653)
	at org.springframework.data.redis.core.DefaultZSetOperations.lambda$score$27(DefaultZSetOperations.java:437)
	at org.springframework.data.redis.core.RedisTemplate.execute(RedisTemplate.java:222)
	at org.springframework.data.redis.core.RedisTemplate.execute(RedisTemplate.java:189)
	at org.springframework.data.redis.core.AbstractOperations.execute(AbstractOperations.java:96)
	at org.springframework.data.redis.core.DefaultZSetOperations.score(DefaultZSetOperations.java:437)
	at com.olee.project.utils.ZsetUtil.score(ZsetUtil.java:61)
	at com.olee.project.service.TokenManagementServiceImpl.checkToken(TokenManagementServiceImpl.java:66)
	at com.olee.project.interceptor.AuthorizationInterceptor.preHandle(AuthorizationInterceptor.java:60)
	at org.springframework.web.servlet.HandlerExecutionChain.applyPreHandle(HandlerExecutionChain.java:148)
	at org.springframework.web.servlet.DispatcherServlet.doDispatch(DispatcherServlet.java:1058)
	at org.springframework.web.servlet.DispatcherServlet.doService(DispatcherServlet.java:963)
	at org.springframework.web.servlet.FrameworkServlet.processRequest(FrameworkServlet.java:1006)
	at org.springframework.web.servlet.FrameworkServlet.doPost(FrameworkServlet.java:909)
	at javax.servlet.http.HttpServlet.service(HttpServlet.java:681)
	at org.springframework.web.servlet.FrameworkServlet.service(FrameworkServlet.java:883)
	at org.springframework.test.web.servlet.TestDispatcherServlet.service(TestDispatcherServlet.java:72)
	at javax.servlet.http.HttpServlet.service(HttpServlet.java:764)
	at org.springframework.mock.web.MockFilterChain$ServletFilterProxy.doFilter(MockFilterChain.java:167)
	at org.springframework.mock.web.MockFilterChain.doFilter(MockFilterChain.java:134)
	at org.springframework.test.web.servlet.MockMvc.perform(MockMvc.java:183)
	at com.olee.project.controller.UserControllerTest.getUserInfoTest(UserControllerTest.java:93)
	at sun.reflect.NativeMethodAccessorImpl.invoke0(Native Method)
	at sun.reflect.NativeMethodAccessorImpl.invoke(NativeMethodAccessorImpl.java:62)
	at sun.reflect.DelegatingMethodAccessorImpl.invoke(DelegatingMethodAccessorImpl.java:43)
	at java.lang.reflect.Method.invoke(Method.java:498)
	at org.junit.runners.model.FrameworkMethod$1.runReflectiveCall(FrameworkMethod.java:50)
	at org.junit.internal.runners.model.ReflectiveCallable.run(ReflectiveCallable.java:12)
	at org.junit.runners.model.FrameworkMethod.invokeExplosively(FrameworkMethod.java:47)
	at org.junit.internal.runners.statements.InvokeMethod.evaluate(InvokeMethod.java:17)
	at org.springframework.test.context.junit4.statements.RunBeforeTestExecutionCallbacks.evaluate(RunBeforeTestExecutionCallbacks.java:74)
	at org.springframework.test.context.junit4.statements.RunAfterTestExecutionCallbacks.evaluate(RunAfterTestExecutionCallbacks.java:84)
	at org.junit.internal.runners.statements.RunBefores.evaluate(RunBefores.java:26)
	at org.springframework.test.context.junit4.statements.RunBeforeTestMethodCallbacks.evaluate(RunBeforeTestMethodCallbacks.java:75)
	at org.springframework.test.context.junit4.statements.RunAfterTestMethodCallbacks.evaluate(RunAfterTestMethodCallbacks.java:86)
	at org.springframework.test.context.junit4.statements.SpringRepeat.evaluate(SpringRepeat.java:84)
	at org.junit.runners.ParentRunner.runLeaf(ParentRunner.java:325)
	at org.springframework.test.context.junit4.SpringJUnit4ClassRunner.runChild(SpringJUnit4ClassRunner.java:251)
	at org.springframework.test.context.junit4.SpringJUnit4ClassRunner.runChild(SpringJUnit4ClassRunner.java:97)
	at org.junit.runners.ParentRunner$3.run(ParentRunner.java:290)
	at org.junit.runners.ParentRunner$1.schedule(ParentRunner.java:71)
	at org.junit.runners.ParentRunner.runChildren(ParentRunner.java:288)
	at org.junit.runners.ParentRunner.access$000(ParentRunner.java:58)
	at org.junit.runners.ParentRunner$2.evaluate(ParentRunner.java:268)
	at org.springframework.test.context.junit4.statements.RunBeforeTestClassCallbacks.evaluate(RunBeforeTestClassCallbacks.java:61)
	at org.springframework.test.context.junit4.statements.RunAfterTestClassCallbacks.evaluate(RunAfterTestClassCallbacks.java:70)
	at org.junit.runners.ParentRunner.run(ParentRunner.java:363)
	at org.springframework.test.context.junit4.SpringJUnit4ClassRunner.run(SpringJUnit4ClassRunner.java:190)
	at org.junit.runner.JUnitCore.run(JUnitCore.java:137)
	at com.intellij.junit4.JUnit4IdeaTestRunner.startRunnerWithArgs(JUnit4IdeaTestRunner.java:69)
	at com.intellij.rt.junit.IdeaTestRunner$Repeater.startRunnerWithArgs(IdeaTestRunner.java:33)
	at com.intellij.rt.junit.JUnitStarter.prepareStreamsAndStart(JUnitStarter.java:221)
	at com.intellij.rt.junit.JUnitStarter.main(JUnitStarter.java:54)
Caused by: io.lettuce.core.RedisException: Connection is closed
	at io.lettuce.core.protocol.DefaultEndpoint.validateWrite(DefaultEndpoint.java:284)
	at io.lettuce.core.protocol.DefaultEndpoint.write(DefaultEndpoint.java:180)
	at io.lettuce.core.protocol.CommandExpiryWriter.write(CommandExpiryWriter.java:116)
	at io.lettuce.core.RedisChannelHandler.dispatch(RedisChannelHandler.java:191)
	at io.lettuce.core.StatefulRedisConnectionImpl.dispatch(StatefulRedisConnectionImpl.java:163)
	at io.lettuce.core.AbstractRedisAsyncCommands.dispatch(AbstractRedisAsyncCommands.java:622)
	at io.lettuce.core.AbstractRedisAsyncCommands.zscore(AbstractRedisAsyncCommands.java:2621)
	at org.springframework.data.redis.connection.lettuce.LettuceInvoker.lambda$just$3(LettuceInvoker.java:109)
	... 58 common frames omitted
21:37:26.901 [main] INFO  c.o.p.controller.UserControllerTest:95- response:{"code":-10001,"message":"Server internal error","result":{}}
21:37:26.901 [main] INFO  c.o.p.controller.UserControllerTest:95- response:{"code":-10001,"message":"Server internal error","result":{}}
