09:24:30.840 [main] INFO  c.o.p.controller.UserControllerTest:55- Starting UserControllerTest using Java 1.8.0_161 on DESKTOP-MEMJ3FE with PID 18836 (started by Administrator in D:\JAVA\Revision\olee_project)
09:24:30.840 [main] INFO  c.o.p.controller.UserControllerTest:55- Starting UserControllerTest using Java 1.8.0_161 on DESKTOP-MEMJ3FE with PID 18836 (started by Administrator in D:\JAVA\Revision\olee_project)
09:24:30.856 [main] INFO  c.o.p.controller.UserControllerTest:659- No active profile set, falling back to default profiles: default
09:24:30.856 [main] INFO  c.o.p.controller.UserControllerTest:659- No active profile set, falling back to default profiles: default
09:24:33.199 [main] WARN  o.s.b.a.f.FreeMarkerAutoConfiguration:65- Cannot find template location(s): [classpath:/templates/] (please add some templates, check your FreeMarker configuration, or set spring.freemarker.checkTemplateLocation=false)
09:24:33.297 [main] INFO  c.o.p.controller.UserControllerTest:61- Started UserControllerTest in 2.768 seconds (JVM running for 3.568)
09:24:33.297 [main] INFO  c.o.p.controller.UserControllerTest:61- Started UserControllerTest in 2.768 seconds (JVM running for 3.568)
09:24:33.514 [main] INFO  c.o.p.i.AuthorizationInterceptor:58- 拿到的userId：cc8dd5a058404a8f92aeeb88561f5257，拿到的token值：8beb73609c07ef7122be0d4ddcd3130c-20210810200913736-452582
09:24:33.514 [main] INFO  c.o.p.i.AuthorizationInterceptor:58- 拿到的userId：cc8dd5a058404a8f92aeeb88561f5257，拿到的token值：8beb73609c07ef7122be0d4ddcd3130c-20210810200913736-452582
09:24:34.069 [main] INFO  c.o.p.controller.UserControllerTest:95- response:{"code":-20201,"message":"User‘s token have expired","result":{}}
09:24:34.069 [main] INFO  c.o.p.controller.UserControllerTest:95- response:{"code":-20201,"message":"User‘s token have expired","result":{}}
09:25:09.862 [main] INFO  c.o.p.controller.UserControllerTest:55- Starting UserControllerTest using Java 1.8.0_161 on DESKTOP-MEMJ3FE with PID 1320 (started by Administrator in D:\JAVA\Revision\olee_project)
09:25:09.862 [main] INFO  c.o.p.controller.UserControllerTest:55- Starting UserControllerTest using Java 1.8.0_161 on DESKTOP-MEMJ3FE with PID 1320 (started by Administrator in D:\JAVA\Revision\olee_project)
09:25:09.865 [main] INFO  c.o.p.controller.UserControllerTest:659- No active profile set, falling back to default profiles: default
09:25:09.865 [main] INFO  c.o.p.controller.UserControllerTest:659- No active profile set, falling back to default profiles: default
09:25:12.178 [main] WARN  o.s.b.a.f.FreeMarkerAutoConfiguration:65- Cannot find template location(s): [classpath:/templates/] (please add some templates, check your FreeMarker configuration, or set spring.freemarker.checkTemplateLocation=false)
09:25:12.279 [main] INFO  c.o.p.controller.UserControllerTest:61- Started UserControllerTest in 2.728 seconds (JVM running for 3.56)
09:25:12.279 [main] INFO  c.o.p.controller.UserControllerTest:61- Started UserControllerTest in 2.728 seconds (JVM running for 3.56)
09:25:13.303 [main] INFO  c.o.p.controller.UserControllerTest:65- response:{"code":0,"message":"Success","result":{"userId":"cc8dd5a058404a8f92aeeb88561f5257","email":"1037659019@qq.com","nickname":"user","createAt":"2021-08-10T12:08:31Z","updateAt":"2021-08-10T12:08:31Z","token":"8beb73609c07ef7122be0d4ddcd3130c-20210811092512748-260818","expiresIn":10000}}
09:25:13.303 [main] INFO  c.o.p.controller.UserControllerTest:65- response:{"code":0,"message":"Success","result":{"userId":"cc8dd5a058404a8f92aeeb88561f5257","email":"1037659019@qq.com","nickname":"user","createAt":"2021-08-10T12:08:31Z","updateAt":"2021-08-10T12:08:31Z","token":"8beb73609c07ef7122be0d4ddcd3130c-20210811092512748-260818","expiresIn":10000}}
09:28:57.713 [main] INFO  c.o.p.controller.UserControllerTest:55- Starting UserControllerTest using Java 1.8.0_161 on DESKTOP-MEMJ3FE with PID 15160 (started by Administrator in D:\JAVA\Revision\olee_project)
09:28:57.713 [main] INFO  c.o.p.controller.UserControllerTest:55- Starting UserControllerTest using Java 1.8.0_161 on DESKTOP-MEMJ3FE with PID 15160 (started by Administrator in D:\JAVA\Revision\olee_project)
09:28:57.715 [main] INFO  c.o.p.controller.UserControllerTest:659- No active profile set, falling back to default profiles: default
09:28:57.715 [main] INFO  c.o.p.controller.UserControllerTest:659- No active profile set, falling back to default profiles: default
09:29:00.053 [main] WARN  o.s.b.a.f.FreeMarkerAutoConfiguration:65- Cannot find template location(s): [classpath:/templates/] (please add some templates, check your FreeMarker configuration, or set spring.freemarker.checkTemplateLocation=false)
09:29:00.161 [main] INFO  c.o.p.controller.UserControllerTest:61- Started UserControllerTest in 2.772 seconds (JVM running for 3.586)
09:29:00.161 [main] INFO  c.o.p.controller.UserControllerTest:61- Started UserControllerTest in 2.772 seconds (JVM running for 3.586)
09:29:00.368 [main] INFO  c.o.p.i.AuthorizationInterceptor:58- 拿到的userId：cc8dd5a058404a8f92aeeb88561f5257，拿到的token值：8beb73609c07ef7122be0d4ddcd3130c-20210811092512748-260818
09:29:00.368 [main] INFO  c.o.p.i.AuthorizationInterceptor:58- 拿到的userId：cc8dd5a058404a8f92aeeb88561f5257，拿到的token值：8beb73609c07ef7122be0d4ddcd3130c-20210811092512748-260818
09:29:00.926 [main] INFO  c.o.p.controller.UserController:65- userId为cc8dd5a058404a8f92aeeb88561f5257,进入到getUserInfo的controller层
09:29:00.926 [main] INFO  c.o.p.controller.UserController:65- userId为cc8dd5a058404a8f92aeeb88561f5257,进入到getUserInfo的controller层
09:29:01.153 [main] INFO  c.o.p.controller.UserControllerTest:95- response:{"code":0,"message":"Success","result":{"userId":"cc8dd5a058404a8f92aeeb88561f5257","email":"1037659019@qq.com","nickname":"user","createAt":"2021-08-10T12:08:31Z","updateAt":"2021-08-10T12:08:31Z"}}
09:29:01.153 [main] INFO  c.o.p.controller.UserControllerTest:95- response:{"code":0,"message":"Success","result":{"userId":"cc8dd5a058404a8f92aeeb88561f5257","email":"1037659019@qq.com","nickname":"user","createAt":"2021-08-10T12:08:31Z","updateAt":"2021-08-10T12:08:31Z"}}
09:30:55.418 [main] INFO  c.o.p.controller.UserControllerTest:55- Starting UserControllerTest using Java 1.8.0_161 on DESKTOP-MEMJ3FE with PID 12764 (started by Administrator in D:\JAVA\Revision\olee_project)
09:30:55.418 [main] INFO  c.o.p.controller.UserControllerTest:55- Starting UserControllerTest using Java 1.8.0_161 on DESKTOP-MEMJ3FE with PID 12764 (started by Administrator in D:\JAVA\Revision\olee_project)
09:30:55.434 [main] INFO  c.o.p.controller.UserControllerTest:659- No active profile set, falling back to default profiles: default
09:30:55.434 [main] INFO  c.o.p.controller.UserControllerTest:659- No active profile set, falling back to default profiles: default
09:30:57.755 [main] WARN  o.s.b.a.f.FreeMarkerAutoConfiguration:65- Cannot find template location(s): [classpath:/templates/] (please add some templates, check your FreeMarker configuration, or set spring.freemarker.checkTemplateLocation=false)
09:30:57.857 [main] INFO  c.o.p.controller.UserControllerTest:61- Started UserControllerTest in 2.736 seconds (JVM running for 3.55)
09:30:57.857 [main] INFO  c.o.p.controller.UserControllerTest:61- Started UserControllerTest in 2.736 seconds (JVM running for 3.55)
09:30:58.492 [main] ERROR c.o.p.a.ExceptionControllerAdvice:16- 全局异常信息：
org.springframework.dao.DuplicateKeyException: 
### Error updating database.  Cause: com.mysql.jdbc.exceptions.jdbc4.MySQLIntegrityConstraintViolationException: Duplicate entry '1037659019@qq.com' for key 'UK_f9wvcvtl2kwpiwbcbribujcor'
### The error may exist in com/olee/project/mapper/UserMapper.java (best guess)
### The error may involve com.olee.project.mapper.UserMapper.insert-Inline
### The error occurred while setting parameters
### SQL: INSERT INTO olee_user(userId, email, password, createAt, nickname, address) VALUES(?, ?, ?, ?, ?, ?)
### Cause: com.mysql.jdbc.exceptions.jdbc4.MySQLIntegrityConstraintViolationException: Duplicate entry '1037659019@qq.com' for key 'UK_f9wvcvtl2kwpiwbcbribujcor'
; Duplicate entry '1037659019@qq.com' for key 'UK_f9wvcvtl2kwpiwbcbribujcor'; nested exception is com.mysql.jdbc.exceptions.jdbc4.MySQLIntegrityConstraintViolationException: Duplicate entry '1037659019@qq.com' for key 'UK_f9wvcvtl2kwpiwbcbribujcor'
	at org.springframework.jdbc.support.SQLErrorCodeSQLExceptionTranslator.doTranslate(SQLErrorCodeSQLExceptionTranslator.java:247)
	at org.springframework.jdbc.support.AbstractFallbackSQLExceptionTranslator.translate(AbstractFallbackSQLExceptionTranslator.java:70)
	at org.mybatis.spring.MyBatisExceptionTranslator.translateExceptionIfPossible(MyBatisExceptionTranslator.java:88)
	at org.mybatis.spring.SqlSessionTemplate$SqlSessionInterceptor.invoke(SqlSessionTemplate.java:440)
	at com.sun.proxy.$Proxy75.insert(Unknown Source)
	at org.mybatis.spring.SqlSessionTemplate.insert(SqlSessionTemplate.java:271)
	at org.apache.ibatis.binding.MapperMethod.execute(MapperMethod.java:62)
	at org.apache.ibatis.binding.MapperProxy.invoke(MapperProxy.java:93)
	at com.sun.proxy.$Proxy80.insert(Unknown Source)
	at com.olee.project.service.RegisterLoginServiceImpl.registerUser(RegisterLoginServiceImpl.java:60)
	at com.olee.project.controller.UserController.register(UserController.java:40)
	at sun.reflect.NativeMethodAccessorImpl.invoke0(Native Method)
	at sun.reflect.NativeMethodAccessorImpl.invoke(NativeMethodAccessorImpl.java:62)
	at sun.reflect.DelegatingMethodAccessorImpl.invoke(DelegatingMethodAccessorImpl.java:43)
	at java.lang.reflect.Method.invoke(Method.java:498)
	at org.springframework.web.method.support.InvocableHandlerMethod.doInvoke(InvocableHandlerMethod.java:197)
	at org.springframework.web.method.support.InvocableHandlerMethod.invokeForRequest(InvocableHandlerMethod.java:141)
	at org.springframework.web.servlet.mvc.method.annotation.ServletInvocableHandlerMethod.invokeAndHandle(ServletInvocableHandlerMethod.java:106)
	at org.springframework.web.servlet.mvc.method.annotation.RequestMappingHandlerAdapter.invokeHandlerMethod(RequestMappingHandlerAdapter.java:894)
	at org.springframework.web.servlet.mvc.method.annotation.RequestMappingHandlerAdapter.handleInternal(RequestMappingHandlerAdapter.java:808)
	at org.springframework.web.servlet.mvc.method.AbstractHandlerMethodAdapter.handle(AbstractHandlerMethodAdapter.java:87)
	at org.springframework.web.servlet.DispatcherServlet.doDispatch(DispatcherServlet.java:1063)
	at org.springframework.web.servlet.DispatcherServlet.doService(DispatcherServlet.java:963)
	at org.springframework.web.servlet.FrameworkServlet.processRequest(FrameworkServlet.java:1006)
	at org.springframework.web.servlet.FrameworkServlet.doPost(FrameworkServlet.java:909)
	at javax.servlet.http.HttpServlet.service(HttpServlet.java:681)
	at org.springframework.web.servlet.FrameworkServlet.service(FrameworkServlet.java:883)
	at org.springframework.test.web.servlet.TestDispatcherServlet.service(TestDispatcherServlet.java:72)
	at javax.servlet.http.HttpServlet.service(HttpServlet.java:764)
	at org.springframework.mock.web.MockFilterChain$ServletFilterProxy.doFilter(MockFilterChain.java:167)
	at org.springframework.mock.web.MockFilterChain.doFilter(MockFilterChain.java:134)
	at org.springframework.test.web.servlet.MockMvc.perform(MockMvc.java:183)
	at com.olee.project.controller.UserControllerTest.registerTest(UserControllerTest.java:48)
	at sun.reflect.NativeMethodAccessorImpl.invoke0(Native Method)
	at sun.reflect.NativeMethodAccessorImpl.invoke(NativeMethodAccessorImpl.java:62)
	at sun.reflect.DelegatingMethodAccessorImpl.invoke(DelegatingMethodAccessorImpl.java:43)
	at java.lang.reflect.Method.invoke(Method.java:498)
	at org.junit.runners.model.FrameworkMethod$1.runReflectiveCall(FrameworkMethod.java:50)
	at org.junit.internal.runners.model.ReflectiveCallable.run(ReflectiveCallable.java:12)
	at org.junit.runners.model.FrameworkMethod.invokeExplosively(FrameworkMethod.java:47)
	at org.junit.internal.runners.statements.InvokeMethod.evaluate(InvokeMethod.java:17)
	at org.springframework.test.context.junit4.statements.RunBeforeTestExecutionCallbacks.evaluate(RunBeforeTestExecutionCallbacks.java:74)
	at org.springframework.test.context.junit4.statements.RunAfterTestExecutionCallbacks.evaluate(RunAfterTestExecutionCallbacks.java:84)
	at org.junit.internal.runners.statements.RunBefores.evaluate(RunBefores.java:26)
	at org.springframework.test.context.junit4.statements.RunBeforeTestMethodCallbacks.evaluate(RunBeforeTestMethodCallbacks.java:75)
	at org.springframework.test.context.junit4.statements.RunAfterTestMethodCallbacks.evaluate(RunAfterTestMethodCallbacks.java:86)
	at org.springframework.test.context.junit4.statements.SpringRepeat.evaluate(SpringRepeat.java:84)
	at org.junit.runners.ParentRunner.runLeaf(ParentRunner.java:325)
	at org.springframework.test.context.junit4.SpringJUnit4ClassRunner.runChild(SpringJUnit4ClassRunner.java:251)
	at org.springframework.test.context.junit4.SpringJUnit4ClassRunner.runChild(SpringJUnit4ClassRunner.java:97)
	at org.junit.runners.ParentRunner$3.run(ParentRunner.java:290)
	at org.junit.runners.ParentRunner$1.schedule(ParentRunner.java:71)
	at org.junit.runners.ParentRunner.runChildren(ParentRunner.java:288)
	at org.junit.runners.ParentRunner.access$000(ParentRunner.java:58)
	at org.junit.runners.ParentRunner$2.evaluate(ParentRunner.java:268)
	at org.springframework.test.context.junit4.statements.RunBeforeTestClassCallbacks.evaluate(RunBeforeTestClassCallbacks.java:61)
	at org.springframework.test.context.junit4.statements.RunAfterTestClassCallbacks.evaluate(RunAfterTestClassCallbacks.java:70)
	at org.junit.runners.ParentRunner.run(ParentRunner.java:363)
	at org.springframework.test.context.junit4.SpringJUnit4ClassRunner.run(SpringJUnit4ClassRunner.java:190)
	at org.junit.runner.JUnitCore.run(JUnitCore.java:137)
	at com.intellij.junit4.JUnit4IdeaTestRunner.startRunnerWithArgs(JUnit4IdeaTestRunner.java:69)
	at com.intellij.rt.junit.IdeaTestRunner$Repeater.startRunnerWithArgs(IdeaTestRunner.java:33)
	at com.intellij.rt.junit.JUnitStarter.prepareStreamsAndStart(JUnitStarter.java:221)
	at com.intellij.rt.junit.JUnitStarter.main(JUnitStarter.java:54)
Caused by: com.mysql.jdbc.exceptions.jdbc4.MySQLIntegrityConstraintViolationException: Duplicate entry '1037659019@qq.com' for key 'UK_f9wvcvtl2kwpiwbcbribujcor'
	at sun.reflect.NativeConstructorAccessorImpl.newInstance0(Native Method)
	at sun.reflect.NativeConstructorAccessorImpl.newInstance(NativeConstructorAccessorImpl.java:62)
	at sun.reflect.DelegatingConstructorAccessorImpl.newInstance(DelegatingConstructorAccessorImpl.java:45)
	at java.lang.reflect.Constructor.newInstance(Constructor.java:423)
	at com.mysql.jdbc.Util.handleNewInstance(Util.java:404)
	at com.mysql.jdbc.Util.getInstance(Util.java:387)
	at com.mysql.jdbc.SQLError.createSQLException(SQLError.java:934)
	at com.mysql.jdbc.MysqlIO.checkErrorPacket(MysqlIO.java:3870)
	at com.mysql.jdbc.MysqlIO.checkErrorPacket(MysqlIO.java:3806)
	at com.mysql.jdbc.MysqlIO.sendCommand(MysqlIO.java:2470)
	at com.mysql.jdbc.MysqlIO.sqlQueryDirect(MysqlIO.java:2617)
	at com.mysql.jdbc.ConnectionImpl.execSQL(ConnectionImpl.java:2550)
	at com.mysql.jdbc.PreparedStatement.executeInternal(PreparedStatement.java:1861)
	at com.mysql.jdbc.PreparedStatement.execute(PreparedStatement.java:1192)
	at com.zaxxer.hikari.pool.ProxyPreparedStatement.execute(ProxyPreparedStatement.java:44)
	at com.zaxxer.hikari.pool.HikariProxyPreparedStatement.execute(HikariProxyPreparedStatement.java)
	at org.apache.ibatis.executor.statement.PreparedStatementHandler.update(PreparedStatementHandler.java:47)
	at org.apache.ibatis.executor.statement.RoutingStatementHandler.update(RoutingStatementHandler.java:74)
	at org.apache.ibatis.executor.SimpleExecutor.doUpdate(SimpleExecutor.java:50)
	at org.apache.ibatis.executor.BaseExecutor.update(BaseExecutor.java:117)
	at org.apache.ibatis.executor.CachingExecutor.update(CachingExecutor.java:76)
	at org.apache.ibatis.session.defaults.DefaultSqlSession.update(DefaultSqlSession.java:197)
	at org.apache.ibatis.session.defaults.DefaultSqlSession.insert(DefaultSqlSession.java:184)
	at sun.reflect.NativeMethodAccessorImpl.invoke0(Native Method)
	at sun.reflect.NativeMethodAccessorImpl.invoke(NativeMethodAccessorImpl.java:62)
	at sun.reflect.DelegatingMethodAccessorImpl.invoke(DelegatingMethodAccessorImpl.java:43)
	at java.lang.reflect.Method.invoke(Method.java:498)
	at org.mybatis.spring.SqlSessionTemplate$SqlSessionInterceptor.invoke(SqlSessionTemplate.java:426)
	... 60 common frames omitted
09:30:58.492 [main] ERROR c.o.p.a.ExceptionControllerAdvice:16- 全局异常信息：
org.springframework.dao.DuplicateKeyException: 
### Error updating database.  Cause: com.mysql.jdbc.exceptions.jdbc4.MySQLIntegrityConstraintViolationException: Duplicate entry '1037659019@qq.com' for key 'UK_f9wvcvtl2kwpiwbcbribujcor'
### The error may exist in com/olee/project/mapper/UserMapper.java (best guess)
### The error may involve com.olee.project.mapper.UserMapper.insert-Inline
### The error occurred while setting parameters
### SQL: INSERT INTO olee_user(userId, email, password, createAt, nickname, address) VALUES(?, ?, ?, ?, ?, ?)
### Cause: com.mysql.jdbc.exceptions.jdbc4.MySQLIntegrityConstraintViolationException: Duplicate entry '1037659019@qq.com' for key 'UK_f9wvcvtl2kwpiwbcbribujcor'
; Duplicate entry '1037659019@qq.com' for key 'UK_f9wvcvtl2kwpiwbcbribujcor'; nested exception is com.mysql.jdbc.exceptions.jdbc4.MySQLIntegrityConstraintViolationException: Duplicate entry '1037659019@qq.com' for key 'UK_f9wvcvtl2kwpiwbcbribujcor'
	at org.springframework.jdbc.support.SQLErrorCodeSQLExceptionTranslator.doTranslate(SQLErrorCodeSQLExceptionTranslator.java:247)
	at org.springframework.jdbc.support.AbstractFallbackSQLExceptionTranslator.translate(AbstractFallbackSQLExceptionTranslator.java:70)
	at org.mybatis.spring.MyBatisExceptionTranslator.translateExceptionIfPossible(MyBatisExceptionTranslator.java:88)
	at org.mybatis.spring.SqlSessionTemplate$SqlSessionInterceptor.invoke(SqlSessionTemplate.java:440)
	at com.sun.proxy.$Proxy75.insert(Unknown Source)
	at org.mybatis.spring.SqlSessionTemplate.insert(SqlSessionTemplate.java:271)
	at org.apache.ibatis.binding.MapperMethod.execute(MapperMethod.java:62)
	at org.apache.ibatis.binding.MapperProxy.invoke(MapperProxy.java:93)
	at com.sun.proxy.$Proxy80.insert(Unknown Source)
	at com.olee.project.service.RegisterLoginServiceImpl.registerUser(RegisterLoginServiceImpl.java:60)
	at com.olee.project.controller.UserController.register(UserController.java:40)
	at sun.reflect.NativeMethodAccessorImpl.invoke0(Native Method)
	at sun.reflect.NativeMethodAccessorImpl.invoke(NativeMethodAccessorImpl.java:62)
	at sun.reflect.DelegatingMethodAccessorImpl.invoke(DelegatingMethodAccessorImpl.java:43)
	at java.lang.reflect.Method.invoke(Method.java:498)
	at org.springframework.web.method.support.InvocableHandlerMethod.doInvoke(InvocableHandlerMethod.java:197)
	at org.springframework.web.method.support.InvocableHandlerMethod.invokeForRequest(InvocableHandlerMethod.java:141)
	at org.springframework.web.servlet.mvc.method.annotation.ServletInvocableHandlerMethod.invokeAndHandle(ServletInvocableHandlerMethod.java:106)
	at org.springframework.web.servlet.mvc.method.annotation.RequestMappingHandlerAdapter.invokeHandlerMethod(RequestMappingHandlerAdapter.java:894)
	at org.springframework.web.servlet.mvc.method.annotation.RequestMappingHandlerAdapter.handleInternal(RequestMappingHandlerAdapter.java:808)
	at org.springframework.web.servlet.mvc.method.AbstractHandlerMethodAdapter.handle(AbstractHandlerMethodAdapter.java:87)
	at org.springframework.web.servlet.DispatcherServlet.doDispatch(DispatcherServlet.java:1063)
	at org.springframework.web.servlet.DispatcherServlet.doService(DispatcherServlet.java:963)
	at org.springframework.web.servlet.FrameworkServlet.processRequest(FrameworkServlet.java:1006)
	at org.springframework.web.servlet.FrameworkServlet.doPost(FrameworkServlet.java:909)
	at javax.servlet.http.HttpServlet.service(HttpServlet.java:681)
	at org.springframework.web.servlet.FrameworkServlet.service(FrameworkServlet.java:883)
	at org.springframework.test.web.servlet.TestDispatcherServlet.service(TestDispatcherServlet.java:72)
	at javax.servlet.http.HttpServlet.service(HttpServlet.java:764)
	at org.springframework.mock.web.MockFilterChain$ServletFilterProxy.doFilter(MockFilterChain.java:167)
	at org.springframework.mock.web.MockFilterChain.doFilter(MockFilterChain.java:134)
	at org.springframework.test.web.servlet.MockMvc.perform(MockMvc.java:183)
	at com.olee.project.controller.UserControllerTest.registerTest(UserControllerTest.java:48)
	at sun.reflect.NativeMethodAccessorImpl.invoke0(Native Method)
	at sun.reflect.NativeMethodAccessorImpl.invoke(NativeMethodAccessorImpl.java:62)
	at sun.reflect.DelegatingMethodAccessorImpl.invoke(DelegatingMethodAccessorImpl.java:43)
	at java.lang.reflect.Method.invoke(Method.java:498)
	at org.junit.runners.model.FrameworkMethod$1.runReflectiveCall(FrameworkMethod.java:50)
	at org.junit.internal.runners.model.ReflectiveCallable.run(ReflectiveCallable.java:12)
	at org.junit.runners.model.FrameworkMethod.invokeExplosively(FrameworkMethod.java:47)
	at org.junit.internal.runners.statements.InvokeMethod.evaluate(InvokeMethod.java:17)
	at org.springframework.test.context.junit4.statements.RunBeforeTestExecutionCallbacks.evaluate(RunBeforeTestExecutionCallbacks.java:74)
	at org.springframework.test.context.junit4.statements.RunAfterTestExecutionCallbacks.evaluate(RunAfterTestExecutionCallbacks.java:84)
	at org.junit.internal.runners.statements.RunBefores.evaluate(RunBefores.java:26)
	at org.springframework.test.context.junit4.statements.RunBeforeTestMethodCallbacks.evaluate(RunBeforeTestMethodCallbacks.java:75)
	at org.springframework.test.context.junit4.statements.RunAfterTestMethodCallbacks.evaluate(RunAfterTestMethodCallbacks.java:86)
	at org.springframework.test.context.junit4.statements.SpringRepeat.evaluate(SpringRepeat.java:84)
	at org.junit.runners.ParentRunner.runLeaf(ParentRunner.java:325)
	at org.springframework.test.context.junit4.SpringJUnit4ClassRunner.runChild(SpringJUnit4ClassRunner.java:251)
	at org.springframework.test.context.junit4.SpringJUnit4ClassRunner.runChild(SpringJUnit4ClassRunner.java:97)
	at org.junit.runners.ParentRunner$3.run(ParentRunner.java:290)
	at org.junit.runners.ParentRunner$1.schedule(ParentRunner.java:71)
	at org.junit.runners.ParentRunner.runChildren(ParentRunner.java:288)
	at org.junit.runners.ParentRunner.access$000(ParentRunner.java:58)
	at org.junit.runners.ParentRunner$2.evaluate(ParentRunner.java:268)
	at org.springframework.test.context.junit4.statements.RunBeforeTestClassCallbacks.evaluate(RunBeforeTestClassCallbacks.java:61)
	at org.springframework.test.context.junit4.statements.RunAfterTestClassCallbacks.evaluate(RunAfterTestClassCallbacks.java:70)
	at org.junit.runners.ParentRunner.run(ParentRunner.java:363)
	at org.springframework.test.context.junit4.SpringJUnit4ClassRunner.run(SpringJUnit4ClassRunner.java:190)
	at org.junit.runner.JUnitCore.run(JUnitCore.java:137)
	at com.intellij.junit4.JUnit4IdeaTestRunner.startRunnerWithArgs(JUnit4IdeaTestRunner.java:69)
	at com.intellij.rt.junit.IdeaTestRunner$Repeater.startRunnerWithArgs(IdeaTestRunner.java:33)
	at com.intellij.rt.junit.JUnitStarter.prepareStreamsAndStart(JUnitStarter.java:221)
	at com.intellij.rt.junit.JUnitStarter.main(JUnitStarter.java:54)
Caused by: com.mysql.jdbc.exceptions.jdbc4.MySQLIntegrityConstraintViolationException: Duplicate entry '1037659019@qq.com' for key 'UK_f9wvcvtl2kwpiwbcbribujcor'
	at sun.reflect.NativeConstructorAccessorImpl.newInstance0(Native Method)
	at sun.reflect.NativeConstructorAccessorImpl.newInstance(NativeConstructorAccessorImpl.java:62)
	at sun.reflect.DelegatingConstructorAccessorImpl.newInstance(DelegatingConstructorAccessorImpl.java:45)
	at java.lang.reflect.Constructor.newInstance(Constructor.java:423)
	at com.mysql.jdbc.Util.handleNewInstance(Util.java:404)
	at com.mysql.jdbc.Util.getInstance(Util.java:387)
	at com.mysql.jdbc.SQLError.createSQLException(SQLError.java:934)
	at com.mysql.jdbc.MysqlIO.checkErrorPacket(MysqlIO.java:3870)
	at com.mysql.jdbc.MysqlIO.checkErrorPacket(MysqlIO.java:3806)
	at com.mysql.jdbc.MysqlIO.sendCommand(MysqlIO.java:2470)
	at com.mysql.jdbc.MysqlIO.sqlQueryDirect(MysqlIO.java:2617)
	at com.mysql.jdbc.ConnectionImpl.execSQL(ConnectionImpl.java:2550)
	at com.mysql.jdbc.PreparedStatement.executeInternal(PreparedStatement.java:1861)
	at com.mysql.jdbc.PreparedStatement.execute(PreparedStatement.java:1192)
	at com.zaxxer.hikari.pool.ProxyPreparedStatement.execute(ProxyPreparedStatement.java:44)
	at com.zaxxer.hikari.pool.HikariProxyPreparedStatement.execute(HikariProxyPreparedStatement.java)
	at org.apache.ibatis.executor.statement.PreparedStatementHandler.update(PreparedStatementHandler.java:47)
	at org.apache.ibatis.executor.statement.RoutingStatementHandler.update(RoutingStatementHandler.java:74)
	at org.apache.ibatis.executor.SimpleExecutor.doUpdate(SimpleExecutor.java:50)
	at org.apache.ibatis.executor.BaseExecutor.update(BaseExecutor.java:117)
	at org.apache.ibatis.executor.CachingExecutor.update(CachingExecutor.java:76)
	at org.apache.ibatis.session.defaults.DefaultSqlSession.update(DefaultSqlSession.java:197)
	at org.apache.ibatis.session.defaults.DefaultSqlSession.insert(DefaultSqlSession.java:184)
	at sun.reflect.NativeMethodAccessorImpl.invoke0(Native Method)
	at sun.reflect.NativeMethodAccessorImpl.invoke(NativeMethodAccessorImpl.java:62)
	at sun.reflect.DelegatingMethodAccessorImpl.invoke(DelegatingMethodAccessorImpl.java:43)
	at java.lang.reflect.Method.invoke(Method.java:498)
	at org.mybatis.spring.SqlSessionTemplate$SqlSessionInterceptor.invoke(SqlSessionTemplate.java:426)
	... 60 common frames omitted
09:30:58.509 [main] INFO  c.o.p.controller.UserControllerTest:51- response:{"code":-10001,"message":"Server internal error","result":{}}
09:30:58.509 [main] INFO  c.o.p.controller.UserControllerTest:51- response:{"code":-10001,"message":"Server internal error","result":{}}
09:34:38.177 [main] INFO  c.o.p.controller.UserControllerTest:55- Starting UserControllerTest using Java 1.8.0_161 on DESKTOP-MEMJ3FE with PID 11148 (started by Administrator in D:\JAVA\Revision\olee_project)
09:34:38.177 [main] INFO  c.o.p.controller.UserControllerTest:55- Starting UserControllerTest using Java 1.8.0_161 on DESKTOP-MEMJ3FE with PID 11148 (started by Administrator in D:\JAVA\Revision\olee_project)
09:34:38.179 [main] INFO  c.o.p.controller.UserControllerTest:659- No active profile set, falling back to default profiles: default
09:34:38.179 [main] INFO  c.o.p.controller.UserControllerTest:659- No active profile set, falling back to default profiles: default
09:34:40.791 [main] WARN  o.s.b.a.f.FreeMarkerAutoConfiguration:65- Cannot find template location(s): [classpath:/templates/] (please add some templates, check your FreeMarker configuration, or set spring.freemarker.checkTemplateLocation=false)
09:34:40.913 [main] INFO  c.o.p.controller.UserControllerTest:61- Started UserControllerTest in 3.066 seconds (JVM running for 4.104)
09:34:40.913 [main] INFO  c.o.p.controller.UserControllerTest:61- Started UserControllerTest in 3.066 seconds (JVM running for 4.104)
09:37:43.853 [HikariPool-1 housekeeper] WARN  com.zaxxer.hikari.pool.HikariPool:788- HikariPool-1 - Thread starvation or clock leap detected (housekeeper delta=2m3s840ms781µs800ns).
09:37:44.036 [main] WARN  o.s.j.support.SQLErrorCodesFactory:242- Error while extracting database name
org.springframework.jdbc.support.MetaDataAccessException: Could not get Connection for extracting meta-data; nested exception is org.springframework.jdbc.CannotGetJdbcConnectionException: Failed to obtain JDBC Connection; nested exception is java.sql.SQLException: HikariDataSource HikariDataSource (HikariPool-1) has been closed.
	at org.springframework.jdbc.support.JdbcUtils.extractDatabaseMetaData(JdbcUtils.java:363)
	at org.springframework.jdbc.support.SQLErrorCodesFactory.resolveErrorCodes(SQLErrorCodesFactory.java:235)
	at org.springframework.jdbc.support.SQLErrorCodeSQLExceptionTranslator.lambda$setDataSource$0(SQLErrorCodeSQLExceptionTranslator.java:140)
	at org.springframework.util.function.SingletonSupplier.get(SingletonSupplier.java:97)
	at org.springframework.jdbc.support.SQLErrorCodeSQLExceptionTranslator.setDataSource(SQLErrorCodeSQLExceptionTranslator.java:141)
	at org.springframework.jdbc.support.SQLErrorCodeSQLExceptionTranslator.<init>(SQLErrorCodeSQLExceptionTranslator.java:102)
	at org.mybatis.spring.MyBatisExceptionTranslator.lambda$new$0(MyBatisExceptionTranslator.java:54)
	at org.mybatis.spring.MyBatisExceptionTranslator.initExceptionTranslator(MyBatisExceptionTranslator.java:102)
	at org.mybatis.spring.MyBatisExceptionTranslator.translateExceptionIfPossible(MyBatisExceptionTranslator.java:87)
	at org.mybatis.spring.SqlSessionTemplate$SqlSessionInterceptor.invoke(SqlSessionTemplate.java:440)
	at com.sun.proxy.$Proxy75.insert(Unknown Source)
	at org.mybatis.spring.SqlSessionTemplate.insert(SqlSessionTemplate.java:271)
	at org.apache.ibatis.binding.MapperMethod.execute(MapperMethod.java:62)
	at org.apache.ibatis.binding.MapperProxy.invoke(MapperProxy.java:93)
	at com.sun.proxy.$Proxy80.insert(Unknown Source)
	at com.olee.project.service.RegisterLoginServiceImpl.registerUser(RegisterLoginServiceImpl.java:60)
	at com.olee.project.controller.UserController.register(UserController.java:40)
	at sun.reflect.NativeMethodAccessorImpl.invoke0(Native Method)
	at sun.reflect.NativeMethodAccessorImpl.invoke(NativeMethodAccessorImpl.java:62)
	at sun.reflect.DelegatingMethodAccessorImpl.invoke(DelegatingMethodAccessorImpl.java:43)
	at java.lang.reflect.Method.invoke(Method.java:498)
	at org.springframework.web.method.support.InvocableHandlerMethod.doInvoke(InvocableHandlerMethod.java:197)
	at org.springframework.web.method.support.InvocableHandlerMethod.invokeForRequest(InvocableHandlerMethod.java:141)
	at org.springframework.web.servlet.mvc.method.annotation.ServletInvocableHandlerMethod.invokeAndHandle(ServletInvocableHandlerMethod.java:106)
	at org.springframework.web.servlet.mvc.method.annotation.RequestMappingHandlerAdapter.invokeHandlerMethod(RequestMappingHandlerAdapter.java:894)
	at org.springframework.web.servlet.mvc.method.annotation.RequestMappingHandlerAdapter.handleInternal(RequestMappingHandlerAdapter.java:808)
	at org.springframework.web.servlet.mvc.method.AbstractHandlerMethodAdapter.handle(AbstractHandlerMethodAdapter.java:87)
	at org.springframework.web.servlet.DispatcherServlet.doDispatch(DispatcherServlet.java:1063)
	at org.springframework.web.servlet.DispatcherServlet.doService(DispatcherServlet.java:963)
	at org.springframework.web.servlet.FrameworkServlet.processRequest(FrameworkServlet.java:1006)
	at org.springframework.web.servlet.FrameworkServlet.doPost(FrameworkServlet.java:909)
	at javax.servlet.http.HttpServlet.service(HttpServlet.java:681)
	at org.springframework.web.servlet.FrameworkServlet.service(FrameworkServlet.java:883)
	at org.springframework.test.web.servlet.TestDispatcherServlet.service(TestDispatcherServlet.java:72)
	at javax.servlet.http.HttpServlet.service(HttpServlet.java:764)
	at org.springframework.mock.web.MockFilterChain$ServletFilterProxy.doFilter(MockFilterChain.java:167)
	at org.springframework.mock.web.MockFilterChain.doFilter(MockFilterChain.java:134)
	at org.springframework.test.web.servlet.MockMvc.perform(MockMvc.java:183)
	at com.olee.project.controller.UserControllerTest.registerTest(UserControllerTest.java:48)
	at sun.reflect.NativeMethodAccessorImpl.invoke0(Native Method)
	at sun.reflect.NativeMethodAccessorImpl.invoke(NativeMethodAccessorImpl.java:62)
	at sun.reflect.DelegatingMethodAccessorImpl.invoke(DelegatingMethodAccessorImpl.java:43)
	at java.lang.reflect.Method.invoke(Method.java:498)
	at org.junit.runners.model.FrameworkMethod$1.runReflectiveCall(FrameworkMethod.java:50)
	at org.junit.internal.runners.model.ReflectiveCallable.run(ReflectiveCallable.java:12)
	at org.junit.runners.model.FrameworkMethod.invokeExplosively(FrameworkMethod.java:47)
	at org.junit.internal.runners.statements.InvokeMethod.evaluate(InvokeMethod.java:17)
	at org.springframework.test.context.junit4.statements.RunBeforeTestExecutionCallbacks.evaluate(RunBeforeTestExecutionCallbacks.java:74)
	at org.springframework.test.context.junit4.statements.RunAfterTestExecutionCallbacks.evaluate(RunAfterTestExecutionCallbacks.java:84)
	at org.junit.internal.runners.statements.RunBefores.evaluate(RunBefores.java:26)
	at org.springframework.test.context.junit4.statements.RunBeforeTestMethodCallbacks.evaluate(RunBeforeTestMethodCallbacks.java:75)
	at org.springframework.test.context.junit4.statements.RunAfterTestMethodCallbacks.evaluate(RunAfterTestMethodCallbacks.java:86)
	at org.springframework.test.context.junit4.statements.SpringRepeat.evaluate(SpringRepeat.java:84)
	at org.junit.runners.ParentRunner.runLeaf(ParentRunner.java:325)
	at org.springframework.test.context.junit4.SpringJUnit4ClassRunner.runChild(SpringJUnit4ClassRunner.java:251)
	at org.springframework.test.context.junit4.SpringJUnit4ClassRunner.runChild(SpringJUnit4ClassRunner.java:97)
	at org.junit.runners.ParentRunner$3.run(ParentRunner.java:290)
	at org.junit.runners.ParentRunner$1.schedule(ParentRunner.java:71)
	at org.junit.runners.ParentRunner.runChildren(ParentRunner.java:288)
	at org.junit.runners.ParentRunner.access$000(ParentRunner.java:58)
	at org.junit.runners.ParentRunner$2.evaluate(ParentRunner.java:268)
	at org.springframework.test.context.junit4.statements.RunBeforeTestClassCallbacks.evaluate(RunBeforeTestClassCallbacks.java:61)
	at org.springframework.test.context.junit4.statements.RunAfterTestClassCallbacks.evaluate(RunAfterTestClassCallbacks.java:70)
	at org.junit.runners.ParentRunner.run(ParentRunner.java:363)
	at org.springframework.test.context.junit4.SpringJUnit4ClassRunner.run(SpringJUnit4ClassRunner.java:190)
	at org.junit.runner.JUnitCore.run(JUnitCore.java:137)
	at com.intellij.junit4.JUnit4IdeaTestRunner.startRunnerWithArgs(JUnit4IdeaTestRunner.java:69)
	at com.intellij.rt.junit.IdeaTestRunner$Repeater.startRunnerWithArgs(IdeaTestRunner.java:33)
	at com.intellij.rt.junit.JUnitStarter.prepareStreamsAndStart(JUnitStarter.java:221)
	at com.intellij.rt.junit.JUnitStarter.main(JUnitStarter.java:54)
Caused by: org.springframework.jdbc.CannotGetJdbcConnectionException: Failed to obtain JDBC Connection; nested exception is java.sql.SQLException: HikariDataSource HikariDataSource (HikariPool-1) has been closed.
	at org.springframework.jdbc.datasource.DataSourceUtils.getConnection(DataSourceUtils.java:82)
	at org.springframework.jdbc.support.JdbcUtils.extractDatabaseMetaData(JdbcUtils.java:337)
	... 69 common frames omitted
Caused by: java.sql.SQLException: HikariDataSource HikariDataSource (HikariPool-1) has been closed.
	at com.zaxxer.hikari.HikariDataSource.getConnection(HikariDataSource.java:96)
	at org.springframework.jdbc.datasource.DataSourceUtils.fetchConnection(DataSourceUtils.java:158)
	at org.springframework.jdbc.datasource.DataSourceUtils.doGetConnection(DataSourceUtils.java:116)
	at org.springframework.jdbc.datasource.DataSourceUtils.getConnection(DataSourceUtils.java:79)
	... 70 common frames omitted
09:37:48.668 [main] INFO  c.o.p.controller.UserControllerTest:55- Starting UserControllerTest using Java 1.8.0_161 on DESKTOP-MEMJ3FE with PID 18872 (started by Administrator in D:\JAVA\Revision\olee_project)
09:37:48.668 [main] INFO  c.o.p.controller.UserControllerTest:55- Starting UserControllerTest using Java 1.8.0_161 on DESKTOP-MEMJ3FE with PID 18872 (started by Administrator in D:\JAVA\Revision\olee_project)
09:37:48.684 [main] INFO  c.o.p.controller.UserControllerTest:659- No active profile set, falling back to default profiles: default
09:37:48.684 [main] INFO  c.o.p.controller.UserControllerTest:659- No active profile set, falling back to default profiles: default
09:37:51.077 [main] WARN  o.s.b.a.f.FreeMarkerAutoConfiguration:65- Cannot find template location(s): [classpath:/templates/] (please add some templates, check your FreeMarker configuration, or set spring.freemarker.checkTemplateLocation=false)
09:37:51.195 [main] INFO  c.o.p.controller.UserControllerTest:61- Started UserControllerTest in 2.826 seconds (JVM running for 3.648)
09:37:51.195 [main] INFO  c.o.p.controller.UserControllerTest:61- Started UserControllerTest in 2.826 seconds (JVM running for 3.648)
09:37:51.780 [main] INFO  c.o.p.controller.UserControllerTest:51- response:{"code":0,"message":"Success","result":{"userId":"6b6fd510dcb74fa6adb14fb2db72cfa2","createAt":"2021-08-11T01:37:51.764Z"}}
09:37:51.780 [main] INFO  c.o.p.controller.UserControllerTest:51- response:{"code":0,"message":"Success","result":{"userId":"6b6fd510dcb74fa6adb14fb2db72cfa2","createAt":"2021-08-11T01:37:51.764Z"}}
09:38:51.074 [main] INFO  c.o.p.controller.UserControllerTest:55- Starting UserControllerTest using Java 1.8.0_161 on DESKTOP-MEMJ3FE with PID 12892 (started by Administrator in D:\JAVA\Revision\olee_project)
09:38:51.074 [main] INFO  c.o.p.controller.UserControllerTest:55- Starting UserControllerTest using Java 1.8.0_161 on DESKTOP-MEMJ3FE with PID 12892 (started by Administrator in D:\JAVA\Revision\olee_project)
09:38:51.074 [main] INFO  c.o.p.controller.UserControllerTest:659- No active profile set, falling back to default profiles: default
09:38:51.074 [main] INFO  c.o.p.controller.UserControllerTest:659- No active profile set, falling back to default profiles: default
09:38:53.417 [main] WARN  o.s.b.a.f.FreeMarkerAutoConfiguration:65- Cannot find template location(s): [classpath:/templates/] (please add some templates, check your FreeMarker configuration, or set spring.freemarker.checkTemplateLocation=false)
09:38:53.523 [main] INFO  c.o.p.controller.UserControllerTest:61- Started UserControllerTest in 2.763 seconds (JVM running for 3.582)
09:38:53.523 [main] INFO  c.o.p.controller.UserControllerTest:61- Started UserControllerTest in 2.763 seconds (JVM running for 3.582)
09:38:54.547 [main] INFO  c.o.p.controller.UserControllerTest:66- response:{"code":0,"message":"Success","result":{"userId":"6b6fd510dcb74fa6adb14fb2db72cfa2","email":"15862717625@qq.com","nickname":"user","createAt":"2021-08-11T01:37:51Z","updateAt":"2021-08-11T01:37:51Z","token":"04a73d6088ae02ffffc611632adf85ea-20210811093854018-452179","expiresIn":10000}}
09:38:54.547 [main] INFO  c.o.p.controller.UserControllerTest:66- response:{"code":0,"message":"Success","result":{"userId":"6b6fd510dcb74fa6adb14fb2db72cfa2","email":"15862717625@qq.com","nickname":"user","createAt":"2021-08-11T01:37:51Z","updateAt":"2021-08-11T01:37:51Z","token":"04a73d6088ae02ffffc611632adf85ea-20210811093854018-452179","expiresIn":10000}}
09:40:28.904 [main] INFO  c.o.p.controller.UserControllerTest:55- Starting UserControllerTest using Java 1.8.0_161 on DESKTOP-MEMJ3FE with PID 20316 (started by Administrator in D:\JAVA\Revision\olee_project)
09:40:28.904 [main] INFO  c.o.p.controller.UserControllerTest:55- Starting UserControllerTest using Java 1.8.0_161 on DESKTOP-MEMJ3FE with PID 20316 (started by Administrator in D:\JAVA\Revision\olee_project)
09:40:28.907 [main] INFO  c.o.p.controller.UserControllerTest:659- No active profile set, falling back to default profiles: default
09:40:28.907 [main] INFO  c.o.p.controller.UserControllerTest:659- No active profile set, falling back to default profiles: default
09:40:31.239 [main] WARN  o.s.b.a.f.FreeMarkerAutoConfiguration:65- Cannot find template location(s): [classpath:/templates/] (please add some templates, check your FreeMarker configuration, or set spring.freemarker.checkTemplateLocation=false)
09:40:31.340 [main] INFO  c.o.p.controller.UserControllerTest:61- Started UserControllerTest in 2.745 seconds (JVM running for 3.569)
09:40:31.340 [main] INFO  c.o.p.controller.UserControllerTest:61- Started UserControllerTest in 2.745 seconds (JVM running for 3.569)
09:40:31.549 [main] INFO  c.o.p.i.AuthorizationInterceptor:58- 拿到的userId：cc8dd5a058404a8f92aeeb88561f5257，拿到的token值：8beb73609c07ef7122be0d4ddcd3130c-20210811092512748-260818
09:40:31.549 [main] INFO  c.o.p.i.AuthorizationInterceptor:58- 拿到的userId：cc8dd5a058404a8f92aeeb88561f5257，拿到的token值：8beb73609c07ef7122be0d4ddcd3130c-20210811092512748-260818
09:40:32.084 [main] INFO  c.o.p.controller.UserController:65- userId为cc8dd5a058404a8f92aeeb88561f5257,进入到getUserInfo的controller层
09:40:32.084 [main] INFO  c.o.p.controller.UserController:65- userId为cc8dd5a058404a8f92aeeb88561f5257,进入到getUserInfo的controller层
09:40:32.307 [main] INFO  c.o.p.controller.UserControllerTest:96- response:{"code":0,"message":"Success","result":{"userId":"cc8dd5a058404a8f92aeeb88561f5257","email":"1037659019@qq.com","nickname":"user","createAt":"2021-08-10T12:08:31Z","updateAt":"2021-08-10T12:08:31Z"}}
09:40:32.307 [main] INFO  c.o.p.controller.UserControllerTest:96- response:{"code":0,"message":"Success","result":{"userId":"cc8dd5a058404a8f92aeeb88561f5257","email":"1037659019@qq.com","nickname":"user","createAt":"2021-08-10T12:08:31Z","updateAt":"2021-08-10T12:08:31Z"}}
10:17:51.880 [main] INFO  c.o.p.controller.UserControllerTest:55- Starting UserControllerTest using Java 1.8.0_161 on DESKTOP-MEMJ3FE with PID 7596 (started by Administrator in D:\JAVA\Revision\olee_project)
10:17:51.880 [main] INFO  c.o.p.controller.UserControllerTest:55- Starting UserControllerTest using Java 1.8.0_161 on DESKTOP-MEMJ3FE with PID 7596 (started by Administrator in D:\JAVA\Revision\olee_project)
10:17:51.880 [main] INFO  c.o.p.controller.UserControllerTest:659- No active profile set, falling back to default profiles: default
10:17:51.880 [main] INFO  c.o.p.controller.UserControllerTest:659- No active profile set, falling back to default profiles: default
10:17:54.257 [main] WARN  o.s.b.a.f.FreeMarkerAutoConfiguration:65- Cannot find template location(s): [classpath:/templates/] (please add some templates, check your FreeMarker configuration, or set spring.freemarker.checkTemplateLocation=false)
10:17:54.366 [main] INFO  c.o.p.controller.UserControllerTest:61- Started UserControllerTest in 2.824 seconds (JVM running for 3.657)
10:17:54.366 [main] INFO  c.o.p.controller.UserControllerTest:61- Started UserControllerTest in 2.824 seconds (JVM running for 3.657)
10:17:54.596 [main] INFO  c.o.p.i.AuthorizationInterceptor:58- 拿到的userId：cc8dd5a058404a8f92aeeb88561f5257，拿到的token值：8beb73609c07ef7122be0d4ddcd3130c-20210811092512748-260818
10:17:54.596 [main] INFO  c.o.p.i.AuthorizationInterceptor:58- 拿到的userId：cc8dd5a058404a8f92aeeb88561f5257，拿到的token值：8beb73609c07ef7122be0d4ddcd3130c-20210811092512748-260818
10:17:55.120 [main] INFO  c.o.p.controller.UserController:62- userId为cc8dd5a058404a8f92aeeb88561f5257,进入到getUserInfo的controller层
10:17:55.120 [main] INFO  c.o.p.controller.UserController:62- userId为cc8dd5a058404a8f92aeeb88561f5257,进入到getUserInfo的controller层
10:17:55.343 [main] INFO  c.o.p.controller.UserControllerTest:96- response:{"code":0,"message":"Success","result":{"userId":"cc8dd5a058404a8f92aeeb88561f5257","email":"1037659019@qq.com","nickname":"user","createAt":"2021-08-10T12:08:31Z","updateAt":"2021-08-10T12:08:31Z"}}
10:17:55.343 [main] INFO  c.o.p.controller.UserControllerTest:96- response:{"code":0,"message":"Success","result":{"userId":"cc8dd5a058404a8f92aeeb88561f5257","email":"1037659019@qq.com","nickname":"user","createAt":"2021-08-10T12:08:31Z","updateAt":"2021-08-10T12:08:31Z"}}
10:19:00.507 [main] INFO  c.o.p.controller.UserControllerTest:55- Starting UserControllerTest using Java 1.8.0_161 on DESKTOP-MEMJ3FE with PID 2564 (started by Administrator in D:\JAVA\Revision\olee_project)
10:19:00.507 [main] INFO  c.o.p.controller.UserControllerTest:55- Starting UserControllerTest using Java 1.8.0_161 on DESKTOP-MEMJ3FE with PID 2564 (started by Administrator in D:\JAVA\Revision\olee_project)
10:19:00.507 [main] INFO  c.o.p.controller.UserControllerTest:659- No active profile set, falling back to default profiles: default
10:19:00.507 [main] INFO  c.o.p.controller.UserControllerTest:659- No active profile set, falling back to default profiles: default
10:19:02.885 [main] WARN  o.s.b.a.f.FreeMarkerAutoConfiguration:65- Cannot find template location(s): [classpath:/templates/] (please add some templates, check your FreeMarker configuration, or set spring.freemarker.checkTemplateLocation=false)
10:19:02.985 [main] INFO  c.o.p.controller.UserControllerTest:61- Started UserControllerTest in 2.785 seconds (JVM running for 3.59)
10:19:02.985 [main] INFO  c.o.p.controller.UserControllerTest:61- Started UserControllerTest in 2.785 seconds (JVM running for 3.59)
10:19:03.199 [main] INFO  c.o.p.i.AuthorizationInterceptor:58- 拿到的userId：cc8dd5a058404a8f92aeeb88561f5257，拿到的token值：8beb73609c07ef7122be0d4ddcd3130c-20210811092512748-260818
10:19:03.199 [main] INFO  c.o.p.i.AuthorizationInterceptor:58- 拿到的userId：cc8dd5a058404a8f92aeeb88561f5257，拿到的token值：8beb73609c07ef7122be0d4ddcd3130c-20210811092512748-260818
10:19:03.762 [main] INFO  c.o.p.controller.UserController:62- userId为cc8dd5a058404a8f92aeeb88561f5257,进入到getUserInfo的controller层
10:19:03.762 [main] INFO  c.o.p.controller.UserController:62- userId为cc8dd5a058404a8f92aeeb88561f5257,进入到getUserInfo的controller层
10:19:04.006 [main] INFO  c.o.p.controller.UserControllerTest:96- response:{"code":0,"message":"Success","result":{"userId":"cc8dd5a058404a8f92aeeb88561f5257","email":"1037659019@qq.com","nickname":"user","createAt":"2021-08-10T12:08:31Z","updateAt":"2021-08-10T12:08:31Z"}}
10:19:04.006 [main] INFO  c.o.p.controller.UserControllerTest:96- response:{"code":0,"message":"Success","result":{"userId":"cc8dd5a058404a8f92aeeb88561f5257","email":"1037659019@qq.com","nickname":"user","createAt":"2021-08-10T12:08:31Z","updateAt":"2021-08-10T12:08:31Z"}}
10:19:57.670 [main] INFO  c.o.p.controller.UserControllerTest:55- Starting UserControllerTest using Java 1.8.0_161 on DESKTOP-MEMJ3FE with PID 20368 (started by Administrator in D:\JAVA\Revision\olee_project)
10:19:57.670 [main] INFO  c.o.p.controller.UserControllerTest:55- Starting UserControllerTest using Java 1.8.0_161 on DESKTOP-MEMJ3FE with PID 20368 (started by Administrator in D:\JAVA\Revision\olee_project)
10:19:57.670 [main] INFO  c.o.p.controller.UserControllerTest:659- No active profile set, falling back to default profiles: default
10:19:57.670 [main] INFO  c.o.p.controller.UserControllerTest:659- No active profile set, falling back to default profiles: default
10:19:59.998 [main] WARN  o.s.b.a.f.FreeMarkerAutoConfiguration:65- Cannot find template location(s): [classpath:/templates/] (please add some templates, check your FreeMarker configuration, or set spring.freemarker.checkTemplateLocation=false)
10:20:00.098 [main] INFO  c.o.p.controller.UserControllerTest:61- Started UserControllerTest in 2.747 seconds (JVM running for 3.572)
10:20:00.098 [main] INFO  c.o.p.controller.UserControllerTest:61- Started UserControllerTest in 2.747 seconds (JVM running for 3.572)
10:20:00.299 [main] INFO  c.o.p.i.AuthorizationInterceptor:58- 拿到的userId：cc8dd5a058404a8f92aeeb88561f5257，拿到的token值：8beb73609c07ef7122be0d4ddcd3130c-20210811092512748-260818
10:20:00.299 [main] INFO  c.o.p.i.AuthorizationInterceptor:58- 拿到的userId：cc8dd5a058404a8f92aeeb88561f5257，拿到的token值：8beb73609c07ef7122be0d4ddcd3130c-20210811092512748-260818
10:20:00.814 [main] INFO  c.o.p.controller.UserController:62- userId为cc8dd5a058404a8f92aeeb88561f5257,进入到getUserInfo的controller层
10:20:00.814 [main] INFO  c.o.p.controller.UserController:62- userId为cc8dd5a058404a8f92aeeb88561f5257,进入到getUserInfo的controller层
10:20:01.060 [main] INFO  c.o.p.controller.UserControllerTest:96- response:{"code":0,"message":"Success","result":{"userId":"cc8dd5a058404a8f92aeeb88561f5257","email":"1037659019@qq.com","nickname":"user","createAt":"2021-08-10T12:08:31Z","updateAt":"2021-08-10T12:08:31Z"}}
10:20:01.060 [main] INFO  c.o.p.controller.UserControllerTest:96- response:{"code":0,"message":"Success","result":{"userId":"cc8dd5a058404a8f92aeeb88561f5257","email":"1037659019@qq.com","nickname":"user","createAt":"2021-08-10T12:08:31Z","updateAt":"2021-08-10T12:08:31Z"}}
10:20:24.689 [main] INFO  c.o.p.controller.UserControllerTest:55- Starting UserControllerTest using Java 1.8.0_161 on DESKTOP-MEMJ3FE with PID 16520 (started by Administrator in D:\JAVA\Revision\olee_project)
10:20:24.689 [main] INFO  c.o.p.controller.UserControllerTest:55- Starting UserControllerTest using Java 1.8.0_161 on DESKTOP-MEMJ3FE with PID 16520 (started by Administrator in D:\JAVA\Revision\olee_project)
10:20:24.689 [main] INFO  c.o.p.controller.UserControllerTest:659- No active profile set, falling back to default profiles: default
10:20:24.689 [main] INFO  c.o.p.controller.UserControllerTest:659- No active profile set, falling back to default profiles: default
10:20:27.257 [main] WARN  o.s.b.a.f.FreeMarkerAutoConfiguration:65- Cannot find template location(s): [classpath:/templates/] (please add some templates, check your FreeMarker configuration, or set spring.freemarker.checkTemplateLocation=false)
10:20:27.353 [main] INFO  c.o.p.controller.UserControllerTest:61- Started UserControllerTest in 2.97 seconds (JVM running for 3.851)
10:20:27.353 [main] INFO  c.o.p.controller.UserControllerTest:61- Started UserControllerTest in 2.97 seconds (JVM running for 3.851)
10:20:27.576 [main] INFO  c.o.p.i.AuthorizationInterceptor:58- 拿到的userId：123，拿到的token值：45678
10:20:27.576 [main] INFO  c.o.p.i.AuthorizationInterceptor:58- 拿到的userId：123，拿到的token值：45678
10:20:28.139 [main] INFO  c.o.p.controller.UserControllerTest:96- response:{"code":-20201,"message":"User‘s token have expired","result":{}}
10:20:28.139 [main] INFO  c.o.p.controller.UserControllerTest:96- response:{"code":-20201,"message":"User‘s token have expired","result":{}}
10:20:59.654 [main] INFO  c.o.p.controller.UserControllerTest:55- Starting UserControllerTest using Java 1.8.0_161 on DESKTOP-MEMJ3FE with PID 6404 (started by Administrator in D:\JAVA\Revision\olee_project)
10:20:59.654 [main] INFO  c.o.p.controller.UserControllerTest:55- Starting UserControllerTest using Java 1.8.0_161 on DESKTOP-MEMJ3FE with PID 6404 (started by Administrator in D:\JAVA\Revision\olee_project)
10:20:59.654 [main] INFO  c.o.p.controller.UserControllerTest:659- No active profile set, falling back to default profiles: default
10:20:59.654 [main] INFO  c.o.p.controller.UserControllerTest:659- No active profile set, falling back to default profiles: default
10:21:02.047 [main] WARN  o.s.b.a.f.FreeMarkerAutoConfiguration:65- Cannot find template location(s): [classpath:/templates/] (please add some templates, check your FreeMarker configuration, or set spring.freemarker.checkTemplateLocation=false)
10:21:02.163 [main] INFO  c.o.p.controller.UserControllerTest:61- Started UserControllerTest in 2.825 seconds (JVM running for 3.638)
10:21:02.163 [main] INFO  c.o.p.controller.UserControllerTest:61- Started UserControllerTest in 2.825 seconds (JVM running for 3.638)
10:21:02.386 [main] ERROR c.o.p.a.ExceptionControllerAdvice:24- http的X-Authorization请求头错误
com.olee.project.exception.HttpHeaderException: null
	at com.olee.project.utils.CommonUtils.getUserIdAndToken(CommonUtils.java:37)
	at com.olee.project.interceptor.AuthorizationInterceptor.preHandle(AuthorizationInterceptor.java:51)
	at org.springframework.web.servlet.HandlerExecutionChain.applyPreHandle(HandlerExecutionChain.java:148)
	at org.springframework.web.servlet.DispatcherServlet.doDispatch(DispatcherServlet.java:1058)
	at org.springframework.web.servlet.DispatcherServlet.doService(DispatcherServlet.java:963)
	at org.springframework.web.servlet.FrameworkServlet.processRequest(FrameworkServlet.java:1006)
	at org.springframework.web.servlet.FrameworkServlet.doPost(FrameworkServlet.java:909)
	at javax.servlet.http.HttpServlet.service(HttpServlet.java:681)
	at org.springframework.web.servlet.FrameworkServlet.service(FrameworkServlet.java:883)
	at org.springframework.test.web.servlet.TestDispatcherServlet.service(TestDispatcherServlet.java:72)
	at javax.servlet.http.HttpServlet.service(HttpServlet.java:764)
	at org.springframework.mock.web.MockFilterChain$ServletFilterProxy.doFilter(MockFilterChain.java:167)
	at org.springframework.mock.web.MockFilterChain.doFilter(MockFilterChain.java:134)
	at org.springframework.test.web.servlet.MockMvc.perform(MockMvc.java:183)
	at com.olee.project.controller.UserControllerTest.getUserInfoTest(UserControllerTest.java:95)
	at sun.reflect.NativeMethodAccessorImpl.invoke0(Native Method)
	at sun.reflect.NativeMethodAccessorImpl.invoke(NativeMethodAccessorImpl.java:62)
	at sun.reflect.DelegatingMethodAccessorImpl.invoke(DelegatingMethodAccessorImpl.java:43)
	at java.lang.reflect.Method.invoke(Method.java:498)
	at org.junit.runners.model.FrameworkMethod$1.runReflectiveCall(FrameworkMethod.java:50)
	at org.junit.internal.runners.model.ReflectiveCallable.run(ReflectiveCallable.java:12)
	at org.junit.runners.model.FrameworkMethod.invokeExplosively(FrameworkMethod.java:47)
	at org.junit.internal.runners.statements.InvokeMethod.evaluate(InvokeMethod.java:17)
	at org.springframework.test.context.junit4.statements.RunBeforeTestExecutionCallbacks.evaluate(RunBeforeTestExecutionCallbacks.java:74)
	at org.springframework.test.context.junit4.statements.RunAfterTestExecutionCallbacks.evaluate(RunAfterTestExecutionCallbacks.java:84)
	at org.junit.internal.runners.statements.RunBefores.evaluate(RunBefores.java:26)
	at org.springframework.test.context.junit4.statements.RunBeforeTestMethodCallbacks.evaluate(RunBeforeTestMethodCallbacks.java:75)
	at org.springframework.test.context.junit4.statements.RunAfterTestMethodCallbacks.evaluate(RunAfterTestMethodCallbacks.java:86)
	at org.springframework.test.context.junit4.statements.SpringRepeat.evaluate(SpringRepeat.java:84)
	at org.junit.runners.ParentRunner.runLeaf(ParentRunner.java:325)
	at org.springframework.test.context.junit4.SpringJUnit4ClassRunner.runChild(SpringJUnit4ClassRunner.java:251)
	at org.springframework.test.context.junit4.SpringJUnit4ClassRunner.runChild(SpringJUnit4ClassRunner.java:97)
	at org.junit.runners.ParentRunner$3.run(ParentRunner.java:290)
	at org.junit.runners.ParentRunner$1.schedule(ParentRunner.java:71)
	at org.junit.runners.ParentRunner.runChildren(ParentRunner.java:288)
	at org.junit.runners.ParentRunner.access$000(ParentRunner.java:58)
	at org.junit.runners.ParentRunner$2.evaluate(ParentRunner.java:268)
	at org.springframework.test.context.junit4.statements.RunBeforeTestClassCallbacks.evaluate(RunBeforeTestClassCallbacks.java:61)
	at org.springframework.test.context.junit4.statements.RunAfterTestClassCallbacks.evaluate(RunAfterTestClassCallbacks.java:70)
	at org.junit.runners.ParentRunner.run(ParentRunner.java:363)
	at org.springframework.test.context.junit4.SpringJUnit4ClassRunner.run(SpringJUnit4ClassRunner.java:190)
	at org.junit.runner.JUnitCore.run(JUnitCore.java:137)
	at com.intellij.junit4.JUnit4IdeaTestRunner.startRunnerWithArgs(JUnit4IdeaTestRunner.java:69)
	at com.intellij.rt.junit.IdeaTestRunner$Repeater.startRunnerWithArgs(IdeaTestRunner.java:33)
	at com.intellij.rt.junit.JUnitStarter.prepareStreamsAndStart(JUnitStarter.java:221)
	at com.intellij.rt.junit.JUnitStarter.main(JUnitStarter.java:54)
10:21:02.386 [main] ERROR c.o.p.a.ExceptionControllerAdvice:24- http的X-Authorization请求头错误
com.olee.project.exception.HttpHeaderException: null
	at com.olee.project.utils.CommonUtils.getUserIdAndToken(CommonUtils.java:37)
	at com.olee.project.interceptor.AuthorizationInterceptor.preHandle(AuthorizationInterceptor.java:51)
	at org.springframework.web.servlet.HandlerExecutionChain.applyPreHandle(HandlerExecutionChain.java:148)
	at org.springframework.web.servlet.DispatcherServlet.doDispatch(DispatcherServlet.java:1058)
	at org.springframework.web.servlet.DispatcherServlet.doService(DispatcherServlet.java:963)
	at org.springframework.web.servlet.FrameworkServlet.processRequest(FrameworkServlet.java:1006)
	at org.springframework.web.servlet.FrameworkServlet.doPost(FrameworkServlet.java:909)
	at javax.servlet.http.HttpServlet.service(HttpServlet.java:681)
	at org.springframework.web.servlet.FrameworkServlet.service(FrameworkServlet.java:883)
	at org.springframework.test.web.servlet.TestDispatcherServlet.service(TestDispatcherServlet.java:72)
	at javax.servlet.http.HttpServlet.service(HttpServlet.java:764)
	at org.springframework.mock.web.MockFilterChain$ServletFilterProxy.doFilter(MockFilterChain.java:167)
	at org.springframework.mock.web.MockFilterChain.doFilter(MockFilterChain.java:134)
	at org.springframework.test.web.servlet.MockMvc.perform(MockMvc.java:183)
	at com.olee.project.controller.UserControllerTest.getUserInfoTest(UserControllerTest.java:95)
	at sun.reflect.NativeMethodAccessorImpl.invoke0(Native Method)
	at sun.reflect.NativeMethodAccessorImpl.invoke(NativeMethodAccessorImpl.java:62)
	at sun.reflect.DelegatingMethodAccessorImpl.invoke(DelegatingMethodAccessorImpl.java:43)
	at java.lang.reflect.Method.invoke(Method.java:498)
	at org.junit.runners.model.FrameworkMethod$1.runReflectiveCall(FrameworkMethod.java:50)
	at org.junit.internal.runners.model.ReflectiveCallable.run(ReflectiveCallable.java:12)
	at org.junit.runners.model.FrameworkMethod.invokeExplosively(FrameworkMethod.java:47)
	at org.junit.internal.runners.statements.InvokeMethod.evaluate(InvokeMethod.java:17)
	at org.springframework.test.context.junit4.statements.RunBeforeTestExecutionCallbacks.evaluate(RunBeforeTestExecutionCallbacks.java:74)
	at org.springframework.test.context.junit4.statements.RunAfterTestExecutionCallbacks.evaluate(RunAfterTestExecutionCallbacks.java:84)
	at org.junit.internal.runners.statements.RunBefores.evaluate(RunBefores.java:26)
	at org.springframework.test.context.junit4.statements.RunBeforeTestMethodCallbacks.evaluate(RunBeforeTestMethodCallbacks.java:75)
	at org.springframework.test.context.junit4.statements.RunAfterTestMethodCallbacks.evaluate(RunAfterTestMethodCallbacks.java:86)
	at org.springframework.test.context.junit4.statements.SpringRepeat.evaluate(SpringRepeat.java:84)
	at org.junit.runners.ParentRunner.runLeaf(ParentRunner.java:325)
	at org.springframework.test.context.junit4.SpringJUnit4ClassRunner.runChild(SpringJUnit4ClassRunner.java:251)
	at org.springframework.test.context.junit4.SpringJUnit4ClassRunner.runChild(SpringJUnit4ClassRunner.java:97)
	at org.junit.runners.ParentRunner$3.run(ParentRunner.java:290)
	at org.junit.runners.ParentRunner$1.schedule(ParentRunner.java:71)
	at org.junit.runners.ParentRunner.runChildren(ParentRunner.java:288)
	at org.junit.runners.ParentRunner.access$000(ParentRunner.java:58)
	at org.junit.runners.ParentRunner$2.evaluate(ParentRunner.java:268)
	at org.springframework.test.context.junit4.statements.RunBeforeTestClassCallbacks.evaluate(RunBeforeTestClassCallbacks.java:61)
	at org.springframework.test.context.junit4.statements.RunAfterTestClassCallbacks.evaluate(RunAfterTestClassCallbacks.java:70)
	at org.junit.runners.ParentRunner.run(ParentRunner.java:363)
	at org.springframework.test.context.junit4.SpringJUnit4ClassRunner.run(SpringJUnit4ClassRunner.java:190)
	at org.junit.runner.JUnitCore.run(JUnitCore.java:137)
	at com.intellij.junit4.JUnit4IdeaTestRunner.startRunnerWithArgs(JUnit4IdeaTestRunner.java:69)
	at com.intellij.rt.junit.IdeaTestRunner$Repeater.startRunnerWithArgs(IdeaTestRunner.java:33)
	at com.intellij.rt.junit.JUnitStarter.prepareStreamsAndStart(JUnitStarter.java:221)
	at com.intellij.rt.junit.JUnitStarter.main(JUnitStarter.java:54)
10:21:02.402 [main] INFO  c.o.p.controller.UserControllerTest:97- response:{"code":-20108,"message":"X-Authorization request header error","result":{}}
10:21:02.402 [main] INFO  c.o.p.controller.UserControllerTest:97- response:{"code":-20108,"message":"X-Authorization request header error","result":{}}
10:31:03.510 [main] INFO  c.o.p.controller.UserControllerTest:55- Starting UserControllerTest using Java 1.8.0_161 on DESKTOP-MEMJ3FE with PID 16168 (started by Administrator in D:\JAVA\Revision\olee_project)
10:31:03.510 [main] INFO  c.o.p.controller.UserControllerTest:55- Starting UserControllerTest using Java 1.8.0_161 on DESKTOP-MEMJ3FE with PID 16168 (started by Administrator in D:\JAVA\Revision\olee_project)
10:31:03.520 [main] INFO  c.o.p.controller.UserControllerTest:659- No active profile set, falling back to default profiles: default
10:31:03.520 [main] INFO  c.o.p.controller.UserControllerTest:659- No active profile set, falling back to default profiles: default
10:31:06.051 [main] WARN  o.s.b.a.f.FreeMarkerAutoConfiguration:65- Cannot find template location(s): [classpath:/templates/] (please add some templates, check your FreeMarker configuration, or set spring.freemarker.checkTemplateLocation=false)
10:31:06.151 [main] INFO  c.o.p.controller.UserControllerTest:61- Started UserControllerTest in 3.053 seconds (JVM running for 3.873)
10:31:06.151 [main] INFO  c.o.p.controller.UserControllerTest:61- Started UserControllerTest in 3.053 seconds (JVM running for 3.873)
10:31:06.375 [main] ERROR c.o.p.a.ExceptionControllerAdvice:24- http的X-Authorization请求头错误
com.olee.project.exception.HttpHeaderException: null
	at com.olee.project.utils.CommonUtils.getUserIdAndToken(CommonUtils.java:22)
	at com.olee.project.interceptor.AuthorizationInterceptor.preHandle(AuthorizationInterceptor.java:51)
	at org.springframework.web.servlet.HandlerExecutionChain.applyPreHandle(HandlerExecutionChain.java:148)
	at org.springframework.web.servlet.DispatcherServlet.doDispatch(DispatcherServlet.java:1058)
	at org.springframework.web.servlet.DispatcherServlet.doService(DispatcherServlet.java:963)
	at org.springframework.web.servlet.FrameworkServlet.processRequest(FrameworkServlet.java:1006)
	at org.springframework.web.servlet.FrameworkServlet.doPost(FrameworkServlet.java:909)
	at javax.servlet.http.HttpServlet.service(HttpServlet.java:681)
	at org.springframework.web.servlet.FrameworkServlet.service(FrameworkServlet.java:883)
	at org.springframework.test.web.servlet.TestDispatcherServlet.service(TestDispatcherServlet.java:72)
	at javax.servlet.http.HttpServlet.service(HttpServlet.java:764)
	at org.springframework.mock.web.MockFilterChain$ServletFilterProxy.doFilter(MockFilterChain.java:167)
	at org.springframework.mock.web.MockFilterChain.doFilter(MockFilterChain.java:134)
	at org.springframework.test.web.servlet.MockMvc.perform(MockMvc.java:183)
	at com.olee.project.controller.UserControllerTest.getUserInfoTest(UserControllerTest.java:95)
	at sun.reflect.NativeMethodAccessorImpl.invoke0(Native Method)
	at sun.reflect.NativeMethodAccessorImpl.invoke(NativeMethodAccessorImpl.java:62)
	at sun.reflect.DelegatingMethodAccessorImpl.invoke(DelegatingMethodAccessorImpl.java:43)
	at java.lang.reflect.Method.invoke(Method.java:498)
	at org.junit.runners.model.FrameworkMethod$1.runReflectiveCall(FrameworkMethod.java:50)
	at org.junit.internal.runners.model.ReflectiveCallable.run(ReflectiveCallable.java:12)
	at org.junit.runners.model.FrameworkMethod.invokeExplosively(FrameworkMethod.java:47)
	at org.junit.internal.runners.statements.InvokeMethod.evaluate(InvokeMethod.java:17)
	at org.springframework.test.context.junit4.statements.RunBeforeTestExecutionCallbacks.evaluate(RunBeforeTestExecutionCallbacks.java:74)
	at org.springframework.test.context.junit4.statements.RunAfterTestExecutionCallbacks.evaluate(RunAfterTestExecutionCallbacks.java:84)
	at org.junit.internal.runners.statements.RunBefores.evaluate(RunBefores.java:26)
	at org.springframework.test.context.junit4.statements.RunBeforeTestMethodCallbacks.evaluate(RunBeforeTestMethodCallbacks.java:75)
	at org.springframework.test.context.junit4.statements.RunAfterTestMethodCallbacks.evaluate(RunAfterTestMethodCallbacks.java:86)
	at org.springframework.test.context.junit4.statements.SpringRepeat.evaluate(SpringRepeat.java:84)
	at org.junit.runners.ParentRunner.runLeaf(ParentRunner.java:325)
	at org.springframework.test.context.junit4.SpringJUnit4ClassRunner.runChild(SpringJUnit4ClassRunner.java:251)
	at org.springframework.test.context.junit4.SpringJUnit4ClassRunner.runChild(SpringJUnit4ClassRunner.java:97)
	at org.junit.runners.ParentRunner$3.run(ParentRunner.java:290)
	at org.junit.runners.ParentRunner$1.schedule(ParentRunner.java:71)
	at org.junit.runners.ParentRunner.runChildren(ParentRunner.java:288)
	at org.junit.runners.ParentRunner.access$000(ParentRunner.java:58)
	at org.junit.runners.ParentRunner$2.evaluate(ParentRunner.java:268)
	at org.springframework.test.context.junit4.statements.RunBeforeTestClassCallbacks.evaluate(RunBeforeTestClassCallbacks.java:61)
	at org.springframework.test.context.junit4.statements.RunAfterTestClassCallbacks.evaluate(RunAfterTestClassCallbacks.java:70)
	at org.junit.runners.ParentRunner.run(ParentRunner.java:363)
	at org.springframework.test.context.junit4.SpringJUnit4ClassRunner.run(SpringJUnit4ClassRunner.java:190)
	at org.junit.runner.JUnitCore.run(JUnitCore.java:137)
	at com.intellij.junit4.JUnit4IdeaTestRunner.startRunnerWithArgs(JUnit4IdeaTestRunner.java:69)
	at com.intellij.rt.junit.IdeaTestRunner$Repeater.startRunnerWithArgs(IdeaTestRunner.java:33)
	at com.intellij.rt.junit.JUnitStarter.prepareStreamsAndStart(JUnitStarter.java:221)
	at com.intellij.rt.junit.JUnitStarter.main(JUnitStarter.java:54)
10:31:06.375 [main] ERROR c.o.p.a.ExceptionControllerAdvice:24- http的X-Authorization请求头错误
com.olee.project.exception.HttpHeaderException: null
	at com.olee.project.utils.CommonUtils.getUserIdAndToken(CommonUtils.java:22)
	at com.olee.project.interceptor.AuthorizationInterceptor.preHandle(AuthorizationInterceptor.java:51)
	at org.springframework.web.servlet.HandlerExecutionChain.applyPreHandle(HandlerExecutionChain.java:148)
	at org.springframework.web.servlet.DispatcherServlet.doDispatch(DispatcherServlet.java:1058)
	at org.springframework.web.servlet.DispatcherServlet.doService(DispatcherServlet.java:963)
	at org.springframework.web.servlet.FrameworkServlet.processRequest(FrameworkServlet.java:1006)
	at org.springframework.web.servlet.FrameworkServlet.doPost(FrameworkServlet.java:909)
	at javax.servlet.http.HttpServlet.service(HttpServlet.java:681)
	at org.springframework.web.servlet.FrameworkServlet.service(FrameworkServlet.java:883)
	at org.springframework.test.web.servlet.TestDispatcherServlet.service(TestDispatcherServlet.java:72)
	at javax.servlet.http.HttpServlet.service(HttpServlet.java:764)
	at org.springframework.mock.web.MockFilterChain$ServletFilterProxy.doFilter(MockFilterChain.java:167)
	at org.springframework.mock.web.MockFilterChain.doFilter(MockFilterChain.java:134)
	at org.springframework.test.web.servlet.MockMvc.perform(MockMvc.java:183)
	at com.olee.project.controller.UserControllerTest.getUserInfoTest(UserControllerTest.java:95)
	at sun.reflect.NativeMethodAccessorImpl.invoke0(Native Method)
	at sun.reflect.NativeMethodAccessorImpl.invoke(NativeMethodAccessorImpl.java:62)
	at sun.reflect.DelegatingMethodAccessorImpl.invoke(DelegatingMethodAccessorImpl.java:43)
	at java.lang.reflect.Method.invoke(Method.java:498)
	at org.junit.runners.model.FrameworkMethod$1.runReflectiveCall(FrameworkMethod.java:50)
	at org.junit.internal.runners.model.ReflectiveCallable.run(ReflectiveCallable.java:12)
	at org.junit.runners.model.FrameworkMethod.invokeExplosively(FrameworkMethod.java:47)
	at org.junit.internal.runners.statements.InvokeMethod.evaluate(InvokeMethod.java:17)
	at org.springframework.test.context.junit4.statements.RunBeforeTestExecutionCallbacks.evaluate(RunBeforeTestExecutionCallbacks.java:74)
	at org.springframework.test.context.junit4.statements.RunAfterTestExecutionCallbacks.evaluate(RunAfterTestExecutionCallbacks.java:84)
	at org.junit.internal.runners.statements.RunBefores.evaluate(RunBefores.java:26)
	at org.springframework.test.context.junit4.statements.RunBeforeTestMethodCallbacks.evaluate(RunBeforeTestMethodCallbacks.java:75)
	at org.springframework.test.context.junit4.statements.RunAfterTestMethodCallbacks.evaluate(RunAfterTestMethodCallbacks.java:86)
	at org.springframework.test.context.junit4.statements.SpringRepeat.evaluate(SpringRepeat.java:84)
	at org.junit.runners.ParentRunner.runLeaf(ParentRunner.java:325)
	at org.springframework.test.context.junit4.SpringJUnit4ClassRunner.runChild(SpringJUnit4ClassRunner.java:251)
	at org.springframework.test.context.junit4.SpringJUnit4ClassRunner.runChild(SpringJUnit4ClassRunner.java:97)
	at org.junit.runners.ParentRunner$3.run(ParentRunner.java:290)
	at org.junit.runners.ParentRunner$1.schedule(ParentRunner.java:71)
	at org.junit.runners.ParentRunner.runChildren(ParentRunner.java:288)
	at org.junit.runners.ParentRunner.access$000(ParentRunner.java:58)
	at org.junit.runners.ParentRunner$2.evaluate(ParentRunner.java:268)
	at org.springframework.test.context.junit4.statements.RunBeforeTestClassCallbacks.evaluate(RunBeforeTestClassCallbacks.java:61)
	at org.springframework.test.context.junit4.statements.RunAfterTestClassCallbacks.evaluate(RunAfterTestClassCallbacks.java:70)
	at org.junit.runners.ParentRunner.run(ParentRunner.java:363)
	at org.springframework.test.context.junit4.SpringJUnit4ClassRunner.run(SpringJUnit4ClassRunner.java:190)
	at org.junit.runner.JUnitCore.run(JUnitCore.java:137)
	at com.intellij.junit4.JUnit4IdeaTestRunner.startRunnerWithArgs(JUnit4IdeaTestRunner.java:69)
	at com.intellij.rt.junit.IdeaTestRunner$Repeater.startRunnerWithArgs(IdeaTestRunner.java:33)
	at com.intellij.rt.junit.JUnitStarter.prepareStreamsAndStart(JUnitStarter.java:221)
	at com.intellij.rt.junit.JUnitStarter.main(JUnitStarter.java:54)
10:31:06.391 [main] INFO  c.o.p.controller.UserControllerTest:97- response:{"code":-20108,"message":"X-Authorization request header error","result":{}}
10:31:06.391 [main] INFO  c.o.p.controller.UserControllerTest:97- response:{"code":-20108,"message":"X-Authorization request header error","result":{}}
10:35:59.708 [main] INFO  c.o.p.controller.UserControllerTest:55- Starting UserControllerTest using Java 1.8.0_161 on DESKTOP-MEMJ3FE with PID 19176 (started by Administrator in D:\JAVA\Revision\olee_project)
10:35:59.708 [main] INFO  c.o.p.controller.UserControllerTest:55- Starting UserControllerTest using Java 1.8.0_161 on DESKTOP-MEMJ3FE with PID 19176 (started by Administrator in D:\JAVA\Revision\olee_project)
10:35:59.708 [main] INFO  c.o.p.controller.UserControllerTest:659- No active profile set, falling back to default profiles: default
10:35:59.708 [main] INFO  c.o.p.controller.UserControllerTest:659- No active profile set, falling back to default profiles: default
10:36:02.076 [main] WARN  o.s.b.a.f.FreeMarkerAutoConfiguration:65- Cannot find template location(s): [classpath:/templates/] (please add some templates, check your FreeMarker configuration, or set spring.freemarker.checkTemplateLocation=false)
10:36:02.186 [main] INFO  c.o.p.controller.UserControllerTest:61- Started UserControllerTest in 2.79 seconds (JVM running for 3.598)
10:36:02.186 [main] INFO  c.o.p.controller.UserControllerTest:61- Started UserControllerTest in 2.79 seconds (JVM running for 3.598)
10:36:02.413 [main] ERROR c.o.p.a.ExceptionControllerAdvice:18- 全局异常信息：
java.lang.NullPointerException: null
	at com.olee.project.controller.UserController.getUserInfo(UserController.java:61)
	at sun.reflect.NativeMethodAccessorImpl.invoke0(Native Method)
	at sun.reflect.NativeMethodAccessorImpl.invoke(NativeMethodAccessorImpl.java:62)
	at sun.reflect.DelegatingMethodAccessorImpl.invoke(DelegatingMethodAccessorImpl.java:43)
	at java.lang.reflect.Method.invoke(Method.java:498)
	at org.springframework.web.method.support.InvocableHandlerMethod.doInvoke(InvocableHandlerMethod.java:197)
	at org.springframework.web.method.support.InvocableHandlerMethod.invokeForRequest(InvocableHandlerMethod.java:141)
	at org.springframework.web.servlet.mvc.method.annotation.ServletInvocableHandlerMethod.invokeAndHandle(ServletInvocableHandlerMethod.java:106)
	at org.springframework.web.servlet.mvc.method.annotation.RequestMappingHandlerAdapter.invokeHandlerMethod(RequestMappingHandlerAdapter.java:894)
	at org.springframework.web.servlet.mvc.method.annotation.RequestMappingHandlerAdapter.handleInternal(RequestMappingHandlerAdapter.java:808)
	at org.springframework.web.servlet.mvc.method.AbstractHandlerMethodAdapter.handle(AbstractHandlerMethodAdapter.java:87)
	at org.springframework.web.servlet.DispatcherServlet.doDispatch(DispatcherServlet.java:1063)
	at org.springframework.web.servlet.DispatcherServlet.doService(DispatcherServlet.java:963)
	at org.springframework.web.servlet.FrameworkServlet.processRequest(FrameworkServlet.java:1006)
	at org.springframework.web.servlet.FrameworkServlet.doPost(FrameworkServlet.java:909)
	at javax.servlet.http.HttpServlet.service(HttpServlet.java:681)
	at org.springframework.web.servlet.FrameworkServlet.service(FrameworkServlet.java:883)
	at org.springframework.test.web.servlet.TestDispatcherServlet.service(TestDispatcherServlet.java:72)
	at javax.servlet.http.HttpServlet.service(HttpServlet.java:764)
	at org.springframework.mock.web.MockFilterChain$ServletFilterProxy.doFilter(MockFilterChain.java:167)
	at org.springframework.mock.web.MockFilterChain.doFilter(MockFilterChain.java:134)
	at org.springframework.test.web.servlet.MockMvc.perform(MockMvc.java:183)
	at com.olee.project.controller.UserControllerTest.getUserInfoTest(UserControllerTest.java:95)
	at sun.reflect.NativeMethodAccessorImpl.invoke0(Native Method)
	at sun.reflect.NativeMethodAccessorImpl.invoke(NativeMethodAccessorImpl.java:62)
	at sun.reflect.DelegatingMethodAccessorImpl.invoke(DelegatingMethodAccessorImpl.java:43)
	at java.lang.reflect.Method.invoke(Method.java:498)
	at org.junit.runners.model.FrameworkMethod$1.runReflectiveCall(FrameworkMethod.java:50)
	at org.junit.internal.runners.model.ReflectiveCallable.run(ReflectiveCallable.java:12)
	at org.junit.runners.model.FrameworkMethod.invokeExplosively(FrameworkMethod.java:47)
	at org.junit.internal.runners.statements.InvokeMethod.evaluate(InvokeMethod.java:17)
	at org.springframework.test.context.junit4.statements.RunBeforeTestExecutionCallbacks.evaluate(RunBeforeTestExecutionCallbacks.java:74)
	at org.springframework.test.context.junit4.statements.RunAfterTestExecutionCallbacks.evaluate(RunAfterTestExecutionCallbacks.java:84)
	at org.junit.internal.runners.statements.RunBefores.evaluate(RunBefores.java:26)
	at org.springframework.test.context.junit4.statements.RunBeforeTestMethodCallbacks.evaluate(RunBeforeTestMethodCallbacks.java:75)
	at org.springframework.test.context.junit4.statements.RunAfterTestMethodCallbacks.evaluate(RunAfterTestMethodCallbacks.java:86)
	at org.springframework.test.context.junit4.statements.SpringRepeat.evaluate(SpringRepeat.java:84)
	at org.junit.runners.ParentRunner.runLeaf(ParentRunner.java:325)
	at org.springframework.test.context.junit4.SpringJUnit4ClassRunner.runChild(SpringJUnit4ClassRunner.java:251)
	at org.springframework.test.context.junit4.SpringJUnit4ClassRunner.runChild(SpringJUnit4ClassRunner.java:97)
	at org.junit.runners.ParentRunner$3.run(ParentRunner.java:290)
	at org.junit.runners.ParentRunner$1.schedule(ParentRunner.java:71)
	at org.junit.runners.ParentRunner.runChildren(ParentRunner.java:288)
	at org.junit.runners.ParentRunner.access$000(ParentRunner.java:58)
	at org.junit.runners.ParentRunner$2.evaluate(ParentRunner.java:268)
	at org.springframework.test.context.junit4.statements.RunBeforeTestClassCallbacks.evaluate(RunBeforeTestClassCallbacks.java:61)
	at org.springframework.test.context.junit4.statements.RunAfterTestClassCallbacks.evaluate(RunAfterTestClassCallbacks.java:70)
	at org.junit.runners.ParentRunner.run(ParentRunner.java:363)
	at org.springframework.test.context.junit4.SpringJUnit4ClassRunner.run(SpringJUnit4ClassRunner.java:190)
	at org.junit.runner.JUnitCore.run(JUnitCore.java:137)
	at com.intellij.junit4.JUnit4IdeaTestRunner.startRunnerWithArgs(JUnit4IdeaTestRunner.java:69)
	at com.intellij.rt.junit.IdeaTestRunner$Repeater.startRunnerWithArgs(IdeaTestRunner.java:33)
	at com.intellij.rt.junit.JUnitStarter.prepareStreamsAndStart(JUnitStarter.java:221)
	at com.intellij.rt.junit.JUnitStarter.main(JUnitStarter.java:54)
10:36:02.413 [main] ERROR c.o.p.a.ExceptionControllerAdvice:18- 全局异常信息：
java.lang.NullPointerException: null
	at com.olee.project.controller.UserController.getUserInfo(UserController.java:61)
	at sun.reflect.NativeMethodAccessorImpl.invoke0(Native Method)
	at sun.reflect.NativeMethodAccessorImpl.invoke(NativeMethodAccessorImpl.java:62)
	at sun.reflect.DelegatingMethodAccessorImpl.invoke(DelegatingMethodAccessorImpl.java:43)
	at java.lang.reflect.Method.invoke(Method.java:498)
	at org.springframework.web.method.support.InvocableHandlerMethod.doInvoke(InvocableHandlerMethod.java:197)
	at org.springframework.web.method.support.InvocableHandlerMethod.invokeForRequest(InvocableHandlerMethod.java:141)
	at org.springframework.web.servlet.mvc.method.annotation.ServletInvocableHandlerMethod.invokeAndHandle(ServletInvocableHandlerMethod.java:106)
	at org.springframework.web.servlet.mvc.method.annotation.RequestMappingHandlerAdapter.invokeHandlerMethod(RequestMappingHandlerAdapter.java:894)
	at org.springframework.web.servlet.mvc.method.annotation.RequestMappingHandlerAdapter.handleInternal(RequestMappingHandlerAdapter.java:808)
	at org.springframework.web.servlet.mvc.method.AbstractHandlerMethodAdapter.handle(AbstractHandlerMethodAdapter.java:87)
	at org.springframework.web.servlet.DispatcherServlet.doDispatch(DispatcherServlet.java:1063)
	at org.springframework.web.servlet.DispatcherServlet.doService(DispatcherServlet.java:963)
	at org.springframework.web.servlet.FrameworkServlet.processRequest(FrameworkServlet.java:1006)
	at org.springframework.web.servlet.FrameworkServlet.doPost(FrameworkServlet.java:909)
	at javax.servlet.http.HttpServlet.service(HttpServlet.java:681)
	at org.springframework.web.servlet.FrameworkServlet.service(FrameworkServlet.java:883)
	at org.springframework.test.web.servlet.TestDispatcherServlet.service(TestDispatcherServlet.java:72)
	at javax.servlet.http.HttpServlet.service(HttpServlet.java:764)
	at org.springframework.mock.web.MockFilterChain$ServletFilterProxy.doFilter(MockFilterChain.java:167)
	at org.springframework.mock.web.MockFilterChain.doFilter(MockFilterChain.java:134)
	at org.springframework.test.web.servlet.MockMvc.perform(MockMvc.java:183)
	at com.olee.project.controller.UserControllerTest.getUserInfoTest(UserControllerTest.java:95)
	at sun.reflect.NativeMethodAccessorImpl.invoke0(Native Method)
	at sun.reflect.NativeMethodAccessorImpl.invoke(NativeMethodAccessorImpl.java:62)
	at sun.reflect.DelegatingMethodAccessorImpl.invoke(DelegatingMethodAccessorImpl.java:43)
	at java.lang.reflect.Method.invoke(Method.java:498)
	at org.junit.runners.model.FrameworkMethod$1.runReflectiveCall(FrameworkMethod.java:50)
	at org.junit.internal.runners.model.ReflectiveCallable.run(ReflectiveCallable.java:12)
	at org.junit.runners.model.FrameworkMethod.invokeExplosively(FrameworkMethod.java:47)
	at org.junit.internal.runners.statements.InvokeMethod.evaluate(InvokeMethod.java:17)
	at org.springframework.test.context.junit4.statements.RunBeforeTestExecutionCallbacks.evaluate(RunBeforeTestExecutionCallbacks.java:74)
	at org.springframework.test.context.junit4.statements.RunAfterTestExecutionCallbacks.evaluate(RunAfterTestExecutionCallbacks.java:84)
	at org.junit.internal.runners.statements.RunBefores.evaluate(RunBefores.java:26)
	at org.springframework.test.context.junit4.statements.RunBeforeTestMethodCallbacks.evaluate(RunBeforeTestMethodCallbacks.java:75)
	at org.springframework.test.context.junit4.statements.RunAfterTestMethodCallbacks.evaluate(RunAfterTestMethodCallbacks.java:86)
	at org.springframework.test.context.junit4.statements.SpringRepeat.evaluate(SpringRepeat.java:84)
	at org.junit.runners.ParentRunner.runLeaf(ParentRunner.java:325)
	at org.springframework.test.context.junit4.SpringJUnit4ClassRunner.runChild(SpringJUnit4ClassRunner.java:251)
	at org.springframework.test.context.junit4.SpringJUnit4ClassRunner.runChild(SpringJUnit4ClassRunner.java:97)
	at org.junit.runners.ParentRunner$3.run(ParentRunner.java:290)
	at org.junit.runners.ParentRunner$1.schedule(ParentRunner.java:71)
	at org.junit.runners.ParentRunner.runChildren(ParentRunner.java:288)
	at org.junit.runners.ParentRunner.access$000(ParentRunner.java:58)
	at org.junit.runners.ParentRunner$2.evaluate(ParentRunner.java:268)
	at org.springframework.test.context.junit4.statements.RunBeforeTestClassCallbacks.evaluate(RunBeforeTestClassCallbacks.java:61)
	at org.springframework.test.context.junit4.statements.RunAfterTestClassCallbacks.evaluate(RunAfterTestClassCallbacks.java:70)
	at org.junit.runners.ParentRunner.run(ParentRunner.java:363)
	at org.springframework.test.context.junit4.SpringJUnit4ClassRunner.run(SpringJUnit4ClassRunner.java:190)
	at org.junit.runner.JUnitCore.run(JUnitCore.java:137)
	at com.intellij.junit4.JUnit4IdeaTestRunner.startRunnerWithArgs(JUnit4IdeaTestRunner.java:69)
	at com.intellij.rt.junit.IdeaTestRunner$Repeater.startRunnerWithArgs(IdeaTestRunner.java:33)
	at com.intellij.rt.junit.JUnitStarter.prepareStreamsAndStart(JUnitStarter.java:221)
	at com.intellij.rt.junit.JUnitStarter.main(JUnitStarter.java:54)
10:36:02.431 [main] INFO  c.o.p.controller.UserControllerTest:97- response:{"code":-10001,"message":"Server internal error","result":{}}
10:36:02.431 [main] INFO  c.o.p.controller.UserControllerTest:97- response:{"code":-10001,"message":"Server internal error","result":{}}
10:39:08.658 [main] INFO  c.o.p.controller.UserControllerTest:55- Starting UserControllerTest using Java 1.8.0_161 on DESKTOP-MEMJ3FE with PID 9624 (started by Administrator in D:\JAVA\Revision\olee_project)
10:39:08.658 [main] INFO  c.o.p.controller.UserControllerTest:55- Starting UserControllerTest using Java 1.8.0_161 on DESKTOP-MEMJ3FE with PID 9624 (started by Administrator in D:\JAVA\Revision\olee_project)
10:39:08.674 [main] INFO  c.o.p.controller.UserControllerTest:659- No active profile set, falling back to default profiles: default
10:39:08.674 [main] INFO  c.o.p.controller.UserControllerTest:659- No active profile set, falling back to default profiles: default
10:39:11.011 [main] WARN  o.s.b.a.f.FreeMarkerAutoConfiguration:65- Cannot find template location(s): [classpath:/templates/] (please add some templates, check your FreeMarker configuration, or set spring.freemarker.checkTemplateLocation=false)
10:39:11.111 [main] INFO  c.o.p.controller.UserControllerTest:61- Started UserControllerTest in 2.754 seconds (JVM running for 3.57)
10:39:11.111 [main] INFO  c.o.p.controller.UserControllerTest:61- Started UserControllerTest in 2.754 seconds (JVM running for 3.57)
10:39:11.311 [main] INFO  c.o.p.i.AuthorizationInterceptor:58- 拿到的userId：cc8dd5a058404a8f92aeeb88561f5257，拿到的token值：8beb73609c07ef7122be0d4ddcd3130c-20210811092512748-260818
10:39:11.311 [main] INFO  c.o.p.i.AuthorizationInterceptor:58- 拿到的userId：cc8dd5a058404a8f92aeeb88561f5257，拿到的token值：8beb73609c07ef7122be0d4ddcd3130c-20210811092512748-260818
10:39:11.842 [main] INFO  c.o.p.controller.UserController:62- userId为cc8dd5a058404a8f92aeeb88561f5257,进入到getUserInfo的controller层
10:39:11.842 [main] INFO  c.o.p.controller.UserController:62- userId为cc8dd5a058404a8f92aeeb88561f5257,进入到getUserInfo的controller层
10:39:12.057 [main] INFO  c.o.p.controller.UserControllerTest:97- response:{"code":0,"message":"Success","result":{"userId":"cc8dd5a058404a8f92aeeb88561f5257","email":"1037659019@qq.com","nickname":"user","createAt":"2021-08-10T12:08:31Z","updateAt":"2021-08-10T12:08:31Z"}}
10:39:12.057 [main] INFO  c.o.p.controller.UserControllerTest:97- response:{"code":0,"message":"Success","result":{"userId":"cc8dd5a058404a8f92aeeb88561f5257","email":"1037659019@qq.com","nickname":"user","createAt":"2021-08-10T12:08:31Z","updateAt":"2021-08-10T12:08:31Z"}}
10:41:01.799 [main] INFO  c.o.p.controller.UserControllerTest:55- Starting UserControllerTest using Java 1.8.0_161 on DESKTOP-MEMJ3FE with PID 13596 (started by Administrator in D:\JAVA\Revision\olee_project)
10:41:01.799 [main] INFO  c.o.p.controller.UserControllerTest:55- Starting UserControllerTest using Java 1.8.0_161 on DESKTOP-MEMJ3FE with PID 13596 (started by Administrator in D:\JAVA\Revision\olee_project)
10:41:01.799 [main] INFO  c.o.p.controller.UserControllerTest:659- No active profile set, falling back to default profiles: default
10:41:01.799 [main] INFO  c.o.p.controller.UserControllerTest:659- No active profile set, falling back to default profiles: default
10:41:04.109 [main] WARN  o.s.b.a.f.FreeMarkerAutoConfiguration:65- Cannot find template location(s): [classpath:/templates/] (please add some templates, check your FreeMarker configuration, or set spring.freemarker.checkTemplateLocation=false)
10:41:04.207 [main] INFO  c.o.p.controller.UserControllerTest:61- Started UserControllerTest in 2.703 seconds (JVM running for 3.519)
10:41:04.207 [main] INFO  c.o.p.controller.UserControllerTest:61- Started UserControllerTest in 2.703 seconds (JVM running for 3.519)
10:41:05.207 [main] INFO  c.o.p.controller.UserControllerTest:66- response:{"code":0,"message":"Success","result":{"userId":"6b6fd510dcb74fa6adb14fb2db72cfa2","email":"15862717625@qq.com","nickname":"user","createAt":"2021-08-11T01:37:51Z","updateAt":"2021-08-11T01:37:51Z","token":"04a73d6088ae02ffffc611632adf85ea-20210811104104672-881944","expiresIn":10000}}
10:41:05.207 [main] INFO  c.o.p.controller.UserControllerTest:66- response:{"code":0,"message":"Success","result":{"userId":"6b6fd510dcb74fa6adb14fb2db72cfa2","email":"15862717625@qq.com","nickname":"user","createAt":"2021-08-11T01:37:51Z","updateAt":"2021-08-11T01:37:51Z","token":"04a73d6088ae02ffffc611632adf85ea-20210811104104672-881944","expiresIn":10000}}
10:49:32.111 [main] INFO  c.o.p.controller.UserControllerTest:55- Starting UserControllerTest using Java 1.8.0_161 on DESKTOP-MEMJ3FE with PID 10484 (started by Administrator in D:\JAVA\Revision\olee_project)
10:49:32.111 [main] INFO  c.o.p.controller.UserControllerTest:55- Starting UserControllerTest using Java 1.8.0_161 on DESKTOP-MEMJ3FE with PID 10484 (started by Administrator in D:\JAVA\Revision\olee_project)
10:49:32.111 [main] INFO  c.o.p.controller.UserControllerTest:659- No active profile set, falling back to default profiles: default
10:49:32.111 [main] INFO  c.o.p.controller.UserControllerTest:659- No active profile set, falling back to default profiles: default
10:49:34.420 [main] WARN  o.s.b.a.f.FreeMarkerAutoConfiguration:65- Cannot find template location(s): [classpath:/templates/] (please add some templates, check your FreeMarker configuration, or set spring.freemarker.checkTemplateLocation=false)
10:49:34.534 [main] INFO  c.o.p.controller.UserControllerTest:61- Started UserControllerTest in 2.711 seconds (JVM running for 3.53)
10:49:34.534 [main] INFO  c.o.p.controller.UserControllerTest:61- Started UserControllerTest in 2.711 seconds (JVM running for 3.53)
10:49:34.758 [main] INFO  c.o.p.i.AuthorizationInterceptor:58- 拿到的userId：cc8dd5a058404a8f92aeeb88561f5257，拿到的token值：8beb73609c07ef7122be0d4ddcd3130c-20210811092512748-260818
10:49:34.758 [main] INFO  c.o.p.i.AuthorizationInterceptor:58- 拿到的userId：cc8dd5a058404a8f92aeeb88561f5257，拿到的token值：8beb73609c07ef7122be0d4ddcd3130c-20210811092512748-260818
10:49:35.349 [main] INFO  c.o.p.controller.UserController:73- userId为cc8dd5a058404a8f92aeeb88561f5257,进入到updateUserInfo的controller层
10:49:35.349 [main] INFO  c.o.p.controller.UserController:73- userId为cc8dd5a058404a8f92aeeb88561f5257,进入到updateUserInfo的controller层
10:49:35.349 [main] INFO  c.o.p.s.InfoManagementServiceImpl:49- controller层接收到的nickname：Jay,address：重庆市江北区
10:49:35.349 [main] INFO  c.o.p.s.InfoManagementServiceImpl:49- controller层接收到的nickname：Jay,address：重庆市江北区
10:49:35.565 [main] INFO  c.o.p.controller.UserControllerTest:120- response:{"code":0,"message":"Success","result":{}}
10:49:35.565 [main] INFO  c.o.p.controller.UserControllerTest:120- response:{"code":0,"message":"Success","result":{}}
11:38:29.768 [main] INFO  c.o.p.controller.UserControllerTest:55- Starting UserControllerTest using Java 1.8.0_161 on DESKTOP-MEMJ3FE with PID 13384 (started by Administrator in D:\JAVA\Revision\olee_project)
11:38:29.768 [main] INFO  c.o.p.controller.UserControllerTest:55- Starting UserControllerTest using Java 1.8.0_161 on DESKTOP-MEMJ3FE with PID 13384 (started by Administrator in D:\JAVA\Revision\olee_project)
11:38:29.768 [main] INFO  c.o.p.controller.UserControllerTest:659- No active profile set, falling back to default profiles: default
11:38:29.768 [main] INFO  c.o.p.controller.UserControllerTest:659- No active profile set, falling back to default profiles: default
11:38:32.102 [main] WARN  o.s.b.a.f.FreeMarkerAutoConfiguration:65- Cannot find template location(s): [classpath:/templates/] (please add some templates, check your FreeMarker configuration, or set spring.freemarker.checkTemplateLocation=false)
11:38:32.202 [main] INFO  c.o.p.controller.UserControllerTest:61- Started UserControllerTest in 2.75 seconds (JVM running for 3.572)
11:38:32.202 [main] INFO  c.o.p.controller.UserControllerTest:61- Started UserControllerTest in 2.75 seconds (JVM running for 3.572)
11:38:33.219 [main] INFO  c.o.p.controller.UserControllerTest:51- response:{"code":0,"message":"Success","result":{"userId":"7fc451e9acaa4041beb83931ef36c684","createAt":"2021-08-11T03:38:33.203Z"}}
11:38:33.219 [main] INFO  c.o.p.controller.UserControllerTest:51- response:{"code":0,"message":"Success","result":{"userId":"7fc451e9acaa4041beb83931ef36c684","createAt":"2021-08-11T03:38:33.203Z"}}
11:46:29.989 [main] INFO  c.o.p.controller.UserControllerTest:55- Starting UserControllerTest using Java 1.8.0_161 on DESKTOP-MEMJ3FE with PID 9296 (started by Administrator in D:\JAVA\Revision\olee_project)
11:46:29.989 [main] INFO  c.o.p.controller.UserControllerTest:55- Starting UserControllerTest using Java 1.8.0_161 on DESKTOP-MEMJ3FE with PID 9296 (started by Administrator in D:\JAVA\Revision\olee_project)
11:46:29.989 [main] INFO  c.o.p.controller.UserControllerTest:659- No active profile set, falling back to default profiles: default
11:46:29.989 [main] INFO  c.o.p.controller.UserControllerTest:659- No active profile set, falling back to default profiles: default
11:46:32.331 [main] WARN  o.s.b.a.f.FreeMarkerAutoConfiguration:65- Cannot find template location(s): [classpath:/templates/] (please add some templates, check your FreeMarker configuration, or set spring.freemarker.checkTemplateLocation=false)
11:46:32.441 [main] INFO  c.o.p.controller.UserControllerTest:61- Started UserControllerTest in 2.768 seconds (JVM running for 3.598)
11:46:32.441 [main] INFO  c.o.p.controller.UserControllerTest:61- Started UserControllerTest in 2.768 seconds (JVM running for 3.598)
11:46:33.450 [main] INFO  com.olee.project.utils.ZsetUtil:82- key:userId:userToken:07a13b0b32c74b9980ecb33846075fa9,通过setExpireOnKey方法设置过期时间是否成功:true
11:46:33.450 [main] INFO  com.olee.project.utils.ZsetUtil:82- key:userId:userToken:07a13b0b32c74b9980ecb33846075fa9,通过setExpireOnKey方法设置过期时间是否成功:true
11:46:33.470 [main] INFO  c.o.p.controller.UserControllerTest:50- response:{"code":0,"message":"Success","result":{"userId":"07a13b0b32c74b9980ecb33846075fa9","createAt":"2021-08-11T03:46:33.452Z"}}
11:46:33.470 [main] INFO  c.o.p.controller.UserControllerTest:50- response:{"code":0,"message":"Success","result":{"userId":"07a13b0b32c74b9980ecb33846075fa9","createAt":"2021-08-11T03:46:33.452Z"}}
11:49:53.814 [main] INFO  c.o.p.controller.UserControllerTest:55- Starting UserControllerTest using Java 1.8.0_161 on DESKTOP-MEMJ3FE with PID 5512 (started by Administrator in D:\JAVA\Revision\olee_project)
11:49:53.814 [main] INFO  c.o.p.controller.UserControllerTest:659- No active profile set, falling back to default profiles: default
11:49:56.159 [main] WARN  o.s.b.a.f.FreeMarkerAutoConfiguration:65- Cannot find template location(s): [classpath:/templates/] (please add some templates, check your FreeMarker configuration, or set spring.freemarker.checkTemplateLocation=false)
11:49:56.259 [main] INFO  c.o.p.controller.UserControllerTest:61- Started UserControllerTest in 2.757 seconds (JVM running for 3.573)
11:49:56.475 [main] INFO  c.o.p.i.AuthorizationInterceptor:58- 拿到的userId：cc8dd5a058404a8f92aeeb88561f5257，拿到的token值：8beb73609c07ef7122be0d4ddcd3130c-20210811092512748-260818
11:49:57.005 [main] INFO  c.o.p.controller.UserController:62- userId为cc8dd5a058404a8f92aeeb88561f5257,进入到getUserInfo的controller层
11:49:57.228 [main] INFO  c.o.p.controller.UserControllerTest:96- response:{"code":0,"message":"Success","result":{"userId":"cc8dd5a058404a8f92aeeb88561f5257","email":"1037659019@qq.com","nickname":"Jay","address":"重庆市江北区","createAt":"2021-08-11T02:49:35Z","updateAt":"2021-08-11T02:49:35Z"}}
11:53:00.515 [main] INFO  c.o.p.controller.UserControllerTest:55- Starting UserControllerTest using Java 1.8.0_161 on DESKTOP-MEMJ3FE with PID 17916 (started by Administrator in D:\JAVA\Revision\olee_project)
11:53:00.531 [main] INFO  c.o.p.controller.UserControllerTest:659- No active profile set, falling back to default profiles: default
11:53:02.896 [main] WARN  o.s.b.a.f.FreeMarkerAutoConfiguration:65- Cannot find template location(s): [classpath:/templates/] (please add some templates, check your FreeMarker configuration, or set spring.freemarker.checkTemplateLocation=false)
11:53:03.009 [main] INFO  c.o.p.controller.UserControllerTest:61- Started UserControllerTest in 2.803 seconds (JVM running for 3.62)
11:53:03.232 [main] INFO  c.o.p.i.AuthorizationInterceptor:58- 拿到的userId：cc8dd5a058404a8f92aeeb88561f5257，拿到的token值：8beb73609c07ef7122be0d4ddcd3130c-20210811092512748-260818
11:53:03.747 [main] INFO  c.o.p.controller.UserController:62- userId为cc8dd5a058404a8f92aeeb88561f5257,进入到getUserInfo的controller层
11:53:03.979 [main] INFO  c.o.p.controller.UserControllerTest:96- response:{"code":0,"message":"Success","result":{"userId":"cc8dd5a058404a8f92aeeb88561f5257","email":"1037659019@qq.com","nickname":"Jay","address":"重庆市江北区","createAt":"2021-08-11T02:49:35Z","updateAt":"2021-08-11T02:49:35Z"}}
15:30:20.026 [main] INFO  c.o.p.controller.UserControllerTest:55- Starting UserControllerTest using Java 1.8.0_161 on DESKTOP-MEMJ3FE with PID 9364 (started by Administrator in D:\JAVA\Revision\olee_project)
15:30:20.028 [main] INFO  c.o.p.controller.UserControllerTest:659- No active profile set, falling back to default profiles: default
15:30:21.592 [main] WARN  o.s.w.c.s.GenericWebApplicationContext:591- Exception encountered during context initialization - cancelling refresh attempt: org.springframework.beans.factory.UnsatisfiedDependencyException: Error creating bean with name 'userController' defined in file [D:\JAVA\Revision\olee_project\target\classes\com\olee\project\controller\UserController.class]: Unsatisfied dependency expressed through constructor parameter 0; nested exception is org.springframework.beans.factory.BeanCreationException: Error creating bean with name 'registerLoginServiceImpl' defined in file [D:\JAVA\Revision\olee_project\target\classes\com\olee\project\service\RegisterLoginServiceImpl.class]: Unexpected exception during bean creation; nested exception is java.lang.IllegalArgumentException: Could not resolve placeholder 'token.expiresIn' in value "${token.expiresIn}"
15:30:21.630 [main] ERROR o.s.boot.SpringApplication:843- Application run failed
org.springframework.beans.factory.UnsatisfiedDependencyException: Error creating bean with name 'userController' defined in file [D:\JAVA\Revision\olee_project\target\classes\com\olee\project\controller\UserController.class]: Unsatisfied dependency expressed through constructor parameter 0; nested exception is org.springframework.beans.factory.BeanCreationException: Error creating bean with name 'registerLoginServiceImpl' defined in file [D:\JAVA\Revision\olee_project\target\classes\com\olee\project\service\RegisterLoginServiceImpl.class]: Unexpected exception during bean creation; nested exception is java.lang.IllegalArgumentException: Could not resolve placeholder 'token.expiresIn' in value "${token.expiresIn}"
	at org.springframework.beans.factory.support.ConstructorResolver.createArgumentArray(ConstructorResolver.java:800)
	at org.springframework.beans.factory.support.ConstructorResolver.autowireConstructor(ConstructorResolver.java:229)
	at org.springframework.beans.factory.support.AbstractAutowireCapableBeanFactory.autowireConstructor(AbstractAutowireCapableBeanFactory.java:1354)
	at org.springframework.beans.factory.support.AbstractAutowireCapableBeanFactory.createBeanInstance(AbstractAutowireCapableBeanFactory.java:1204)
	at org.springframework.beans.factory.support.AbstractAutowireCapableBeanFactory.doCreateBean(AbstractAutowireCapableBeanFactory.java:564)
	at org.springframework.beans.factory.support.AbstractAutowireCapableBeanFactory.createBean(AbstractAutowireCapableBeanFactory.java:524)
	at org.springframework.beans.factory.support.AbstractBeanFactory.lambda$doGetBean$0(AbstractBeanFactory.java:335)
	at org.springframework.beans.factory.support.DefaultSingletonBeanRegistry.getSingleton(DefaultSingletonBeanRegistry.java:234)
	at org.springframework.beans.factory.support.AbstractBeanFactory.doGetBean(AbstractBeanFactory.java:333)
	at org.springframework.beans.factory.support.AbstractBeanFactory.getBean(AbstractBeanFactory.java:208)
	at org.springframework.beans.factory.support.DefaultListableBeanFactory.preInstantiateSingletons(DefaultListableBeanFactory.java:944)
	at org.springframework.context.support.AbstractApplicationContext.finishBeanFactoryInitialization(AbstractApplicationContext.java:918)
	at org.springframework.context.support.AbstractApplicationContext.refresh(AbstractApplicationContext.java:583)
	at org.springframework.boot.SpringApplication.refresh(SpringApplication.java:754)
	at org.springframework.boot.SpringApplication.refreshContext(SpringApplication.java:434)
	at org.springframework.boot.SpringApplication.run(SpringApplication.java:338)
	at org.springframework.boot.test.context.SpringBootContextLoader.loadContext(SpringBootContextLoader.java:123)
	at org.springframework.test.context.cache.DefaultCacheAwareContextLoaderDelegate.loadContextInternal(DefaultCacheAwareContextLoaderDelegate.java:99)
	at org.springframework.test.context.cache.DefaultCacheAwareContextLoaderDelegate.loadContext(DefaultCacheAwareContextLoaderDelegate.java:124)
	at org.springframework.test.context.support.DefaultTestContext.getApplicationContext(DefaultTestContext.java:124)
	at org.springframework.test.context.web.ServletTestExecutionListener.setUpRequestContextIfNecessary(ServletTestExecutionListener.java:190)
	at org.springframework.test.context.web.ServletTestExecutionListener.prepareTestInstance(ServletTestExecutionListener.java:132)
	at org.springframework.test.context.TestContextManager.prepareTestInstance(TestContextManager.java:244)
	at org.springframework.test.context.junit4.SpringJUnit4ClassRunner.createTest(SpringJUnit4ClassRunner.java:227)
	at org.springframework.test.context.junit4.SpringJUnit4ClassRunner$1.runReflectiveCall(SpringJUnit4ClassRunner.java:289)
	at org.junit.internal.runners.model.ReflectiveCallable.run(ReflectiveCallable.java:12)
	at org.springframework.test.context.junit4.SpringJUnit4ClassRunner.methodBlock(SpringJUnit4ClassRunner.java:291)
	at org.springframework.test.context.junit4.SpringJUnit4ClassRunner.runChild(SpringJUnit4ClassRunner.java:246)
	at org.springframework.test.context.junit4.SpringJUnit4ClassRunner.runChild(SpringJUnit4ClassRunner.java:97)
	at org.junit.runners.ParentRunner$3.run(ParentRunner.java:290)
	at org.junit.runners.ParentRunner$1.schedule(ParentRunner.java:71)
	at org.junit.runners.ParentRunner.runChildren(ParentRunner.java:288)
	at org.junit.runners.ParentRunner.access$000(ParentRunner.java:58)
	at org.junit.runners.ParentRunner$2.evaluate(ParentRunner.java:268)
	at org.springframework.test.context.junit4.statements.RunBeforeTestClassCallbacks.evaluate(RunBeforeTestClassCallbacks.java:61)
	at org.springframework.test.context.junit4.statements.RunAfterTestClassCallbacks.evaluate(RunAfterTestClassCallbacks.java:70)
	at org.junit.runners.ParentRunner.run(ParentRunner.java:363)
	at org.springframework.test.context.junit4.SpringJUnit4ClassRunner.run(SpringJUnit4ClassRunner.java:190)
	at org.junit.runner.JUnitCore.run(JUnitCore.java:137)
	at com.intellij.junit4.JUnit4IdeaTestRunner.startRunnerWithArgs(JUnit4IdeaTestRunner.java:69)
	at com.intellij.rt.junit.IdeaTestRunner$Repeater.startRunnerWithArgs(IdeaTestRunner.java:33)
	at com.intellij.rt.junit.JUnitStarter.prepareStreamsAndStart(JUnitStarter.java:221)
	at com.intellij.rt.junit.JUnitStarter.main(JUnitStarter.java:54)
Caused by: org.springframework.beans.factory.BeanCreationException: Error creating bean with name 'registerLoginServiceImpl' defined in file [D:\JAVA\Revision\olee_project\target\classes\com\olee\project\service\RegisterLoginServiceImpl.class]: Unexpected exception during bean creation; nested exception is java.lang.IllegalArgumentException: Could not resolve placeholder 'token.expiresIn' in value "${token.expiresIn}"
	at org.springframework.beans.factory.support.AbstractAutowireCapableBeanFactory.createBean(AbstractAutowireCapableBeanFactory.java:537)
	at org.springframework.beans.factory.support.AbstractBeanFactory.lambda$doGetBean$0(AbstractBeanFactory.java:335)
	at org.springframework.beans.factory.support.DefaultSingletonBeanRegistry.getSingleton(DefaultSingletonBeanRegistry.java:234)
	at org.springframework.beans.factory.support.AbstractBeanFactory.doGetBean(AbstractBeanFactory.java:333)
	at org.springframework.beans.factory.support.AbstractBeanFactory.getBean(AbstractBeanFactory.java:208)
	at org.springframework.beans.factory.config.DependencyDescriptor.resolveCandidate(DependencyDescriptor.java:276)
	at org.springframework.beans.factory.support.DefaultListableBeanFactory.doResolveDependency(DefaultListableBeanFactory.java:1380)
	at org.springframework.beans.factory.support.DefaultListableBeanFactory.resolveDependency(DefaultListableBeanFactory.java:1300)
	at org.springframework.beans.factory.support.ConstructorResolver.resolveAutowiredArgument(ConstructorResolver.java:887)
	at org.springframework.beans.factory.support.ConstructorResolver.createArgumentArray(ConstructorResolver.java:791)
	... 42 common frames omitted
Caused by: java.lang.IllegalArgumentException: Could not resolve placeholder 'token.expiresIn' in value "${token.expiresIn}"
	at org.springframework.util.PropertyPlaceholderHelper.parseStringValue(PropertyPlaceholderHelper.java:180)
	at org.springframework.util.PropertyPlaceholderHelper.replacePlaceholders(PropertyPlaceholderHelper.java:126)
	at org.springframework.core.env.AbstractPropertyResolver.doResolvePlaceholders(AbstractPropertyResolver.java:239)
	at org.springframework.core.env.AbstractPropertyResolver.resolveRequiredPlaceholders(AbstractPropertyResolver.java:210)
	at org.springframework.context.support.PropertySourcesPlaceholderConfigurer.lambda$processProperties$0(PropertySourcesPlaceholderConfigurer.java:175)
	at org.springframework.beans.factory.support.AbstractBeanFactory.resolveEmbeddedValue(AbstractBeanFactory.java:936)
	at org.springframework.beans.factory.support.DefaultListableBeanFactory.doResolveDependency(DefaultListableBeanFactory.java:1321)
	at org.springframework.beans.factory.support.DefaultListableBeanFactory.resolveDependency(DefaultListableBeanFactory.java:1300)
	at org.springframework.beans.factory.support.ConstructorResolver.resolveAutowiredArgument(ConstructorResolver.java:887)
	at org.springframework.beans.factory.support.ConstructorResolver.createArgumentArray(ConstructorResolver.java:791)
	at org.springframework.beans.factory.support.ConstructorResolver.autowireConstructor(ConstructorResolver.java:229)
	at org.springframework.beans.factory.support.AbstractAutowireCapableBeanFactory.autowireConstructor(AbstractAutowireCapableBeanFactory.java:1354)
	at org.springframework.beans.factory.support.AbstractAutowireCapableBeanFactory.createBeanInstance(AbstractAutowireCapableBeanFactory.java:1204)
	at org.springframework.beans.factory.support.AbstractAutowireCapableBeanFactory.doCreateBean(AbstractAutowireCapableBeanFactory.java:564)
	at org.springframework.beans.factory.support.AbstractAutowireCapableBeanFactory.createBean(AbstractAutowireCapableBeanFactory.java:524)
	... 51 common frames omitted
15:30:21.631 [main] ERROR o.s.test.context.TestContextManager:248- Caught exception while allowing TestExecutionListener [org.springframework.test.context.web.ServletTestExecutionListener@40005471] to prepare test instance [com.olee.project.controller.UserControllerTest@4a8e6e89]
java.lang.IllegalStateException: Failed to load ApplicationContext
	at org.springframework.test.context.cache.DefaultCacheAwareContextLoaderDelegate.loadContext(DefaultCacheAwareContextLoaderDelegate.java:132)
	at org.springframework.test.context.support.DefaultTestContext.getApplicationContext(DefaultTestContext.java:124)
	at org.springframework.test.context.web.ServletTestExecutionListener.setUpRequestContextIfNecessary(ServletTestExecutionListener.java:190)
	at org.springframework.test.context.web.ServletTestExecutionListener.prepareTestInstance(ServletTestExecutionListener.java:132)
	at org.springframework.test.context.TestContextManager.prepareTestInstance(TestContextManager.java:244)
	at org.springframework.test.context.junit4.SpringJUnit4ClassRunner.createTest(SpringJUnit4ClassRunner.java:227)
	at org.springframework.test.context.junit4.SpringJUnit4ClassRunner$1.runReflectiveCall(SpringJUnit4ClassRunner.java:289)
	at org.junit.internal.runners.model.ReflectiveCallable.run(ReflectiveCallable.java:12)
	at org.springframework.test.context.junit4.SpringJUnit4ClassRunner.methodBlock(SpringJUnit4ClassRunner.java:291)
	at org.springframework.test.context.junit4.SpringJUnit4ClassRunner.runChild(SpringJUnit4ClassRunner.java:246)
	at org.springframework.test.context.junit4.SpringJUnit4ClassRunner.runChild(SpringJUnit4ClassRunner.java:97)
	at org.junit.runners.ParentRunner$3.run(ParentRunner.java:290)
	at org.junit.runners.ParentRunner$1.schedule(ParentRunner.java:71)
	at org.junit.runners.ParentRunner.runChildren(ParentRunner.java:288)
	at org.junit.runners.ParentRunner.access$000(ParentRunner.java:58)
	at org.junit.runners.ParentRunner$2.evaluate(ParentRunner.java:268)
	at org.springframework.test.context.junit4.statements.RunBeforeTestClassCallbacks.evaluate(RunBeforeTestClassCallbacks.java:61)
	at org.springframework.test.context.junit4.statements.RunAfterTestClassCallbacks.evaluate(RunAfterTestClassCallbacks.java:70)
	at org.junit.runners.ParentRunner.run(ParentRunner.java:363)
	at org.springframework.test.context.junit4.SpringJUnit4ClassRunner.run(SpringJUnit4ClassRunner.java:190)
	at org.junit.runner.JUnitCore.run(JUnitCore.java:137)
	at com.intellij.junit4.JUnit4IdeaTestRunner.startRunnerWithArgs(JUnit4IdeaTestRunner.java:69)
	at com.intellij.rt.junit.IdeaTestRunner$Repeater.startRunnerWithArgs(IdeaTestRunner.java:33)
	at com.intellij.rt.junit.JUnitStarter.prepareStreamsAndStart(JUnitStarter.java:221)
	at com.intellij.rt.junit.JUnitStarter.main(JUnitStarter.java:54)
Caused by: org.springframework.beans.factory.UnsatisfiedDependencyException: Error creating bean with name 'userController' defined in file [D:\JAVA\Revision\olee_project\target\classes\com\olee\project\controller\UserController.class]: Unsatisfied dependency expressed through constructor parameter 0; nested exception is org.springframework.beans.factory.BeanCreationException: Error creating bean with name 'registerLoginServiceImpl' defined in file [D:\JAVA\Revision\olee_project\target\classes\com\olee\project\service\RegisterLoginServiceImpl.class]: Unexpected exception during bean creation; nested exception is java.lang.IllegalArgumentException: Could not resolve placeholder 'token.expiresIn' in value "${token.expiresIn}"
	at org.springframework.beans.factory.support.ConstructorResolver.createArgumentArray(ConstructorResolver.java:800)
	at org.springframework.beans.factory.support.ConstructorResolver.autowireConstructor(ConstructorResolver.java:229)
	at org.springframework.beans.factory.support.AbstractAutowireCapableBeanFactory.autowireConstructor(AbstractAutowireCapableBeanFactory.java:1354)
	at org.springframework.beans.factory.support.AbstractAutowireCapableBeanFactory.createBeanInstance(AbstractAutowireCapableBeanFactory.java:1204)
	at org.springframework.beans.factory.support.AbstractAutowireCapableBeanFactory.doCreateBean(AbstractAutowireCapableBeanFactory.java:564)
	at org.springframework.beans.factory.support.AbstractAutowireCapableBeanFactory.createBean(AbstractAutowireCapableBeanFactory.java:524)
	at org.springframework.beans.factory.support.AbstractBeanFactory.lambda$doGetBean$0(AbstractBeanFactory.java:335)
	at org.springframework.beans.factory.support.DefaultSingletonBeanRegistry.getSingleton(DefaultSingletonBeanRegistry.java:234)
	at org.springframework.beans.factory.support.AbstractBeanFactory.doGetBean(AbstractBeanFactory.java:333)
	at org.springframework.beans.factory.support.AbstractBeanFactory.getBean(AbstractBeanFactory.java:208)
	at org.springframework.beans.factory.support.DefaultListableBeanFactory.preInstantiateSingletons(DefaultListableBeanFactory.java:944)
	at org.springframework.context.support.AbstractApplicationContext.finishBeanFactoryInitialization(AbstractApplicationContext.java:918)
	at org.springframework.context.support.AbstractApplicationContext.refresh(AbstractApplicationContext.java:583)
	at org.springframework.boot.SpringApplication.refresh(SpringApplication.java:754)
	at org.springframework.boot.SpringApplication.refreshContext(SpringApplication.java:434)
	at org.springframework.boot.SpringApplication.run(SpringApplication.java:338)
	at org.springframework.boot.test.context.SpringBootContextLoader.loadContext(SpringBootContextLoader.java:123)
	at org.springframework.test.context.cache.DefaultCacheAwareContextLoaderDelegate.loadContextInternal(DefaultCacheAwareContextLoaderDelegate.java:99)
	at org.springframework.test.context.cache.DefaultCacheAwareContextLoaderDelegate.loadContext(DefaultCacheAwareContextLoaderDelegate.java:124)
	... 24 common frames omitted
Caused by: org.springframework.beans.factory.BeanCreationException: Error creating bean with name 'registerLoginServiceImpl' defined in file [D:\JAVA\Revision\olee_project\target\classes\com\olee\project\service\RegisterLoginServiceImpl.class]: Unexpected exception during bean creation; nested exception is java.lang.IllegalArgumentException: Could not resolve placeholder 'token.expiresIn' in value "${token.expiresIn}"
	at org.springframework.beans.factory.support.AbstractAutowireCapableBeanFactory.createBean(AbstractAutowireCapableBeanFactory.java:537)
	at org.springframework.beans.factory.support.AbstractBeanFactory.lambda$doGetBean$0(AbstractBeanFactory.java:335)
	at org.springframework.beans.factory.support.DefaultSingletonBeanRegistry.getSingleton(DefaultSingletonBeanRegistry.java:234)
	at org.springframework.beans.factory.support.AbstractBeanFactory.doGetBean(AbstractBeanFactory.java:333)
	at org.springframework.beans.factory.support.AbstractBeanFactory.getBean(AbstractBeanFactory.java:208)
	at org.springframework.beans.factory.config.DependencyDescriptor.resolveCandidate(DependencyDescriptor.java:276)
	at org.springframework.beans.factory.support.DefaultListableBeanFactory.doResolveDependency(DefaultListableBeanFactory.java:1380)
	at org.springframework.beans.factory.support.DefaultListableBeanFactory.resolveDependency(DefaultListableBeanFactory.java:1300)
	at org.springframework.beans.factory.support.ConstructorResolver.resolveAutowiredArgument(ConstructorResolver.java:887)
	at org.springframework.beans.factory.support.ConstructorResolver.createArgumentArray(ConstructorResolver.java:791)
	... 42 common frames omitted
Caused by: java.lang.IllegalArgumentException: Could not resolve placeholder 'token.expiresIn' in value "${token.expiresIn}"
	at org.springframework.util.PropertyPlaceholderHelper.parseStringValue(PropertyPlaceholderHelper.java:180)
	at org.springframework.util.PropertyPlaceholderHelper.replacePlaceholders(PropertyPlaceholderHelper.java:126)
	at org.springframework.core.env.AbstractPropertyResolver.doResolvePlaceholders(AbstractPropertyResolver.java:239)
	at org.springframework.core.env.AbstractPropertyResolver.resolveRequiredPlaceholders(AbstractPropertyResolver.java:210)
	at org.springframework.context.support.PropertySourcesPlaceholderConfigurer.lambda$processProperties$0(PropertySourcesPlaceholderConfigurer.java:175)
	at org.springframework.beans.factory.support.AbstractBeanFactory.resolveEmbeddedValue(AbstractBeanFactory.java:936)
	at org.springframework.beans.factory.support.DefaultListableBeanFactory.doResolveDependency(DefaultListableBeanFactory.java:1321)
	at org.springframework.beans.factory.support.DefaultListableBeanFactory.resolveDependency(DefaultListableBeanFactory.java:1300)
	at org.springframework.beans.factory.support.ConstructorResolver.resolveAutowiredArgument(ConstructorResolver.java:887)
	at org.springframework.beans.factory.support.ConstructorResolver.createArgumentArray(ConstructorResolver.java:791)
	at org.springframework.beans.factory.support.ConstructorResolver.autowireConstructor(ConstructorResolver.java:229)
	at org.springframework.beans.factory.support.AbstractAutowireCapableBeanFactory.autowireConstructor(AbstractAutowireCapableBeanFactory.java:1354)
	at org.springframework.beans.factory.support.AbstractAutowireCapableBeanFactory.createBeanInstance(AbstractAutowireCapableBeanFactory.java:1204)
	at org.springframework.beans.factory.support.AbstractAutowireCapableBeanFactory.doCreateBean(AbstractAutowireCapableBeanFactory.java:564)
	at org.springframework.beans.factory.support.AbstractAutowireCapableBeanFactory.createBean(AbstractAutowireCapableBeanFactory.java:524)
	... 51 common frames omitted
15:37:04.686 [main] INFO  c.o.p.controller.UserControllerTest:55- Starting UserControllerTest using Java 1.8.0_161 on DESKTOP-MEMJ3FE with PID 11844 (started by Administrator in D:\JAVA\Revision\olee_project)
15:37:04.689 [main] INFO  c.o.p.controller.UserControllerTest:659- No active profile set, falling back to default profiles: default
15:37:06.056 [main] WARN  o.s.w.c.s.GenericWebApplicationContext:591- Exception encountered during context initialization - cancelling refresh attempt: org.springframework.beans.factory.UnsatisfiedDependencyException: Error creating bean with name 'webAppConfiguration' defined in file [D:\JAVA\Revision\olee_project\target\classes\com\olee\project\config\WebAppConfiguration.class]: Unsatisfied dependency expressed through constructor parameter 0; nested exception is org.springframework.beans.factory.UnsatisfiedDependencyException: Error creating bean with name 'authorizationInterceptor' defined in file [D:\JAVA\Revision\olee_project\target\classes\com\olee\project\interceptor\AuthorizationInterceptor.class]: Unsatisfied dependency expressed through constructor parameter 0; nested exception is org.springframework.beans.factory.BeanCreationException: Error creating bean with name 'tokenManagementServiceImpl': Injection of autowired dependencies failed; nested exception is java.lang.IllegalArgumentException: Could not resolve placeholder 'token.expiresIntegerSeconds' in value "${token.expiresIntegerSeconds}"
15:37:06.102 [main] ERROR o.s.boot.SpringApplication:843- Application run failed
org.springframework.beans.factory.UnsatisfiedDependencyException: Error creating bean with name 'webAppConfiguration' defined in file [D:\JAVA\Revision\olee_project\target\classes\com\olee\project\config\WebAppConfiguration.class]: Unsatisfied dependency expressed through constructor parameter 0; nested exception is org.springframework.beans.factory.UnsatisfiedDependencyException: Error creating bean with name 'authorizationInterceptor' defined in file [D:\JAVA\Revision\olee_project\target\classes\com\olee\project\interceptor\AuthorizationInterceptor.class]: Unsatisfied dependency expressed through constructor parameter 0; nested exception is org.springframework.beans.factory.BeanCreationException: Error creating bean with name 'tokenManagementServiceImpl': Injection of autowired dependencies failed; nested exception is java.lang.IllegalArgumentException: Could not resolve placeholder 'token.expiresIntegerSeconds' in value "${token.expiresIntegerSeconds}"
	at org.springframework.beans.factory.support.ConstructorResolver.createArgumentArray(ConstructorResolver.java:800)
	at org.springframework.beans.factory.support.ConstructorResolver.autowireConstructor(ConstructorResolver.java:229)
	at org.springframework.beans.factory.support.AbstractAutowireCapableBeanFactory.autowireConstructor(AbstractAutowireCapableBeanFactory.java:1354)
	at org.springframework.beans.factory.support.AbstractAutowireCapableBeanFactory.createBeanInstance(AbstractAutowireCapableBeanFactory.java:1204)
	at org.springframework.beans.factory.support.AbstractAutowireCapableBeanFactory.doCreateBean(AbstractAutowireCapableBeanFactory.java:564)
	at org.springframework.beans.factory.support.AbstractAutowireCapableBeanFactory.createBean(AbstractAutowireCapableBeanFactory.java:524)
	at org.springframework.beans.factory.support.AbstractBeanFactory.lambda$doGetBean$0(AbstractBeanFactory.java:335)
	at org.springframework.beans.factory.support.DefaultSingletonBeanRegistry.getSingleton(DefaultSingletonBeanRegistry.java:234)
	at org.springframework.beans.factory.support.AbstractBeanFactory.doGetBean(AbstractBeanFactory.java:333)
	at org.springframework.beans.factory.support.AbstractBeanFactory.getBean(AbstractBeanFactory.java:208)
	at org.springframework.beans.factory.support.DefaultListableBeanFactory.preInstantiateSingletons(DefaultListableBeanFactory.java:944)
	at org.springframework.context.support.AbstractApplicationContext.finishBeanFactoryInitialization(AbstractApplicationContext.java:918)
	at org.springframework.context.support.AbstractApplicationContext.refresh(AbstractApplicationContext.java:583)
	at org.springframework.boot.SpringApplication.refresh(SpringApplication.java:754)
	at org.springframework.boot.SpringApplication.refreshContext(SpringApplication.java:434)
	at org.springframework.boot.SpringApplication.run(SpringApplication.java:338)
	at org.springframework.boot.test.context.SpringBootContextLoader.loadContext(SpringBootContextLoader.java:123)
	at org.springframework.test.context.cache.DefaultCacheAwareContextLoaderDelegate.loadContextInternal(DefaultCacheAwareContextLoaderDelegate.java:99)
	at org.springframework.test.context.cache.DefaultCacheAwareContextLoaderDelegate.loadContext(DefaultCacheAwareContextLoaderDelegate.java:124)
	at org.springframework.test.context.support.DefaultTestContext.getApplicationContext(DefaultTestContext.java:124)
	at org.springframework.test.context.web.ServletTestExecutionListener.setUpRequestContextIfNecessary(ServletTestExecutionListener.java:190)
	at org.springframework.test.context.web.ServletTestExecutionListener.prepareTestInstance(ServletTestExecutionListener.java:132)
	at org.springframework.test.context.TestContextManager.prepareTestInstance(TestContextManager.java:244)
	at org.springframework.test.context.junit4.SpringJUnit4ClassRunner.createTest(SpringJUnit4ClassRunner.java:227)
	at org.springframework.test.context.junit4.SpringJUnit4ClassRunner$1.runReflectiveCall(SpringJUnit4ClassRunner.java:289)
	at org.junit.internal.runners.model.ReflectiveCallable.run(ReflectiveCallable.java:12)
	at org.springframework.test.context.junit4.SpringJUnit4ClassRunner.methodBlock(SpringJUnit4ClassRunner.java:291)
	at org.springframework.test.context.junit4.SpringJUnit4ClassRunner.runChild(SpringJUnit4ClassRunner.java:246)
	at org.springframework.test.context.junit4.SpringJUnit4ClassRunner.runChild(SpringJUnit4ClassRunner.java:97)
	at org.junit.runners.ParentRunner$3.run(ParentRunner.java:290)
	at org.junit.runners.ParentRunner$1.schedule(ParentRunner.java:71)
	at org.junit.runners.ParentRunner.runChildren(ParentRunner.java:288)
	at org.junit.runners.ParentRunner.access$000(ParentRunner.java:58)
	at org.junit.runners.ParentRunner$2.evaluate(ParentRunner.java:268)
	at org.springframework.test.context.junit4.statements.RunBeforeTestClassCallbacks.evaluate(RunBeforeTestClassCallbacks.java:61)
	at org.springframework.test.context.junit4.statements.RunAfterTestClassCallbacks.evaluate(RunAfterTestClassCallbacks.java:70)
	at org.junit.runners.ParentRunner.run(ParentRunner.java:363)
	at org.springframework.test.context.junit4.SpringJUnit4ClassRunner.run(SpringJUnit4ClassRunner.java:190)
	at org.junit.runner.JUnitCore.run(JUnitCore.java:137)
	at com.intellij.junit4.JUnit4IdeaTestRunner.startRunnerWithArgs(JUnit4IdeaTestRunner.java:69)
	at com.intellij.rt.junit.IdeaTestRunner$Repeater.startRunnerWithArgs(IdeaTestRunner.java:33)
	at com.intellij.rt.junit.JUnitStarter.prepareStreamsAndStart(JUnitStarter.java:221)
	at com.intellij.rt.junit.JUnitStarter.main(JUnitStarter.java:54)
Caused by: org.springframework.beans.factory.UnsatisfiedDependencyException: Error creating bean with name 'authorizationInterceptor' defined in file [D:\JAVA\Revision\olee_project\target\classes\com\olee\project\interceptor\AuthorizationInterceptor.class]: Unsatisfied dependency expressed through constructor parameter 0; nested exception is org.springframework.beans.factory.BeanCreationException: Error creating bean with name 'tokenManagementServiceImpl': Injection of autowired dependencies failed; nested exception is java.lang.IllegalArgumentException: Could not resolve placeholder 'token.expiresIntegerSeconds' in value "${token.expiresIntegerSeconds}"
	at org.springframework.beans.factory.support.ConstructorResolver.createArgumentArray(ConstructorResolver.java:800)
	at org.springframework.beans.factory.support.ConstructorResolver.autowireConstructor(ConstructorResolver.java:229)
	at org.springframework.beans.factory.support.AbstractAutowireCapableBeanFactory.autowireConstructor(AbstractAutowireCapableBeanFactory.java:1354)
	at org.springframework.beans.factory.support.AbstractAutowireCapableBeanFactory.createBeanInstance(AbstractAutowireCapableBeanFactory.java:1204)
	at org.springframework.beans.factory.support.AbstractAutowireCapableBeanFactory.doCreateBean(AbstractAutowireCapableBeanFactory.java:564)
	at org.springframework.beans.factory.support.AbstractAutowireCapableBeanFactory.createBean(AbstractAutowireCapableBeanFactory.java:524)
	at org.springframework.beans.factory.support.AbstractBeanFactory.lambda$doGetBean$0(AbstractBeanFactory.java:335)
	at org.springframework.beans.factory.support.DefaultSingletonBeanRegistry.getSingleton(DefaultSingletonBeanRegistry.java:234)
	at org.springframework.beans.factory.support.AbstractBeanFactory.doGetBean(AbstractBeanFactory.java:333)
	at org.springframework.beans.factory.support.AbstractBeanFactory.getBean(AbstractBeanFactory.java:208)
	at org.springframework.beans.factory.config.DependencyDescriptor.resolveCandidate(DependencyDescriptor.java:276)
	at org.springframework.beans.factory.support.DefaultListableBeanFactory.doResolveDependency(DefaultListableBeanFactory.java:1380)
	at org.springframework.beans.factory.support.DefaultListableBeanFactory.resolveDependency(DefaultListableBeanFactory.java:1300)
	at org.springframework.beans.factory.support.ConstructorResolver.resolveAutowiredArgument(ConstructorResolver.java:887)
	at org.springframework.beans.factory.support.ConstructorResolver.createArgumentArray(ConstructorResolver.java:791)
	... 42 common frames omitted
Caused by: org.springframework.beans.factory.BeanCreationException: Error creating bean with name 'tokenManagementServiceImpl': Injection of autowired dependencies failed; nested exception is java.lang.IllegalArgumentException: Could not resolve placeholder 'token.expiresIntegerSeconds' in value "${token.expiresIntegerSeconds}"
	at org.springframework.beans.factory.annotation.AutowiredAnnotationBeanPostProcessor.postProcessProperties(AutowiredAnnotationBeanPostProcessor.java:405)
	at org.springframework.beans.factory.support.AbstractAutowireCapableBeanFactory.populateBean(AbstractAutowireCapableBeanFactory.java:1413)
	at org.springframework.beans.factory.support.AbstractAutowireCapableBeanFactory.doCreateBean(AbstractAutowireCapableBeanFactory.java:601)
	at org.springframework.beans.factory.support.AbstractAutowireCapableBeanFactory.createBean(AbstractAutowireCapableBeanFactory.java:524)
	at org.springframework.beans.factory.support.AbstractBeanFactory.lambda$doGetBean$0(AbstractBeanFactory.java:335)
	at org.springframework.beans.factory.support.DefaultSingletonBeanRegistry.getSingleton(DefaultSingletonBeanRegistry.java:234)
	at org.springframework.beans.factory.support.AbstractBeanFactory.doGetBean(AbstractBeanFactory.java:333)
	at org.springframework.beans.factory.support.AbstractBeanFactory.getBean(AbstractBeanFactory.java:208)
	at org.springframework.beans.factory.config.DependencyDescriptor.resolveCandidate(DependencyDescriptor.java:276)
	at org.springframework.beans.factory.support.DefaultListableBeanFactory.doResolveDependency(DefaultListableBeanFactory.java:1380)
	at org.springframework.beans.factory.support.DefaultListableBeanFactory.resolveDependency(DefaultListableBeanFactory.java:1300)
	at org.springframework.beans.factory.support.ConstructorResolver.resolveAutowiredArgument(ConstructorResolver.java:887)
	at org.springframework.beans.factory.support.ConstructorResolver.createArgumentArray(ConstructorResolver.java:791)
	... 56 common frames omitted
Caused by: java.lang.IllegalArgumentException: Could not resolve placeholder 'token.expiresIntegerSeconds' in value "${token.expiresIntegerSeconds}"
	at org.springframework.util.PropertyPlaceholderHelper.parseStringValue(PropertyPlaceholderHelper.java:180)
	at org.springframework.util.PropertyPlaceholderHelper.replacePlaceholders(PropertyPlaceholderHelper.java:126)
	at org.springframework.core.env.AbstractPropertyResolver.doResolvePlaceholders(AbstractPropertyResolver.java:239)
	at org.springframework.core.env.AbstractPropertyResolver.resolveRequiredPlaceholders(AbstractPropertyResolver.java:210)
	at org.springframework.context.support.PropertySourcesPlaceholderConfigurer.lambda$processProperties$0(PropertySourcesPlaceholderConfigurer.java:175)
	at org.springframework.beans.factory.support.AbstractBeanFactory.resolveEmbeddedValue(AbstractBeanFactory.java:936)
	at org.springframework.beans.factory.support.DefaultListableBeanFactory.doResolveDependency(DefaultListableBeanFactory.java:1321)
	at org.springframework.beans.factory.support.DefaultListableBeanFactory.resolveDependency(DefaultListableBeanFactory.java:1300)
	at org.springframework.beans.factory.annotation.AutowiredAnnotationBeanPostProcessor$AutowiredFieldElement.resolveFieldValue(AutowiredAnnotationBeanPostProcessor.java:657)
	at org.springframework.beans.factory.annotation.AutowiredAnnotationBeanPostProcessor$AutowiredFieldElement.inject(AutowiredAnnotationBeanPostProcessor.java:640)
	at org.springframework.beans.factory.annotation.InjectionMetadata.inject(InjectionMetadata.java:119)
	at org.springframework.beans.factory.annotation.AutowiredAnnotationBeanPostProcessor.postProcessProperties(AutowiredAnnotationBeanPostProcessor.java:399)
	... 68 common frames omitted
15:37:06.103 [main] ERROR o.s.test.context.TestContextManager:248- Caught exception while allowing TestExecutionListener [org.springframework.test.context.web.ServletTestExecutionListener@40005471] to prepare test instance [com.olee.project.controller.UserControllerTest@4b0f2299]
java.lang.IllegalStateException: Failed to load ApplicationContext
	at org.springframework.test.context.cache.DefaultCacheAwareContextLoaderDelegate.loadContext(DefaultCacheAwareContextLoaderDelegate.java:132)
	at org.springframework.test.context.support.DefaultTestContext.getApplicationContext(DefaultTestContext.java:124)
	at org.springframework.test.context.web.ServletTestExecutionListener.setUpRequestContextIfNecessary(ServletTestExecutionListener.java:190)
	at org.springframework.test.context.web.ServletTestExecutionListener.prepareTestInstance(ServletTestExecutionListener.java:132)
	at org.springframework.test.context.TestContextManager.prepareTestInstance(TestContextManager.java:244)
	at org.springframework.test.context.junit4.SpringJUnit4ClassRunner.createTest(SpringJUnit4ClassRunner.java:227)
	at org.springframework.test.context.junit4.SpringJUnit4ClassRunner$1.runReflectiveCall(SpringJUnit4ClassRunner.java:289)
	at org.junit.internal.runners.model.ReflectiveCallable.run(ReflectiveCallable.java:12)
	at org.springframework.test.context.junit4.SpringJUnit4ClassRunner.methodBlock(SpringJUnit4ClassRunner.java:291)
	at org.springframework.test.context.junit4.SpringJUnit4ClassRunner.runChild(SpringJUnit4ClassRunner.java:246)
	at org.springframework.test.context.junit4.SpringJUnit4ClassRunner.runChild(SpringJUnit4ClassRunner.java:97)
	at org.junit.runners.ParentRunner$3.run(ParentRunner.java:290)
	at org.junit.runners.ParentRunner$1.schedule(ParentRunner.java:71)
	at org.junit.runners.ParentRunner.runChildren(ParentRunner.java:288)
	at org.junit.runners.ParentRunner.access$000(ParentRunner.java:58)
	at org.junit.runners.ParentRunner$2.evaluate(ParentRunner.java:268)
	at org.springframework.test.context.junit4.statements.RunBeforeTestClassCallbacks.evaluate(RunBeforeTestClassCallbacks.java:61)
	at org.springframework.test.context.junit4.statements.RunAfterTestClassCallbacks.evaluate(RunAfterTestClassCallbacks.java:70)
	at org.junit.runners.ParentRunner.run(ParentRunner.java:363)
	at org.springframework.test.context.junit4.SpringJUnit4ClassRunner.run(SpringJUnit4ClassRunner.java:190)
	at org.junit.runner.JUnitCore.run(JUnitCore.java:137)
	at com.intellij.junit4.JUnit4IdeaTestRunner.startRunnerWithArgs(JUnit4IdeaTestRunner.java:69)
	at com.intellij.rt.junit.IdeaTestRunner$Repeater.startRunnerWithArgs(IdeaTestRunner.java:33)
	at com.intellij.rt.junit.JUnitStarter.prepareStreamsAndStart(JUnitStarter.java:221)
	at com.intellij.rt.junit.JUnitStarter.main(JUnitStarter.java:54)
Caused by: org.springframework.beans.factory.UnsatisfiedDependencyException: Error creating bean with name 'webAppConfiguration' defined in file [D:\JAVA\Revision\olee_project\target\classes\com\olee\project\config\WebAppConfiguration.class]: Unsatisfied dependency expressed through constructor parameter 0; nested exception is org.springframework.beans.factory.UnsatisfiedDependencyException: Error creating bean with name 'authorizationInterceptor' defined in file [D:\JAVA\Revision\olee_project\target\classes\com\olee\project\interceptor\AuthorizationInterceptor.class]: Unsatisfied dependency expressed through constructor parameter 0; nested exception is org.springframework.beans.factory.BeanCreationException: Error creating bean with name 'tokenManagementServiceImpl': Injection of autowired dependencies failed; nested exception is java.lang.IllegalArgumentException: Could not resolve placeholder 'token.expiresIntegerSeconds' in value "${token.expiresIntegerSeconds}"
	at org.springframework.beans.factory.support.ConstructorResolver.createArgumentArray(ConstructorResolver.java:800)
	at org.springframework.beans.factory.support.ConstructorResolver.autowireConstructor(ConstructorResolver.java:229)
	at org.springframework.beans.factory.support.AbstractAutowireCapableBeanFactory.autowireConstructor(AbstractAutowireCapableBeanFactory.java:1354)
	at org.springframework.beans.factory.support.AbstractAutowireCapableBeanFactory.createBeanInstance(AbstractAutowireCapableBeanFactory.java:1204)
	at org.springframework.beans.factory.support.AbstractAutowireCapableBeanFactory.doCreateBean(AbstractAutowireCapableBeanFactory.java:564)
	at org.springframework.beans.factory.support.AbstractAutowireCapableBeanFactory.createBean(AbstractAutowireCapableBeanFactory.java:524)
	at org.springframework.beans.factory.support.AbstractBeanFactory.lambda$doGetBean$0(AbstractBeanFactory.java:335)
	at org.springframework.beans.factory.support.DefaultSingletonBeanRegistry.getSingleton(DefaultSingletonBeanRegistry.java:234)
	at org.springframework.beans.factory.support.AbstractBeanFactory.doGetBean(AbstractBeanFactory.java:333)
	at org.springframework.beans.factory.support.AbstractBeanFactory.getBean(AbstractBeanFactory.java:208)
	at org.springframework.beans.factory.support.DefaultListableBeanFactory.preInstantiateSingletons(DefaultListableBeanFactory.java:944)
	at org.springframework.context.support.AbstractApplicationContext.finishBeanFactoryInitialization(AbstractApplicationContext.java:918)
	at org.springframework.context.support.AbstractApplicationContext.refresh(AbstractApplicationContext.java:583)
	at org.springframework.boot.SpringApplication.refresh(SpringApplication.java:754)
	at org.springframework.boot.SpringApplication.refreshContext(SpringApplication.java:434)
	at org.springframework.boot.SpringApplication.run(SpringApplication.java:338)
	at org.springframework.boot.test.context.SpringBootContextLoader.loadContext(SpringBootContextLoader.java:123)
	at org.springframework.test.context.cache.DefaultCacheAwareContextLoaderDelegate.loadContextInternal(DefaultCacheAwareContextLoaderDelegate.java:99)
	at org.springframework.test.context.cache.DefaultCacheAwareContextLoaderDelegate.loadContext(DefaultCacheAwareContextLoaderDelegate.java:124)
	... 24 common frames omitted
Caused by: org.springframework.beans.factory.UnsatisfiedDependencyException: Error creating bean with name 'authorizationInterceptor' defined in file [D:\JAVA\Revision\olee_project\target\classes\com\olee\project\interceptor\AuthorizationInterceptor.class]: Unsatisfied dependency expressed through constructor parameter 0; nested exception is org.springframework.beans.factory.BeanCreationException: Error creating bean with name 'tokenManagementServiceImpl': Injection of autowired dependencies failed; nested exception is java.lang.IllegalArgumentException: Could not resolve placeholder 'token.expiresIntegerSeconds' in value "${token.expiresIntegerSeconds}"
	at org.springframework.beans.factory.support.ConstructorResolver.createArgumentArray(ConstructorResolver.java:800)
	at org.springframework.beans.factory.support.ConstructorResolver.autowireConstructor(ConstructorResolver.java:229)
	at org.springframework.beans.factory.support.AbstractAutowireCapableBeanFactory.autowireConstructor(AbstractAutowireCapableBeanFactory.java:1354)
	at org.springframework.beans.factory.support.AbstractAutowireCapableBeanFactory.createBeanInstance(AbstractAutowireCapableBeanFactory.java:1204)
	at org.springframework.beans.factory.support.AbstractAutowireCapableBeanFactory.doCreateBean(AbstractAutowireCapableBeanFactory.java:564)
	at org.springframework.beans.factory.support.AbstractAutowireCapableBeanFactory.createBean(AbstractAutowireCapableBeanFactory.java:524)
	at org.springframework.beans.factory.support.AbstractBeanFactory.lambda$doGetBean$0(AbstractBeanFactory.java:335)
	at org.springframework.beans.factory.support.DefaultSingletonBeanRegistry.getSingleton(DefaultSingletonBeanRegistry.java:234)
	at org.springframework.beans.factory.support.AbstractBeanFactory.doGetBean(AbstractBeanFactory.java:333)
	at org.springframework.beans.factory.support.AbstractBeanFactory.getBean(AbstractBeanFactory.java:208)
	at org.springframework.beans.factory.config.DependencyDescriptor.resolveCandidate(DependencyDescriptor.java:276)
	at org.springframework.beans.factory.support.DefaultListableBeanFactory.doResolveDependency(DefaultListableBeanFactory.java:1380)
	at org.springframework.beans.factory.support.DefaultListableBeanFactory.resolveDependency(DefaultListableBeanFactory.java:1300)
	at org.springframework.beans.factory.support.ConstructorResolver.resolveAutowiredArgument(ConstructorResolver.java:887)
	at org.springframework.beans.factory.support.ConstructorResolver.createArgumentArray(ConstructorResolver.java:791)
	... 42 common frames omitted
Caused by: org.springframework.beans.factory.BeanCreationException: Error creating bean with name 'tokenManagementServiceImpl': Injection of autowired dependencies failed; nested exception is java.lang.IllegalArgumentException: Could not resolve placeholder 'token.expiresIntegerSeconds' in value "${token.expiresIntegerSeconds}"
	at org.springframework.beans.factory.annotation.AutowiredAnnotationBeanPostProcessor.postProcessProperties(AutowiredAnnotationBeanPostProcessor.java:405)
	at org.springframework.beans.factory.support.AbstractAutowireCapableBeanFactory.populateBean(AbstractAutowireCapableBeanFactory.java:1413)
	at org.springframework.beans.factory.support.AbstractAutowireCapableBeanFactory.doCreateBean(AbstractAutowireCapableBeanFactory.java:601)
	at org.springframework.beans.factory.support.AbstractAutowireCapableBeanFactory.createBean(AbstractAutowireCapableBeanFactory.java:524)
	at org.springframework.beans.factory.support.AbstractBeanFactory.lambda$doGetBean$0(AbstractBeanFactory.java:335)
	at org.springframework.beans.factory.support.DefaultSingletonBeanRegistry.getSingleton(DefaultSingletonBeanRegistry.java:234)
	at org.springframework.beans.factory.support.AbstractBeanFactory.doGetBean(AbstractBeanFactory.java:333)
	at org.springframework.beans.factory.support.AbstractBeanFactory.getBean(AbstractBeanFactory.java:208)
	at org.springframework.beans.factory.config.DependencyDescriptor.resolveCandidate(DependencyDescriptor.java:276)
	at org.springframework.beans.factory.support.DefaultListableBeanFactory.doResolveDependency(DefaultListableBeanFactory.java:1380)
	at org.springframework.beans.factory.support.DefaultListableBeanFactory.resolveDependency(DefaultListableBeanFactory.java:1300)
	at org.springframework.beans.factory.support.ConstructorResolver.resolveAutowiredArgument(ConstructorResolver.java:887)
	at org.springframework.beans.factory.support.ConstructorResolver.createArgumentArray(ConstructorResolver.java:791)
	... 56 common frames omitted
Caused by: java.lang.IllegalArgumentException: Could not resolve placeholder 'token.expiresIntegerSeconds' in value "${token.expiresIntegerSeconds}"
	at org.springframework.util.PropertyPlaceholderHelper.parseStringValue(PropertyPlaceholderHelper.java:180)
	at org.springframework.util.PropertyPlaceholderHelper.replacePlaceholders(PropertyPlaceholderHelper.java:126)
	at org.springframework.core.env.AbstractPropertyResolver.doResolvePlaceholders(AbstractPropertyResolver.java:239)
	at org.springframework.core.env.AbstractPropertyResolver.resolveRequiredPlaceholders(AbstractPropertyResolver.java:210)
	at org.springframework.context.support.PropertySourcesPlaceholderConfigurer.lambda$processProperties$0(PropertySourcesPlaceholderConfigurer.java:175)
	at org.springframework.beans.factory.support.AbstractBeanFactory.resolveEmbeddedValue(AbstractBeanFactory.java:936)
	at org.springframework.beans.factory.support.DefaultListableBeanFactory.doResolveDependency(DefaultListableBeanFactory.java:1321)
	at org.springframework.beans.factory.support.DefaultListableBeanFactory.resolveDependency(DefaultListableBeanFactory.java:1300)
	at org.springframework.beans.factory.annotation.AutowiredAnnotationBeanPostProcessor$AutowiredFieldElement.resolveFieldValue(AutowiredAnnotationBeanPostProcessor.java:657)
	at org.springframework.beans.factory.annotation.AutowiredAnnotationBeanPostProcessor$AutowiredFieldElement.inject(AutowiredAnnotationBeanPostProcessor.java:640)
	at org.springframework.beans.factory.annotation.InjectionMetadata.inject(InjectionMetadata.java:119)
	at org.springframework.beans.factory.annotation.AutowiredAnnotationBeanPostProcessor.postProcessProperties(AutowiredAnnotationBeanPostProcessor.java:399)
	... 68 common frames omitted
15:37:52.107 [main] INFO  c.o.p.controller.UserControllerTest:55- Starting UserControllerTest using Java 1.8.0_161 on DESKTOP-MEMJ3FE with PID 12892 (started by Administrator in D:\JAVA\Revision\olee_project)
15:37:52.110 [main] INFO  c.o.p.controller.UserControllerTest:659- No active profile set, falling back to default profiles: default
15:37:54.494 [main] WARN  o.s.b.a.f.FreeMarkerAutoConfiguration:65- Cannot find template location(s): [classpath:/templates/] (please add some templates, check your FreeMarker configuration, or set spring.freemarker.checkTemplateLocation=false)
15:37:54.605 [main] INFO  c.o.p.controller.UserControllerTest:61- Started UserControllerTest in 2.823 seconds (JVM running for 3.666)
15:37:54.817 [main] INFO  c.o.p.i.AuthorizationInterceptor:58- 拿到的userId：cc8dd5a058404a8f92aeeb88561f5257，拿到的token值：8beb73609c07ef7122be0d4ddcd3130c-20210811092512748-260818
15:37:55.353 [main] INFO  c.o.p.controller.UserControllerTest:119- response:{"code":-20201,"message":"User‘s token have expired","result":{}}
15:39:03.400 [main] INFO  c.o.p.controller.UserControllerTest:55- Starting UserControllerTest using Java 1.8.0_161 on DESKTOP-MEMJ3FE with PID 9224 (started by Administrator in D:\JAVA\Revision\olee_project)
15:39:03.402 [main] INFO  c.o.p.controller.UserControllerTest:659- No active profile set, falling back to default profiles: default
15:39:05.832 [main] WARN  o.s.b.a.f.FreeMarkerAutoConfiguration:65- Cannot find template location(s): [classpath:/templates/] (please add some templates, check your FreeMarker configuration, or set spring.freemarker.checkTemplateLocation=false)
15:39:05.947 [main] INFO  c.o.p.controller.UserControllerTest:61- Started UserControllerTest in 2.863 seconds (JVM running for 3.713)
15:39:06.155 [main] INFO  c.o.p.i.AuthorizationInterceptor:58- 拿到的userId：cc8dd5a058404a8f92aeeb88561f5257，拿到的token值：8beb73609c07ef7122be0d4ddcd3130c-20210811092512748-260818
15:39:06.720 [main] INFO  c.o.p.controller.UserController:73- userId为cc8dd5a058404a8f92aeeb88561f5257,进入到updateUserInfo的controller层
15:39:06.720 [main] INFO  c.o.p.s.InfoManagementServiceImpl:49- controller层接收到的nickname：Olee,address：重庆市江北区
15:39:06.943 [main] INFO  c.o.p.controller.UserControllerTest:119- response:{"code":0,"message":"Success","result":{}}
15:57:43.948 [main] INFO  com.olee.project.ApplicationTests:55- Starting ApplicationTests using Java 1.8.0_161 on DESKTOP-MEMJ3FE with PID 11832 (started by Administrator in D:\JAVA\Revision\olee_project)
15:57:43.948 [main] INFO  com.olee.project.ApplicationTests:659- No active profile set, falling back to default profiles: default
15:57:46.314 [main] WARN  o.s.b.a.f.FreeMarkerAutoConfiguration:65- Cannot find template location(s): [classpath:/templates/] (please add some templates, check your FreeMarker configuration, or set spring.freemarker.checkTemplateLocation=false)
15:57:46.430 [main] INFO  com.olee.project.ApplicationTests:61- Started ApplicationTests in 2.826 seconds (JVM running for 3.612)
15:58:30.772 [main] INFO  com.olee.project.ApplicationTests:55- Starting ApplicationTests using Java 1.8.0_161 on DESKTOP-MEMJ3FE with PID 12824 (started by Administrator in D:\JAVA\Revision\olee_project)
15:58:30.772 [main] INFO  com.olee.project.ApplicationTests:659- No active profile set, falling back to default profiles: default
15:58:33.163 [main] WARN  o.s.b.a.f.FreeMarkerAutoConfiguration:65- Cannot find template location(s): [classpath:/templates/] (please add some templates, check your FreeMarker configuration, or set spring.freemarker.checkTemplateLocation=false)
15:58:33.278 [main] INFO  com.olee.project.ApplicationTests:61- Started ApplicationTests in 2.826 seconds (JVM running for 3.599)
15:59:23.074 [main] INFO  com.olee.project.ApplicationTests:55- Starting ApplicationTests using Java 1.8.0_161 on DESKTOP-MEMJ3FE with PID 15792 (started by Administrator in D:\JAVA\Revision\olee_project)
15:59:23.074 [main] INFO  com.olee.project.ApplicationTests:659- No active profile set, falling back to default profiles: default
15:59:25.476 [main] WARN  o.s.b.a.f.FreeMarkerAutoConfiguration:65- Cannot find template location(s): [classpath:/templates/] (please add some templates, check your FreeMarker configuration, or set spring.freemarker.checkTemplateLocation=false)
15:59:25.592 [main] INFO  com.olee.project.ApplicationTests:61- Started ApplicationTests in 2.847 seconds (JVM running for 3.64)
17:17:28.354 [main] INFO  c.o.p.controller.UserControllerTest:55- Starting UserControllerTest using Java 1.8.0_161 on DESKTOP-MEMJ3FE with PID 9560 (started by Administrator in D:\JAVA\Revision\olee_project)
17:17:28.354 [main] INFO  c.o.p.controller.UserControllerTest:659- No active profile set, falling back to default profiles: default
17:17:30.747 [main] WARN  o.s.b.a.f.FreeMarkerAutoConfiguration:65- Cannot find template location(s): [classpath:/templates/] (please add some templates, check your FreeMarker configuration, or set spring.freemarker.checkTemplateLocation=false)
17:17:30.860 [main] INFO  c.o.p.controller.UserControllerTest:61- Started UserControllerTest in 2.821 seconds (JVM running for 3.651)
17:17:31.874 [main] INFO  com.olee.project.utils.ZsetUtil:82- key:userId:userToken:b4757177f26d4ab897dfe2b19b3f3de1,通过setExpireOnKey方法设置过期时间是否成功:true
17:17:31.890 [main] INFO  c.o.p.controller.UserControllerTest:50- response:{"code":0,"message":"Success","result":{"userId":"b4757177f26d4ab897dfe2b19b3f3de1","createAt":"2021-08-11T09:17:31.876Z"}}
17:19:10.799 [main] INFO  c.o.p.controller.UserControllerTest:55- Starting UserControllerTest using Java 1.8.0_161 on DESKTOP-MEMJ3FE with PID 3648 (started by Administrator in D:\JAVA\Revision\olee_project)
17:19:10.801 [main] INFO  c.o.p.controller.UserControllerTest:659- No active profile set, falling back to default profiles: default
17:19:13.161 [main] WARN  o.s.b.a.f.FreeMarkerAutoConfiguration:65- Cannot find template location(s): [classpath:/templates/] (please add some templates, check your FreeMarker configuration, or set spring.freemarker.checkTemplateLocation=false)
17:19:13.260 [main] INFO  c.o.p.controller.UserControllerTest:61- Started UserControllerTest in 2.798 seconds (JVM running for 3.633)
17:19:14.294 [main] INFO  com.olee.project.utils.ZsetUtil:82- key:userId:userToken:ad5a5eee06ee4d80b2ce5e60235ffa48,通过setExpireOnKey方法设置过期时间是否成功:true
17:19:14.312 [main] INFO  c.o.p.controller.UserControllerTest:50- response:{"code":0,"message":"Success","result":{"userId":"ad5a5eee06ee4d80b2ce5e60235ffa48","createAt":"2021-08-11T09:19:14.295Z"}}
17:21:12.167 [main] INFO  c.o.p.controller.UserControllerTest:55- Starting UserControllerTest using Java 1.8.0_161 on DESKTOP-MEMJ3FE with PID 4732 (started by Administrator in D:\JAVA\Revision\olee_project)
17:21:12.167 [main] INFO  c.o.p.controller.UserControllerTest:659- No active profile set, falling back to default profiles: default
17:21:14.474 [main] WARN  o.s.b.a.f.FreeMarkerAutoConfiguration:65- Cannot find template location(s): [classpath:/templates/] (please add some templates, check your FreeMarker configuration, or set spring.freemarker.checkTemplateLocation=false)
17:21:14.573 [main] INFO  c.o.p.controller.UserControllerTest:61- Started UserControllerTest in 2.712 seconds (JVM running for 3.527)
17:21:15.588 [main] INFO  c.o.p.controller.UserControllerTest:65- response:{"code":0,"message":"Success","result":{"userId":"ad5a5eee06ee4d80b2ce5e60235ffa48","email":"1037659019@qq.com","nickname":"user","createAt":"2021-08-11T09:19:14.295Z","updateAt":"2021-08-11T09:19:14Z","token":"8beb73609c07ef7122be0d4ddcd3130c-20210811172115051-406209","expiresIn":86400}}
17:22:25.730 [main] INFO  c.o.p.controller.UserControllerTest:55- Starting UserControllerTest using Java 1.8.0_161 on DESKTOP-MEMJ3FE with PID 20424 (started by Administrator in D:\JAVA\Revision\olee_project)
17:22:25.732 [main] INFO  c.o.p.controller.UserControllerTest:659- No active profile set, falling back to default profiles: default
17:22:28.112 [main] WARN  o.s.b.a.f.FreeMarkerAutoConfiguration:65- Cannot find template location(s): [classpath:/templates/] (please add some templates, check your FreeMarker configuration, or set spring.freemarker.checkTemplateLocation=false)
17:22:28.215 [main] INFO  c.o.p.controller.UserControllerTest:61- Started UserControllerTest in 2.791 seconds (JVM running for 3.617)
17:22:28.447 [main] INFO  c.o.p.i.AuthorizationInterceptor:58- 拿到的userId：ad5a5eee06ee4d80b2ce5e60235ffa48，拿到的token值：8beb73609c07ef7122be0d4ddcd3130c-20210811172115051-406209
17:22:28.979 [main] INFO  c.o.p.controller.UserController:62- userId为ad5a5eee06ee4d80b2ce5e60235ffa48,进入到getUserInfo的controller层
17:22:29.216 [main] INFO  c.o.p.controller.UserControllerTest:96- response:{"code":0,"message":"Success","result":{"userId":"ad5a5eee06ee4d80b2ce5e60235ffa48","email":"1037659019@qq.com","nickname":"user","createAt":"2021-08-11T09:19:14.295Z","updateAt":"2021-08-11T09:19:14Z"}}
17:23:27.242 [main] INFO  c.o.p.controller.UserControllerTest:55- Starting UserControllerTest using Java 1.8.0_161 on DESKTOP-MEMJ3FE with PID 20012 (started by Administrator in D:\JAVA\Revision\olee_project)
17:23:27.257 [main] INFO  c.o.p.controller.UserControllerTest:659- No active profile set, falling back to default profiles: default
17:23:29.621 [main] WARN  o.s.b.a.f.FreeMarkerAutoConfiguration:65- Cannot find template location(s): [classpath:/templates/] (please add some templates, check your FreeMarker configuration, or set spring.freemarker.checkTemplateLocation=false)
17:23:29.717 [main] INFO  c.o.p.controller.UserControllerTest:61- Started UserControllerTest in 2.766 seconds (JVM running for 3.591)
17:23:29.910 [main] INFO  c.o.p.i.AuthorizationInterceptor:58- 拿到的userId：ad5a5eee06ee4d80b2ce5e60235ffa48，拿到的token值：8beb73609c07ef7122be0d4ddcd3130c-20210811172115051-406209
17:23:30.450 [main] INFO  c.o.p.controller.UserController:62- userId为ad5a5eee06ee4d80b2ce5e60235ffa48,进入到getUserInfo的controller层
17:23:30.664 [main] INFO  c.o.p.controller.UserControllerTest:96- response:{"code":0,"message":"Success","result":{"userId":"ad5a5eee06ee4d80b2ce5e60235ffa48","email":"1037659019@qq.com","nickname":"user","createAt":"2021-08-11T09:19:14.295Z","updateAt":"2021-08-11T09:19:14Z"}}
17:24:25.083 [main] INFO  c.o.p.controller.UserControllerTest:55- Starting UserControllerTest using Java 1.8.0_161 on DESKTOP-MEMJ3FE with PID 10588 (started by Administrator in D:\JAVA\Revision\olee_project)
17:24:25.083 [main] INFO  c.o.p.controller.UserControllerTest:659- No active profile set, falling back to default profiles: default
17:24:27.434 [main] WARN  o.s.b.a.f.FreeMarkerAutoConfiguration:65- Cannot find template location(s): [classpath:/templates/] (please add some templates, check your FreeMarker configuration, or set spring.freemarker.checkTemplateLocation=false)
17:24:27.543 [main] INFO  c.o.p.controller.UserControllerTest:61- Started UserControllerTest in 2.77 seconds (JVM running for 3.618)
17:24:27.780 [main] INFO  c.o.p.i.AuthorizationInterceptor:58- 拿到的userId：cc8dd5a058404a8f92aeeb88561f5257，拿到的token值：8beb73609c07ef7122be0d4ddcd3130c-20210811092512748-260818
17:24:28.333 [main] INFO  c.o.p.controller.UserControllerTest:119- response:{"code":-20201,"message":"User‘s token have expired","result":{}}
17:25:06.571 [main] INFO  c.o.p.controller.UserControllerTest:55- Starting UserControllerTest using Java 1.8.0_161 on DESKTOP-MEMJ3FE with PID 2784 (started by Administrator in D:\JAVA\Revision\olee_project)
17:25:06.587 [main] INFO  c.o.p.controller.UserControllerTest:659- No active profile set, falling back to default profiles: default
17:25:08.939 [main] WARN  o.s.b.a.f.FreeMarkerAutoConfiguration:65- Cannot find template location(s): [classpath:/templates/] (please add some templates, check your FreeMarker configuration, or set spring.freemarker.checkTemplateLocation=false)
17:25:09.041 [main] INFO  c.o.p.controller.UserControllerTest:61- Started UserControllerTest in 2.771 seconds (JVM running for 3.612)
17:25:09.245 [main] INFO  c.o.p.i.AuthorizationInterceptor:58- 拿到的userId：ad5a5eee06ee4d80b2ce5e60235ffa48，拿到的token值：8beb73609c07ef7122be0d4ddcd3130c-20210811172115051-406209
17:25:09.784 [main] INFO  c.o.p.controller.UserController:73- userId为ad5a5eee06ee4d80b2ce5e60235ffa48,进入到updateUserInfo的controller层
17:25:09.784 [main] INFO  c.o.p.s.InfoManagementServiceImpl:49- controller层接收到的nickname：Olee,address：null
17:25:10.002 [main] INFO  c.o.p.controller.UserControllerTest:119- response:{"code":0,"message":"Success","result":{}}
17:26:31.387 [main] INFO  c.o.p.controller.UserControllerTest:55- Starting UserControllerTest using Java 1.8.0_161 on DESKTOP-MEMJ3FE with PID 13756 (started by Administrator in D:\JAVA\Revision\olee_project)
17:26:31.387 [main] INFO  c.o.p.controller.UserControllerTest:659- No active profile set, falling back to default profiles: default
17:26:33.754 [main] WARN  o.s.b.a.f.FreeMarkerAutoConfiguration:65- Cannot find template location(s): [classpath:/templates/] (please add some templates, check your FreeMarker configuration, or set spring.freemarker.checkTemplateLocation=false)
17:26:33.871 [main] INFO  c.o.p.controller.UserControllerTest:61- Started UserControllerTest in 2.779 seconds (JVM running for 3.629)
17:26:34.078 [main] INFO  c.o.p.i.AuthorizationInterceptor:58- 拿到的userId：ad5a5eee06ee4d80b2ce5e60235ffa48，拿到的token值：8beb73609c07ef7122be0d4ddcd3130c-20210811172115051-406209
17:26:34.603 [main] INFO  c.o.p.controller.UserController:62- userId为ad5a5eee06ee4d80b2ce5e60235ffa48,进入到getUserInfo的controller层
17:26:34.822 [main] INFO  c.o.p.controller.UserControllerTest:96- response:{"code":0,"message":"Success","result":{"userId":"ad5a5eee06ee4d80b2ce5e60235ffa48","email":"1037659019@qq.com","nickname":"Olee","createAt":"2021-08-11T09:19:14.295Z","updateAt":"2021-08-11T09:25:10Z"}}
17:36:51.637 [main] INFO  com.olee.project.ApplicationTests:55- Starting ApplicationTests using Java 1.8.0_161 on DESKTOP-MEMJ3FE with PID 12760 (started by Administrator in D:\JAVA\Revision\olee_project)
17:36:51.640 [main] INFO  com.olee.project.ApplicationTests:659- No active profile set, falling back to default profiles: default
17:36:53.966 [main] WARN  o.s.b.a.f.FreeMarkerAutoConfiguration:65- Cannot find template location(s): [classpath:/templates/] (please add some templates, check your FreeMarker configuration, or set spring.freemarker.checkTemplateLocation=false)
17:36:54.064 [main] INFO  com.olee.project.ApplicationTests:61- Started ApplicationTests in 2.777 seconds (JVM running for 3.578)
17:55:17.082 [main] INFO  com.olee.project.ApplicationTests:55- Starting ApplicationTests using Java 1.8.0_161 on DESKTOP-MEMJ3FE with PID 11812 (started by Administrator in D:\JAVA\Revision\olee_project)
17:55:17.082 [main] INFO  com.olee.project.ApplicationTests:659- No active profile set, falling back to default profiles: default
17:55:19.389 [main] WARN  o.s.b.a.f.FreeMarkerAutoConfiguration:65- Cannot find template location(s): [classpath:/templates/] (please add some templates, check your FreeMarker configuration, or set spring.freemarker.checkTemplateLocation=false)
17:55:19.498 [main] INFO  com.olee.project.ApplicationTests:61- Started ApplicationTests in 2.741 seconds (JVM running for 3.534)
17:58:02.347 [main] INFO  com.olee.project.ApplicationTests:55- Starting ApplicationTests using Java 1.8.0_161 on DESKTOP-MEMJ3FE with PID 9308 (started by Administrator in D:\JAVA\Revision\olee_project)
17:58:02.347 [main] INFO  com.olee.project.ApplicationTests:659- No active profile set, falling back to default profiles: default
17:58:04.767 [main] WARN  o.s.b.a.f.FreeMarkerAutoConfiguration:65- Cannot find template location(s): [classpath:/templates/] (please add some templates, check your FreeMarker configuration, or set spring.freemarker.checkTemplateLocation=false)
17:58:04.865 [main] INFO  com.olee.project.ApplicationTests:61- Started ApplicationTests in 2.836 seconds (JVM running for 3.607)
17:58:58.129 [main] INFO  com.olee.project.ApplicationTests:55- Starting ApplicationTests using Java 1.8.0_161 on DESKTOP-MEMJ3FE with PID 4716 (started by Administrator in D:\JAVA\Revision\olee_project)
17:58:58.129 [main] INFO  com.olee.project.ApplicationTests:659- No active profile set, falling back to default profiles: default
17:59:00.468 [main] WARN  o.s.b.a.f.FreeMarkerAutoConfiguration:65- Cannot find template location(s): [classpath:/templates/] (please add some templates, check your FreeMarker configuration, or set spring.freemarker.checkTemplateLocation=false)
17:59:00.567 [main] INFO  com.olee.project.ApplicationTests:61- Started ApplicationTests in 2.775 seconds (JVM running for 3.543)
17:59:35.912 [main] INFO  com.olee.project.ApplicationTests:55- Starting ApplicationTests using Java 1.8.0_161 on DESKTOP-MEMJ3FE with PID 4116 (started by Administrator in D:\JAVA\Revision\olee_project)
17:59:35.912 [main] INFO  com.olee.project.ApplicationTests:659- No active profile set, falling back to default profiles: default
17:59:38.290 [main] WARN  o.s.b.a.f.FreeMarkerAutoConfiguration:65- Cannot find template location(s): [classpath:/templates/] (please add some templates, check your FreeMarker configuration, or set spring.freemarker.checkTemplateLocation=false)
17:59:38.397 [main] INFO  com.olee.project.ApplicationTests:61- Started ApplicationTests in 2.804 seconds (JVM running for 3.591)
18:01:25.520 [main] INFO  com.olee.project.ApplicationTests:55- Starting ApplicationTests using Java 1.8.0_161 on DESKTOP-MEMJ3FE with PID 17256 (started by Administrator in D:\JAVA\Revision\olee_project)
18:01:25.520 [main] INFO  com.olee.project.ApplicationTests:659- No active profile set, falling back to default profiles: default
18:01:26.807 [main] INFO  com.olee.project.ApplicationTests:55- Starting ApplicationTests using Java 1.8.0_161 on DESKTOP-MEMJ3FE with PID 4596 (started by Administrator in D:\JAVA\Revision\olee_project)
18:01:26.807 [main] INFO  com.olee.project.ApplicationTests:659- No active profile set, falling back to default profiles: default
18:01:29.106 [main] WARN  o.s.b.a.f.FreeMarkerAutoConfiguration:65- Cannot find template location(s): [classpath:/templates/] (please add some templates, check your FreeMarker configuration, or set spring.freemarker.checkTemplateLocation=false)
18:01:29.293 [main] INFO  com.olee.project.ApplicationTests:61- Started ApplicationTests in 4.203 seconds (JVM running for 5.241)
18:01:30.124 [main] WARN  o.s.b.a.f.FreeMarkerAutoConfiguration:65- Cannot find template location(s): [classpath:/templates/] (please add some templates, check your FreeMarker configuration, or set spring.freemarker.checkTemplateLocation=false)
18:01:30.240 [main] INFO  com.olee.project.ApplicationTests:61- Started ApplicationTests in 3.833 seconds (JVM running for 4.831)
18:08:28.326 [main] INFO  c.o.p.controller.UserControllerTest:55- Starting UserControllerTest using Java 1.8.0_161 on DESKTOP-MEMJ3FE with PID 13520 (started by Administrator in D:\JAVA\Revision\olee_project)
18:08:28.328 [main] INFO  c.o.p.controller.UserControllerTest:659- No active profile set, falling back to default profiles: default
18:08:30.729 [main] WARN  o.s.b.a.f.FreeMarkerAutoConfiguration:65- Cannot find template location(s): [classpath:/templates/] (please add some templates, check your FreeMarker configuration, or set spring.freemarker.checkTemplateLocation=false)
18:08:30.841 [main] INFO  c.o.p.controller.UserControllerTest:61- Started UserControllerTest in 2.824 seconds (JVM running for 3.66)
18:08:31.908 [main] INFO  com.olee.project.utils.ZsetUtil:82- key:userId:userToken:f6bf04a76a164fe5a63a4687eca0f0fb,通过setExpireOnKey方法设置过期时间是否成功:true
18:08:31.937 [main] INFO  c.o.p.controller.UserControllerTest:50- response:{"code":0,"message":"Success","result":{"userId":"f6bf04a76a164fe5a63a4687eca0f0fb","createAt":"2021-08-11T10:08:31Z"}}
18:09:46.117 [main] INFO  c.o.p.controller.UserControllerTest:55- Starting UserControllerTest using Java 1.8.0_161 on DESKTOP-MEMJ3FE with PID 14144 (started by Administrator in D:\JAVA\Revision\olee_project)
18:09:46.120 [main] INFO  c.o.p.controller.UserControllerTest:659- No active profile set, falling back to default profiles: default
18:09:48.473 [main] WARN  o.s.b.a.f.FreeMarkerAutoConfiguration:65- Cannot find template location(s): [classpath:/templates/] (please add some templates, check your FreeMarker configuration, or set spring.freemarker.checkTemplateLocation=false)
18:09:48.577 [main] INFO  c.o.p.controller.UserControllerTest:61- Started UserControllerTest in 2.752 seconds (JVM running for 3.587)
18:09:49.599 [main] INFO  c.o.p.controller.UserControllerTest:65- response:{"code":0,"message":"Success","result":{"userId":"f6bf04a76a164fe5a63a4687eca0f0fb","email":"15862717625@qq.com","nickname":"user","createAt":"2021-08-11T10:08:31Z","updateAt":"2021-08-11T10:08:31Z","token":"04a73d6088ae02ffffc611632adf85ea-20210811180949052-955580","expiresIn":86400}}
18:15:55.038 [main] INFO  com.olee.project.ApplicationTests:55- Starting ApplicationTests using Java 1.8.0_161 on DESKTOP-MEMJ3FE with PID 19624 (started by Administrator in D:\JAVA\Revision\olee_project)
18:15:55.041 [main] INFO  com.olee.project.ApplicationTests:659- No active profile set, falling back to default profiles: default
18:15:57.398 [main] WARN  o.s.b.a.f.FreeMarkerAutoConfiguration:65- Cannot find template location(s): [classpath:/templates/] (please add some templates, check your FreeMarker configuration, or set spring.freemarker.checkTemplateLocation=false)
18:15:57.502 [main] INFO  com.olee.project.ApplicationTests:61- Started ApplicationTests in 2.788 seconds (JVM running for 3.596)
